#
# A fatal error has been detected by the Java Runtime Environment:
#
#  EXCEPTION_ACCESS_VIOLATION (0xc0000005) at pc=0x66fa6c62, pid=17196, tid=3356
#
# JRE version: OpenJDK Runtime Environment Temurin-11.0.21+9 (11.0.21+9) (build 11.0.21+9)
# Java VM: OpenJDK Client VM Temurin-11.0.21+9 (11.0.21+9, mixed mode, serial gc, windows-x86)
# Problematic frame:
# C  [glass.dll+0x16c62]
#
# No core dump will be written. Minidumps are not enabled by default on client versions of Windows
#
# If you would like to submit a bug report, please visit:
#   https://github.com/adoptium/adoptium-support/issues
# The crash happened outside the Java Virtual Machine in native code.
# See problematic frame for where to report the bug.
#

---------------  S U M M A R Y ------------

Command Line: -javaagent:C:\Program Files\JetBrains\IntelliJ IDEA 2023.3.2\lib\idea_rt.jar=60555:C:\Program Files\JetBrains\IntelliJ IDEA 2023.3.2\bin -Dfile.encoding=UTF-8 --module-path=C:\Users\yara2\.m2\repository\org\openjfx\javafx-base\17.0.6\javafx-base-17.0.6-win-x86.jar;C:\Users\yara2\IdeaProjects\RentaPeliculas\target\classes;C:\Users\yara2\.m2\repository\org\kordamp\bootstrapfx\bootstrapfx-core\0.4.0\bootstrapfx-core-0.4.0.jar;C:\Users\yara2\.m2\repository\org\openjfx\javafx-graphics\17.0.6\javafx-graphics-17.0.6-win-x86.jar;C:\Users\yara2\.m2\repository\com\gluonhq\attach\util\4.0.19\util-4.0.19.jar;C:\Users\yara2\.m2\repository\com\gluonhq\attach\display\4.0.19\display-4.0.19.jar;C:\Users\yara2\.m2\repository\com\gluonhq\attach\lifecycle\4.0.19\lifecycle-4.0.19.jar;C:\Users\yara2\.m2\repository\org\openjfx\javafx-fxml\17.0.6\javafx-fxml-17.0.6-win-x86.jar;C:\Users\yara2\.m2\repository\com\gluonhq\charm-glisten\6.2.3\charm-glisten-6.2.3.jar;C:\Users\yara2\.m2\repository\org\openjfx\javafx-controls\17.0.6\javafx-controls-17.0.6-win-x86.jar -Djdk.module.main=com.yaravazquez.rentapeliculas com.yaravazquez.rentapeliculas/com.yaravazquez.rentapeliculas.App

Host: 13th Gen Intel(R) Core(TM) i7-1355U, 12 cores, 15G,  Windows 11 , 64 bit Build 22621 (10.0.22621.3085)
Time: Sun Feb 25 19:22:04 2024 Hora estándar central (México) elapsed time: 6.871531 seconds (0d 0h 0m 6s)

---------------  T H R E A D  ---------------

Current thread (0x16b78c00):  JavaThread "JavaFX Application Thread" [_thread_in_native, id=3356, stack(0x1c260000,0x1c2b0000)]

Stack: [0x1c260000,0x1c2b0000],  sp=0x1c2ae71c,  free space=313k
Native frames: (J=compiled Java code, A=aot compiled Java code, j=interpreted, Vv=VM code, C=native code)
C  [glass.dll+0x16c62]

Java frames: (J=compiled Java code, j=interpreted, Vv=VM code)
j  com.sun.glass.ui.win.WinWindow._close(J)Z+0 javafx.graphics
j  com.sun.glass.ui.Window.close()V+63 javafx.graphics
j  com.sun.glass.ui.win.WinWindow.close()V+8 javafx.graphics
j  com.sun.glass.ui.Application.terminate()V+75 javafx.graphics
j  com.sun.javafx.tk.quantum.QuantumToolkit.lambda$exit$13()Ljava/lang/Object;+5 javafx.graphics
j  com.sun.javafx.tk.quantum.QuantumToolkit$$Lambda$435.get()Ljava/lang/Object;+0 javafx.graphics
j  com.sun.javafx.tk.quantum.QuantumToolkit.runWithRenderLock(Ljava/util/function/Supplier;)Ljava/lang/Object;+7 javafx.graphics
j  com.sun.javafx.tk.quantum.QuantumToolkit.exit()V+26 javafx.graphics
j  com.sun.javafx.application.PlatformImpl.lambda$tkExit$16()V+3 javafx.graphics
j  com.sun.javafx.application.PlatformImpl$$Lambda$434.run()V+0 javafx.graphics
j  com.sun.javafx.application.PlatformImpl.lambda$runAndWait$12(Ljava/lang/Runnable;Ljava/util/concurrent/CountDownLatch;)V+1 javafx.graphics
j  com.sun.javafx.application.PlatformImpl$$Lambda$86.run()V+8 javafx.graphics
j  com.sun.javafx.application.PlatformImpl.lambda$runLater$10(Ljava/lang/Runnable;)Ljava/lang/Void;+1 javafx.graphics
j  com.sun.javafx.application.PlatformImpl$$Lambda$89.run()Ljava/lang/Object;+4 javafx.graphics
v  ~StubRoutines::call_stub
j  java.security.AccessController.doPrivileged(Ljava/security/PrivilegedAction;Ljava/security/AccessControlContext;)Ljava/lang/Object;+0 java.base@11.0.21
j  com.sun.javafx.application.PlatformImpl.lambda$runLater$11(Ljava/lang/Runnable;Ljava/security/AccessControlContext;)V+7 javafx.graphics
j  com.sun.javafx.application.PlatformImpl$$Lambda$88.run()V+8 javafx.graphics
j  com.sun.glass.ui.InvokeLaterDispatcher$Future.run()V+4 javafx.graphics
v  ~StubRoutines::call_stub
j  com.sun.glass.ui.win.WinApplication._runLoop(Ljava/lang/Runnable;)V+0 javafx.graphics
j  com.sun.glass.ui.win.WinApplication.lambda$runLoop$3(ILjava/lang/Runnable;)V+8 javafx.graphics
j  com.sun.glass.ui.win.WinApplication$$Lambda$77.run()V+12 javafx.graphics
j  java.lang.Thread.run()V+11 java.base@11.0.21
v  ~StubRoutines::call_stub

siginfo: EXCEPTION_ACCESS_VIOLATION (0xc0000005), reading address 0x000000b8


Register to memory mapping:

EIP=0x66fa6c62 glass.dll
EAX=0x0 is NULL
EBX=0x1c2ae950 is pointing into the stack for thread: 0x16b78c00
ECX=0x0 is NULL
EDX=0x0 is NULL
ESP=0x1c2ae71c is pointing into the stack for thread: 0x16b78c00
EBP=0x1c2ae748 is pointing into the stack for thread: 0x16b78c00
ESI=0x00000401 is an unknown value
EDI=0x0 is NULL


Registers:
EAX=0x00000000, EBX=0x1c2ae950, ECX=0x00000000, EDX=0x00000000
ESP=0x1c2ae71c, EBP=0x1c2ae748, ESI=0x00000401, EDI=0x00000000
EIP=0x66fa6c62, EFLAGS=0x00010202

Top of Stack: (sp=0x1c2ae71c)
0x1c2ae71c:   1c2ae950 00000401 1c2ae950 66f98df8
0x1c2ae72c:   07d8c134 16b5e848 001009f0 00000401
0x1c2ae73c:   1c2ae87c 66fb02b0 ffffffff 00000000
0x1c2ae74c:   66f91755 00000401 1c2ae950 00000000
0x1c2ae75c:   00000401 001009f0 1c2ae794 66f916f0
0x1c2ae76c:   74db2e63 001009f0 00000401 1c2ae950
0x1c2ae77c:   00000000 001009f0 dcbaabcd 66f916f0
0x1c2ae78c:   00000401 001009f0 1c2ae88c 74da3c46 

Instructions: (pc=0x66fa6c62)
0x66fa6b62:   21 56 e8 47 42 00 00 ff 35 e8 03 fc 66 8b f0 ff
0x66fa6b72:   77 68 56 e8 96 de fe ff 56 e8 a0 41 00 00 83 c4
0x66fa6b82:   10 5e c7 05 a4 03 fc 66 00 00 00 00 5f c3 83 ec
0x66fa6b92:   24 a1 ec e0 fb 66 33 c4 89 44 24 20 8b 44 24 28
0x66fa6ba2:   53 89 44 24 04 8b d9 8b 44 24 30 89 44 24 08 8b
0x66fa6bb2:   44 24 38 55 89 44 24 10 8b 44 24 38 56 89 83 84
0x66fa6bc2:   00 00 00 8b 44 24 0c 89 5c 24 18 bb 00 00 00 80
0x66fa6bd2:   8b eb 8b f3 57 8b fb 85 c0 79 29 8d 44 24 20 50
0x66fa6be2:   e8 29 aa fe ff 83 c4 04 85 c0 8b 44 24 10 74 14
0x66fa6bf2:   8b 74 24 28 8b 5c 24 20 2b f3 8b 7c 24 2c 8b 6c
0x66fa6c02:   24 24 2b fd 6a 00 50 ff 74 24 1c 68 d8 23 fb 66
0x66fa6c12:   57 56 8b 74 24 34 8b ce 55 53 ff 74 24 38 e8 db
0x66fa6c22:   a7 fe ff 8b f8 8d 4e 14 57 e8 40 64 00 00 57 8d
0x66fa6c32:   4e 14 e8 c7 64 00 00 8b 4c 24 30 8b c7 5f 5e 5d
0x66fa6c42:   5b 33 cc e8 ae 7a 00 00 83 c4 24 c2 10 00 53 8b
0x66fa6c52:   d9 56 57 ff 73 08 e8 93 a9 fe ff 8b f8 83 c4 04
0x66fa6c62:   8b 87 b8 00 00 00 85 c0 75 03 8b 47 04 3b 05 a4
0x66fa6c72:   03 fc 66 75 29 e8 34 41 00 00 ff 35 e8 03 fc 66
0x66fa6c82:   8b f0 ff 77 68 56 e8 83 dd fe ff 56 e8 8d 40 00
0x66fa6c92:   00 83 c4 10 c7 05 a4 03 fc 66 00 00 00 00 8d 4f
0x66fa6ca2:   14 e8 b8 69 00 00 8d 4f 14 e8 e0 69 00 00 ff 73
0x66fa6cb2:   08 ff 15 f8 fe fb 66 85 c0 5f 0f 95 c0 5e 88 43
0x66fa6cc2:   04 5b c3 cc cc cc cc cc cc cc cc cc cc cc 55 8b
0x66fa6cd2:   ec 6a ff 68 f7 11 fb 66 64 a1 00 00 00 00 50 83
0x66fa6ce2:   ec 08 53 56 57 a1 ec e0 fb 66 33 c5 50 8d 45 f4
0x66fa6cf2:   64 a3 00 00 00 00 8b f9 ff 77 18 ff 15 60 ff fb
0x66fa6d02:   66 85 c0 75 13 0f 57 c0 66 0f 13 45 ec 8b 55 f0
0x66fa6d12:   8b 45 ec e9 a7 00 00 00 68 dc 00 00 00 e8 96 79
0x66fa6d22:   00 00 83 c4 04 89 45 f0 c7 45 fc 00 00 00 00 85
0x66fa6d32:   c0 74 19 ff 77 18 8b c8 6a 01 6a 00 6a 00 6a 00
0x66fa6d42:   ff 77 10 e8 a6 f9 ff ff 8b d8 eb 02 33 db ff 77
0x66fa6d52:   18 8b cb c7 45 fc ff ff ff ff 6a 00 68 00 00 10 


Stack slot to memory mapping:
stack at sp + 0 slots: 0x1c2ae950 is pointing into the stack for thread: 0x16b78c00
stack at sp + 1 slots: 0x00000401 is an unknown value
stack at sp + 2 slots: 0x1c2ae950 is pointing into the stack for thread: 0x16b78c00
stack at sp + 3 slots: 0x66f98df8 glass.dll
stack at sp + 4 slots: 0x07d8c134 is an unallocated location in the heap
stack at sp + 5 slots: 0x16b5e848 points into unknown readable memory: 0x66fb319c | 9c 31 fb 66
stack at sp + 6 slots: 0x001009f0 is an unknown value
stack at sp + 7 slots: 0x00000401 is an unknown value


---------------  P R O C E S S  ---------------

Threads class SMR info:
_java_thread_list=0x170484e8, length=17, elements={
0x037aec00, 0x03874000, 0x03875800, 0x15b61000,
0x03883800, 0x03884400, 0x03885800, 0x03888c00,
0x15bd5800, 0x15d2b000, 0x162fe800, 0x16b93000,
0x16b78c00, 0x16ce8000, 0x16ce8c00, 0x16fa8c00,
0x1704a000
}

Java Threads: ( => current thread )
  0x037aec00 JavaThread "main" [_thread_blocked, id=12456, stack(0x01700000,0x01750000)]
  0x03874000 JavaThread "Reference Handler" daemon [_thread_blocked, id=12508, stack(0x03740000,0x03790000)]
  0x03875800 JavaThread "Finalizer" daemon [_thread_blocked, id=12528, stack(0x058d0000,0x05920000)]
  0x15b61000 JavaThread "Signal Dispatcher" daemon [_thread_blocked, id=14632, stack(0x05990000,0x059e0000)]
  0x03883800 JavaThread "Attach Listener" daemon [_thread_blocked, id=25516, stack(0x15d70000,0x15dc0000)]
  0x03884400 JavaThread "Service Thread" daemon [_thread_blocked, id=23264, stack(0x15e00000,0x15e50000)]
  0x03885800 JavaThread "C1 CompilerThread0" daemon [_thread_blocked, id=17012, stack(0x15e90000,0x15ee0000)]
  0x03888c00 JavaThread "Sweeper thread" daemon [_thread_blocked, id=15732, stack(0x15f20000,0x15f70000)]
  0x15bd5800 JavaThread "Common-Cleaner" daemon [_thread_blocked, id=12844, stack(0x15fb0000,0x16000000)]
  0x15d2b000 JavaThread "Monitor Ctrl-Break" daemon [_thread_in_native, id=11176, stack(0x16440000,0x16490000)]
  0x162fe800 JavaThread "QuantumRenderer-0" daemon [_thread_blocked, id=11612, stack(0x16760000,0x167b0000)]
  0x16b93000 JavaThread "InvokeLaterDispatcher" daemon [_thread_blocked, id=12472, stack(0x1c0d0000,0x1c120000)]
=>0x16b78c00 JavaThread "JavaFX Application Thread" [_thread_in_native, id=3356, stack(0x1c260000,0x1c2b0000)]
  0x16ce8000 JavaThread "JavaFX-Launcher" [_thread_blocked, id=17944, stack(0x20740000,0x20790000)]
  0x16ce8c00 JavaThread "Thread-2" daemon [_thread_in_native, id=1092, stack(0x206b0000,0x20700000)]
  0x16fa8c00 JavaThread "Prism Font Disposer" daemon [_thread_blocked, id=22220, stack(0x22b50000,0x22ba0000)]
  0x1704a000 JavaThread "Cleaner-0" daemon [_thread_blocked, id=1124, stack(0x234e0000,0x23530000)]

Other Threads:
  0x03860c00 VMThread "VM Thread" [stack: 0x036b0000,0x03700000] [id=6504]
  0x15d2c000 WatcherThread [stack: 0x164d0000,0x16520000] [id=16116]

Threads with active compile tasks:

VM state:not at safepoint (normal execution)

VM Mutex/Monitor currently owned by a thread: None

Heap:
 def new generation   total 12160K, used 2892K [0x05a00000, 0x06730000, 0x0af50000)
  eden space 10816K,  26% used [0x05a00000, 0x05cd32a0, 0x06490000)
  from space 1344K,   0% used [0x06490000, 0x06490000, 0x065e0000)
  to   space 1344K,   0% used [0x065e0000, 0x065e0000, 0x06730000)
 tenured generation   total 26944K, used 16165K [0x0af50000, 0x0c9a0000, 0x15a00000)
   the space 26944K,  59% used [0x0af50000, 0x0bf19750, 0x0bf19800, 0x0c9a0000)
 Metaspace       used 14898K, capacity 15218K, committed 15232K, reserved 15744K

Card table byte_map: [0x03180000,0x03210000] _byte_map_base: 0x03153000

Polling page: 0x01750000

Metaspace:

Usage:
   14.86 MB capacity,    14.55 MB ( 98%) used,   220.95 KB (  1%) free+waste,    98.71 KB ( <1%) overhead. 

Virtual space:
     15.38 MB reserved,      14.88 MB ( 97%) committed 

Chunk freelists:
14.00 KB

MaxMetaspaceSize: 4.00 GB
No class space
Initial GC threshold: 12.00 MB
Current GC threshold: 24.38 MB
CDS: off

CodeCache: size=32768Kb used=2070Kb max_used=2070Kb free=30697Kb
 bounds [0x03890000, 0x03a98000, 0x05890000]
 total_blobs=1717 nmethods=1288 adapters=362
 compilation: enabled
              stopped_count=0, restarted_count=0
 full_count=0

Compilation events (20 events):
Event: 6.681 Thread 0x03885800 1279             java.util.WeakHashMap::<init> (133 bytes)
Event: 6.684 Thread 0x03885800 nmethod 1279 0x03a91fc8 code [0x03a921a0, 0x03a9287c]
Event: 6.746 Thread 0x03885800 1280             javafx.geometry.Point3D::getX (5 bytes)
Event: 6.746 Thread 0x03885800 nmethod 1280 0x03a92c08 code [0x03a92d10, 0x03a92d90]
Event: 6.746 Thread 0x03885800 1281             javafx.geometry.Point3D::getY (5 bytes)
Event: 6.746 Thread 0x03885800 nmethod 1281 0x03a92dc8 code [0x03a92ed0, 0x03a92f50]
Event: 6.746 Thread 0x03885800 1282             javafx.geometry.Point3D::getZ (5 bytes)
Event: 6.746 Thread 0x03885800 nmethod 1282 0x03a92f88 code [0x03a93090, 0x03a93110]
Event: 6.749 Thread 0x03885800 1283             java.lang.Math::max (45 bytes)
Event: 6.749 Thread 0x03885800 nmethod 1283 0x03a93148 code [0x03a93250, 0x03a93360]
Event: 6.837 Thread 0x03885800 1284             jdk.internal.misc.VM::initLevel (4 bytes)
Event: 6.837 Thread 0x03885800 nmethod 1284 0x03a933c8 code [0x03a934d0, 0x03a93550]
Event: 6.837 Thread 0x03885800 1285             jdk.internal.misc.VM::isModuleSystemInited (13 bytes)
Event: 6.837 Thread 0x03885800 nmethod 1285 0x03a93588 code [0x03a93690, 0x03a93720]
Event: 6.837 Thread 0x03885800 1286             java.lang.StringBuilder::append (8 bytes)
Event: 6.838 Thread 0x03885800 nmethod 1286 0x03a93788 code [0x03a938a0, 0x03a9393c]
Event: 6.838 Thread 0x03885800 1287             java.lang.AbstractStringBuilder::append (55 bytes)
Event: 6.838 Thread 0x03885800 nmethod 1287 0x03a93988 code [0x03a93ac0, 0x03a93c00]
Event: 6.838 Thread 0x03885800 1288             sun.nio.cs.UTF_8$Encoder::encodeArrayLoop (489 bytes)
Event: 6.840 Thread 0x03885800 nmethod 1288 0x03a93cc8 code [0x03a94050, 0x03a94e04]

GC Heap History (20 events):
Event: 0.976 GC heap before
{Heap before GC invocations=5 (full 0):
 def new generation   total 4928K, used 4827K [0x05a00000, 0x05f50000, 0x0af50000)
  eden space 4416K, 100% used [0x05a00000, 0x05e50000, 0x05e50000)
  from space 512K,  80% used [0x05ed0000, 0x05f36e68, 0x05f50000)
  to   space 512K,   0% used [0x05e50000, 0x05e50000, 0x05ed0000)
 tenured generation   total 10944K, used 2191K [0x0af50000, 0x0ba00000, 0x15a00000)
   the space 10944K,  20% used [0x0af50000, 0x0b173df8, 0x0b173e00, 0x0ba00000)
 Metaspace       used 8971K, capacity 9087K, committed 9088K, reserved 9600K
}
Event: 0.979 GC heap after
{Heap after GC invocations=6 (full 0):
 def new generation   total 4928K, used 512K [0x05a00000, 0x05f50000, 0x0af50000)
  eden space 4416K,   0% used [0x05a00000, 0x05a00000, 0x05e50000)
  from space 512K, 100% used [0x05e50000, 0x05ed0000, 0x05ed0000)
  to   space 512K,   0% used [0x05ed0000, 0x05ed0000, 0x05f50000)
 tenured generation   total 10944K, used 2591K [0x0af50000, 0x0ba00000, 0x15a00000)
   the space 10944K,  23% used [0x0af50000, 0x0b1d7d80, 0x0b1d7e00, 0x0ba00000)
 Metaspace       used 8971K, capacity 9087K, committed 9088K, reserved 9600K
}
Event: 1.108 GC heap before
{Heap before GC invocations=6 (full 0):
 def new generation   total 4928K, used 4920K [0x05a00000, 0x05f50000, 0x0af50000)
  eden space 4416K,  99% used [0x05a00000, 0x05e4e298, 0x05e50000)
  from space 512K, 100% used [0x05e50000, 0x05ed0000, 0x05ed0000)
  to   space 512K,   0% used [0x05ed0000, 0x05ed0000, 0x05f50000)
 tenured generation   total 10944K, used 2591K [0x0af50000, 0x0ba00000, 0x15a00000)
   the space 10944K,  23% used [0x0af50000, 0x0b1d7d80, 0x0b1d7e00, 0x0ba00000)
 Metaspace       used 10615K, capacity 10768K, committed 10880K, reserved 11648K
}
Event: 1.112 GC heap after
{Heap after GC invocations=7 (full 0):
 def new generation   total 4928K, used 512K [0x05a00000, 0x05f50000, 0x0af50000)
  eden space 4416K,   0% used [0x05a00000, 0x05a00000, 0x05e50000)
  from space 512K, 100% used [0x05ed0000, 0x05f50000, 0x05f50000)
  to   space 512K,   0% used [0x05e50000, 0x05e50000, 0x05ed0000)
 tenured generation   total 10944K, used 3578K [0x0af50000, 0x0ba00000, 0x15a00000)
   the space 10944K,  32% used [0x0af50000, 0x0b2ceb70, 0x0b2cec00, 0x0ba00000)
 Metaspace       used 10615K, capacity 10768K, committed 10880K, reserved 11648K
}
Event: 1.187 GC heap before
{Heap before GC invocations=7 (full 0):
 def new generation   total 4928K, used 4928K [0x05a00000, 0x05f50000, 0x0af50000)
  eden space 4416K, 100% used [0x05a00000, 0x05e50000, 0x05e50000)
  from space 512K, 100% used [0x05ed0000, 0x05f50000, 0x05f50000)
  to   space 512K,   0% used [0x05e50000, 0x05e50000, 0x05ed0000)
 tenured generation   total 10944K, used 3578K [0x0af50000, 0x0ba00000, 0x15a00000)
   the space 10944K,  32% used [0x0af50000, 0x0b2ceb70, 0x0b2cec00, 0x0ba00000)
 Metaspace       used 11069K, capacity 11258K, committed 11264K, reserved 11648K
}
Event: 1.191 GC heap after
{Heap after GC invocations=8 (full 0):
 def new generation   total 4928K, used 511K [0x05a00000, 0x05f50000, 0x0af50000)
  eden space 4416K,   0% used [0x05a00000, 0x05a00000, 0x05e50000)
  from space 512K,  99% used [0x05e50000, 0x05ecfff8, 0x05ed0000)
  to   space 512K,   0% used [0x05ed0000, 0x05ed0000, 0x05f50000)
 tenured generation   total 10944K, used 4687K [0x0af50000, 0x0ba00000, 0x15a00000)
   the space 10944K,  42% used [0x0af50000, 0x0b3e3c28, 0x0b3e3e00, 0x0ba00000)
 Metaspace       used 11069K, capacity 11258K, committed 11264K, reserved 11648K
}
Event: 1.262 GC heap before
{Heap before GC invocations=8 (full 0):
 def new generation   total 4928K, used 3160K [0x05a00000, 0x05f50000, 0x0af50000)
  eden space 4416K,  59% used [0x05a00000, 0x05c963a8, 0x05e50000)
  from space 512K,  99% used [0x05e50000, 0x05ecfff8, 0x05ed0000)
  to   space 512K,   0% used [0x05ed0000, 0x05ed0000, 0x05f50000)
 tenured generation   total 10944K, used 4687K [0x0af50000, 0x0ba00000, 0x15a00000)
   the space 10944K,  42% used [0x0af50000, 0x0b3e3c28, 0x0b3e3e00, 0x0ba00000)
 Metaspace       used 11513K, capacity 11685K, committed 11776K, reserved 12672K
}
Event: 1.266 GC heap after
{Heap after GC invocations=9 (full 0):
 def new generation   total 4928K, used 159K [0x05a00000, 0x05f50000, 0x0af50000)
  eden space 4416K,   0% used [0x05a00000, 0x05a00000, 0x05e50000)
  from space 512K,  31% used [0x05ed0000, 0x05ef7e88, 0x05f50000)
  to   space 512K,   0% used [0x05e50000, 0x05e50000, 0x05ed0000)
 tenured generation   total 10944K, used 5707K [0x0af50000, 0x0ba00000, 0x15a00000)
   the space 10944K,  52% used [0x0af50000, 0x0b4e2e40, 0x0b4e3000, 0x0ba00000)
 Metaspace       used 11513K, capacity 11685K, committed 11776K, reserved 12672K
}
Event: 1.315 GC heap before
{Heap before GC invocations=9 (full 0):
 def new generation   total 4928K, used 4575K [0x05a00000, 0x05f50000, 0x0af50000)
  eden space 4416K, 100% used [0x05a00000, 0x05e50000, 0x05e50000)
  from space 512K,  31% used [0x05ed0000, 0x05ef7e88, 0x05f50000)
  to   space 512K,   0% used [0x05e50000, 0x05e50000, 0x05ed0000)
 tenured generation   total 10944K, used 5707K [0x0af50000, 0x0ba00000, 0x15a00000)
   the space 10944K,  52% used [0x0af50000, 0x0b4e2e40, 0x0b4e3000, 0x0ba00000)
 Metaspace       used 11785K, capacity 11976K, committed 12032K, reserved 12672K
}
Event: 1.319 GC heap after
{Heap after GC invocations=10 (full 0):
 def new generation   total 4928K, used 209K [0x05a00000, 0x05f50000, 0x0af50000)
  eden space 4416K,   0% used [0x05a00000, 0x05a00000, 0x05e50000)
  from space 512K,  40% used [0x05e50000, 0x05e84538, 0x05ed0000)
  to   space 512K,   0% used [0x05ed0000, 0x05ed0000, 0x05f50000)
 tenured generation   total 10944K, used 8521K [0x0af50000, 0x0ba00000, 0x15a00000)
   the space 10944K,  77% used [0x0af50000, 0x0b7a2500, 0x0b7a2600, 0x0ba00000)
 Metaspace       used 11785K, capacity 11976K, committed 12032K, reserved 12672K
}
Event: 1.357 GC heap before
{Heap before GC invocations=10 (full 0):
 def new generation   total 4928K, used 2051K [0x05a00000, 0x05f50000, 0x0af50000)
  eden space 4416K,  41% used [0x05a00000, 0x05bcc718, 0x05e50000)
  from space 512K,  40% used [0x05e50000, 0x05e84538, 0x05ed0000)
  to   space 512K,   0% used [0x05ed0000, 0x05ed0000, 0x05f50000)
 tenured generation   total 10944K, used 8521K [0x0af50000, 0x0ba00000, 0x15a00000)
   the space 10944K,  77% used [0x0af50000, 0x0b7a2500, 0x0b7a2600, 0x0ba00000)
 Metaspace       used 12087K, capacity 12264K, committed 12288K, reserved 12672K
}
Event: 1.373 GC heap after
{Heap after GC invocations=11 (full 1):
 def new generation   total 6720K, used 0K [0x05a00000, 0x06140000, 0x0af50000)
  eden space 6016K,   0% used [0x05a00000, 0x05a00000, 0x05fe0000)
  from space 704K,   0% used [0x05fe0000, 0x05fe0000, 0x06090000)
  to   space 704K,   0% used [0x06090000, 0x06090000, 0x06140000)
 tenured generation   total 14716K, used 8827K [0x0af50000, 0x0bdaf000, 0x15a00000)
   the space 14716K,  59% used [0x0af50000, 0x0b7eef40, 0x0b7ef000, 0x0bdaf000)
 Metaspace       used 12087K, capacity 12264K, committed 12288K, reserved 12672K
}
Event: 1.568 GC heap before
{Heap before GC invocations=11 (full 1):
 def new generation   total 6720K, used 6016K [0x05a00000, 0x06140000, 0x0af50000)
  eden space 6016K, 100% used [0x05a00000, 0x05fe0000, 0x05fe0000)
  from space 704K,   0% used [0x05fe0000, 0x05fe0000, 0x06090000)
  to   space 704K,   0% used [0x06090000, 0x06090000, 0x06140000)
 tenured generation   total 14716K, used 8827K [0x0af50000, 0x0bdaf000, 0x15a00000)
   the space 14716K,  59% used [0x0af50000, 0x0b7eef40, 0x0b7ef000, 0x0bdaf000)
 Metaspace       used 12790K, capacity 12990K, committed 13056K, reserved 13696K
}
Event: 1.571 GC heap after
{Heap after GC invocations=12 (full 1):
 def new generation   total 6720K, used 704K [0x05a00000, 0x06140000, 0x0af50000)
  eden space 6016K,   0% used [0x05a00000, 0x05a00000, 0x05fe0000)
  from space 704K, 100% used [0x06090000, 0x06140000, 0x06140000)
  to   space 704K,   0% used [0x05fe0000, 0x05fe0000, 0x06090000)
 tenured generation   total 14716K, used 8887K [0x0af50000, 0x0bdaf000, 0x15a00000)
   the space 14716K,  60% used [0x0af50000, 0x0b7fdd48, 0x0b7fde00, 0x0bdaf000)
 Metaspace       used 12790K, capacity 12990K, committed 13056K, reserved 13696K
}
Event: 1.725 GC heap before
{Heap before GC invocations=12 (full 1):
 def new generation   total 6720K, used 5874K [0x05a00000, 0x06140000, 0x0af50000)
  eden space 6016K,  85% used [0x05a00000, 0x05f0c9a0, 0x05fe0000)
  from space 704K, 100% used [0x06090000, 0x06140000, 0x06140000)
  to   space 704K,   0% used [0x05fe0000, 0x05fe0000, 0x06090000)
 tenured generation   total 14716K, used 8887K [0x0af50000, 0x0bdaf000, 0x15a00000)
   the space 14716K,  60% used [0x0af50000, 0x0b7fdd48, 0x0b7fde00, 0x0bdaf000)
 Metaspace       used 13705K, capacity 13906K, committed 13952K, reserved 14720K
}
Event: 1.730 GC heap after
{Heap after GC invocations=13 (full 1):
 def new generation   total 6720K, used 703K [0x05a00000, 0x06140000, 0x0af50000)
  eden space 6016K,   0% used [0x05a00000, 0x05a00000, 0x05fe0000)
  from space 704K,  99% used [0x05fe0000, 0x0608fff8, 0x06090000)
  to   space 704K,   0% used [0x06090000, 0x06090000, 0x06140000)
 tenured generation   total 14716K, used 9602K [0x0af50000, 0x0bdaf000, 0x15a00000)
   the space 14716K,  65% used [0x0af50000, 0x0b8b0b88, 0x0b8b0c00, 0x0bdaf000)
 Metaspace       used 13705K, capacity 13906K, committed 13952K, reserved 14720K
}
Event: 4.416 GC heap before
{Heap before GC invocations=13 (full 1):
 def new generation   total 6720K, used 6719K [0x05a00000, 0x06140000, 0x0af50000)
  eden space 6016K, 100% used [0x05a00000, 0x05fe0000, 0x05fe0000)
  from space 704K,  99% used [0x05fe0000, 0x0608fff8, 0x06090000)
  to   space 704K,   0% used [0x06090000, 0x06090000, 0x06140000)
 tenured generation   total 14716K, used 9602K [0x0af50000, 0x0bdaf000, 0x15a00000)
   the space 14716K,  65% used [0x0af50000, 0x0b8b0b88, 0x0b8b0c00, 0x0bdaf000)
 Metaspace       used 14051K, capacity 14316K, committed 14336K, reserved 14720K
}
Event: 4.422 GC heap after
{Heap after GC invocations=14 (full 1):
 def new generation   total 6720K, used 331K [0x05a00000, 0x06140000, 0x0af50000)
  eden space 6016K,   0% used [0x05a00000, 0x05a00000, 0x05fe0000)
  from space 704K,  47% used [0x06090000, 0x060e2c30, 0x06140000)
  to   space 704K,   0% used [0x05fe0000, 0x05fe0000, 0x06090000)
 tenured generation   total 14716K, used 13433K [0x0af50000, 0x0bdaf000, 0x15a00000)
   the space 14716K,  91% used [0x0af50000, 0x0bc6e4c0, 0x0bc6e600, 0x0bdaf000)
 Metaspace       used 14051K, capacity 14316K, committed 14336K, reserved 14720K
}
Event: 4.532 GC heap before
{Heap before GC invocations=14 (full 1):
 def new generation   total 6720K, used 6347K [0x05a00000, 0x06140000, 0x0af50000)
  eden space 6016K, 100% used [0x05a00000, 0x05fe0000, 0x05fe0000)
  from space 704K,  47% used [0x06090000, 0x060e2c30, 0x06140000)
  to   space 704K,   0% used [0x05fe0000, 0x05fe0000, 0x06090000)
 tenured generation   total 14716K, used 13433K [0x0af50000, 0x0bdaf000, 0x15a00000)
   the space 14716K,  91% used [0x0af50000, 0x0bc6e4c0, 0x0bc6e600, 0x0bdaf000)
 Metaspace       used 14608K, capacity 14898K, committed 14976K, reserved 15744K
}
Event: 4.555 GC heap after
{Heap after GC invocations=15 (full 2):
 def new generation   total 12160K, used 0K [0x05a00000, 0x06730000, 0x0af50000)
  eden space 10816K,   0% used [0x05a00000, 0x05a00000, 0x06490000)
  from space 1344K,   0% used [0x06490000, 0x06490000, 0x065e0000)
  to   space 1344K,   0% used [0x065e0000, 0x065e0000, 0x06730000)
 tenured generation   total 26944K, used 16165K [0x0af50000, 0x0c9a0000, 0x15a00000)
   the space 26944K,  59% used [0x0af50000, 0x0bf19750, 0x0bf19800, 0x0c9a0000)
 Metaspace       used 14608K, capacity 14898K, committed 14976K, reserved 15744K
}

Deoptimization events (8 events):
Event: 1.494 Thread 0x16b78c00 DEOPT PACKING pc=0x039b818f sp=0x1c2ae010
Event: 1.494 Thread 0x16b78c00 DEOPT UNPACKING pc=0x038cc187 sp=0x1c2adf30 mode 3
Event: 1.500 Thread 0x16b78c00 DEOPT PACKING pc=0x039e5cf1 sp=0x1c2ae190
Event: 1.500 Thread 0x16b78c00 DEOPT UNPACKING pc=0x038cc187 sp=0x1c2ae0b4 mode 3
Event: 1.756 Thread 0x162fe800 DEOPT PACKING pc=0x03a380bd sp=0x167aec00
Event: 1.756 Thread 0x162fe800 DEOPT UNPACKING pc=0x038cc187 sp=0x167aeb2c mode 3
Event: 3.178 Thread 0x16b78c00 DEOPT PACKING pc=0x03a51ecc sp=0x1c2ad490
Event: 3.178 Thread 0x16b78c00 DEOPT UNPACKING pc=0x038cc187 sp=0x1c2ad338 mode 3

Classes redefined (0 events):
No events

Internal exceptions (20 events):
Event: 1.018 Thread 0x16b78c00 Exception <a 'sun/nio/fs/WindowsException'{0x05b22268}> (0x05b22268) thrown at [s\src\hotspot\share\prims\jni.cpp, line 617]
Event: 1.031 Thread 0x16b78c00 Exception <a 'java/lang/ClassNotFoundException'{0x05b3d8f8}: sun/util/logging/resources/spi/loggingProvider> (0x05b3d8f8) thrown at [s\src\hotspot\share\classfile\systemDictionary.cpp, line 230]
Event: 1.090 Thread 0x16b78c00 Exception <a 'java/lang/ClassNotFoundException'{0x05d74ee8}: com/sun/glass/ui/win/themes> (0x05d74ee8) thrown at [s\src\hotspot\share\prims\jni.cpp, line 638]
Event: 1.091 Thread 0x16b78c00 Exception <a 'java/lang/ClassNotFoundException'{0x05d7cf00}: com/sun/glass/ui/win/themes_es> (0x05d7cf00) thrown at [s\src\hotspot\share\prims\jni.cpp, line 638]
Event: 1.091 Thread 0x16b78c00 Exception <a 'java/lang/ClassNotFoundException'{0x05d84cf0}: com/sun/glass/ui/win/themes_es_MX> (0x05d84cf0) thrown at [s\src\hotspot\share\prims\jni.cpp, line 638]
Event: 1.183 Thread 0x16b78c00 Exception <a 'java/lang/NoSuchMethodError'{0x05e2bdb8}: 'void java.lang.invoke.DirectMethodHandle$Holder.invokeStaticInit(java.lang.Object, java.lang.Object)'> (0x05e2bdb8) thrown at [s\src\hotspot\share\interpreter\linkResolver.cpp, line 773]
Event: 1.240 Thread 0x16b78c00 Exception <a 'java/lang/NoSuchMethodError'{0x05c11470}: 'void java.lang.invoke.DirectMethodHandle$Holder.invokeSpecial(java.lang.Object, java.lang.Object, java.lang.Object, java.lang.Object, java.lang.Object)'> (0x05c11470) thrown at [s\src\hotspot\share\interpreter\linkResolver.cpp, line 773]
Event: 1.500 Thread 0x16b78c00 Implicit null exception at 0x039e4a0c to 0x039e5cec
Event: 1.552 Thread 0x16b78c00 Exception <a 'java/lang/NoSuchMethodError'{0x05f42a38}: 'java.lang.Object java.lang.invoke.Invokers$Holder.linkToTargetMethod(java.lang.Object, int, java.lang.Object)'> (0x05f42a38) thrown at [s\src\hotspot\share\interpreter\linkResolver.cpp, line 773]
Event: 1.574 Thread 0x16b78c00 Exception <a 'java/lang/NoSuchMethodError'{0x05a16c20}: 'java.lang.Object java.lang.invoke.DirectMethodHandle$Holder.invokeInterface(java.lang.Object, java.lang.Object, java.lang.Object)'> (0x05a16c20) thrown at [s\src\hotspot\share\interpreter\linkResolver.cpp, line 773]
Event: 1.574 Thread 0x16b78c00 Exception <a 'java/lang/IncompatibleClassChangeError'{0x05a199e0}: Found class java.lang.Object, but interface was expected> (0x05a199e0) thrown at [s\src\hotspot\share\interpreter\linkResolver.cpp, line 839]
Event: 1.647 Thread 0x162fe800 Exception <a 'java/lang/NoSuchMethodError'{0x05c3cda0}: 'int java.lang.invoke.DirectMethodHandle$Holder.invokeStaticInit(java.lang.Object, java.lang.Object)'> (0x05c3cda0) thrown at [s\src\hotspot\share\interpreter\linkResolver.cpp, line 773]
Event: 2.942 Thread 0x16b78c00 Exception <a 'java/lang/NoSuchMethodError'{0x05cab650}: 'long java.lang.invoke.DirectMethodHandle$Holder.invokeStaticInit(java.lang.Object, java.lang.Object, java.lang.Object)'> (0x05cab650) thrown at [s\src\hotspot\share\interpreter\linkResolver.cpp, line 773]
Event: 2.945 Thread 0x16b78c00 Exception <a 'java/lang/NoSuchMethodError'{0x05cc2018}: 'java.lang.Object java.lang.invoke.DirectMethodHandle$Holder.invokeStatic(java.lang.Object, java.lang.Object, long)'> (0x05cc2018) thrown at [s\src\hotspot\share\interpreter\linkResolver.cpp, line 773]
Event: 2.946 Thread 0x16b78c00 Exception <a 'java/lang/NoSuchMethodError'{0x05cc7a68}: 'java.lang.Object java.lang.invoke.Invokers$Holder.linkToTargetMethod(java.lang.Object, long, java.lang.Object)'> (0x05cc7a68) thrown at [s\src\hotspot\share\interpreter\linkResolver.cpp, line 773]
Event: 4.494 Thread 0x16b78c00 Exception <a 'java/lang/ClassNotFoundException'{0x05dc5650}: com/sun/javafx/scene/control/skin/resources/controls> (0x05dc5650) thrown at [s\src\hotspot\share\prims\jni.cpp, line 638]
Event: 4.494 Thread 0x16b78c00 Exception <a 'java/lang/ClassNotFoundException'{0x05dd31b8}: com/sun/javafx/scene/control/skin/resources/controls_es> (0x05dd31b8) thrown at [s\src\hotspot\share\prims\jni.cpp, line 638]
Event: 4.495 Thread 0x16b78c00 Exception <a 'java/lang/ClassNotFoundException'{0x05de0a68}: com/sun/javafx/scene/control/skin/resources/controls_es_MX> (0x05de0a68) thrown at [s\src\hotspot\share\prims\jni.cpp, line 638]
Event: 4.522 Thread 0x16b78c00 Exception <a 'java/lang/NoSuchMethodError'{0x05f3a2d8}: 'void java.lang.invoke.DirectMethodHandle$Holder.invokeSpecial(java.lang.Object, java.lang.Object, java.lang.Object, java.lang.Object, java.lang.Object, java.lang.Object)'> (0x05f3a2d8) thrown at [s\src\hotspot\share\interpreter\linkResolver.cpp, line 773]
Event: 6.835 Thread 0x16b78c00 Exception <a 'java/lang/IllegalArgumentException'{0x05cacb48}> (0x05cacb48) thrown at [s\src\hotspot\share\prims\jvm.cpp, line 1310]

Events (20 events):
Event: 6.747 loading class javafx/application/Application
Event: 6.747 loading class javafx/application/Application done
Event: 6.747 loading class javafx/application/Application
Event: 6.747 loading class javafx/application/Application done
Event: 6.832 loading class com/sun/javafx/tk/quantum/GlassScene
Event: 6.832 loading class com/sun/javafx/tk/quantum/GlassScene done
Event: 6.832 loading class com/sun/javafx/tk/quantum/WindowStage
Event: 6.832 loading class com/sun/javafx/tk/quantum/WindowStage done
Event: 6.833 loading class com/sun/prism/GraphicsResource
Event: 6.833 loading class com/sun/prism/GraphicsResource done
Event: 6.833 loading class com/sun/prism/GraphicsResource
Event: 6.833 loading class com/sun/prism/GraphicsResource done
Event: 6.833 loading class com/sun/javafx/tk/quantum/ViewScene
Event: 6.833 loading class com/sun/javafx/tk/quantum/ViewScene done
Event: 6.834 loading class com/sun/javafx/tk/quantum/WindowStage
Event: 6.834 loading class com/sun/javafx/tk/quantum/WindowStage done
Event: 6.836 loading class java/lang/Throwable$WrappedPrintStream
Event: 6.836 loading class java/lang/Throwable$PrintStreamOrWriter
Event: 6.836 loading class java/lang/Throwable$PrintStreamOrWriter done
Event: 6.836 loading class java/lang/Throwable$WrappedPrintStream done


Dynamic libraries:
0x006e0000 - 0x006ec000 	C:\Program Files (x86)\Eclipse Adoptium\jdk-11.0.21.9-hotspot\bin\java.exe
0x77040000 - 0x771f1000 	C:\Windows\SYSTEM32\ntdll.dll
0x76c70000 - 0x76d60000 	C:\Windows\System32\KERNEL32.DLL
0x769f0000 - 0x76c64000 	C:\Windows\System32\KERNELBASE.dll
0x73170000 - 0x73216000 	C:\Windows\SYSTEM32\apphelp.dll
0x759b0000 - 0x75ac2000 	C:\Windows\System32\ucrtbase.dll
0x73cf0000 - 0x73d03000 	C:\Program Files (x86)\Eclipse Adoptium\jdk-11.0.21.9-hotspot\bin\VCRUNTIME140.dll
0x73d10000 - 0x73d25000 	C:\Program Files (x86)\Eclipse Adoptium\jdk-11.0.21.9-hotspot\bin\jli.dll
0x74d80000 - 0x74f28000 	C:\Windows\System32\USER32.dll
0x76360000 - 0x7637a000 	C:\Windows\System32\win32u.dll
0x73460000 - 0x73688000 	C:\Windows\WinSxS\x86_microsoft.windows.common-controls_6595b64144ccf1df_6.0.22621.2506_none_6eb991c088050a06\COMCTL32.dll
0x750a0000 - 0x750c3000 	C:\Windows\System32\GDI32.dll
0x76790000 - 0x76854000 	C:\Windows\System32\msvcrt.dll
0x763f0000 - 0x764d2000 	C:\Windows\System32\gdi32full.dll
0x76f50000 - 0x76fc9000 	C:\Windows\System32\msvcp_win.dll
0x76320000 - 0x76345000 	C:\Windows\System32\IMM32.DLL
0x73800000 - 0x7386f000 	C:\Program Files (x86)\Eclipse Adoptium\jdk-11.0.21.9-hotspot\bin\msvcp140.dll
0x72b30000 - 0x7300b000 	C:\Program Files (x86)\Eclipse Adoptium\jdk-11.0.21.9-hotspot\bin\client\jvm.dll
0x76d60000 - 0x76ddf000 	C:\Windows\System32\ADVAPI32.dll
0x76900000 - 0x76985000 	C:\Windows\System32\sechost.dll
0x751f0000 - 0x7520a000 	C:\Windows\System32\bcrypt.dll
0x764e0000 - 0x7659a000 	C:\Windows\System32\RPCRT4.dll
0x759a0000 - 0x759a6000 	C:\Windows\System32\PSAPI.DLL
0x72580000 - 0x72588000 	C:\Windows\SYSTEM32\WSOCK32.dll
0x737c0000 - 0x737f1000 	C:\Windows\SYSTEM32\WINMM.dll
0x76fd0000 - 0x7702f000 	C:\Windows\System32\WS2_32.dll
0x74310000 - 0x74318000 	C:\Windows\SYSTEM32\VERSION.dll
0x744d0000 - 0x744e3000 	C:\Windows\SYSTEM32\kernel.appcore.dll
0x73d40000 - 0x73d4d000 	C:\Program Files (x86)\Eclipse Adoptium\jdk-11.0.21.9-hotspot\bin\verify.dll
0x71250000 - 0x71426000 	C:\Windows\SYSTEM32\DBGHELP.DLL
0x75f90000 - 0x7620d000 	C:\Windows\System32\combase.dll
0x765a0000 - 0x7663c000 	C:\Windows\System32\OLEAUT32.dll
0x73790000 - 0x737b9000 	C:\Windows\SYSTEM32\dbgcore.DLL
0x76380000 - 0x763e2000 	C:\Windows\System32\bcryptPrimitives.dll
0x73760000 - 0x73782000 	C:\Program Files (x86)\Eclipse Adoptium\jdk-11.0.21.9-hotspot\bin\java.dll
0x73b80000 - 0x73b89000 	C:\Program Files (x86)\Eclipse Adoptium\jdk-11.0.21.9-hotspot\bin\jimage.dll
0x73150000 - 0x7315d000 	C:\Program Files (x86)\Eclipse Adoptium\jdk-11.0.21.9-hotspot\bin\instrument.dll
0x73740000 - 0x73756000 	C:\Program Files (x86)\Eclipse Adoptium\jdk-11.0.21.9-hotspot\bin\zip.dll
0x75270000 - 0x75908000 	C:\Windows\System32\SHELL32.dll
0x745c0000 - 0x74cac000 	C:\Windows\SYSTEM32\windows.storage.dll
0x744f0000 - 0x745b7000 	C:\Windows\SYSTEM32\wintypes.dll
0x74cb0000 - 0x74d71000 	C:\Windows\System32\SHCORE.dll
0x750e0000 - 0x7512b000 	C:\Windows\System32\shlwapi.dll
0x74360000 - 0x7437d000 	C:\Windows\SYSTEM32\profapi.dll
0x73720000 - 0x73734000 	C:\Program Files (x86)\Eclipse Adoptium\jdk-11.0.21.9-hotspot\bin\net.dll
0x73300000 - 0x733dd000 	C:\Windows\SYSTEM32\WINHTTP.dll
0x73050000 - 0x730a1000 	C:\Windows\system32\mswsock.dll
0x73a90000 - 0x73a9f000 	C:\Program Files (x86)\Eclipse Adoptium\jdk-11.0.21.9-hotspot\bin\nio.dll
0x69480000 - 0x69496000 	C:\Program Files\JetBrains\IntelliJ IDEA 2023.3.2\bin\breakgen.dll
0x73140000 - 0x73143000 	C:\Users\yara2\.openjfx\cache\17.0.6\api-ms-win-core-console-l1-1-0.dll
0x69470000 - 0x69473000 	C:\Users\yara2\.openjfx\cache\17.0.6\api-ms-win-core-console-l1-2-0.dll
0x69460000 - 0x69463000 	C:\Users\yara2\.openjfx\cache\17.0.6\api-ms-win-core-datetime-l1-1-0.dll
0x69450000 - 0x69453000 	C:\Users\yara2\.openjfx\cache\17.0.6\api-ms-win-core-debug-l1-1-0.dll
0x69440000 - 0x69443000 	C:\Users\yara2\.openjfx\cache\17.0.6\api-ms-win-core-errorhandling-l1-1-0.dll
0x69430000 - 0x69434000 	C:\Users\yara2\.openjfx\cache\17.0.6\api-ms-win-core-file-l1-1-0.dll
0x69420000 - 0x69423000 	C:\Users\yara2\.openjfx\cache\17.0.6\api-ms-win-core-file-l1-2-0.dll
0x69410000 - 0x69413000 	C:\Users\yara2\.openjfx\cache\17.0.6\api-ms-win-core-file-l2-1-0.dll
0x69400000 - 0x69403000 	C:\Users\yara2\.openjfx\cache\17.0.6\api-ms-win-core-handle-l1-1-0.dll
0x693f0000 - 0x693f3000 	C:\Users\yara2\.openjfx\cache\17.0.6\api-ms-win-core-heap-l1-1-0.dll
0x68b80000 - 0x68b83000 	C:\Users\yara2\.openjfx\cache\17.0.6\api-ms-win-core-interlocked-l1-1-0.dll
0x68b70000 - 0x68b73000 	C:\Users\yara2\.openjfx\cache\17.0.6\api-ms-win-core-libraryloader-l1-1-0.dll
0x68b60000 - 0x68b63000 	C:\Users\yara2\.openjfx\cache\17.0.6\api-ms-win-core-localization-l1-2-0.dll
0x68b50000 - 0x68b53000 	C:\Users\yara2\.openjfx\cache\17.0.6\api-ms-win-core-memory-l1-1-0.dll
0x68b30000 - 0x68b33000 	C:\Users\yara2\.openjfx\cache\17.0.6\api-ms-win-core-namedpipe-l1-1-0.dll
0x68b10000 - 0x68b13000 	C:\Users\yara2\.openjfx\cache\17.0.6\api-ms-win-core-processenvironment-l1-1-0.dll
0x68b00000 - 0x68b03000 	C:\Users\yara2\.openjfx\cache\17.0.6\api-ms-win-core-processthreads-l1-1-0.dll
0x68af0000 - 0x68af3000 	C:\Users\yara2\.openjfx\cache\17.0.6\api-ms-win-core-processthreads-l1-1-1.dll
0x68ae0000 - 0x68ae3000 	C:\Users\yara2\.openjfx\cache\17.0.6\api-ms-win-core-profile-l1-1-0.dll
0x68ad0000 - 0x68ad3000 	C:\Users\yara2\.openjfx\cache\17.0.6\api-ms-win-core-rtlsupport-l1-1-0.dll
0x68ac0000 - 0x68ac3000 	C:\Users\yara2\.openjfx\cache\17.0.6\api-ms-win-core-string-l1-1-0.dll
0x68ab0000 - 0x68ab3000 	C:\Users\yara2\.openjfx\cache\17.0.6\api-ms-win-core-synch-l1-1-0.dll
0x68aa0000 - 0x68aa3000 	C:\Users\yara2\.openjfx\cache\17.0.6\api-ms-win-core-synch-l1-2-0.dll
0x68a90000 - 0x68a93000 	C:\Users\yara2\.openjfx\cache\17.0.6\api-ms-win-core-sysinfo-l1-1-0.dll
0x68a80000 - 0x68a83000 	C:\Users\yara2\.openjfx\cache\17.0.6\api-ms-win-core-timezone-l1-1-0.dll
0x68a70000 - 0x68a73000 	C:\Users\yara2\.openjfx\cache\17.0.6\api-ms-win-core-util-l1-1-0.dll
0x68a60000 - 0x68a63000 	C:\Users\yara2\.openjfx\cache\17.0.6\api-ms-win-crt-conio-l1-1-0.dll
0x68a50000 - 0x68a54000 	C:\Users\yara2\.openjfx\cache\17.0.6\api-ms-win-crt-convert-l1-1-0.dll
0x68a40000 - 0x68a43000 	C:\Users\yara2\.openjfx\cache\17.0.6\api-ms-win-crt-environment-l1-1-0.dll
0x68a30000 - 0x68a33000 	C:\Users\yara2\.openjfx\cache\17.0.6\api-ms-win-crt-filesystem-l1-1-0.dll
0x68a20000 - 0x68a23000 	C:\Users\yara2\.openjfx\cache\17.0.6\api-ms-win-crt-heap-l1-1-0.dll
0x68a10000 - 0x68a13000 	C:\Users\yara2\.openjfx\cache\17.0.6\api-ms-win-crt-locale-l1-1-0.dll
0x68a00000 - 0x68a05000 	C:\Users\yara2\.openjfx\cache\17.0.6\api-ms-win-crt-math-l1-1-0.dll
0x689f0000 - 0x689f5000 	C:\Users\yara2\.openjfx\cache\17.0.6\api-ms-win-crt-multibyte-l1-1-0.dll
0x689e0000 - 0x689f0000 	C:\Users\yara2\.openjfx\cache\17.0.6\api-ms-win-crt-private-l1-1-0.dll
0x689d0000 - 0x689d3000 	C:\Users\yara2\.openjfx\cache\17.0.6\api-ms-win-crt-process-l1-1-0.dll
0x689c0000 - 0x689c4000 	C:\Users\yara2\.openjfx\cache\17.0.6\api-ms-win-crt-runtime-l1-1-0.dll
0x689b0000 - 0x689b4000 	C:\Users\yara2\.openjfx\cache\17.0.6\api-ms-win-crt-stdio-l1-1-0.dll
0x689a0000 - 0x689a4000 	C:\Users\yara2\.openjfx\cache\17.0.6\api-ms-win-crt-string-l1-1-0.dll
0x68990000 - 0x68993000 	C:\Users\yara2\.openjfx\cache\17.0.6\api-ms-win-crt-time-l1-1-0.dll
0x68980000 - 0x68983000 	C:\Users\yara2\.openjfx\cache\17.0.6\api-ms-win-crt-utility-l1-1-0.dll
0x68850000 - 0x68973000 	C:\Users\yara2\.openjfx\cache\17.0.6\ucrtbase.dll
0x68830000 - 0x68844000 	C:\Users\yara2\.openjfx\cache\17.0.6\vcruntime140.dll
0x687c0000 - 0x6882d000 	C:\Users\yara2\.openjfx\cache\17.0.6\msvcp140.dll
0x687b0000 - 0x687b7000 	C:\Users\yara2\.openjfx\cache\17.0.6\msvcp140_1.dll
0x68780000 - 0x687a9000 	C:\Users\yara2\.openjfx\cache\17.0.6\msvcp140_2.dll
0x68750000 - 0x68776000 	C:\Users\yara2\.openjfx\cache\17.0.6\prism_d3d.dll
0x685d0000 - 0x68741000 	C:\Windows\system32\d3d9.dll
0x718d0000 - 0x718f4000 	C:\Windows\SYSTEM32\dwmapi.dll
0x685a0000 - 0x685ce000 	C:\Windows\SYSTEM32\dxcore.dll
0x733e0000 - 0x7345f000 	C:\Windows\system32\uxtheme.dll
0x68510000 - 0x685a0000 	C:\Windows\SYSTEM32\d3d9on12.dll
0x68440000 - 0x6850a000 	C:\Windows\SYSTEM32\dxgi.dll
0x68420000 - 0x6843e000 	C:\Windows\SYSTEM32\d3d12.dll
0x74320000 - 0x7435d000 	C:\Windows\SYSTEM32\cfgmgr32.dll
0x68270000 - 0x68420000 	C:\Windows\SYSTEM32\D3D12Core.dll
0x68250000 - 0x6826c000 	C:\Windows\System32\DriverStore\FileRepository\iigd_dch.inf_amd64_c73cfa60d516cb00\igd12umd32.dll
0x67460000 - 0x6824c000 	C:\Windows\System32\DriverStore\FileRepository\iigd_dch.inf_amd64_c73cfa60d516cb00\igd12um32xel.dll
0x76210000 - 0x76313000 	C:\Windows\System32\CRYPT32.dll
0x76640000 - 0x76790000 	C:\Windows\System32\ole32.dll
0x67430000 - 0x6745e000 	C:\Windows\SYSTEM32\ControlLib32.dll
0x75ad0000 - 0x75f0d000 	C:\Windows\System32\SETUPAPI.dll
0x67400000 - 0x67424000 	C:\Windows\SYSTEM32\DEVOBJ.dll
0x67390000 - 0x673f4000 	C:\Windows\System32\DriverStore\FileRepository\iigd_dch.inf_amd64_c73cfa60d516cb00\IntelControlLib32.dll
0x75210000 - 0x75268000 	C:\Windows\System32\WINTRUST.dll
0x6d080000 - 0x6d08e000 	C:\Windows\SYSTEM32\MSASN1.dll
0x67350000 - 0x6738c000 	C:\Windows\SYSTEM32\directxdatabasehelper.dll
0x67020000 - 0x6734c000 	C:\Windows\System32\DriverStore\FileRepository\iigd_dch.inf_amd64_c73cfa60d516cb00\igdgmm32.dll
0x576f0000 - 0x5b4dd000 	C:\Windows\System32\DriverStore\FileRepository\iigd_dch.inf_amd64_c73cfa60d516cb00\igc32.dll
0x66ff0000 - 0x67011000 	C:\Windows\SYSTEM32\D3DSCache.dll
0x73d50000 - 0x73d74000 	C:\Windows\SYSTEM32\USERENV.dll
0x78010000 - 0x7b6c0000 	C:\Windows\System32\DriverStore\FileRepository\iigd_dch.inf_amd64_c73cfa60d516cb00\igd12dxva32.dll
0x66fd0000 - 0x66fee000 	C:\Windows\System32\DriverStore\FileRepository\iigd_dch.inf_amd64_c73cfa60d516cb00\igdinfo32.dll
0x71900000 - 0x71aec000 	C:\Windows\SYSTEM32\twinapi.appcore.dll
0x66f90000 - 0x66fc7000 	C:\Users\yara2\.openjfx\cache\17.0.6\glass.dll
0x75130000 - 0x751e1000 	C:\Windows\System32\COMDLG32.dll
0x76de0000 - 0x76ede000 	C:\Windows\System32\MSCTF.dll
0x66f70000 - 0x66f81000 	C:\Users\yara2\.openjfx\cache\17.0.6\javafx_font.dll
0x66f40000 - 0x66f65000 	C:\Users\yara2\.openjfx\cache\17.0.6\javafx_iio.dll

dbghelp: loaded successfully - version: 4.0.5 - missing functions: none
symbol engine: initialized successfully - sym options: 0x614 - pdb path: .;C:\Program Files (x86)\Eclipse Adoptium\jdk-11.0.21.9-hotspot\bin;C:\Windows\SYSTEM32;C:\Windows\WinSxS\x86_microsoft.windows.common-controls_6595b64144ccf1df_6.0.22621.2506_none_6eb991c088050a06;C:\Program Files (x86)\Eclipse Adoptium\jdk-11.0.21.9-hotspot\bin\client;C:\Program Files\JetBrains\IntelliJ IDEA 2023.3.2\bin;C:\Users\yara2\.openjfx\cache\17.0.6;C:\Windows\System32\DriverStore\FileRepository\iigd_dch.inf_amd64_c73cfa60d516cb00;C:\Program Files (x86)\Common Files\Microsoft Shared\Ink

VM Arguments:
jvm_args: -javaagent:C:\Program Files\JetBrains\IntelliJ IDEA 2023.3.2\lib\idea_rt.jar=60555:C:\Program Files\JetBrains\IntelliJ IDEA 2023.3.2\bin -Dfile.encoding=UTF-8 --module-path=C:\Users\yara2\.m2\repository\org\openjfx\javafx-base\17.0.6\javafx-base-17.0.6-win-x86.jar;C:\Users\yara2\IdeaProjects\RentaPeliculas\target\classes;C:\Users\yara2\.m2\repository\org\kordamp\bootstrapfx\bootstrapfx-core\0.4.0\bootstrapfx-core-0.4.0.jar;C:\Users\yara2\.m2\repository\org\openjfx\javafx-graphics\17.0.6\javafx-graphics-17.0.6-win-x86.jar;C:\Users\yara2\.m2\repository\com\gluonhq\attach\util\4.0.19\util-4.0.19.jar;C:\Users\yara2\.m2\repository\com\gluonhq\attach\display\4.0.19\display-4.0.19.jar;C:\Users\yara2\.m2\repository\com\gluonhq\attach\lifecycle\4.0.19\lifecycle-4.0.19.jar;C:\Users\yara2\.m2\repository\org\openjfx\javafx-fxml\17.0.6\javafx-fxml-17.0.6-win-x86.jar;C:\Users\yara2\.m2\repository\com\gluonhq\charm-glisten\6.2.3\charm-glisten-6.2.3.jar;C:\Users\yara2\.m2\repository\org\openjfx\javafx-controls\17.0.6\javafx-controls-17.0.6-win-x86.jar -Djdk.module.main=com.yaravazquez.rentapeliculas 
java_command: com.yaravazquez.rentapeliculas/com.yaravazquez.rentapeliculas.App
java_class_path (initial): C:\Users\yara2\.m2\repository\org\openjfx\javafx-controls\17.0.6\javafx-controls-17.0.6.jar;C:\Users\yara2\.m2\repository\org\openjfx\javafx-graphics\17.0.6\javafx-graphics-17.0.6.jar;C:\Users\yara2\.m2\repository\org\openjfx\javafx-base\17.0.6\javafx-base-17.0.6.jar;C:\Users\yara2\.m2\repository\org\openjfx\javafx-fxml\17.0.6\javafx-fxml-17.0.6.jar
Launcher Type: SUN_STANDARD

[Global flags]
   size_t InitialHeapSize                          = 16777216                                  {product} {ergonomic}
   size_t MaxHeapSize                              = 268435456                                 {product} {ergonomic}
   size_t MaxNewSize                               = 89456640                                  {product} {ergonomic}
   size_t MinHeapDeltaBytes                        = 131072                                    {product} {ergonomic}
   size_t NewSize                                  = 5570560                                   {product} {ergonomic}
    uintx NonProfiledCodeHeapSize                  = 0                                      {pd product} {ergonomic}
   size_t OldSize                                  = 11206656                                  {product} {ergonomic}
    uintx ProfiledCodeHeapSize                     = 0                                      {pd product} {ergonomic}
     bool ThreadLocalHandshakes                    = false                                  {pd product} {ergonomic}
     bool UseLargePagesIndividualAllocation        = false                                  {pd product} {ergonomic}
     bool UseSerialGC                              = true                                      {product} {ergonomic}

Logging:
Log output configuration:
 #0: stdout all=warning uptime,level,tags
 #1: stderr all=off uptime,level,tags

Environment Variables:
PATH=C:\Program Files (x86)\Eclipse Adoptium\jdk-11.0.21.9-hotspot\bin;C:\Program Files (x86)\Eclipse Adoptium\jre-11.0.21.9-hotspot\bin;C:\Program Files (x86)\Common Files\Oracle\Java\javapath;C:\Windows\system32;C:\Windows;C:\Windows\System32\Wbem;C:\Windows\System32\WindowsPowerShell\v1.0\;C:\Windows\System32\OpenSSH\;C:\Program Files\Git\cmd;C:\Users\yara2\AppData\Local\Microsoft\WindowsApps;C:\Users\yara2\AppData\Local\Programs\Microsoft VS Code\bin;C:\Users\yara2\AppData\Local\GitHubDesktop\bin
USERNAME=yara2
OS=Windows_NT
PROCESSOR_IDENTIFIER=Intel64 Family 6 Model 186 Stepping 3, GenuineIntel
TMP=C:\Users\yara2\AppData\Local\Temp
TEMP=C:\Users\yara2\AppData\Local\Temp



---------------  S Y S T E M  ---------------

OS: Windows 11 , 64 bit Build 22621 (10.0.22621.3085)
OS uptime: 11 days 6:07 hours
Hyper-V role detected

CPU:total 12 (initial active 12) (6 cores per cpu, 2 threads per core) family 6 model 186 stepping 3 microcode 0x410e, cmov, cx8, fxsr, mmx, sse, sse2, sse3, ssse3, sse4.1, sse4.2, popcnt, avx, avx2, aes, clmul, erms, 3dnowpref, lzcnt, ht, tsc, tscinvbit, bmi1, bmi2, adx, sha, fma

Memory: 4k page, system-wide physical 16071M (5494M free)
TotalPageFile size 18503M (AvailPageFile size 6124M), user-mode portion of virtual address-space 2047M (1208M free)
current process WorkingSet (physical memory assigned to process): 235M, peak: 237M
current process commit charge ("private bytes"): 249M, peak: 249M

vm_info: OpenJDK Client VM (11.0.21+9) for windows-x86 JRE (11.0.21+9), built on Oct 17 2023 17:27:10 by "" with MS VC++ 15.9 (VS2017)

END.
