#
# A fatal error has been detected by the Java Runtime Environment:
#
#  EXCEPTION_ACCESS_VIOLATION (0xc0000005) at pc=0x64006c62, pid=13160, tid=19736
#
# JRE version: OpenJDK Runtime Environment Temurin-11.0.21+9 (11.0.21+9) (build 11.0.21+9)
# Java VM: OpenJDK Client VM Temurin-11.0.21+9 (11.0.21+9, mixed mode, serial gc, windows-x86)
# Problematic frame:
# C  [glass.dll+0x16c62]
#
# No core dump will be written. Minidumps are not enabled by default on client versions of Windows
#
# If you would like to submit a bug report, please visit:
#   https://github.com/adoptium/adoptium-support/issues
# The crash happened outside the Java Virtual Machine in native code.
# See problematic frame for where to report the bug.
#

---------------  S U M M A R Y ------------

Command Line: -javaagent:C:\Program Files\JetBrains\IntelliJ IDEA 2023.3.2\lib\idea_rt.jar=64478:C:\Program Files\JetBrains\IntelliJ IDEA 2023.3.2\bin -Dfile.encoding=UTF-8 --module-path=C:\Users\yara2\IdeaProjects\RentaPeliculas\target\classes;C:\Users\yara2\.m2\repository\org\openjfx\javafx-fxml\17.0.6\javafx-fxml-17.0.6-win-x86.jar;C:\Users\yara2\.m2\repository\org\openjfx\javafx-controls\17.0.6\javafx-controls-17.0.6-win-x86.jar;C:\Users\yara2\.m2\repository\com\gluonhq\attach\util\4.0.19\util-4.0.19.jar;C:\Users\yara2\.m2\repository\com\gluonhq\attach\display\4.0.19\display-4.0.19.jar;C:\Users\yara2\.m2\repository\org\openjfx\javafx-base\17.0.6\javafx-base-17.0.6-win-x86.jar;C:\Users\yara2\.m2\repository\org\kordamp\bootstrapfx\bootstrapfx-core\0.4.0\bootstrapfx-core-0.4.0.jar;C:\Users\yara2\.m2\repository\com\gluonhq\charm-glisten\6.2.3\charm-glisten-6.2.3.jar;C:\Users\yara2\.m2\repository\org\openjfx\javafx-graphics\17.0.6\javafx-graphics-17.0.6-win-x86.jar;C:\Users\yara2\.m2\repository\com\gluonhq\attach\lifecycle\4.0.19\lifecycle-4.0.19.jar -Djdk.module.main=com.yaravazquez.rentapeliculas com.yaravazquez.rentapeliculas/com.yaravazquez.rentapeliculas.App

Host: 13th Gen Intel(R) Core(TM) i7-1355U, 12 cores, 15G,  Windows 11 , 64 bit Build 22621 (10.0.22621.3085)
Time: Mon Feb 26 11:10:02 2024 Hora estándar central (México) elapsed time: 9.533773 seconds (0d 0h 0m 9s)

---------------  T H R E A D  ---------------

Current thread (0x165d4000):  JavaThread "JavaFX Application Thread" [_thread_in_native, id=19736, stack(0x1bc20000,0x1bc70000)]

Stack: [0x1bc20000,0x1bc70000],  sp=0x1bc6e4bc,  free space=313k
Native frames: (J=compiled Java code, A=aot compiled Java code, j=interpreted, Vv=VM code, C=native code)
C  [glass.dll+0x16c62]

Java frames: (J=compiled Java code, j=interpreted, Vv=VM code)
j  com.sun.glass.ui.win.WinWindow._close(J)Z+0 javafx.graphics
j  com.sun.glass.ui.Window.close()V+63 javafx.graphics
j  com.sun.glass.ui.win.WinWindow.close()V+8 javafx.graphics
j  com.sun.glass.ui.Application.terminate()V+75 javafx.graphics
j  com.sun.javafx.tk.quantum.QuantumToolkit.lambda$exit$13()Ljava/lang/Object;+5 javafx.graphics
j  com.sun.javafx.tk.quantum.QuantumToolkit$$Lambda$435.get()Ljava/lang/Object;+0 javafx.graphics
j  com.sun.javafx.tk.quantum.QuantumToolkit.runWithRenderLock(Ljava/util/function/Supplier;)Ljava/lang/Object;+7 javafx.graphics
j  com.sun.javafx.tk.quantum.QuantumToolkit.exit()V+26 javafx.graphics
j  com.sun.javafx.application.PlatformImpl.lambda$tkExit$16()V+3 javafx.graphics
j  com.sun.javafx.application.PlatformImpl$$Lambda$434.run()V+0 javafx.graphics
j  com.sun.javafx.application.PlatformImpl.lambda$runAndWait$12(Ljava/lang/Runnable;Ljava/util/concurrent/CountDownLatch;)V+1 javafx.graphics
j  com.sun.javafx.application.PlatformImpl$$Lambda$87.run()V+8 javafx.graphics
j  com.sun.javafx.application.PlatformImpl.lambda$runLater$10(Ljava/lang/Runnable;)Ljava/lang/Void;+1 javafx.graphics
j  com.sun.javafx.application.PlatformImpl$$Lambda$89.run()Ljava/lang/Object;+4 javafx.graphics
v  ~StubRoutines::call_stub
j  java.security.AccessController.doPrivileged(Ljava/security/PrivilegedAction;Ljava/security/AccessControlContext;)Ljava/lang/Object;+0 java.base@11.0.21
j  com.sun.javafx.application.PlatformImpl.lambda$runLater$11(Ljava/lang/Runnable;Ljava/security/AccessControlContext;)V+7 javafx.graphics
j  com.sun.javafx.application.PlatformImpl$$Lambda$88.run()V+8 javafx.graphics
j  com.sun.glass.ui.InvokeLaterDispatcher$Future.run()V+4 javafx.graphics
v  ~StubRoutines::call_stub
j  com.sun.glass.ui.win.WinApplication._runLoop(Ljava/lang/Runnable;)V+0 javafx.graphics
j  com.sun.glass.ui.win.WinApplication.lambda$runLoop$3(ILjava/lang/Runnable;)V+8 javafx.graphics
j  com.sun.glass.ui.win.WinApplication$$Lambda$77.run()V+12 javafx.graphics
j  java.lang.Thread.run()V+11 java.base@11.0.21
v  ~StubRoutines::call_stub

siginfo: EXCEPTION_ACCESS_VIOLATION (0xc0000005), reading address 0x000000b8


Register to memory mapping:

EIP=0x64006c62 glass.dll
EAX=0x0 is NULL
EBX=0x1bc6e6f0 is pointing into the stack for thread: 0x165d4000
ECX=0x0 is NULL
EDX=0x0 is NULL
ESP=0x1bc6e4bc is pointing into the stack for thread: 0x165d4000
EBP=0x1bc6e4e8 is pointing into the stack for thread: 0x165d4000
ESI=0x00000401 is an unknown value
EDI=0x0 is NULL


Registers:
EAX=0x00000000, EBX=0x1bc6e6f0, ECX=0x00000000, EDX=0x00000000
ESP=0x1bc6e4bc, EBP=0x1bc6e4e8, ESI=0x00000401, EDI=0x00000000
EIP=0x64006c62, EFLAGS=0x00010202

Top of Stack: (sp=0x1bc6e4bc)
0x1bc6e4bc:   1bc6e6f0 00000401 1bc6e6f0 63ff8df8
0x1bc6e4cc:   73a21a25 16533518 002a05cc 00000401
0x1bc6e4dc:   1bc6e61c 640102b0 ffffffff 00000000
0x1bc6e4ec:   63ff1755 00000401 1bc6e6f0 00000000
0x1bc6e4fc:   00000401 002a05cc 1bc6e534 63ff16f0
0x1bc6e50c:   74db2e63 002a05cc 00000401 1bc6e6f0
0x1bc6e51c:   00000000 002a05cc dcbaabcd 63ff16f0
0x1bc6e52c:   00000401 002a05cc 1bc6e62c 74da3c46 

Instructions: (pc=0x64006c62)
0x64006b62:   21 56 e8 47 42 00 00 ff 35 e8 03 02 64 8b f0 ff
0x64006b72:   77 68 56 e8 96 de fe ff 56 e8 a0 41 00 00 83 c4
0x64006b82:   10 5e c7 05 a4 03 02 64 00 00 00 00 5f c3 83 ec
0x64006b92:   24 a1 ec e0 01 64 33 c4 89 44 24 20 8b 44 24 28
0x64006ba2:   53 89 44 24 04 8b d9 8b 44 24 30 89 44 24 08 8b
0x64006bb2:   44 24 38 55 89 44 24 10 8b 44 24 38 56 89 83 84
0x64006bc2:   00 00 00 8b 44 24 0c 89 5c 24 18 bb 00 00 00 80
0x64006bd2:   8b eb 8b f3 57 8b fb 85 c0 79 29 8d 44 24 20 50
0x64006be2:   e8 29 aa fe ff 83 c4 04 85 c0 8b 44 24 10 74 14
0x64006bf2:   8b 74 24 28 8b 5c 24 20 2b f3 8b 7c 24 2c 8b 6c
0x64006c02:   24 24 2b fd 6a 00 50 ff 74 24 1c 68 d8 23 01 64
0x64006c12:   57 56 8b 74 24 34 8b ce 55 53 ff 74 24 38 e8 db
0x64006c22:   a7 fe ff 8b f8 8d 4e 14 57 e8 40 64 00 00 57 8d
0x64006c32:   4e 14 e8 c7 64 00 00 8b 4c 24 30 8b c7 5f 5e 5d
0x64006c42:   5b 33 cc e8 ae 7a 00 00 83 c4 24 c2 10 00 53 8b
0x64006c52:   d9 56 57 ff 73 08 e8 93 a9 fe ff 8b f8 83 c4 04
0x64006c62:   8b 87 b8 00 00 00 85 c0 75 03 8b 47 04 3b 05 a4
0x64006c72:   03 02 64 75 29 e8 34 41 00 00 ff 35 e8 03 02 64
0x64006c82:   8b f0 ff 77 68 56 e8 83 dd fe ff 56 e8 8d 40 00
0x64006c92:   00 83 c4 10 c7 05 a4 03 02 64 00 00 00 00 8d 4f
0x64006ca2:   14 e8 b8 69 00 00 8d 4f 14 e8 e0 69 00 00 ff 73
0x64006cb2:   08 ff 15 f8 fe 01 64 85 c0 5f 0f 95 c0 5e 88 43
0x64006cc2:   04 5b c3 cc cc cc cc cc cc cc cc cc cc cc 55 8b
0x64006cd2:   ec 6a ff 68 f7 11 01 64 64 a1 00 00 00 00 50 83
0x64006ce2:   ec 08 53 56 57 a1 ec e0 01 64 33 c5 50 8d 45 f4
0x64006cf2:   64 a3 00 00 00 00 8b f9 ff 77 18 ff 15 60 ff 01
0x64006d02:   64 85 c0 75 13 0f 57 c0 66 0f 13 45 ec 8b 55 f0
0x64006d12:   8b 45 ec e9 a7 00 00 00 68 dc 00 00 00 e8 96 79
0x64006d22:   00 00 83 c4 04 89 45 f0 c7 45 fc 00 00 00 00 85
0x64006d32:   c0 74 19 ff 77 18 8b c8 6a 01 6a 00 6a 00 6a 00
0x64006d42:   ff 77 10 e8 a6 f9 ff ff 8b d8 eb 02 33 db ff 77
0x64006d52:   18 8b cb c7 45 fc ff ff ff ff 6a 00 68 00 00 10 


Stack slot to memory mapping:
stack at sp + 0 slots: 0x1bc6e6f0 is pointing into the stack for thread: 0x165d4000
stack at sp + 1 slots: 0x00000401 is an unknown value
stack at sp + 2 slots: 0x1bc6e6f0 is pointing into the stack for thread: 0x165d4000
stack at sp + 3 slots: 0x63ff8df8 glass.dll
stack at sp + 4 slots: 0x73a21a25 api-ms-win-core-timezone-l1-1-0.dll
stack at sp + 5 slots: 0x16533518 points into unknown readable memory: 0x6401319c | 9c 31 01 64
stack at sp + 6 slots: 0x002a05cc is an unknown value
stack at sp + 7 slots: 0x00000401 is an unknown value


---------------  P R O C E S S  ---------------

Threads class SMR info:
_java_thread_list=0x16a199f0, length=17, elements={
0x0314f000, 0x03228400, 0x03203800, 0x03223800,
0x03225400, 0x03226400, 0x03227000, 0x15564000,
0x155d3c00, 0x15729c00, 0x15d06c00, 0x165c2c00,
0x165d4000, 0x16709400, 0x16784000, 0x169af800,
0x16a23400
}

Java Threads: ( => current thread )
  0x0314f000 JavaThread "main" [_thread_blocked, id=17984, stack(0x028e0000,0x02930000)]
  0x03228400 JavaThread "Reference Handler" daemon [_thread_blocked, id=18280, stack(0x05270000,0x052c0000)]
  0x03203800 JavaThread "Finalizer" daemon [_thread_blocked, id=13180, stack(0x05300000,0x05350000)]
  0x03223800 JavaThread "Signal Dispatcher" daemon [_thread_blocked, id=24364, stack(0x05390000,0x053e0000)]
  0x03225400 JavaThread "Attach Listener" daemon [_thread_blocked, id=24860, stack(0x15770000,0x157c0000)]
  0x03226400 JavaThread "Service Thread" daemon [_thread_blocked, id=2920, stack(0x15800000,0x15850000)]
  0x03227000 JavaThread "C1 CompilerThread0" daemon [_thread_blocked, id=24608, stack(0x15890000,0x158e0000)]
  0x15564000 JavaThread "Sweeper thread" daemon [_thread_blocked, id=18020, stack(0x15920000,0x15970000)]
  0x155d3c00 JavaThread "Common-Cleaner" daemon [_thread_blocked, id=22060, stack(0x159b0000,0x15a00000)]
  0x15729c00 JavaThread "Monitor Ctrl-Break" daemon [_thread_in_native, id=6280, stack(0x15e40000,0x15e90000)]
  0x15d06c00 JavaThread "QuantumRenderer-0" daemon [_thread_blocked, id=25472, stack(0x16160000,0x161b0000)]
  0x165c2c00 JavaThread "InvokeLaterDispatcher" daemon [_thread_blocked, id=16012, stack(0x1ba90000,0x1bae0000)]
=>0x165d4000 JavaThread "JavaFX Application Thread" [_thread_in_native, id=19736, stack(0x1bc20000,0x1bc70000)]
  0x16709400 JavaThread "JavaFX-Launcher" [_thread_blocked, id=13744, stack(0x20120000,0x20170000)]
  0x16784000 JavaThread "Thread-2" daemon [_thread_in_native, id=18840, stack(0x20090000,0x200e0000)]
  0x169af800 JavaThread "Prism Font Disposer" daemon [_thread_blocked, id=11000, stack(0x22500000,0x22550000)]
  0x16a23400 JavaThread "Cleaner-0" daemon [_thread_blocked, id=740, stack(0x22e90000,0x22ee0000)]

Other Threads:
  0x03200c00 VMThread "VM Thread" [stack: 0x030b0000,0x03100000] [id=15644]
  0x1572ac00 WatcherThread [stack: 0x15ed0000,0x15f20000] [id=9664]

Threads with active compile tasks:

VM state:not at safepoint (normal execution)

VM Mutex/Monitor currently owned by a thread: None

Heap:
 def new generation   total 12416K, used 2530K [0x05400000, 0x06170000, 0x0a950000)
  eden space 11072K,  22% used [0x05400000, 0x05678988, 0x05ed0000)
  from space 1344K,   0% used [0x05ed0000, 0x05ed0000, 0x06020000)
  to   space 1344K,   0% used [0x06020000, 0x06020000, 0x06170000)
 tenured generation   total 27480K, used 16487K [0x0a950000, 0x0c426000, 0x15400000)
   the space 27480K,  59% used [0x0a950000, 0x0b969c40, 0x0b969e00, 0x0c426000)
 Metaspace       used 14900K, capacity 15218K, committed 15232K, reserved 15744K

Card table byte_map: [0x02b20000,0x02bb0000] _byte_map_base: 0x02af6000

Polling page: 0x00e90000

Metaspace:

Usage:
   14.86 MB capacity,    14.55 MB ( 98%) used,   219.05 KB (  1%) free+waste,    98.71 KB ( <1%) overhead. 

Virtual space:
     15.38 MB reserved,      14.88 MB ( 97%) committed 

Chunk freelists:
14.00 KB

MaxMetaspaceSize: 4.00 GB
No class space
Initial GC threshold: 12.00 MB
Current GC threshold: 24.59 MB
CDS: off

CodeCache: size=32768Kb used=2095Kb max_used=2095Kb free=30672Kb
 bounds [0x03230000, 0x03440000, 0x05230000]
 total_blobs=1742 nmethods=1313 adapters=362
 compilation: enabled
              stopped_count=0, restarted_count=0
 full_count=0

Compilation events (20 events):
Event: 8.853 Thread 0x03227000 1303             com.sun.marlin.Helpers::outcode (70 bytes)
Event: 8.853 Thread 0x03227000 nmethod 1303 0x03438648 code [0x03438760, 0x034388d0]
Event: 8.930 Thread 0x03227000 1304             com.sun.javafx.event.EventHandlerManager::dispatchBubblingEvent (23 bytes)
Event: 8.930 Thread 0x03227000 nmethod 1304 0x034389c8 code [0x03438af0, 0x03438bd8]
Event: 8.930 Thread 0x03227000 1305             com.sun.javafx.event.EventHandlerManager::dispatchBubblingEvent (41 bytes)
Event: 8.930 Thread 0x03227000 nmethod 1305 0x03438cc8 code [0x03438e10, 0x03438f90]
Event: 9.379 Thread 0x03227000 1306             java.util.RegularEnumSet::isEmpty (15 bytes)
Event: 9.379 Thread 0x03227000 nmethod 1306 0x03439108 code [0x03439210, 0x034392c0]
Event: 9.379 Thread 0x03227000 1307             java.util.concurrent.locks.AbstractOwnableSynchronizer::setExclusiveOwnerThread (6 bytes)
Event: 9.379 Thread 0x03227000 nmethod 1307 0x03439308 code [0x03439410, 0x034394a0]
Event: 9.509 Thread 0x03227000 1309             jdk.internal.misc.VM::initLevel (4 bytes)
Event: 9.509 Thread 0x03227000 nmethod 1309 0x03439788 code [0x03439890, 0x03439910]
Event: 9.509 Thread 0x03227000 1310             jdk.internal.misc.VM::isModuleSystemInited (13 bytes)
Event: 9.510 Thread 0x03227000 nmethod 1310 0x03439948 code [0x03439a50, 0x03439ae0]
Event: 9.510 Thread 0x03227000 1311             java.lang.StringBuilder::append (8 bytes)
Event: 9.510 Thread 0x03227000 nmethod 1311 0x03439b48 code [0x03439c60, 0x03439cfc]
Event: 9.510 Thread 0x03227000 1312             java.lang.AbstractStringBuilder::append (55 bytes)
Event: 9.510 Thread 0x03227000 nmethod 1312 0x03439d48 code [0x03439e80, 0x03439fc0]
Event: 9.510 Thread 0x03227000 1313             sun.nio.cs.UTF_8$Encoder::encodeArrayLoop (489 bytes)
Event: 9.512 Thread 0x03227000 nmethod 1313 0x0343a088 code [0x0343a410, 0x0343b1c4]

GC Heap History (20 events):
Event: 0.492 GC heap before
{Heap before GC invocations=5 (full 0):
 def new generation   total 4928K, used 4826K [0x05400000, 0x05950000, 0x0a950000)
  eden space 4416K, 100% used [0x05400000, 0x05850000, 0x05850000)
  from space 512K,  80% used [0x058d0000, 0x05936a40, 0x05950000)
  to   space 512K,   0% used [0x05850000, 0x05850000, 0x058d0000)
 tenured generation   total 10944K, used 2505K [0x0a950000, 0x0b400000, 0x15400000)
   the space 10944K,  22% used [0x0a950000, 0x0abc2550, 0x0abc2600, 0x0b400000)
 Metaspace       used 8968K, capacity 9087K, committed 9088K, reserved 9600K
}
Event: 0.493 GC heap after
{Heap after GC invocations=6 (full 0):
 def new generation   total 4928K, used 512K [0x05400000, 0x05950000, 0x0a950000)
  eden space 4416K,   0% used [0x05400000, 0x05400000, 0x05850000)
  from space 512K, 100% used [0x05850000, 0x058d0000, 0x058d0000)
  to   space 512K,   0% used [0x058d0000, 0x058d0000, 0x05950000)
 tenured generation   total 10944K, used 2903K [0x0a950000, 0x0b400000, 0x15400000)
   the space 10944K,  26% used [0x0a950000, 0x0ac25f98, 0x0ac26000, 0x0b400000)
 Metaspace       used 8968K, capacity 9087K, committed 9088K, reserved 9600K
}
Event: 0.547 GC heap before
{Heap before GC invocations=6 (full 0):
 def new generation   total 4928K, used 4926K [0x05400000, 0x05950000, 0x0a950000)
  eden space 4416K,  99% used [0x05400000, 0x0584fac8, 0x05850000)
  from space 512K, 100% used [0x05850000, 0x058d0000, 0x058d0000)
  to   space 512K,   0% used [0x058d0000, 0x058d0000, 0x05950000)
 tenured generation   total 10944K, used 2903K [0x0a950000, 0x0b400000, 0x15400000)
   the space 10944K,  26% used [0x0a950000, 0x0ac25f98, 0x0ac26000, 0x0b400000)
 Metaspace       used 10614K, capacity 10768K, committed 10880K, reserved 11648K
}
Event: 0.549 GC heap after
{Heap after GC invocations=7 (full 0):
 def new generation   total 4928K, used 512K [0x05400000, 0x05950000, 0x0a950000)
  eden space 4416K,   0% used [0x05400000, 0x05400000, 0x05850000)
  from space 512K, 100% used [0x058d0000, 0x05950000, 0x05950000)
  to   space 512K,   0% used [0x05850000, 0x05850000, 0x058d0000)
 tenured generation   total 10944K, used 3899K [0x0a950000, 0x0b400000, 0x15400000)
   the space 10944K,  35% used [0x0a950000, 0x0ad1ece0, 0x0ad1ee00, 0x0b400000)
 Metaspace       used 10614K, capacity 10768K, committed 10880K, reserved 11648K
}
Event: 0.580 GC heap before
{Heap before GC invocations=7 (full 0):
 def new generation   total 4928K, used 4928K [0x05400000, 0x05950000, 0x0a950000)
  eden space 4416K, 100% used [0x05400000, 0x05850000, 0x05850000)
  from space 512K, 100% used [0x058d0000, 0x05950000, 0x05950000)
  to   space 512K,   0% used [0x05850000, 0x05850000, 0x058d0000)
 tenured generation   total 10944K, used 3899K [0x0a950000, 0x0b400000, 0x15400000)
   the space 10944K,  35% used [0x0a950000, 0x0ad1ece0, 0x0ad1ee00, 0x0b400000)
 Metaspace       used 11069K, capacity 11258K, committed 11264K, reserved 11648K
}
Event: 0.582 GC heap after
{Heap after GC invocations=8 (full 0):
 def new generation   total 4928K, used 511K [0x05400000, 0x05950000, 0x0a950000)
  eden space 4416K,   0% used [0x05400000, 0x05400000, 0x05850000)
  from space 512K,  99% used [0x05850000, 0x058cfff8, 0x058d0000)
  to   space 512K,   0% used [0x058d0000, 0x058d0000, 0x05950000)
 tenured generation   total 10944K, used 4999K [0x0a950000, 0x0b400000, 0x15400000)
   the space 10944K,  45% used [0x0a950000, 0x0ae31eb0, 0x0ae32000, 0x0b400000)
 Metaspace       used 11069K, capacity 11258K, committed 11264K, reserved 11648K
}
Event: 0.612 GC heap before
{Heap before GC invocations=8 (full 0):
 def new generation   total 4928K, used 3182K [0x05400000, 0x05950000, 0x0a950000)
  eden space 4416K,  60% used [0x05400000, 0x0569b900, 0x05850000)
  from space 512K,  99% used [0x05850000, 0x058cfff8, 0x058d0000)
  to   space 512K,   0% used [0x058d0000, 0x058d0000, 0x05950000)
 tenured generation   total 10944K, used 4999K [0x0a950000, 0x0b400000, 0x15400000)
   the space 10944K,  45% used [0x0a950000, 0x0ae31eb0, 0x0ae32000, 0x0b400000)
 Metaspace       used 11512K, capacity 11685K, committed 11776K, reserved 12672K
}
Event: 0.614 GC heap after
{Heap after GC invocations=9 (full 0):
 def new generation   total 4928K, used 159K [0x05400000, 0x05950000, 0x0a950000)
  eden space 4416K,   0% used [0x05400000, 0x05400000, 0x05850000)
  from space 512K,  31% used [0x058d0000, 0x058f7d80, 0x05950000)
  to   space 512K,   0% used [0x05850000, 0x05850000, 0x058d0000)
 tenured generation   total 10944K, used 6020K [0x0a950000, 0x0b400000, 0x15400000)
   the space 10944K,  55% used [0x0a950000, 0x0af31138, 0x0af31200, 0x0b400000)
 Metaspace       used 11512K, capacity 11685K, committed 11776K, reserved 12672K
}
Event: 0.633 GC heap before
{Heap before GC invocations=9 (full 0):
 def new generation   total 4928K, used 4501K [0x05400000, 0x05950000, 0x0a950000)
  eden space 4416K,  98% used [0x05400000, 0x0583d870, 0x05850000)
  from space 512K,  31% used [0x058d0000, 0x058f7d80, 0x05950000)
  to   space 512K,   0% used [0x05850000, 0x05850000, 0x058d0000)
 tenured generation   total 10944K, used 6020K [0x0a950000, 0x0b400000, 0x15400000)
   the space 10944K,  55% used [0x0a950000, 0x0af31138, 0x0af31200, 0x0b400000)
 Metaspace       used 11767K, capacity 11942K, committed 12032K, reserved 12672K
}
Event: 0.635 GC heap after
{Heap after GC invocations=10 (full 0):
 def new generation   total 4928K, used 300K [0x05400000, 0x05950000, 0x0a950000)
  eden space 4416K,   0% used [0x05400000, 0x05400000, 0x05850000)
  from space 512K,  58% used [0x05850000, 0x0589b200, 0x058d0000)
  to   space 512K,   0% used [0x058d0000, 0x058d0000, 0x05950000)
 tenured generation   total 10944K, used 8833K [0x0a950000, 0x0b400000, 0x15400000)
   the space 10944K,  80% used [0x0a950000, 0x0b1f07f8, 0x0b1f0800, 0x0b400000)
 Metaspace       used 11767K, capacity 11942K, committed 12032K, reserved 12672K
}
Event: 0.653 GC heap before
{Heap before GC invocations=10 (full 0):
 def new generation   total 4928K, used 2183K [0x05400000, 0x05950000, 0x0a950000)
  eden space 4416K,  42% used [0x05400000, 0x055d6a98, 0x05850000)
  from space 512K,  58% used [0x05850000, 0x0589b200, 0x058d0000)
  to   space 512K,   0% used [0x058d0000, 0x058d0000, 0x05950000)
 tenured generation   total 10944K, used 8833K [0x0a950000, 0x0b400000, 0x15400000)
   the space 10944K,  80% used [0x0a950000, 0x0b1f07f8, 0x0b1f0800, 0x0b400000)
 Metaspace       used 12087K, capacity 12264K, committed 12288K, reserved 12672K
}
Event: 0.660 GC heap after
{Heap after GC invocations=11 (full 1):
 def new generation   total 6912K, used 0K [0x05400000, 0x05b80000, 0x0a950000)
  eden space 6144K,   0% used [0x05400000, 0x05400000, 0x05a00000)
  from space 768K,   0% used [0x05a00000, 0x05a00000, 0x05ac0000)
  to   space 768K,   0% used [0x05ac0000, 0x05ac0000, 0x05b80000)
 tenured generation   total 15236K, used 9141K [0x0a950000, 0x0b831000, 0x15400000)
   the space 15236K,  59% used [0x0a950000, 0x0b23d588, 0x0b23d600, 0x0b831000)
 Metaspace       used 12087K, capacity 12264K, committed 12288K, reserved 12672K
}
Event: 0.762 GC heap before
{Heap before GC invocations=11 (full 1):
 def new generation   total 6912K, used 6144K [0x05400000, 0x05b80000, 0x0a950000)
  eden space 6144K, 100% used [0x05400000, 0x05a00000, 0x05a00000)
  from space 768K,   0% used [0x05a00000, 0x05a00000, 0x05ac0000)
  to   space 768K,   0% used [0x05ac0000, 0x05ac0000, 0x05b80000)
 tenured generation   total 15236K, used 9141K [0x0a950000, 0x0b831000, 0x15400000)
   the space 15236K,  59% used [0x0a950000, 0x0b23d588, 0x0b23d600, 0x0b831000)
 Metaspace       used 12793K, capacity 13011K, committed 13056K, reserved 13696K
}
Event: 0.764 GC heap after
{Heap after GC invocations=12 (full 1):
 def new generation   total 6912K, used 768K [0x05400000, 0x05b80000, 0x0a950000)
  eden space 6144K,   0% used [0x05400000, 0x05400000, 0x05a00000)
  from space 768K, 100% used [0x05ac0000, 0x05b80000, 0x05b80000)
  to   space 768K,   0% used [0x05a00000, 0x05a00000, 0x05ac0000)
 tenured generation   total 15236K, used 9155K [0x0a950000, 0x0b831000, 0x15400000)
   the space 15236K,  60% used [0x0a950000, 0x0b240c50, 0x0b240e00, 0x0b831000)
 Metaspace       used 12793K, capacity 13011K, committed 13056K, reserved 13696K
}
Event: 0.842 GC heap before
{Heap before GC invocations=12 (full 1):
 def new generation   total 6912K, used 6911K [0x05400000, 0x05b80000, 0x0a950000)
  eden space 6144K,  99% used [0x05400000, 0x059ffd08, 0x05a00000)
  from space 768K, 100% used [0x05ac0000, 0x05b80000, 0x05b80000)
  to   space 768K,   0% used [0x05a00000, 0x05a00000, 0x05ac0000)
 tenured generation   total 15236K, used 9155K [0x0a950000, 0x0b831000, 0x15400000)
   the space 15236K,  60% used [0x0a950000, 0x0b240c50, 0x0b240e00, 0x0b831000)
 Metaspace       used 13681K, capacity 13937K, committed 13952K, reserved 14720K
}
Event: 0.846 GC heap after
{Heap after GC invocations=13 (full 1):
 def new generation   total 6912K, used 696K [0x05400000, 0x05b80000, 0x0a950000)
  eden space 6144K,   0% used [0x05400000, 0x05400000, 0x05a00000)
  from space 768K,  90% used [0x05a00000, 0x05aae180, 0x05ac0000)
  to   space 768K,   0% used [0x05ac0000, 0x05ac0000, 0x05b80000)
 tenured generation   total 15236K, used 10938K [0x0a950000, 0x0b831000, 0x15400000)
   the space 15236K,  71% used [0x0a950000, 0x0b3feb40, 0x0b3fec00, 0x0b831000)
 Metaspace       used 13681K, capacity 13937K, committed 13952K, reserved 14720K
}
Event: 3.890 GC heap before
{Heap before GC invocations=13 (full 1):
 def new generation   total 6912K, used 6099K [0x05400000, 0x05b80000, 0x0a950000)
  eden space 6144K,  87% used [0x05400000, 0x05946cd8, 0x05a00000)
  from space 768K,  90% used [0x05a00000, 0x05aae180, 0x05ac0000)
  to   space 768K,   0% used [0x05ac0000, 0x05ac0000, 0x05b80000)
 tenured generation   total 15236K, used 10938K [0x0a950000, 0x0b831000, 0x15400000)
   the space 15236K,  71% used [0x0a950000, 0x0b3feb40, 0x0b3fec00, 0x0b831000)
 Metaspace       used 14108K, capacity 14363K, committed 14464K, reserved 14720K
}
Event: 3.893 GC heap after
{Heap after GC invocations=14 (full 1):
 def new generation   total 6912K, used 425K [0x05400000, 0x05b80000, 0x0a950000)
  eden space 6144K,   0% used [0x05400000, 0x05400000, 0x05a00000)
  from space 768K,  55% used [0x05ac0000, 0x05b2a728, 0x05b80000)
  to   space 768K,   0% used [0x05a00000, 0x05a00000, 0x05ac0000)
 tenured generation   total 15236K, used 13734K [0x0a950000, 0x0b831000, 0x15400000)
   the space 15236K,  90% used [0x0a950000, 0x0b6b9870, 0x0b6b9a00, 0x0b831000)
 Metaspace       used 14108K, capacity 14363K, committed 14464K, reserved 14720K
}
Event: 3.936 GC heap before
{Heap before GC invocations=14 (full 1):
 def new generation   total 6912K, used 6569K [0x05400000, 0x05b80000, 0x0a950000)
  eden space 6144K, 100% used [0x05400000, 0x05a00000, 0x05a00000)
  from space 768K,  55% used [0x05ac0000, 0x05b2a728, 0x05b80000)
  to   space 768K,   0% used [0x05a00000, 0x05a00000, 0x05ac0000)
 tenured generation   total 15236K, used 13734K [0x0a950000, 0x0b831000, 0x15400000)
   the space 15236K,  90% used [0x0a950000, 0x0b6b9870, 0x0b6b9a00, 0x0b831000)
 Metaspace       used 14685K, capacity 14994K, committed 15104K, reserved 15744K
}
Event: 3.948 GC heap after
{Heap after GC invocations=15 (full 2):
 def new generation   total 12416K, used 0K [0x05400000, 0x06170000, 0x0a950000)
  eden space 11072K,   0% used [0x05400000, 0x05400000, 0x05ed0000)
  from space 1344K,   0% used [0x05ed0000, 0x05ed0000, 0x06020000)
  to   space 1344K,   0% used [0x06020000, 0x06020000, 0x06170000)
 tenured generation   total 27480K, used 16487K [0x0a950000, 0x0c426000, 0x15400000)
   the space 27480K,  59% used [0x0a950000, 0x0b969c40, 0x0b969e00, 0x0c426000)
 Metaspace       used 14685K, capacity 14994K, committed 15104K, reserved 15744K
}

Deoptimization events (8 events):
Event: 0.720 Thread 0x165d4000 DEOPT PACKING pc=0x0335724f sp=0x1bc6ddb0
Event: 0.720 Thread 0x165d4000 DEOPT UNPACKING pc=0x0326c187 sp=0x1bc6dcd0 mode 3
Event: 0.724 Thread 0x165d4000 DEOPT PACKING pc=0x033859f1 sp=0x1bc6df30
Event: 0.724 Thread 0x165d4000 DEOPT UNPACKING pc=0x0326c187 sp=0x1bc6de54 mode 3
Event: 1.366 Thread 0x15d06c00 DEOPT PACKING pc=0x033d61bd sp=0x161aec10
Event: 1.366 Thread 0x15d06c00 DEOPT UNPACKING pc=0x0326c187 sp=0x161aeb3c mode 3
Event: 1.986 Thread 0x165d4000 DEOPT PACKING pc=0x033eda0c sp=0x1bc6d660
Event: 1.986 Thread 0x165d4000 DEOPT UNPACKING pc=0x0326c187 sp=0x1bc6d510 mode 3

Classes redefined (0 events):
No events

Internal exceptions (20 events):
Event: 0.512 Thread 0x165d4000 Exception <a 'sun/nio/fs/WindowsException'{0x05522398}> (0x05522398) thrown at [s\src\hotspot\share\prims\jni.cpp, line 617]
Event: 0.517 Thread 0x165d4000 Exception <a 'java/lang/ClassNotFoundException'{0x0553da18}: sun/util/logging/resources/spi/loggingProvider> (0x0553da18) thrown at [s\src\hotspot\share\classfile\systemDictionary.cpp, line 230]
Event: 0.538 Thread 0x165d4000 Exception <a 'java/lang/ClassNotFoundException'{0x057746e8}: com/sun/glass/ui/win/themes> (0x057746e8) thrown at [s\src\hotspot\share\prims\jni.cpp, line 638]
Event: 0.538 Thread 0x165d4000 Exception <a 'java/lang/ClassNotFoundException'{0x057786d8}: com/sun/glass/ui/win/themes_es> (0x057786d8) thrown at [s\src\hotspot\share\prims\jni.cpp, line 638]
Event: 0.538 Thread 0x165d4000 Exception <a 'java/lang/ClassNotFoundException'{0x057844f0}: com/sun/glass/ui/win/themes_es_MX> (0x057844f0) thrown at [s\src\hotspot\share\prims\jni.cpp, line 638]
Event: 0.578 Thread 0x165d4000 Exception <a 'java/lang/NoSuchMethodError'{0x05827008}: 'void java.lang.invoke.DirectMethodHandle$Holder.invokeStaticInit(java.lang.Object, java.lang.Object)'> (0x05827008) thrown at [s\src\hotspot\share\interpreter\linkResolver.cpp, line 773]
Event: 0.604 Thread 0x165d4000 Exception <a 'java/lang/NoSuchMethodError'{0x0560def0}: 'void java.lang.invoke.DirectMethodHandle$Holder.invokeSpecial(java.lang.Object, java.lang.Object, java.lang.Object, java.lang.Object, java.lang.Object)'> (0x0560def0) thrown at [s\src\hotspot\share\interpreter\linkResolver.cpp, line 773]
Event: 0.723 Thread 0x165d4000 Implicit null exception at 0x0338470c to 0x033859ec
Event: 0.750 Thread 0x165d4000 Exception <a 'java/lang/NoSuchMethodError'{0x05935678}: 'java.lang.Object java.lang.invoke.Invokers$Holder.linkToTargetMethod(java.lang.Object, int, java.lang.Object)'> (0x05935678) thrown at [s\src\hotspot\share\interpreter\linkResolver.cpp, line 773]
Event: 0.761 Thread 0x165d4000 Exception <a 'java/lang/NoSuchMethodError'{0x059ec788}: 'java.lang.Object java.lang.invoke.DirectMethodHandle$Holder.invokeInterface(java.lang.Object, java.lang.Object, java.lang.Object)'> (0x059ec788) thrown at [s\src\hotspot\share\interpreter\linkResolver.cpp, line 773]
Event: 0.761 Thread 0x165d4000 Exception <a 'java/lang/IncompatibleClassChangeError'{0x059ef548}: Found class java.lang.Object, but interface was expected> (0x059ef548) thrown at [s\src\hotspot\share\interpreter\linkResolver.cpp, line 839]
Event: 0.801 Thread 0x15d06c00 Exception <a 'java/lang/NoSuchMethodError'{0x0560a6a0}: 'int java.lang.invoke.DirectMethodHandle$Holder.invokeStaticInit(java.lang.Object, java.lang.Object)'> (0x0560a6a0) thrown at [s\src\hotspot\share\interpreter\linkResolver.cpp, line 773]
Event: 1.748 Thread 0x165d4000 Exception <a 'java/lang/NoSuchMethodError'{0x05553b50}: 'long java.lang.invoke.DirectMethodHandle$Holder.invokeStaticInit(java.lang.Object, java.lang.Object, java.lang.Object)'> (0x05553b50) thrown at [s\src\hotspot\share\interpreter\linkResolver.cpp, line 773]
Event: 1.749 Thread 0x165d4000 Exception <a 'java/lang/NoSuchMethodError'{0x0556a500}: 'java.lang.Object java.lang.invoke.DirectMethodHandle$Holder.invokeStatic(java.lang.Object, java.lang.Object, long)'> (0x0556a500) thrown at [s\src\hotspot\share\interpreter\linkResolver.cpp, line 773]
Event: 1.749 Thread 0x165d4000 Exception <a 'java/lang/NoSuchMethodError'{0x0556ff50}: 'java.lang.Object java.lang.invoke.Invokers$Holder.linkToTargetMethod(java.lang.Object, long, java.lang.Object)'> (0x0556ff50) thrown at [s\src\hotspot\share\interpreter\linkResolver.cpp, line 773]
Event: 3.916 Thread 0x165d4000 Exception <a 'java/lang/ClassNotFoundException'{0x05751a20}: com/sun/javafx/scene/control/skin/resources/controls> (0x05751a20) thrown at [s\src\hotspot\share\prims\jni.cpp, line 638]
Event: 3.916 Thread 0x165d4000 Exception <a 'java/lang/ClassNotFoundException'{0x0575f580}: com/sun/javafx/scene/control/skin/resources/controls_es> (0x0575f580) thrown at [s\src\hotspot\share\prims\jni.cpp, line 638]
Event: 3.916 Thread 0x165d4000 Exception <a 'java/lang/ClassNotFoundException'{0x0576ce30}: com/sun/javafx/scene/control/skin/resources/controls_es_MX> (0x0576ce30) thrown at [s\src\hotspot\share\prims\jni.cpp, line 638]
Event: 3.929 Thread 0x165d4000 Exception <a 'java/lang/NoSuchMethodError'{0x058c6ad0}: 'void java.lang.invoke.DirectMethodHandle$Holder.invokeSpecial(java.lang.Object, java.lang.Object, java.lang.Object, java.lang.Object, java.lang.Object, java.lang.Object)'> (0x058c6ad0) thrown at [s\src\hotspot\share\interpreter\linkResolver.cpp, line 773]
Event: 9.509 Thread 0x165d4000 Exception <a 'java/lang/IllegalArgumentException'{0x0565bb00}> (0x0565bb00) thrown at [s\src\hotspot\share\prims\jvm.cpp, line 1310]

Events (20 events):
Event: 9.475 loading class javafx/application/Application
Event: 9.475 loading class javafx/application/Application done
Event: 9.475 loading class javafx/application/Application
Event: 9.475 loading class javafx/application/Application done
Event: 9.507 loading class com/sun/javafx/tk/quantum/GlassScene
Event: 9.507 loading class com/sun/javafx/tk/quantum/GlassScene done
Event: 9.507 loading class com/sun/javafx/tk/quantum/WindowStage
Event: 9.507 loading class com/sun/javafx/tk/quantum/WindowStage done
Event: 9.507 loading class com/sun/prism/GraphicsResource
Event: 9.507 loading class com/sun/prism/GraphicsResource done
Event: 9.507 loading class com/sun/prism/GraphicsResource
Event: 9.507 loading class com/sun/prism/GraphicsResource done
Event: 9.507 loading class com/sun/javafx/tk/quantum/ViewScene
Event: 9.507 loading class com/sun/javafx/tk/quantum/ViewScene done
Event: 9.508 loading class com/sun/javafx/tk/quantum/WindowStage
Event: 9.508 loading class com/sun/javafx/tk/quantum/WindowStage done
Event: 9.509 loading class java/lang/Throwable$WrappedPrintStream
Event: 9.509 loading class java/lang/Throwable$PrintStreamOrWriter
Event: 9.509 loading class java/lang/Throwable$PrintStreamOrWriter done
Event: 9.509 loading class java/lang/Throwable$WrappedPrintStream done


Dynamic libraries:
0x00ec0000 - 0x00ecc000 	C:\Program Files (x86)\Eclipse Adoptium\jdk-11.0.21.9-hotspot\bin\java.exe
0x77040000 - 0x771f1000 	C:\Windows\SYSTEM32\ntdll.dll
0x76c70000 - 0x76d60000 	C:\Windows\System32\KERNEL32.DLL
0x769f0000 - 0x76c64000 	C:\Windows\System32\KERNELBASE.dll
0x73170000 - 0x73216000 	C:\Windows\SYSTEM32\apphelp.dll
0x759b0000 - 0x75ac2000 	C:\Windows\System32\ucrtbase.dll
0x6d5e0000 - 0x6d5f5000 	C:\Program Files (x86)\Eclipse Adoptium\jdk-11.0.21.9-hotspot\bin\jli.dll
0x6d600000 - 0x6d613000 	C:\Program Files (x86)\Eclipse Adoptium\jdk-11.0.21.9-hotspot\bin\VCRUNTIME140.dll
0x74d80000 - 0x74f28000 	C:\Windows\System32\USER32.dll
0x76360000 - 0x7637a000 	C:\Windows\System32\win32u.dll
0x750a0000 - 0x750c3000 	C:\Windows\System32\GDI32.dll
0x73640000 - 0x73868000 	C:\Windows\WinSxS\x86_microsoft.windows.common-controls_6595b64144ccf1df_6.0.22621.2506_none_6eb991c088050a06\COMCTL32.dll
0x763f0000 - 0x764d2000 	C:\Windows\System32\gdi32full.dll
0x76790000 - 0x76854000 	C:\Windows\System32\msvcrt.dll
0x76f50000 - 0x76fc9000 	C:\Windows\System32\msvcp_win.dll
0x76320000 - 0x76345000 	C:\Windows\System32\IMM32.DLL
0x6d570000 - 0x6d5df000 	C:\Program Files (x86)\Eclipse Adoptium\jdk-11.0.21.9-hotspot\bin\msvcp140.dll
0x6d090000 - 0x6d56b000 	C:\Program Files (x86)\Eclipse Adoptium\jdk-11.0.21.9-hotspot\bin\client\jvm.dll
0x76d60000 - 0x76ddf000 	C:\Windows\System32\ADVAPI32.dll
0x76900000 - 0x76985000 	C:\Windows\System32\sechost.dll
0x751f0000 - 0x7520a000 	C:\Windows\System32\bcrypt.dll
0x764e0000 - 0x7659a000 	C:\Windows\System32\RPCRT4.dll
0x759a0000 - 0x759a6000 	C:\Windows\System32\PSAPI.DLL
0x734d0000 - 0x734d8000 	C:\Windows\SYSTEM32\WSOCK32.dll
0x74310000 - 0x74318000 	C:\Windows\SYSTEM32\VERSION.dll
0x6d050000 - 0x6d081000 	C:\Windows\SYSTEM32\WINMM.dll
0x76fd0000 - 0x7702f000 	C:\Windows\System32\WS2_32.dll
0x744d0000 - 0x744e3000 	C:\Windows\SYSTEM32\kernel.appcore.dll
0x6d040000 - 0x6d04d000 	C:\Program Files (x86)\Eclipse Adoptium\jdk-11.0.21.9-hotspot\bin\verify.dll
0x6ce60000 - 0x6d036000 	C:\Windows\SYSTEM32\DBGHELP.DLL
0x75f90000 - 0x7620d000 	C:\Windows\System32\combase.dll
0x765a0000 - 0x7663c000 	C:\Windows\System32\OLEAUT32.dll
0x6ce30000 - 0x6ce59000 	C:\Windows\SYSTEM32\dbgcore.DLL
0x76380000 - 0x763e2000 	C:\Windows\System32\bcryptPrimitives.dll
0x6ce00000 - 0x6ce22000 	C:\Program Files (x86)\Eclipse Adoptium\jdk-11.0.21.9-hotspot\bin\java.dll
0x6cdf0000 - 0x6cdf9000 	C:\Program Files (x86)\Eclipse Adoptium\jdk-11.0.21.9-hotspot\bin\jimage.dll
0x74300000 - 0x7430d000 	C:\Program Files (x86)\Eclipse Adoptium\jdk-11.0.21.9-hotspot\bin\instrument.dll
0x6cdd0000 - 0x6cde6000 	C:\Program Files (x86)\Eclipse Adoptium\jdk-11.0.21.9-hotspot\bin\zip.dll
0x75270000 - 0x75908000 	C:\Windows\System32\SHELL32.dll
0x745c0000 - 0x74cac000 	C:\Windows\SYSTEM32\windows.storage.dll
0x744f0000 - 0x745b7000 	C:\Windows\SYSTEM32\wintypes.dll
0x74cb0000 - 0x74d71000 	C:\Windows\System32\SHCORE.dll
0x750e0000 - 0x7512b000 	C:\Windows\System32\shlwapi.dll
0x74360000 - 0x7437d000 	C:\Windows\SYSTEM32\profapi.dll
0x6cdb0000 - 0x6cdc4000 	C:\Program Files (x86)\Eclipse Adoptium\jdk-11.0.21.9-hotspot\bin\net.dll
0x72080000 - 0x7215d000 	C:\Windows\SYSTEM32\WINHTTP.dll
0x71db0000 - 0x71e01000 	C:\Windows\system32\mswsock.dll
0x6cda0000 - 0x6cdaf000 	C:\Program Files (x86)\Eclipse Adoptium\jdk-11.0.21.9-hotspot\bin\nio.dll
0x742c0000 - 0x742d6000 	C:\Program Files\JetBrains\IntelliJ IDEA 2023.3.2\bin\breakgen.dll
0x742f0000 - 0x742f3000 	C:\Users\yara2\.openjfx\cache\17.0.6\api-ms-win-core-console-l1-1-0.dll
0x73cd0000 - 0x73cd3000 	C:\Users\yara2\.openjfx\cache\17.0.6\api-ms-win-core-console-l1-2-0.dll
0x73ba0000 - 0x73ba3000 	C:\Users\yara2\.openjfx\cache\17.0.6\api-ms-win-core-datetime-l1-1-0.dll
0x73b90000 - 0x73b93000 	C:\Users\yara2\.openjfx\cache\17.0.6\api-ms-win-core-debug-l1-1-0.dll
0x73b80000 - 0x73b83000 	C:\Users\yara2\.openjfx\cache\17.0.6\api-ms-win-core-errorhandling-l1-1-0.dll
0x73b70000 - 0x73b74000 	C:\Users\yara2\.openjfx\cache\17.0.6\api-ms-win-core-file-l1-1-0.dll
0x73b60000 - 0x73b63000 	C:\Users\yara2\.openjfx\cache\17.0.6\api-ms-win-core-file-l1-2-0.dll
0x73b50000 - 0x73b53000 	C:\Users\yara2\.openjfx\cache\17.0.6\api-ms-win-core-file-l2-1-0.dll
0x73b40000 - 0x73b43000 	C:\Users\yara2\.openjfx\cache\17.0.6\api-ms-win-core-handle-l1-1-0.dll
0x73b30000 - 0x73b33000 	C:\Users\yara2\.openjfx\cache\17.0.6\api-ms-win-core-heap-l1-1-0.dll
0x73b20000 - 0x73b23000 	C:\Users\yara2\.openjfx\cache\17.0.6\api-ms-win-core-interlocked-l1-1-0.dll
0x73b00000 - 0x73b03000 	C:\Users\yara2\.openjfx\cache\17.0.6\api-ms-win-core-libraryloader-l1-1-0.dll
0x73ae0000 - 0x73ae3000 	C:\Users\yara2\.openjfx\cache\17.0.6\api-ms-win-core-localization-l1-2-0.dll
0x73ad0000 - 0x73ad3000 	C:\Users\yara2\.openjfx\cache\17.0.6\api-ms-win-core-memory-l1-1-0.dll
0x73ac0000 - 0x73ac3000 	C:\Users\yara2\.openjfx\cache\17.0.6\api-ms-win-core-namedpipe-l1-1-0.dll
0x73ab0000 - 0x73ab3000 	C:\Users\yara2\.openjfx\cache\17.0.6\api-ms-win-core-processenvironment-l1-1-0.dll
0x73aa0000 - 0x73aa3000 	C:\Users\yara2\.openjfx\cache\17.0.6\api-ms-win-core-processthreads-l1-1-0.dll
0x73a90000 - 0x73a93000 	C:\Users\yara2\.openjfx\cache\17.0.6\api-ms-win-core-processthreads-l1-1-1.dll
0x73a80000 - 0x73a83000 	C:\Users\yara2\.openjfx\cache\17.0.6\api-ms-win-core-profile-l1-1-0.dll
0x73a70000 - 0x73a73000 	C:\Users\yara2\.openjfx\cache\17.0.6\api-ms-win-core-rtlsupport-l1-1-0.dll
0x73a60000 - 0x73a63000 	C:\Users\yara2\.openjfx\cache\17.0.6\api-ms-win-core-string-l1-1-0.dll
0x73a50000 - 0x73a53000 	C:\Users\yara2\.openjfx\cache\17.0.6\api-ms-win-core-synch-l1-1-0.dll
0x73a40000 - 0x73a43000 	C:\Users\yara2\.openjfx\cache\17.0.6\api-ms-win-core-synch-l1-2-0.dll
0x73a30000 - 0x73a33000 	C:\Users\yara2\.openjfx\cache\17.0.6\api-ms-win-core-sysinfo-l1-1-0.dll
0x73a20000 - 0x73a23000 	C:\Users\yara2\.openjfx\cache\17.0.6\api-ms-win-core-timezone-l1-1-0.dll
0x73a10000 - 0x73a13000 	C:\Users\yara2\.openjfx\cache\17.0.6\api-ms-win-core-util-l1-1-0.dll
0x73a00000 - 0x73a03000 	C:\Users\yara2\.openjfx\cache\17.0.6\api-ms-win-crt-conio-l1-1-0.dll
0x739f0000 - 0x739f4000 	C:\Users\yara2\.openjfx\cache\17.0.6\api-ms-win-crt-convert-l1-1-0.dll
0x739e0000 - 0x739e3000 	C:\Users\yara2\.openjfx\cache\17.0.6\api-ms-win-crt-environment-l1-1-0.dll
0x739d0000 - 0x739d3000 	C:\Users\yara2\.openjfx\cache\17.0.6\api-ms-win-crt-filesystem-l1-1-0.dll
0x739c0000 - 0x739c3000 	C:\Users\yara2\.openjfx\cache\17.0.6\api-ms-win-crt-heap-l1-1-0.dll
0x739b0000 - 0x739b3000 	C:\Users\yara2\.openjfx\cache\17.0.6\api-ms-win-crt-locale-l1-1-0.dll
0x739a0000 - 0x739a5000 	C:\Users\yara2\.openjfx\cache\17.0.6\api-ms-win-crt-math-l1-1-0.dll
0x73990000 - 0x73995000 	C:\Users\yara2\.openjfx\cache\17.0.6\api-ms-win-crt-multibyte-l1-1-0.dll
0x73980000 - 0x73990000 	C:\Users\yara2\.openjfx\cache\17.0.6\api-ms-win-crt-private-l1-1-0.dll
0x73970000 - 0x73973000 	C:\Users\yara2\.openjfx\cache\17.0.6\api-ms-win-crt-process-l1-1-0.dll
0x73960000 - 0x73964000 	C:\Users\yara2\.openjfx\cache\17.0.6\api-ms-win-crt-runtime-l1-1-0.dll
0x73950000 - 0x73954000 	C:\Users\yara2\.openjfx\cache\17.0.6\api-ms-win-crt-stdio-l1-1-0.dll
0x73940000 - 0x73944000 	C:\Users\yara2\.openjfx\cache\17.0.6\api-ms-win-crt-string-l1-1-0.dll
0x73930000 - 0x73933000 	C:\Users\yara2\.openjfx\cache\17.0.6\api-ms-win-crt-time-l1-1-0.dll
0x73920000 - 0x73923000 	C:\Users\yara2\.openjfx\cache\17.0.6\api-ms-win-crt-utility-l1-1-0.dll
0x6cc20000 - 0x6cd43000 	C:\Users\yara2\.openjfx\cache\17.0.6\ucrtbase.dll
0x73900000 - 0x73914000 	C:\Users\yara2\.openjfx\cache\17.0.6\vcruntime140.dll
0x73890000 - 0x738fd000 	C:\Users\yara2\.openjfx\cache\17.0.6\msvcp140.dll
0x73880000 - 0x73887000 	C:\Users\yara2\.openjfx\cache\17.0.6\msvcp140_1.dll
0x732d0000 - 0x732f9000 	C:\Users\yara2\.openjfx\cache\17.0.6\msvcp140_2.dll
0x732a0000 - 0x732c6000 	C:\Users\yara2\.openjfx\cache\17.0.6\prism_d3d.dll
0x6caa0000 - 0x6cc11000 	C:\Windows\system32\d3d9.dll
0x71e10000 - 0x71e34000 	C:\Windows\SYSTEM32\dwmapi.dll
0x73270000 - 0x7329e000 	C:\Windows\SYSTEM32\dxcore.dll
0x73d00000 - 0x73d7f000 	C:\Windows\system32\uxtheme.dll
0x6ca10000 - 0x6caa0000 	C:\Windows\SYSTEM32\d3d9on12.dll
0x6c940000 - 0x6ca0a000 	C:\Windows\SYSTEM32\dxgi.dll
0x6c920000 - 0x6c93e000 	C:\Windows\SYSTEM32\d3d12.dll
0x74320000 - 0x7435d000 	C:\Windows\SYSTEM32\cfgmgr32.dll
0x6c770000 - 0x6c920000 	C:\Windows\SYSTEM32\D3D12Core.dll
0x6c750000 - 0x6c76c000 	C:\Windows\System32\DriverStore\FileRepository\iigd_dch.inf_amd64_c73cfa60d516cb00\igd12umd32.dll
0x6b960000 - 0x6c74c000 	C:\Windows\System32\DriverStore\FileRepository\iigd_dch.inf_amd64_c73cfa60d516cb00\igd12um32xel.dll
0x76210000 - 0x76313000 	C:\Windows\System32\CRYPT32.dll
0x76640000 - 0x76790000 	C:\Windows\System32\ole32.dll
0x6b930000 - 0x6b95e000 	C:\Windows\SYSTEM32\ControlLib32.dll
0x75ad0000 - 0x75f0d000 	C:\Windows\System32\SETUPAPI.dll
0x6b900000 - 0x6b924000 	C:\Windows\SYSTEM32\DEVOBJ.dll
0x6b890000 - 0x6b8f4000 	C:\Windows\System32\DriverStore\FileRepository\iigd_dch.inf_amd64_c73cfa60d516cb00\IntelControlLib32.dll
0x75210000 - 0x75268000 	C:\Windows\System32\WINTRUST.dll
0x6d950000 - 0x6d95e000 	C:\Windows\SYSTEM32\MSASN1.dll
0x6b850000 - 0x6b88c000 	C:\Windows\SYSTEM32\directxdatabasehelper.dll
0x6b520000 - 0x6b84c000 	C:\Windows\System32\DriverStore\FileRepository\iigd_dch.inf_amd64_c73cfa60d516cb00\igdgmm32.dll
0x67730000 - 0x6b51d000 	C:\Windows\System32\DriverStore\FileRepository\iigd_dch.inf_amd64_c73cfa60d516cb00\igc32.dll
0x67700000 - 0x67721000 	C:\Windows\SYSTEM32\D3DSCache.dll
0x73530000 - 0x73554000 	C:\Windows\SYSTEM32\USERENV.dll
0x64050000 - 0x67700000 	C:\Windows\System32\DriverStore\FileRepository\iigd_dch.inf_amd64_c73cfa60d516cb00\igd12dxva32.dll
0x64030000 - 0x6404e000 	C:\Windows\System32\DriverStore\FileRepository\iigd_dch.inf_amd64_c73cfa60d516cb00\igdinfo32.dll
0x71e40000 - 0x7202c000 	C:\Windows\SYSTEM32\twinapi.appcore.dll
0x63ff0000 - 0x64027000 	C:\Users\yara2\.openjfx\cache\17.0.6\glass.dll
0x75130000 - 0x751e1000 	C:\Windows\System32\COMDLG32.dll
0x76de0000 - 0x76ede000 	C:\Windows\System32\MSCTF.dll
0x63fd0000 - 0x63fe1000 	C:\Users\yara2\.openjfx\cache\17.0.6\javafx_font.dll
0x63fa0000 - 0x63fc5000 	C:\Users\yara2\.openjfx\cache\17.0.6\javafx_iio.dll

dbghelp: loaded successfully - version: 4.0.5 - missing functions: none
symbol engine: initialized successfully - sym options: 0x614 - pdb path: .;C:\Program Files (x86)\Eclipse Adoptium\jdk-11.0.21.9-hotspot\bin;C:\Windows\SYSTEM32;C:\Windows\WinSxS\x86_microsoft.windows.common-controls_6595b64144ccf1df_6.0.22621.2506_none_6eb991c088050a06;C:\Program Files (x86)\Eclipse Adoptium\jdk-11.0.21.9-hotspot\bin\client;C:\Program Files\JetBrains\IntelliJ IDEA 2023.3.2\bin;C:\Users\yara2\.openjfx\cache\17.0.6;C:\Windows\System32\DriverStore\FileRepository\iigd_dch.inf_amd64_c73cfa60d516cb00;C:\Program Files (x86)\Common Files\Microsoft Shared\Ink

VM Arguments:
jvm_args: -javaagent:C:\Program Files\JetBrains\IntelliJ IDEA 2023.3.2\lib\idea_rt.jar=64478:C:\Program Files\JetBrains\IntelliJ IDEA 2023.3.2\bin -Dfile.encoding=UTF-8 --module-path=C:\Users\yara2\IdeaProjects\RentaPeliculas\target\classes;C:\Users\yara2\.m2\repository\org\openjfx\javafx-fxml\17.0.6\javafx-fxml-17.0.6-win-x86.jar;C:\Users\yara2\.m2\repository\org\openjfx\javafx-controls\17.0.6\javafx-controls-17.0.6-win-x86.jar;C:\Users\yara2\.m2\repository\com\gluonhq\attach\util\4.0.19\util-4.0.19.jar;C:\Users\yara2\.m2\repository\com\gluonhq\attach\display\4.0.19\display-4.0.19.jar;C:\Users\yara2\.m2\repository\org\openjfx\javafx-base\17.0.6\javafx-base-17.0.6-win-x86.jar;C:\Users\yara2\.m2\repository\org\kordamp\bootstrapfx\bootstrapfx-core\0.4.0\bootstrapfx-core-0.4.0.jar;C:\Users\yara2\.m2\repository\com\gluonhq\charm-glisten\6.2.3\charm-glisten-6.2.3.jar;C:\Users\yara2\.m2\repository\org\openjfx\javafx-graphics\17.0.6\javafx-graphics-17.0.6-win-x86.jar;C:\Users\yara2\.m2\repository\com\gluonhq\attach\lifecycle\4.0.19\lifecycle-4.0.19.jar -Djdk.module.main=com.yaravazquez.rentapeliculas 
java_command: com.yaravazquez.rentapeliculas/com.yaravazquez.rentapeliculas.App
java_class_path (initial): C:\Users\yara2\.m2\repository\org\openjfx\javafx-controls\17.0.6\javafx-controls-17.0.6.jar;C:\Users\yara2\.m2\repository\org\openjfx\javafx-graphics\17.0.6\javafx-graphics-17.0.6.jar;C:\Users\yara2\.m2\repository\org\openjfx\javafx-base\17.0.6\javafx-base-17.0.6.jar;C:\Users\yara2\.m2\repository\org\openjfx\javafx-fxml\17.0.6\javafx-fxml-17.0.6.jar
Launcher Type: SUN_STANDARD

[Global flags]
   size_t InitialHeapSize                          = 16777216                                  {product} {ergonomic}
   size_t MaxHeapSize                              = 268435456                                 {product} {ergonomic}
   size_t MaxNewSize                               = 89456640                                  {product} {ergonomic}
   size_t MinHeapDeltaBytes                        = 131072                                    {product} {ergonomic}
   size_t NewSize                                  = 5570560                                   {product} {ergonomic}
    uintx NonProfiledCodeHeapSize                  = 0                                      {pd product} {ergonomic}
   size_t OldSize                                  = 11206656                                  {product} {ergonomic}
    uintx ProfiledCodeHeapSize                     = 0                                      {pd product} {ergonomic}
     bool ThreadLocalHandshakes                    = false                                  {pd product} {ergonomic}
     bool UseLargePagesIndividualAllocation        = false                                  {pd product} {ergonomic}
     bool UseSerialGC                              = true                                      {product} {ergonomic}

Logging:
Log output configuration:
 #0: stdout all=warning uptime,level,tags
 #1: stderr all=off uptime,level,tags

Environment Variables:
PATH=C:\Program Files (x86)\Eclipse Adoptium\jdk-11.0.21.9-hotspot\bin;C:\Program Files (x86)\Eclipse Adoptium\jre-11.0.21.9-hotspot\bin;C:\Program Files (x86)\Common Files\Oracle\Java\javapath;C:\Windows\system32;C:\Windows;C:\Windows\System32\Wbem;C:\Windows\System32\WindowsPowerShell\v1.0\;C:\Windows\System32\OpenSSH\;C:\Program Files\Git\cmd;C:\Users\yara2\AppData\Local\Microsoft\WindowsApps;C:\Users\yara2\AppData\Local\Programs\Microsoft VS Code\bin;C:\Users\yara2\AppData\Local\GitHubDesktop\bin
USERNAME=yara2
OS=Windows_NT
PROCESSOR_IDENTIFIER=Intel64 Family 6 Model 186 Stepping 3, GenuineIntel
TMP=C:\Users\yara2\AppData\Local\Temp
TEMP=C:\Users\yara2\AppData\Local\Temp



---------------  S Y S T E M  ---------------

OS: Windows 11 , 64 bit Build 22621 (10.0.22621.3085)
OS uptime: 11 days 21:55 hours
Hyper-V role detected

CPU:total 12 (initial active 12) (6 cores per cpu, 2 threads per core) family 6 model 186 stepping 3 microcode 0x410e, cmov, cx8, fxsr, mmx, sse, sse2, sse3, ssse3, sse4.1, sse4.2, popcnt, avx, avx2, aes, clmul, erms, 3dnowpref, lzcnt, ht, tsc, tscinvbit, bmi1, bmi2, adx, sha, fma

Memory: 4k page, system-wide physical 16071M (6290M free)
TotalPageFile size 18503M (AvailPageFile size 7554M), user-mode portion of virtual address-space 2047M (1208M free)
current process WorkingSet (physical memory assigned to process): 236M, peak: 238M
current process commit charge ("private bytes"): 250M, peak: 250M

vm_info: OpenJDK Client VM (11.0.21+9) for windows-x86 JRE (11.0.21+9), built on Oct 17 2023 17:27:10 by "" with MS VC++ 15.9 (VS2017)

END.
