#
# A fatal error has been detected by the Java Runtime Environment:
#
#  EXCEPTION_ACCESS_VIOLATION (0xc0000005) at pc=0x5fd56c62, pid=4524, tid=20188
#
# JRE version: OpenJDK Runtime Environment Temurin-11.0.21+9 (11.0.21+9) (build 11.0.21+9)
# Java VM: OpenJDK Client VM Temurin-11.0.21+9 (11.0.21+9, mixed mode, serial gc, windows-x86)
# Problematic frame:
# C  [glass.dll+0x16c62]
#
# No core dump will be written. Minidumps are not enabled by default on client versions of Windows
#
# If you would like to submit a bug report, please visit:
#   https://github.com/adoptium/adoptium-support/issues
# The crash happened outside the Java Virtual Machine in native code.
# See problematic frame for where to report the bug.
#

---------------  S U M M A R Y ------------

Command Line: -javaagent:C:\Program Files\JetBrains\IntelliJ IDEA 2023.3.2\lib\idea_rt.jar=62661:C:\Program Files\JetBrains\IntelliJ IDEA 2023.3.2\bin -Dfile.encoding=UTF-8 --module-path=C:\Users\yara2\.m2\repository\org\openjfx\javafx-graphics\17.0.6\javafx-graphics-17.0.6-win-x86.jar;C:\Users\yara2\.m2\repository\com\gluonhq\charm-glisten\6.2.3\charm-glisten-6.2.3.jar;C:\Users\yara2\.m2\repository\org\openjfx\javafx-base\17.0.6\javafx-base-17.0.6-win-x86.jar;C:\Users\yara2\.m2\repository\com\gluonhq\attach\lifecycle\4.0.19\lifecycle-4.0.19.jar;C:\Users\yara2\.m2\repository\org\openjfx\javafx-fxml\17.0.6\javafx-fxml-17.0.6-win-x86.jar;C:\Users\yara2\.m2\repository\org\openjfx\javafx-controls\17.0.6\javafx-controls-17.0.6-win-x86.jar;C:\Users\yara2\.m2\repository\com\gluonhq\attach\util\4.0.19\util-4.0.19.jar;C:\Users\yara2\.m2\repository\org\kordamp\bootstrapfx\bootstrapfx-core\0.4.0\bootstrapfx-core-0.4.0.jar;C:\Users\yara2\.m2\repository\com\gluonhq\attach\display\4.0.19\display-4.0.19.jar;C:\Users\yara2\IdeaProjects\RentaPeliculas\target\classes -Djdk.module.main=com.yaravazquez.rentapeliculas com.yaravazquez.rentapeliculas/com.yaravazquez.rentapeliculas.App

Host: 13th Gen Intel(R) Core(TM) i7-1355U, 12 cores, 15G,  Windows 11 , 64 bit Build 22621 (10.0.22621.3085)
Time: Mon Feb 26 21:42:24 2024 Hora estándar central (México) elapsed time: 14.810144 seconds (0d 0h 0m 14s)

---------------  T H R E A D  ---------------

Current thread (0x169b6c00):  JavaThread "JavaFX Application Thread" [_thread_in_native, id=20188, stack(0x1c150000,0x1c1a0000)]

Stack: [0x1c150000,0x1c1a0000],  sp=0x1c19ea0c,  free space=314k
Native frames: (J=compiled Java code, A=aot compiled Java code, j=interpreted, Vv=VM code, C=native code)
C  [glass.dll+0x16c62]

Java frames: (J=compiled Java code, j=interpreted, Vv=VM code)
j  com.sun.glass.ui.win.WinWindow._close(J)Z+0 javafx.graphics
j  com.sun.glass.ui.Window.close()V+63 javafx.graphics
j  com.sun.glass.ui.win.WinWindow.close()V+8 javafx.graphics
j  com.sun.glass.ui.Application.terminate()V+75 javafx.graphics
j  com.sun.javafx.tk.quantum.QuantumToolkit.lambda$exit$13()Ljava/lang/Object;+5 javafx.graphics
j  com.sun.javafx.tk.quantum.QuantumToolkit$$Lambda$465.get()Ljava/lang/Object;+0 javafx.graphics
j  com.sun.javafx.tk.quantum.QuantumToolkit.runWithRenderLock(Ljava/util/function/Supplier;)Ljava/lang/Object;+7 javafx.graphics
j  com.sun.javafx.tk.quantum.QuantumToolkit.exit()V+26 javafx.graphics
j  com.sun.javafx.application.PlatformImpl.lambda$tkExit$16()V+3 javafx.graphics
j  com.sun.javafx.application.PlatformImpl$$Lambda$464.run()V+0 javafx.graphics
j  com.sun.javafx.application.PlatformImpl.lambda$runAndWait$12(Ljava/lang/Runnable;Ljava/util/concurrent/CountDownLatch;)V+1 javafx.graphics
j  com.sun.javafx.application.PlatformImpl$$Lambda$86.run()V+8 javafx.graphics
j  com.sun.javafx.application.PlatformImpl.lambda$runLater$10(Ljava/lang/Runnable;)Ljava/lang/Void;+1 javafx.graphics
j  com.sun.javafx.application.PlatformImpl$$Lambda$89.run()Ljava/lang/Object;+4 javafx.graphics
v  ~StubRoutines::call_stub
J 1348  java.security.AccessController.doPrivileged(Ljava/security/PrivilegedAction;Ljava/security/AccessControlContext;)Ljava/lang/Object; java.base@11.0.21 (0 bytes) @ 0x03916fc7 [0x03916f60+0x00000067]
j  com.sun.javafx.application.PlatformImpl.lambda$runLater$11(Ljava/lang/Runnable;Ljava/security/AccessControlContext;)V+7 javafx.graphics
j  com.sun.javafx.application.PlatformImpl$$Lambda$88.run()V+8 javafx.graphics
j  com.sun.glass.ui.InvokeLaterDispatcher$Future.run()V+4 javafx.graphics
v  ~StubRoutines::call_stub
j  com.sun.glass.ui.win.WinApplication._runLoop(Ljava/lang/Runnable;)V+0 javafx.graphics
j  com.sun.glass.ui.win.WinApplication.lambda$runLoop$3(ILjava/lang/Runnable;)V+8 javafx.graphics
j  com.sun.glass.ui.win.WinApplication$$Lambda$77.run()V+12 javafx.graphics
j  java.lang.Thread.run()V+11 java.base@11.0.21
v  ~StubRoutines::call_stub

siginfo: EXCEPTION_ACCESS_VIOLATION (0xc0000005), reading address 0x000000b8


Register to memory mapping:

EIP=0x5fd56c62 glass.dll
EAX=0x0 is NULL
EBX=0x1c19ec40 is pointing into the stack for thread: 0x169b6c00
ECX=0x0 is NULL
EDX=0x0 is NULL
ESP=0x1c19ea0c is pointing into the stack for thread: 0x169b6c00
EBP=0x1c19ea38 is pointing into the stack for thread: 0x169b6c00
ESI=0x00000401 is an unknown value
EDI=0x0 is NULL


Registers:
EAX=0x00000000, EBX=0x1c19ec40, ECX=0x00000000, EDX=0x00000000
ESP=0x1c19ea0c, EBP=0x1c19ea38, ESI=0x00000401, EDI=0x00000000
EIP=0x5fd56c62, EFLAGS=0x00010206

Top of Stack: (sp=0x1c19ea0c)
0x1c19ea0c:   1c19ec40 00000401 1c19ec40 5fd48df8
0x1c19ea1c:   af23df9e 169801a0 001c0360 00000401
0x1c19ea2c:   1c19eb6c 5fd602b0 ffffffff 00000000
0x1c19ea3c:   5fd41755 00000401 1c19ec40 00000000
0x1c19ea4c:   00000401 001c0360 1c19ea84 5fd416f0
0x1c19ea5c:   74db2e63 001c0360 00000401 1c19ec40
0x1c19ea6c:   00000000 001c0360 dcbaabcd 5fd416f0
0x1c19ea7c:   00000401 001c0360 1c19eb7c 74da3c46 

Instructions: (pc=0x5fd56c62)
0x5fd56b62:   21 56 e8 47 42 00 00 ff 35 e8 03 d7 5f 8b f0 ff
0x5fd56b72:   77 68 56 e8 96 de fe ff 56 e8 a0 41 00 00 83 c4
0x5fd56b82:   10 5e c7 05 a4 03 d7 5f 00 00 00 00 5f c3 83 ec
0x5fd56b92:   24 a1 ec e0 d6 5f 33 c4 89 44 24 20 8b 44 24 28
0x5fd56ba2:   53 89 44 24 04 8b d9 8b 44 24 30 89 44 24 08 8b
0x5fd56bb2:   44 24 38 55 89 44 24 10 8b 44 24 38 56 89 83 84
0x5fd56bc2:   00 00 00 8b 44 24 0c 89 5c 24 18 bb 00 00 00 80
0x5fd56bd2:   8b eb 8b f3 57 8b fb 85 c0 79 29 8d 44 24 20 50
0x5fd56be2:   e8 29 aa fe ff 83 c4 04 85 c0 8b 44 24 10 74 14
0x5fd56bf2:   8b 74 24 28 8b 5c 24 20 2b f3 8b 7c 24 2c 8b 6c
0x5fd56c02:   24 24 2b fd 6a 00 50 ff 74 24 1c 68 d8 23 d6 5f
0x5fd56c12:   57 56 8b 74 24 34 8b ce 55 53 ff 74 24 38 e8 db
0x5fd56c22:   a7 fe ff 8b f8 8d 4e 14 57 e8 40 64 00 00 57 8d
0x5fd56c32:   4e 14 e8 c7 64 00 00 8b 4c 24 30 8b c7 5f 5e 5d
0x5fd56c42:   5b 33 cc e8 ae 7a 00 00 83 c4 24 c2 10 00 53 8b
0x5fd56c52:   d9 56 57 ff 73 08 e8 93 a9 fe ff 8b f8 83 c4 04
0x5fd56c62:   8b 87 b8 00 00 00 85 c0 75 03 8b 47 04 3b 05 a4
0x5fd56c72:   03 d7 5f 75 29 e8 34 41 00 00 ff 35 e8 03 d7 5f
0x5fd56c82:   8b f0 ff 77 68 56 e8 83 dd fe ff 56 e8 8d 40 00
0x5fd56c92:   00 83 c4 10 c7 05 a4 03 d7 5f 00 00 00 00 8d 4f
0x5fd56ca2:   14 e8 b8 69 00 00 8d 4f 14 e8 e0 69 00 00 ff 73
0x5fd56cb2:   08 ff 15 f8 fe d6 5f 85 c0 5f 0f 95 c0 5e 88 43
0x5fd56cc2:   04 5b c3 cc cc cc cc cc cc cc cc cc cc cc 55 8b
0x5fd56cd2:   ec 6a ff 68 f7 11 d6 5f 64 a1 00 00 00 00 50 83
0x5fd56ce2:   ec 08 53 56 57 a1 ec e0 d6 5f 33 c5 50 8d 45 f4
0x5fd56cf2:   64 a3 00 00 00 00 8b f9 ff 77 18 ff 15 60 ff d6
0x5fd56d02:   5f 85 c0 75 13 0f 57 c0 66 0f 13 45 ec 8b 55 f0
0x5fd56d12:   8b 45 ec e9 a7 00 00 00 68 dc 00 00 00 e8 96 79
0x5fd56d22:   00 00 83 c4 04 89 45 f0 c7 45 fc 00 00 00 00 85
0x5fd56d32:   c0 74 19 ff 77 18 8b c8 6a 01 6a 00 6a 00 6a 00
0x5fd56d42:   ff 77 10 e8 a6 f9 ff ff 8b d8 eb 02 33 db ff 77
0x5fd56d52:   18 8b cb c7 45 fc ff ff ff ff 6a 00 68 00 00 10 


Stack slot to memory mapping:
stack at sp + 0 slots: 0x1c19ec40 is pointing into the stack for thread: 0x169b6c00
stack at sp + 1 slots: 0x00000401 is an unknown value
stack at sp + 2 slots: 0x1c19ec40 is pointing into the stack for thread: 0x169b6c00
stack at sp + 3 slots: 0x5fd48df8 glass.dll
stack at sp + 4 slots: 0xaf23df9e is an unknown value
stack at sp + 5 slots: 0x169801a0 points into unknown readable memory: 0x5fd6319c | 9c 31 d6 5f
stack at sp + 6 slots: 0x001c0360 is an unknown value
stack at sp + 7 slots: 0x00000401 is an unknown value


---------------  P R O C E S S  ---------------

Threads class SMR info:
_java_thread_list=0x16e3b520, length=17, elements={
0x0361e400, 0x036e4000, 0x036e8c00, 0x159b1000,
0x036f4000, 0x036f4c00, 0x036f6000, 0x036f9c00,
0x15a26800, 0x15b7b400, 0x161e6800, 0x16998c00,
0x169b6c00, 0x16ad1800, 0x16b31c00, 0x16dcc800,
0x16e37800
}

Java Threads: ( => current thread )
  0x0361e400 JavaThread "main" [_thread_blocked, id=2760, stack(0x02db0000,0x02e00000)]
  0x036e4000 JavaThread "Reference Handler" daemon [_thread_blocked, id=8188, stack(0x05740000,0x05790000)]
  0x036e8c00 JavaThread "Finalizer" daemon [_thread_blocked, id=20920, stack(0x15800000,0x15850000)]
  0x159b1000 JavaThread "Signal Dispatcher" daemon [_thread_blocked, id=16272, stack(0x15bc0000,0x15c10000)]
  0x036f4000 JavaThread "Attach Listener" daemon [_thread_blocked, id=21844, stack(0x15c50000,0x15ca0000)]
  0x036f4c00 JavaThread "Service Thread" daemon [_thread_blocked, id=25136, stack(0x15ce0000,0x15d30000)]
  0x036f6000 JavaThread "C1 CompilerThread0" daemon [_thread_blocked, id=2472, stack(0x15d70000,0x15dc0000)]
  0x036f9c00 JavaThread "Sweeper thread" daemon [_thread_blocked, id=10228, stack(0x15e00000,0x15e50000)]
  0x15a26800 JavaThread "Common-Cleaner" daemon [_thread_blocked, id=22736, stack(0x15e90000,0x15ee0000)]
  0x15b7b400 JavaThread "Monitor Ctrl-Break" daemon [_thread_in_native, id=20004, stack(0x16320000,0x16370000)]
  0x161e6800 JavaThread "QuantumRenderer-0" daemon [_thread_blocked, id=16144, stack(0x16640000,0x16690000)]
  0x16998c00 JavaThread "InvokeLaterDispatcher" daemon [_thread_blocked, id=2640, stack(0x1bfc0000,0x1c010000)]
=>0x169b6c00 JavaThread "JavaFX Application Thread" [_thread_in_native, id=20188, stack(0x1c150000,0x1c1a0000)]
  0x16ad1800 JavaThread "Thread-1" daemon [_thread_in_native, id=21492, stack(0x205a0000,0x205f0000)]
  0x16b31c00 JavaThread "JavaFX-Launcher" [_thread_blocked, id=25276, stack(0x20630000,0x20680000)]
  0x16dcc800 JavaThread "Prism Font Disposer" daemon [_thread_blocked, id=18792, stack(0x22a10000,0x22a60000)]
  0x16e37800 JavaThread "Cleaner-0" daemon [_thread_blocked, id=20988, stack(0x233a0000,0x233f0000)]

Other Threads:
  0x036d0c00 VMThread "VM Thread" [stack: 0x03590000,0x035e0000] [id=15612]
  0x15b7cc00 WatcherThread [stack: 0x163b0000,0x16400000] [id=13612]

Threads with active compile tasks:

VM state:not at safepoint (normal execution)

VM Mutex/Monitor currently owned by a thread: None

Heap:
 def new generation   total 6848K, used 5451K [0x05800000, 0x05f60000, 0x0ad50000)
  eden space 6144K,  81% used [0x05800000, 0x05ce87a8, 0x05e00000)
  from space 704K,  60% used [0x05eb0000, 0x05f1a6f0, 0x05f60000)
  to   space 704K,   0% used [0x05e00000, 0x05e00000, 0x05eb0000)
 tenured generation   total 15044K, used 11495K [0x0ad50000, 0x0bc01000, 0x15800000)
   the space 15044K,  76% used [0x0ad50000, 0x0b889c00, 0x0b889c00, 0x0bc01000)
 Metaspace       used 14786K, capacity 15099K, committed 15104K, reserved 15744K

Card table byte_map: [0x03000000,0x03090000] _byte_map_base: 0x02fd4000

Polling page: 0x014c0000

Metaspace:

Usage:
   14.75 MB capacity,    14.44 MB ( 98%) used,   208.88 KB (  1%) free+waste,   104.45 KB ( <1%) overhead. 

Virtual space:
     15.38 MB reserved,      14.75 MB ( 96%) committed 

Chunk freelists:
4.50 KB

MaxMetaspaceSize: 4.00 GB
No class space
Initial GC threshold: 12.00 MB
Current GC threshold: 20.00 MB
CDS: off

CodeCache: size=32768Kb used=2207Kb max_used=2207Kb free=30560Kb
 bounds [0x03700000, 0x03928000, 0x05700000]
 total_blobs=1854 nmethods=1421 adapters=366
 compilation: enabled
              stopped_count=0, restarted_count=0
 full_count=0

Compilation events (20 events):
Event: 14.470 Thread 0x036f6000 1411   !         com.sun.javafx.tk.Toolkit::firePulse (279 bytes)
Event: 14.473 Thread 0x036f6000 nmethod 1411 0x03924c88 code [0x03924fd0, 0x03925d9c]
Event: 14.473 Thread 0x036f6000 1412             javafx.geometry.Insets::getBottom (5 bytes)
Event: 14.474 Thread 0x036f6000 nmethod 1412 0x039265c8 code [0x039266d0, 0x03926750]
Event: 14.474 Thread 0x036f6000 1413             com.sun.javafx.geom.RectBounds::getMinZ (2 bytes)
Event: 14.474 Thread 0x036f6000 nmethod 1413 0x03926788 code [0x03926890, 0x03926910]
Event: 14.475 Thread 0x036f6000 1414             com.sun.prism.paint.Color::getAlpha (5 bytes)
Event: 14.475 Thread 0x036f6000 nmethod 1414 0x03926948 code [0x03926a50, 0x03926ad0]
Event: 14.477 Thread 0x036f6000 1415             com.sun.prism.impl.BaseGraphics::getRenderTarget (5 bytes)
Event: 14.477 Thread 0x036f6000 nmethod 1415 0x03926b08 code [0x03926c10, 0x03926c90]
Event: 14.680 Thread 0x036f6000 1416             com.sun.javafx.geom.RectBounds::getMaxZ (2 bytes)
Event: 14.680 Thread 0x036f6000 nmethod 1416 0x03926cc8 code [0x03926dd0, 0x03926e50]
Event: 14.681 Thread 0x036f6000 1417             com.sun.javafx.event.EventDispatchChainImpl::prepend (77 bytes)
Event: 14.682 Thread 0x036f6000 nmethod 1417 0x03926e88 code [0x03926fc0, 0x03927168]
Event: 14.682 Thread 0x036f6000 1418             com.sun.javafx.event.EventDispatchChainImpl::ensureCapacity (89 bytes)
Event: 14.683 Thread 0x036f6000 nmethod 1418 0x039272c8 code [0x03927400, 0x03927728]
Event: 14.685 Thread 0x036f6000 1420             jdk.internal.misc.Unsafe::weakCompareAndSetInt (11 bytes)
Event: 14.685 Thread 0x036f6000 nmethod 1420 0x03927b08 code [0x03927c10, 0x03927cc0]
Event: 14.750 Thread 0x036f6000 1421             java.util.concurrent.locks.AbstractQueuedSynchronizer::setState (6 bytes)
Event: 14.751 Thread 0x036f6000 nmethod 1421 0x03927d08 code [0x03927e10, 0x03927e90]

GC Heap History (20 events):
Event: 0.891 GC heap before
{Heap before GC invocations=4 (full 0):
 def new generation   total 4928K, used 4646K [0x05800000, 0x05d50000, 0x0ad50000)
  eden space 4416K, 100% used [0x05800000, 0x05c50000, 0x05c50000)
  from space 512K,  45% used [0x05c50000, 0x05c89a38, 0x05cd0000)
  to   space 512K,   0% used [0x05cd0000, 0x05cd0000, 0x05d50000)
 tenured generation   total 10944K, used 1905K [0x0ad50000, 0x0b800000, 0x15800000)
   the space 10944K,  17% used [0x0ad50000, 0x0af2c698, 0x0af2c800, 0x0b800000)
 Metaspace       used 7768K, capacity 7877K, committed 7936K, reserved 8576K
}
Event: 0.894 GC heap after
{Heap after GC invocations=5 (full 0):
 def new generation   total 4928K, used 476K [0x05800000, 0x05d50000, 0x0ad50000)
  eden space 4416K,   0% used [0x05800000, 0x05800000, 0x05c50000)
  from space 512K,  92% used [0x05cd0000, 0x05d47070, 0x05d50000)
  to   space 512K,   0% used [0x05c50000, 0x05c50000, 0x05cd0000)
 tenured generation   total 10944K, used 2353K [0x0ad50000, 0x0b800000, 0x15800000)
   the space 10944K,  21% used [0x0ad50000, 0x0af9c6a8, 0x0af9c800, 0x0b800000)
 Metaspace       used 7768K, capacity 7877K, committed 7936K, reserved 8576K
}
Event: 1.009 GC heap before
{Heap before GC invocations=5 (full 0):
 def new generation   total 4928K, used 4892K [0x05800000, 0x05d50000, 0x0ad50000)
  eden space 4416K, 100% used [0x05800000, 0x05c50000, 0x05c50000)
  from space 512K,  92% used [0x05cd0000, 0x05d47070, 0x05d50000)
  to   space 512K,   0% used [0x05c50000, 0x05c50000, 0x05cd0000)
 tenured generation   total 10944K, used 2353K [0x0ad50000, 0x0b800000, 0x15800000)
   the space 10944K,  21% used [0x0ad50000, 0x0af9c6a8, 0x0af9c800, 0x0b800000)
 Metaspace       used 9346K, capacity 9475K, committed 9600K, reserved 9600K
}
Event: 1.012 GC heap after
{Heap after GC invocations=6 (full 0):
 def new generation   total 4928K, used 512K [0x05800000, 0x05d50000, 0x0ad50000)
  eden space 4416K,   0% used [0x05800000, 0x05800000, 0x05c50000)
  from space 512K, 100% used [0x05c50000, 0x05cd0000, 0x05cd0000)
  to   space 512K,   0% used [0x05cd0000, 0x05cd0000, 0x05d50000)
 tenured generation   total 10944K, used 3078K [0x0ad50000, 0x0b800000, 0x15800000)
   the space 10944K,  28% used [0x0ad50000, 0x0b051878, 0x0b051a00, 0x0b800000)
 Metaspace       used 9346K, capacity 9475K, committed 9600K, reserved 9600K
}
Event: 1.111 GC heap before
{Heap before GC invocations=6 (full 0):
 def new generation   total 4928K, used 4928K [0x05800000, 0x05d50000, 0x0ad50000)
  eden space 4416K, 100% used [0x05800000, 0x05c50000, 0x05c50000)
  from space 512K, 100% used [0x05c50000, 0x05cd0000, 0x05cd0000)
  to   space 512K,   0% used [0x05cd0000, 0x05cd0000, 0x05d50000)
 tenured generation   total 10944K, used 3078K [0x0ad50000, 0x0b800000, 0x15800000)
   the space 10944K,  28% used [0x0ad50000, 0x0b051878, 0x0b051a00, 0x0b800000)
 Metaspace       used 10690K, capacity 10869K, committed 10880K, reserved 11648K
}
Event: 1.114 GC heap after
{Heap after GC invocations=7 (full 0):
 def new generation   total 4928K, used 512K [0x05800000, 0x05d50000, 0x0ad50000)
  eden space 4416K,   0% used [0x05800000, 0x05800000, 0x05c50000)
  from space 512K, 100% used [0x05cd0000, 0x05d50000, 0x05d50000)
  to   space 512K,   0% used [0x05c50000, 0x05c50000, 0x05cd0000)
 tenured generation   total 10944K, used 3859K [0x0ad50000, 0x0b800000, 0x15800000)
   the space 10944K,  35% used [0x0ad50000, 0x0b114e00, 0x0b114e00, 0x0b800000)
 Metaspace       used 10690K, capacity 10869K, committed 10880K, reserved 11648K
}
Event: 1.186 GC heap before
{Heap before GC invocations=7 (full 0):
 def new generation   total 4928K, used 4928K [0x05800000, 0x05d50000, 0x0ad50000)
  eden space 4416K, 100% used [0x05800000, 0x05c50000, 0x05c50000)
  from space 512K, 100% used [0x05cd0000, 0x05d50000, 0x05d50000)
  to   space 512K,   0% used [0x05c50000, 0x05c50000, 0x05cd0000)
 tenured generation   total 10944K, used 3859K [0x0ad50000, 0x0b800000, 0x15800000)
   the space 10944K,  35% used [0x0ad50000, 0x0b114e00, 0x0b114e00, 0x0b800000)
 Metaspace       used 11122K, capacity 11293K, committed 11392K, reserved 11648K
}
Event: 1.191 GC heap after
{Heap after GC invocations=8 (full 0):
 def new generation   total 4928K, used 512K [0x05800000, 0x05d50000, 0x0ad50000)
  eden space 4416K,   0% used [0x05800000, 0x05800000, 0x05c50000)
  from space 512K, 100% used [0x05c50000, 0x05cd0000, 0x05cd0000)
  to   space 512K,   0% used [0x05cd0000, 0x05cd0000, 0x05d50000)
 tenured generation   total 10944K, used 4948K [0x0ad50000, 0x0b800000, 0x15800000)
   the space 10944K,  45% used [0x0ad50000, 0x0b225190, 0x0b225200, 0x0b800000)
 Metaspace       used 11122K, capacity 11293K, committed 11392K, reserved 11648K
}
Event: 1.233 GC heap before
{Heap before GC invocations=8 (full 0):
 def new generation   total 4928K, used 2177K [0x05800000, 0x05d50000, 0x0ad50000)
  eden space 4416K,  37% used [0x05800000, 0x059a0588, 0x05c50000)
  from space 512K, 100% used [0x05c50000, 0x05cd0000, 0x05cd0000)
  to   space 512K,   0% used [0x05cd0000, 0x05cd0000, 0x05d50000)
 tenured generation   total 10944K, used 4948K [0x0ad50000, 0x0b800000, 0x15800000)
   the space 10944K,  45% used [0x0ad50000, 0x0b225190, 0x0b225200, 0x0b800000)
 Metaspace       used 11386K, capacity 11588K, committed 11648K, reserved 11648K
}
Event: 1.236 GC heap after
{Heap after GC invocations=9 (full 0):
 def new generation   total 4928K, used 57K [0x05800000, 0x05d50000, 0x0ad50000)
  eden space 4416K,   0% used [0x05800000, 0x05800000, 0x05c50000)
  from space 512K,  11% used [0x05cd0000, 0x05cde498, 0x05d50000)
  to   space 512K,   0% used [0x05c50000, 0x05c50000, 0x05cd0000)
 tenured generation   total 10944K, used 5969K [0x0ad50000, 0x0b800000, 0x15800000)
   the space 10944K,  54% used [0x0ad50000, 0x0b324558, 0x0b324600, 0x0b800000)
 Metaspace       used 11386K, capacity 11588K, committed 11648K, reserved 11648K
}
Event: 1.275 GC heap before
{Heap before GC invocations=9 (full 0):
 def new generation   total 4928K, used 4473K [0x05800000, 0x05d50000, 0x0ad50000)
  eden space 4416K,  99% used [0x05800000, 0x05c4fff8, 0x05c50000)
  from space 512K,  11% used [0x05cd0000, 0x05cde498, 0x05d50000)
  to   space 512K,   0% used [0x05c50000, 0x05c50000, 0x05cd0000)
 tenured generation   total 10944K, used 5969K [0x0ad50000, 0x0b800000, 0x15800000)
   the space 10944K,  54% used [0x0ad50000, 0x0b324558, 0x0b324600, 0x0b800000)
 Metaspace       used 11638K, capacity 11837K, committed 11904K, reserved 12672K
}
Event: 1.279 GC heap after
{Heap after GC invocations=10 (full 0):
 def new generation   total 4928K, used 138K [0x05800000, 0x05d50000, 0x0ad50000)
  eden space 4416K,   0% used [0x05800000, 0x05800000, 0x05c50000)
  from space 512K,  27% used [0x05c50000, 0x05c729f8, 0x05cd0000)
  to   space 512K,   0% used [0x05cd0000, 0x05cd0000, 0x05d50000)
 tenured generation   total 10944K, used 8783K [0x0ad50000, 0x0b800000, 0x15800000)
   the space 10944K,  80% used [0x0ad50000, 0x0b5e3c18, 0x0b5e3e00, 0x0b800000)
 Metaspace       used 11638K, capacity 11837K, committed 11904K, reserved 12672K
}
Event: 1.336 GC heap before
{Heap before GC invocations=10 (full 0):
 def new generation   total 4928K, used 2799K [0x05800000, 0x05d50000, 0x0ad50000)
  eden space 4416K,  60% used [0x05800000, 0x05a994c0, 0x05c50000)
  from space 512K,  27% used [0x05c50000, 0x05c729f8, 0x05cd0000)
  to   space 512K,   0% used [0x05cd0000, 0x05cd0000, 0x05d50000)
 tenured generation   total 10944K, used 8783K [0x0ad50000, 0x0b800000, 0x15800000)
   the space 10944K,  80% used [0x0ad50000, 0x0b5e3c18, 0x0b5e3e00, 0x0b800000)
 Metaspace       used 12089K, capacity 12258K, committed 12288K, reserved 12672K
}
Event: 1.352 GC heap after
{Heap after GC invocations=11 (full 1):
 def new generation   total 6848K, used 0K [0x05800000, 0x05f60000, 0x0ad50000)
  eden space 6144K,   0% used [0x05800000, 0x05800000, 0x05e00000)
  from space 704K,   0% used [0x05e00000, 0x05e00000, 0x05eb0000)
  to   space 704K,   0% used [0x05eb0000, 0x05eb0000, 0x05f60000)
 tenured generation   total 15044K, used 9024K [0x0ad50000, 0x0bc01000, 0x15800000)
   the space 15044K,  59% used [0x0ad50000, 0x0b6200a0, 0x0b620200, 0x0bc01000)
 Metaspace       used 12089K, capacity 12258K, committed 12288K, reserved 12672K
}
Event: 1.574 GC heap before
{Heap before GC invocations=11 (full 1):
 def new generation   total 6848K, used 6136K [0x05800000, 0x05f60000, 0x0ad50000)
  eden space 6144K,  99% used [0x05800000, 0x05dfe2c0, 0x05e00000)
  from space 704K,   0% used [0x05e00000, 0x05e00000, 0x05eb0000)
  to   space 704K,   0% used [0x05eb0000, 0x05eb0000, 0x05f60000)
 tenured generation   total 15044K, used 9024K [0x0ad50000, 0x0bc01000, 0x15800000)
   the space 15044K,  59% used [0x0ad50000, 0x0b6200a0, 0x0b620200, 0x0bc01000)
 Metaspace       used 12794K, capacity 12984K, committed 13056K, reserved 13696K
}
Event: 1.577 GC heap after
{Heap after GC invocations=12 (full 1):
 def new generation   total 6848K, used 704K [0x05800000, 0x05f60000, 0x0ad50000)
  eden space 6144K,   0% used [0x05800000, 0x05800000, 0x05e00000)
  from space 704K, 100% used [0x05eb0000, 0x05f60000, 0x05f60000)
  to   space 704K,   0% used [0x05e00000, 0x05e00000, 0x05eb0000)
 tenured generation   total 15044K, used 9086K [0x0ad50000, 0x0bc01000, 0x15800000)
   the space 15044K,  60% used [0x0ad50000, 0x0b62f8c0, 0x0b62fa00, 0x0bc01000)
 Metaspace       used 12794K, capacity 12984K, committed 13056K, reserved 13696K
}
Event: 1.738 GC heap before
{Heap before GC invocations=12 (full 1):
 def new generation   total 6848K, used 5932K [0x05800000, 0x05f60000, 0x0ad50000)
  eden space 6144K,  85% used [0x05800000, 0x05d1b220, 0x05e00000)
  from space 704K, 100% used [0x05eb0000, 0x05f60000, 0x05f60000)
  to   space 704K,   0% used [0x05e00000, 0x05e00000, 0x05eb0000)
 tenured generation   total 15044K, used 9086K [0x0ad50000, 0x0bc01000, 0x15800000)
   the space 15044K,  60% used [0x0ad50000, 0x0b62f8c0, 0x0b62fa00, 0x0bc01000)
 Metaspace       used 13690K, capacity 13926K, committed 13952K, reserved 14720K
}
Event: 1.743 GC heap after
{Heap after GC invocations=13 (full 1):
 def new generation   total 6848K, used 702K [0x05800000, 0x05f60000, 0x0ad50000)
  eden space 6144K,   0% used [0x05800000, 0x05800000, 0x05e00000)
  from space 704K,  99% used [0x05e00000, 0x05eaf800, 0x05eb0000)
  to   space 704K,   0% used [0x05eb0000, 0x05eb0000, 0x05f60000)
 tenured generation   total 15044K, used 9782K [0x0ad50000, 0x0bc01000, 0x15800000)
   the space 15044K,  65% used [0x0ad50000, 0x0b6dd858, 0x0b6dda00, 0x0bc01000)
 Metaspace       used 13690K, capacity 13926K, committed 13952K, reserved 14720K
}
Event: 3.326 GC heap before
{Heap before GC invocations=13 (full 1):
 def new generation   total 6848K, used 6846K [0x05800000, 0x05f60000, 0x0ad50000)
  eden space 6144K, 100% used [0x05800000, 0x05e00000, 0x05e00000)
  from space 704K,  99% used [0x05e00000, 0x05eaf800, 0x05eb0000)
  to   space 704K,   0% used [0x05eb0000, 0x05eb0000, 0x05f60000)
 tenured generation   total 15044K, used 9782K [0x0ad50000, 0x0bc01000, 0x15800000)
   the space 15044K,  65% used [0x0ad50000, 0x0b6dd858, 0x0b6dda00, 0x0bc01000)
 Metaspace       used 14536K, capacity 14835K, committed 14848K, reserved 15744K
}
Event: 3.331 GC heap after
{Heap after GC invocations=14 (full 1):
 def new generation   total 6848K, used 425K [0x05800000, 0x05f60000, 0x0ad50000)
  eden space 6144K,   0% used [0x05800000, 0x05800000, 0x05e00000)
  from space 704K,  60% used [0x05eb0000, 0x05f1a6f0, 0x05f60000)
  to   space 704K,   0% used [0x05e00000, 0x05e00000, 0x05eb0000)
 tenured generation   total 15044K, used 11495K [0x0ad50000, 0x0bc01000, 0x15800000)
   the space 15044K,  76% used [0x0ad50000, 0x0b889c00, 0x0b889c00, 0x0bc01000)
 Metaspace       used 14536K, capacity 14835K, committed 14848K, reserved 15744K
}

Deoptimization events (8 events):
Event: 1.492 Thread 0x169b6c00 DEOPT PACKING pc=0x0382598f sp=0x1c19e2f0
Event: 1.492 Thread 0x169b6c00 DEOPT UNPACKING pc=0x0373c187 sp=0x1c19e210 mode 3
Event: 1.498 Thread 0x169b6c00 DEOPT PACKING pc=0x038574f1 sp=0x1c19e470
Event: 1.498 Thread 0x169b6c00 DEOPT UNPACKING pc=0x0373c187 sp=0x1c19e394 mode 3
Event: 1.814 Thread 0x161e6800 DEOPT PACKING pc=0x038a99bd sp=0x1668eac0
Event: 1.814 Thread 0x161e6800 DEOPT UNPACKING pc=0x0373c187 sp=0x1668e9ec mode 3
Event: 3.258 Thread 0x169b6c00 DEOPT PACKING pc=0x038c1a0c sp=0x1c19d8e0
Event: 3.258 Thread 0x169b6c00 DEOPT UNPACKING pc=0x0373c187 sp=0x1c19d790 mode 3

Classes redefined (0 events):
No events

Internal exceptions (20 events):
Event: 3.281 Thread 0x169b6c00 Exception <a 'java/lang/ClassNotFoundException'{0x05bfcaf8}: com/sun/javafx/scene/control/skin/resources/controls_es_MX> (0x05bfcaf8) thrown at [s\src\hotspot\share\prims\jni.cpp, line 638]
Event: 4.667 Thread 0x169b6c00 Exception <a 'java/lang/IllegalArgumentException'{0x059e8bf8}: argument type mismatch> (0x059e8bf8) thrown at [s\src\hotspot\share\runtime\reflection.cpp, line 1216]
Event: 4.667 Thread 0x169b6c00 Exception <a 'java/lang/IllegalArgumentException'{0x059e8bf8}> (0x059e8bf8) thrown at [s\src\hotspot\share\prims\jvm.cpp, line 1310]
Event: 11.807 Thread 0x169b6c00 Exception <a 'java/lang/IllegalArgumentException'{0x05b8a098}: argument type mismatch> (0x05b8a098) thrown at [s\src\hotspot\share\runtime\reflection.cpp, line 1216]
Event: 11.807 Thread 0x169b6c00 Exception <a 'java/lang/IllegalArgumentException'{0x05b8a098}> (0x05b8a098) thrown at [s\src\hotspot\share\prims\jvm.cpp, line 1310]
Event: 11.975 Thread 0x169b6c00 Exception <a 'java/lang/IllegalArgumentException'{0x05baedf0}: argument type mismatch> (0x05baedf0) thrown at [s\src\hotspot\share\runtime\reflection.cpp, line 1216]
Event: 11.975 Thread 0x169b6c00 Exception <a 'java/lang/IllegalArgumentException'{0x05baedf0}> (0x05baedf0) thrown at [s\src\hotspot\share\prims\jvm.cpp, line 1310]
Event: 12.124 Thread 0x169b6c00 Exception <a 'java/lang/IllegalArgumentException'{0x05bd3b30}: argument type mismatch> (0x05bd3b30) thrown at [s\src\hotspot\share\runtime\reflection.cpp, line 1216]
Event: 12.124 Thread 0x169b6c00 Exception <a 'java/lang/IllegalArgumentException'{0x05bd3b30}> (0x05bd3b30) thrown at [s\src\hotspot\share\prims\jvm.cpp, line 1310]
Event: 12.277 Thread 0x169b6c00 Exception <a 'java/lang/IllegalArgumentException'{0x05bf84c8}: argument type mismatch> (0x05bf84c8) thrown at [s\src\hotspot\share\runtime\reflection.cpp, line 1216]
Event: 12.277 Thread 0x169b6c00 Exception <a 'java/lang/IllegalArgumentException'{0x05bf84c8}> (0x05bf84c8) thrown at [s\src\hotspot\share\prims\jvm.cpp, line 1310]
Event: 12.483 Thread 0x169b6c00 Exception <a 'java/lang/IllegalArgumentException'{0x05c1ee68}: argument type mismatch> (0x05c1ee68) thrown at [s\src\hotspot\share\runtime\reflection.cpp, line 1216]
Event: 12.483 Thread 0x169b6c00 Exception <a 'java/lang/IllegalArgumentException'{0x05c1ee68}> (0x05c1ee68) thrown at [s\src\hotspot\share\prims\jvm.cpp, line 1310]
Event: 12.684 Thread 0x169b6c00 Exception <a 'java/lang/IllegalArgumentException'{0x05c44740}: argument type mismatch> (0x05c44740) thrown at [s\src\hotspot\share\runtime\reflection.cpp, line 1216]
Event: 12.684 Thread 0x169b6c00 Exception <a 'java/lang/IllegalArgumentException'{0x05c44740}> (0x05c44740) thrown at [s\src\hotspot\share\prims\jvm.cpp, line 1310]
Event: 12.862 Thread 0x169b6c00 Exception <a 'java/lang/IllegalArgumentException'{0x05c69848}: argument type mismatch> (0x05c69848) thrown at [s\src\hotspot\share\runtime\reflection.cpp, line 1216]
Event: 12.863 Thread 0x169b6c00 Exception <a 'java/lang/IllegalArgumentException'{0x05c69848}> (0x05c69848) thrown at [s\src\hotspot\share\prims\jvm.cpp, line 1310]
Event: 13.081 Thread 0x169b6c00 Exception <a 'java/lang/IllegalArgumentException'{0x05c8f508}: argument type mismatch> (0x05c8f508) thrown at [s\src\hotspot\share\runtime\reflection.cpp, line 1216]
Event: 13.081 Thread 0x169b6c00 Exception <a 'java/lang/IllegalArgumentException'{0x05c8f508}> (0x05c8f508) thrown at [s\src\hotspot\share\prims\jvm.cpp, line 1310]
Event: 14.752 Thread 0x169b6c00 Exception <a 'java/lang/IllegalArgumentException'{0x05ccee90}> (0x05ccee90) thrown at [s\src\hotspot\share\prims\jvm.cpp, line 1310]

Events (20 events):
Event: 4.668 loading class java/lang/Throwable$PrintStreamOrWriter done
Event: 4.668 loading class java/lang/Throwable$WrappedPrintStream done
Event: 8.440 loading class com/sun/javafx/tk/quantum/GlassScene
Event: 8.440 loading class com/sun/javafx/tk/quantum/GlassScene done
Event: 8.440 loading class com/sun/javafx/tk/quantum/WindowStage
Event: 8.440 loading class com/sun/javafx/tk/quantum/WindowStage done
Event: 8.441 loading class com/sun/prism/GraphicsResource
Event: 8.441 loading class com/sun/prism/GraphicsResource done
Event: 8.441 loading class com/sun/prism/GraphicsResource
Event: 8.441 loading class com/sun/prism/GraphicsResource done
Event: 8.441 loading class com/sun/javafx/tk/quantum/ViewScene
Event: 8.441 loading class com/sun/javafx/tk/quantum/ViewScene done
Event: 8.442 loading class com/sun/javafx/tk/quantum/WindowStage
Event: 8.442 loading class com/sun/javafx/tk/quantum/WindowStage done
Event: 10.155 Executing VM operation: RevokeBias
Event: 10.155 Executing VM operation: RevokeBias done
Event: 14.682 loading class javafx/application/Application
Event: 14.682 loading class javafx/application/Application done
Event: 14.682 loading class javafx/application/Application
Event: 14.682 loading class javafx/application/Application done


Dynamic libraries:
0x00fc0000 - 0x00fcc000 	C:\Program Files (x86)\Eclipse Adoptium\jdk-11.0.21.9-hotspot\bin\java.exe
0x77040000 - 0x771f1000 	C:\Windows\SYSTEM32\ntdll.dll
0x76c70000 - 0x76d60000 	C:\Windows\System32\KERNEL32.DLL
0x769f0000 - 0x76c64000 	C:\Windows\System32\KERNELBASE.dll
0x70900000 - 0x709a6000 	C:\Windows\SYSTEM32\apphelp.dll
0x759b0000 - 0x75ac2000 	C:\Windows\System32\ucrtbase.dll
0x738e0000 - 0x738f3000 	C:\Program Files (x86)\Eclipse Adoptium\jdk-11.0.21.9-hotspot\bin\VCRUNTIME140.dll
0x738c0000 - 0x738d5000 	C:\Program Files (x86)\Eclipse Adoptium\jdk-11.0.21.9-hotspot\bin\jli.dll
0x74d80000 - 0x74f28000 	C:\Windows\System32\USER32.dll
0x733d0000 - 0x735f8000 	C:\Windows\WinSxS\x86_microsoft.windows.common-controls_6595b64144ccf1df_6.0.22621.2506_none_6eb991c088050a06\COMCTL32.dll
0x76360000 - 0x7637a000 	C:\Windows\System32\win32u.dll
0x750a0000 - 0x750c3000 	C:\Windows\System32\GDI32.dll
0x76790000 - 0x76854000 	C:\Windows\System32\msvcrt.dll
0x763f0000 - 0x764d2000 	C:\Windows\System32\gdi32full.dll
0x76f50000 - 0x76fc9000 	C:\Windows\System32\msvcp_win.dll
0x76320000 - 0x76345000 	C:\Windows\System32\IMM32.DLL
0x73850000 - 0x738bf000 	C:\Program Files (x86)\Eclipse Adoptium\jdk-11.0.21.9-hotspot\bin\msvcp140.dll
0x72d10000 - 0x731eb000 	C:\Program Files (x86)\Eclipse Adoptium\jdk-11.0.21.9-hotspot\bin\client\jvm.dll
0x76d60000 - 0x76ddf000 	C:\Windows\System32\ADVAPI32.dll
0x76900000 - 0x76985000 	C:\Windows\System32\sechost.dll
0x751f0000 - 0x7520a000 	C:\Windows\System32\bcrypt.dll
0x764e0000 - 0x7659a000 	C:\Windows\System32\RPCRT4.dll
0x759a0000 - 0x759a6000 	C:\Windows\System32\PSAPI.DLL
0x725f0000 - 0x725f8000 	C:\Windows\SYSTEM32\WSOCK32.dll
0x73810000 - 0x73841000 	C:\Windows\SYSTEM32\WINMM.dll
0x76fd0000 - 0x7702f000 	C:\Windows\System32\WS2_32.dll
0x73d70000 - 0x73d78000 	C:\Windows\SYSTEM32\VERSION.dll
0x744d0000 - 0x744e3000 	C:\Windows\SYSTEM32\kernel.appcore.dll
0x73cd0000 - 0x73cdd000 	C:\Program Files (x86)\Eclipse Adoptium\jdk-11.0.21.9-hotspot\bin\verify.dll
0x71310000 - 0x714e6000 	C:\Windows\SYSTEM32\DBGHELP.DLL
0x75f90000 - 0x7620d000 	C:\Windows\System32\combase.dll
0x765a0000 - 0x7663c000 	C:\Windows\System32\OLEAUT32.dll
0x737e0000 - 0x73809000 	C:\Windows\SYSTEM32\dbgcore.DLL
0x76380000 - 0x763e2000 	C:\Windows\System32\bcryptPrimitives.dll
0x737b0000 - 0x737d2000 	C:\Program Files (x86)\Eclipse Adoptium\jdk-11.0.21.9-hotspot\bin\java.dll
0x737a0000 - 0x737a9000 	C:\Program Files (x86)\Eclipse Adoptium\jdk-11.0.21.9-hotspot\bin\jimage.dll
0x73aa0000 - 0x73aad000 	C:\Program Files (x86)\Eclipse Adoptium\jdk-11.0.21.9-hotspot\bin\instrument.dll
0x73780000 - 0x73796000 	C:\Program Files (x86)\Eclipse Adoptium\jdk-11.0.21.9-hotspot\bin\zip.dll
0x75270000 - 0x75908000 	C:\Windows\System32\SHELL32.dll
0x745c0000 - 0x74cac000 	C:\Windows\SYSTEM32\windows.storage.dll
0x744f0000 - 0x745b7000 	C:\Windows\SYSTEM32\wintypes.dll
0x74cb0000 - 0x74d71000 	C:\Windows\System32\SHCORE.dll
0x750e0000 - 0x7512b000 	C:\Windows\System32\shlwapi.dll
0x74360000 - 0x7437d000 	C:\Windows\SYSTEM32\profapi.dll
0x73760000 - 0x73774000 	C:\Program Files (x86)\Eclipse Adoptium\jdk-11.0.21.9-hotspot\bin\net.dll
0x73230000 - 0x7330d000 	C:\Windows\SYSTEM32\WINHTTP.dll
0x742c0000 - 0x74311000 	C:\Windows\system32\mswsock.dll
0x73750000 - 0x7375f000 	C:\Program Files (x86)\Eclipse Adoptium\jdk-11.0.21.9-hotspot\bin\nio.dll
0x67950000 - 0x67966000 	C:\Program Files\JetBrains\IntelliJ IDEA 2023.3.2\bin\breakgen.dll
0x73a80000 - 0x73a83000 	C:\Users\yara2\.openjfx\cache\17.0.6\api-ms-win-core-console-l1-1-0.dll
0x708f0000 - 0x708f3000 	C:\Users\yara2\.openjfx\cache\17.0.6\api-ms-win-core-console-l1-2-0.dll
0x67940000 - 0x67943000 	C:\Users\yara2\.openjfx\cache\17.0.6\api-ms-win-core-datetime-l1-1-0.dll
0x67930000 - 0x67933000 	C:\Users\yara2\.openjfx\cache\17.0.6\api-ms-win-core-debug-l1-1-0.dll
0x67920000 - 0x67923000 	C:\Users\yara2\.openjfx\cache\17.0.6\api-ms-win-core-errorhandling-l1-1-0.dll
0x67910000 - 0x67914000 	C:\Users\yara2\.openjfx\cache\17.0.6\api-ms-win-core-file-l1-1-0.dll
0x67900000 - 0x67903000 	C:\Users\yara2\.openjfx\cache\17.0.6\api-ms-win-core-file-l1-2-0.dll
0x678f0000 - 0x678f3000 	C:\Users\yara2\.openjfx\cache\17.0.6\api-ms-win-core-file-l2-1-0.dll
0x678e0000 - 0x678e3000 	C:\Users\yara2\.openjfx\cache\17.0.6\api-ms-win-core-handle-l1-1-0.dll
0x678d0000 - 0x678d3000 	C:\Users\yara2\.openjfx\cache\17.0.6\api-ms-win-core-heap-l1-1-0.dll
0x678c0000 - 0x678c3000 	C:\Users\yara2\.openjfx\cache\17.0.6\api-ms-win-core-interlocked-l1-1-0.dll
0x678b0000 - 0x678b3000 	C:\Users\yara2\.openjfx\cache\17.0.6\api-ms-win-core-libraryloader-l1-1-0.dll
0x678a0000 - 0x678a3000 	C:\Users\yara2\.openjfx\cache\17.0.6\api-ms-win-core-localization-l1-2-0.dll
0x67890000 - 0x67893000 	C:\Users\yara2\.openjfx\cache\17.0.6\api-ms-win-core-memory-l1-1-0.dll
0x67880000 - 0x67883000 	C:\Users\yara2\.openjfx\cache\17.0.6\api-ms-win-core-namedpipe-l1-1-0.dll
0x67870000 - 0x67873000 	C:\Users\yara2\.openjfx\cache\17.0.6\api-ms-win-core-processenvironment-l1-1-0.dll
0x67860000 - 0x67863000 	C:\Users\yara2\.openjfx\cache\17.0.6\api-ms-win-core-processthreads-l1-1-0.dll
0x67840000 - 0x67843000 	C:\Users\yara2\.openjfx\cache\17.0.6\api-ms-win-core-processthreads-l1-1-1.dll
0x67820000 - 0x67823000 	C:\Users\yara2\.openjfx\cache\17.0.6\api-ms-win-core-profile-l1-1-0.dll
0x67810000 - 0x67813000 	C:\Users\yara2\.openjfx\cache\17.0.6\api-ms-win-core-rtlsupport-l1-1-0.dll
0x67800000 - 0x67803000 	C:\Users\yara2\.openjfx\cache\17.0.6\api-ms-win-core-string-l1-1-0.dll
0x677f0000 - 0x677f3000 	C:\Users\yara2\.openjfx\cache\17.0.6\api-ms-win-core-synch-l1-1-0.dll
0x677e0000 - 0x677e3000 	C:\Users\yara2\.openjfx\cache\17.0.6\api-ms-win-core-synch-l1-2-0.dll
0x677d0000 - 0x677d3000 	C:\Users\yara2\.openjfx\cache\17.0.6\api-ms-win-core-sysinfo-l1-1-0.dll
0x677c0000 - 0x677c3000 	C:\Users\yara2\.openjfx\cache\17.0.6\api-ms-win-core-timezone-l1-1-0.dll
0x677b0000 - 0x677b3000 	C:\Users\yara2\.openjfx\cache\17.0.6\api-ms-win-core-util-l1-1-0.dll
0x677a0000 - 0x677a3000 	C:\Users\yara2\.openjfx\cache\17.0.6\api-ms-win-crt-conio-l1-1-0.dll
0x67790000 - 0x67794000 	C:\Users\yara2\.openjfx\cache\17.0.6\api-ms-win-crt-convert-l1-1-0.dll
0x67550000 - 0x67553000 	C:\Users\yara2\.openjfx\cache\17.0.6\api-ms-win-crt-environment-l1-1-0.dll
0x67540000 - 0x67543000 	C:\Users\yara2\.openjfx\cache\17.0.6\api-ms-win-crt-filesystem-l1-1-0.dll
0x67530000 - 0x67533000 	C:\Users\yara2\.openjfx\cache\17.0.6\api-ms-win-crt-heap-l1-1-0.dll
0x67520000 - 0x67523000 	C:\Users\yara2\.openjfx\cache\17.0.6\api-ms-win-crt-locale-l1-1-0.dll
0x67510000 - 0x67515000 	C:\Users\yara2\.openjfx\cache\17.0.6\api-ms-win-crt-math-l1-1-0.dll
0x67500000 - 0x67505000 	C:\Users\yara2\.openjfx\cache\17.0.6\api-ms-win-crt-multibyte-l1-1-0.dll
0x674f0000 - 0x67500000 	C:\Users\yara2\.openjfx\cache\17.0.6\api-ms-win-crt-private-l1-1-0.dll
0x674e0000 - 0x674e3000 	C:\Users\yara2\.openjfx\cache\17.0.6\api-ms-win-crt-process-l1-1-0.dll
0x674d0000 - 0x674d4000 	C:\Users\yara2\.openjfx\cache\17.0.6\api-ms-win-crt-runtime-l1-1-0.dll
0x674c0000 - 0x674c4000 	C:\Users\yara2\.openjfx\cache\17.0.6\api-ms-win-crt-stdio-l1-1-0.dll
0x674b0000 - 0x674b4000 	C:\Users\yara2\.openjfx\cache\17.0.6\api-ms-win-crt-string-l1-1-0.dll
0x674a0000 - 0x674a3000 	C:\Users\yara2\.openjfx\cache\17.0.6\api-ms-win-crt-time-l1-1-0.dll
0x67080000 - 0x67083000 	C:\Users\yara2\.openjfx\cache\17.0.6\api-ms-win-crt-utility-l1-1-0.dll
0x65400000 - 0x65523000 	C:\Users\yara2\.openjfx\cache\17.0.6\ucrtbase.dll
0x67060000 - 0x67074000 	C:\Users\yara2\.openjfx\cache\17.0.6\vcruntime140.dll
0x65390000 - 0x653fd000 	C:\Users\yara2\.openjfx\cache\17.0.6\msvcp140.dll
0x65380000 - 0x65387000 	C:\Users\yara2\.openjfx\cache\17.0.6\msvcp140_1.dll
0x65350000 - 0x65379000 	C:\Users\yara2\.openjfx\cache\17.0.6\msvcp140_2.dll
0x65320000 - 0x65346000 	C:\Users\yara2\.openjfx\cache\17.0.6\prism_d3d.dll
0x651a0000 - 0x65311000 	C:\Windows\system32\d3d9.dll
0x71ab0000 - 0x71ad4000 	C:\Windows\SYSTEM32\dwmapi.dll
0x65170000 - 0x6519e000 	C:\Windows\SYSTEM32\dxcore.dll
0x73350000 - 0x733cf000 	C:\Windows\system32\uxtheme.dll
0x650e0000 - 0x65170000 	C:\Windows\SYSTEM32\d3d9on12.dll
0x64ff0000 - 0x6500e000 	C:\Windows\SYSTEM32\d3d12.dll
0x65010000 - 0x650da000 	C:\Windows\SYSTEM32\dxgi.dll
0x74320000 - 0x7435d000 	C:\Windows\SYSTEM32\cfgmgr32.dll
0x64e20000 - 0x64fd0000 	C:\Windows\SYSTEM32\D3D12Core.dll
0x64e00000 - 0x64e1c000 	C:\Windows\System32\DriverStore\FileRepository\iigd_dch.inf_amd64_c73cfa60d516cb00\igd12umd32.dll
0x63f30000 - 0x64d1c000 	C:\Windows\System32\DriverStore\FileRepository\iigd_dch.inf_amd64_c73cfa60d516cb00\igd12um32xel.dll
0x76210000 - 0x76313000 	C:\Windows\System32\CRYPT32.dll
0x76640000 - 0x76790000 	C:\Windows\System32\ole32.dll
0x64dd0000 - 0x64dfe000 	C:\Windows\SYSTEM32\ControlLib32.dll
0x75ad0000 - 0x75f0d000 	C:\Windows\System32\SETUPAPI.dll
0x64da0000 - 0x64dc4000 	C:\Windows\SYSTEM32\DEVOBJ.dll
0x64d30000 - 0x64d94000 	C:\Windows\System32\DriverStore\FileRepository\iigd_dch.inf_amd64_c73cfa60d516cb00\IntelControlLib32.dll
0x75210000 - 0x75268000 	C:\Windows\System32\WINTRUST.dll
0x6d030000 - 0x6d03e000 	C:\Windows\SYSTEM32\MSASN1.dll
0x63ef0000 - 0x63f2c000 	C:\Windows\SYSTEM32\directxdatabasehelper.dll
0x63bc0000 - 0x63eec000 	C:\Windows\System32\DriverStore\FileRepository\iigd_dch.inf_amd64_c73cfa60d516cb00\igdgmm32.dll
0x5fdd0000 - 0x63bbd000 	C:\Windows\System32\DriverStore\FileRepository\iigd_dch.inf_amd64_c73cfa60d516cb00\igc32.dll
0x5fda0000 - 0x5fdc1000 	C:\Windows\SYSTEM32\D3DSCache.dll
0x73cf0000 - 0x73d14000 	C:\Windows\SYSTEM32\USERENV.dll
0x56c50000 - 0x5a300000 	C:\Windows\System32\DriverStore\FileRepository\iigd_dch.inf_amd64_c73cfa60d516cb00\igd12dxva32.dll
0x5fd80000 - 0x5fd9e000 	C:\Windows\System32\DriverStore\FileRepository\iigd_dch.inf_amd64_c73cfa60d516cb00\igdinfo32.dll
0x71ae0000 - 0x71ccc000 	C:\Windows\SYSTEM32\twinapi.appcore.dll
0x5fd40000 - 0x5fd77000 	C:\Users\yara2\.openjfx\cache\17.0.6\glass.dll
0x75130000 - 0x751e1000 	C:\Windows\System32\COMDLG32.dll
0x76de0000 - 0x76ede000 	C:\Windows\System32\MSCTF.dll
0x5fd20000 - 0x5fd31000 	C:\Users\yara2\.openjfx\cache\17.0.6\javafx_font.dll
0x5fcf0000 - 0x5fd15000 	C:\Users\yara2\.openjfx\cache\17.0.6\javafx_iio.dll

dbghelp: loaded successfully - version: 4.0.5 - missing functions: none
symbol engine: initialized successfully - sym options: 0x614 - pdb path: .;C:\Program Files (x86)\Eclipse Adoptium\jdk-11.0.21.9-hotspot\bin;C:\Windows\SYSTEM32;C:\Windows\WinSxS\x86_microsoft.windows.common-controls_6595b64144ccf1df_6.0.22621.2506_none_6eb991c088050a06;C:\Program Files (x86)\Eclipse Adoptium\jdk-11.0.21.9-hotspot\bin\client;C:\Program Files\JetBrains\IntelliJ IDEA 2023.3.2\bin;C:\Users\yara2\.openjfx\cache\17.0.6;C:\Windows\System32\DriverStore\FileRepository\iigd_dch.inf_amd64_c73cfa60d516cb00;C:\Program Files (x86)\Common Files\Microsoft Shared\Ink

VM Arguments:
jvm_args: -javaagent:C:\Program Files\JetBrains\IntelliJ IDEA 2023.3.2\lib\idea_rt.jar=62661:C:\Program Files\JetBrains\IntelliJ IDEA 2023.3.2\bin -Dfile.encoding=UTF-8 --module-path=C:\Users\yara2\.m2\repository\org\openjfx\javafx-graphics\17.0.6\javafx-graphics-17.0.6-win-x86.jar;C:\Users\yara2\.m2\repository\com\gluonhq\charm-glisten\6.2.3\charm-glisten-6.2.3.jar;C:\Users\yara2\.m2\repository\org\openjfx\javafx-base\17.0.6\javafx-base-17.0.6-win-x86.jar;C:\Users\yara2\.m2\repository\com\gluonhq\attach\lifecycle\4.0.19\lifecycle-4.0.19.jar;C:\Users\yara2\.m2\repository\org\openjfx\javafx-fxml\17.0.6\javafx-fxml-17.0.6-win-x86.jar;C:\Users\yara2\.m2\repository\org\openjfx\javafx-controls\17.0.6\javafx-controls-17.0.6-win-x86.jar;C:\Users\yara2\.m2\repository\com\gluonhq\attach\util\4.0.19\util-4.0.19.jar;C:\Users\yara2\.m2\repository\org\kordamp\bootstrapfx\bootstrapfx-core\0.4.0\bootstrapfx-core-0.4.0.jar;C:\Users\yara2\.m2\repository\com\gluonhq\attach\display\4.0.19\display-4.0.19.jar;C:\Users\yara2\IdeaProjects\RentaPeliculas\target\classes -Djdk.module.main=com.yaravazquez.rentapeliculas 
java_command: com.yaravazquez.rentapeliculas/com.yaravazquez.rentapeliculas.App
java_class_path (initial): C:\Users\yara2\.m2\repository\org\openjfx\javafx-controls\17.0.6\javafx-controls-17.0.6.jar;C:\Users\yara2\.m2\repository\org\openjfx\javafx-graphics\17.0.6\javafx-graphics-17.0.6.jar;C:\Users\yara2\.m2\repository\org\openjfx\javafx-base\17.0.6\javafx-base-17.0.6.jar;C:\Users\yara2\.m2\repository\org\openjfx\javafx-fxml\17.0.6\javafx-fxml-17.0.6.jar
Launcher Type: SUN_STANDARD

[Global flags]
   size_t InitialHeapSize                          = 16777216                                  {product} {ergonomic}
   size_t MaxHeapSize                              = 268435456                                 {product} {ergonomic}
   size_t MaxNewSize                               = 89456640                                  {product} {ergonomic}
   size_t MinHeapDeltaBytes                        = 131072                                    {product} {ergonomic}
   size_t NewSize                                  = 5570560                                   {product} {ergonomic}
    uintx NonProfiledCodeHeapSize                  = 0                                      {pd product} {ergonomic}
   size_t OldSize                                  = 11206656                                  {product} {ergonomic}
    uintx ProfiledCodeHeapSize                     = 0                                      {pd product} {ergonomic}
     bool ThreadLocalHandshakes                    = false                                  {pd product} {ergonomic}
     bool UseLargePagesIndividualAllocation        = false                                  {pd product} {ergonomic}
     bool UseSerialGC                              = true                                      {product} {ergonomic}

Logging:
Log output configuration:
 #0: stdout all=warning uptime,level,tags
 #1: stderr all=off uptime,level,tags

Environment Variables:
PATH=C:\Program Files (x86)\Eclipse Adoptium\jdk-11.0.21.9-hotspot\bin;C:\Program Files (x86)\Eclipse Adoptium\jre-11.0.21.9-hotspot\bin;C:\Program Files (x86)\Common Files\Oracle\Java\javapath;C:\Windows\system32;C:\Windows;C:\Windows\System32\Wbem;C:\Windows\System32\WindowsPowerShell\v1.0\;C:\Windows\System32\OpenSSH\;C:\Program Files\Git\cmd;C:\Users\yara2\AppData\Local\Microsoft\WindowsApps;C:\Users\yara2\AppData\Local\Programs\Microsoft VS Code\bin;C:\Users\yara2\AppData\Local\GitHubDesktop\bin
USERNAME=yara2
OS=Windows_NT
PROCESSOR_IDENTIFIER=Intel64 Family 6 Model 186 Stepping 3, GenuineIntel
TMP=C:\Users\yara2\AppData\Local\Temp
TEMP=C:\Users\yara2\AppData\Local\Temp



---------------  S Y S T E M  ---------------

OS: Windows 11 , 64 bit Build 22621 (10.0.22621.3085)
OS uptime: 12 days 8:27 hours
Hyper-V role detected

CPU:total 12 (initial active 12) (6 cores per cpu, 2 threads per core) family 6 model 186 stepping 3 microcode 0x410e, cmov, cx8, fxsr, mmx, sse, sse2, sse3, ssse3, sse4.1, sse4.2, popcnt, avx, avx2, aes, clmul, erms, 3dnowpref, lzcnt, ht, tsc, tscinvbit, bmi1, bmi2, adx, sha, fma

Memory: 4k page, system-wide physical 16071M (4951M free)
TotalPageFile size 18503M (AvailPageFile size 4227M), user-mode portion of virtual address-space 2047M (1209M free)
current process WorkingSet (physical memory assigned to process): 227M, peak: 231M
current process commit charge ("private bytes"): 225M, peak: 229M

vm_info: OpenJDK Client VM (11.0.21+9) for windows-x86 JRE (11.0.21+9), built on Oct 17 2023 17:27:10 by "" with MS VC++ 15.9 (VS2017)

END.
