#
# A fatal error has been detected by the Java Runtime Environment:
#
#  EXCEPTION_ACCESS_VIOLATION (0xc0000005) at pc=0x66fa6c62, pid=7600, tid=17332
#
# JRE version: OpenJDK Runtime Environment Temurin-11.0.21+9 (11.0.21+9) (build 11.0.21+9)
# Java VM: OpenJDK Client VM Temurin-11.0.21+9 (11.0.21+9, mixed mode, serial gc, windows-x86)
# Problematic frame:
# C  [glass.dll+0x16c62]
#
# No core dump will be written. Minidumps are not enabled by default on client versions of Windows
#
# If you would like to submit a bug report, please visit:
#   https://github.com/adoptium/adoptium-support/issues
# The crash happened outside the Java Virtual Machine in native code.
# See problematic frame for where to report the bug.
#

---------------  S U M M A R Y ------------

Command Line: -javaagent:C:\Program Files\JetBrains\IntelliJ IDEA 2023.3.2\lib\idea_rt.jar=60533:C:\Program Files\JetBrains\IntelliJ IDEA 2023.3.2\bin -Dfile.encoding=UTF-8 --module-path=C:\Users\yara2\.m2\repository\org\openjfx\javafx-base\17.0.6\javafx-base-17.0.6-win-x86.jar;C:\Users\yara2\IdeaProjects\RentaPeliculas\target\classes;C:\Users\yara2\.m2\repository\org\kordamp\bootstrapfx\bootstrapfx-core\0.4.0\bootstrapfx-core-0.4.0.jar;C:\Users\yara2\.m2\repository\org\openjfx\javafx-graphics\17.0.6\javafx-graphics-17.0.6-win-x86.jar;C:\Users\yara2\.m2\repository\com\gluonhq\attach\util\4.0.19\util-4.0.19.jar;C:\Users\yara2\.m2\repository\com\gluonhq\attach\display\4.0.19\display-4.0.19.jar;C:\Users\yara2\.m2\repository\com\gluonhq\attach\lifecycle\4.0.19\lifecycle-4.0.19.jar;C:\Users\yara2\.m2\repository\org\openjfx\javafx-fxml\17.0.6\javafx-fxml-17.0.6-win-x86.jar;C:\Users\yara2\.m2\repository\com\gluonhq\charm-glisten\6.2.3\charm-glisten-6.2.3.jar;C:\Users\yara2\.m2\repository\org\openjfx\javafx-controls\17.0.6\javafx-controls-17.0.6-win-x86.jar -Djdk.module.main=com.yaravazquez.rentapeliculas com.yaravazquez.rentapeliculas/com.yaravazquez.rentapeliculas.App

Host: 13th Gen Intel(R) Core(TM) i7-1355U, 12 cores, 15G,  Windows 11 , 64 bit Build 22621 (10.0.22621.3085)
Time: Sun Feb 25 19:20:35 2024 Hora estándar central (México) elapsed time: 21.392720 seconds (0d 0h 0m 21s)

---------------  T H R E A D  ---------------

Current thread (0x15e9c000):  JavaThread "JavaFX Application Thread" [_thread_in_native, id=17332, stack(0x1b5d0000,0x1b620000)]

Stack: [0x1b5d0000,0x1b620000],  sp=0x1b61e6ac,  free space=313k
Native frames: (J=compiled Java code, A=aot compiled Java code, j=interpreted, Vv=VM code, C=native code)
C  [glass.dll+0x16c62]

Java frames: (J=compiled Java code, j=interpreted, Vv=VM code)
j  com.sun.glass.ui.win.WinWindow._close(J)Z+0 javafx.graphics
j  com.sun.glass.ui.Window.close()V+63 javafx.graphics
j  com.sun.glass.ui.win.WinWindow.close()V+8 javafx.graphics
j  com.sun.glass.ui.Application.terminate()V+75 javafx.graphics
j  com.sun.javafx.tk.quantum.QuantumToolkit.lambda$exit$13()Ljava/lang/Object;+5 javafx.graphics
j  com.sun.javafx.tk.quantum.QuantumToolkit$$Lambda$444.get()Ljava/lang/Object;+0 javafx.graphics
j  com.sun.javafx.tk.quantum.QuantumToolkit.runWithRenderLock(Ljava/util/function/Supplier;)Ljava/lang/Object;+7 javafx.graphics
j  com.sun.javafx.tk.quantum.QuantumToolkit.exit()V+26 javafx.graphics
j  com.sun.javafx.application.PlatformImpl.lambda$tkExit$16()V+3 javafx.graphics
j  com.sun.javafx.application.PlatformImpl$$Lambda$443.run()V+0 javafx.graphics
j  com.sun.javafx.application.PlatformImpl.lambda$runAndWait$12(Ljava/lang/Runnable;Ljava/util/concurrent/CountDownLatch;)V+1 javafx.graphics
j  com.sun.javafx.application.PlatformImpl$$Lambda$87.run()V+8 javafx.graphics
j  com.sun.javafx.application.PlatformImpl.lambda$runLater$10(Ljava/lang/Runnable;)Ljava/lang/Void;+1 javafx.graphics
j  com.sun.javafx.application.PlatformImpl$$Lambda$89.run()Ljava/lang/Object;+4 javafx.graphics
v  ~StubRoutines::call_stub
J 1306  java.security.AccessController.doPrivileged(Ljava/security/PrivilegedAction;Ljava/security/AccessControlContext;)Ljava/lang/Object; java.base@11.0.21 (0 bytes) @ 0x02e38887 [0x02e38820+0x00000067]
j  com.sun.javafx.application.PlatformImpl.lambda$runLater$11(Ljava/lang/Runnable;Ljava/security/AccessControlContext;)V+7 javafx.graphics
j  com.sun.javafx.application.PlatformImpl$$Lambda$88.run()V+8 javafx.graphics
j  com.sun.glass.ui.InvokeLaterDispatcher$Future.run()V+4 javafx.graphics
v  ~StubRoutines::call_stub
j  com.sun.glass.ui.win.WinApplication._runLoop(Ljava/lang/Runnable;)V+0 javafx.graphics
j  com.sun.glass.ui.win.WinApplication.lambda$runLoop$3(ILjava/lang/Runnable;)V+8 javafx.graphics
j  com.sun.glass.ui.win.WinApplication$$Lambda$77.run()V+12 javafx.graphics
j  java.lang.Thread.run()V+11 java.base@11.0.21
v  ~StubRoutines::call_stub

siginfo: EXCEPTION_ACCESS_VIOLATION (0xc0000005), reading address 0x000000b8


Register to memory mapping:

EIP=0x66fa6c62 glass.dll
EAX=0x0 is NULL
EBX=0x1b61e8e0 is pointing into the stack for thread: 0x15e9c000
ECX=0x0 is NULL
EDX=0x0 is NULL
ESP=0x1b61e6ac is pointing into the stack for thread: 0x15e9c000
EBP=0x1b61e6d8 is pointing into the stack for thread: 0x15e9c000
ESI=0x00000401 is an unknown value
EDI=0x0 is NULL


Registers:
EAX=0x00000000, EBX=0x1b61e8e0, ECX=0x00000000, EDX=0x00000000
ESP=0x1b61e6ac, EBP=0x1b61e6d8, ESI=0x00000401, EDI=0x00000000
EIP=0x66fa6c62, EFLAGS=0x00010206

Top of Stack: (sp=0x1b61e6ac)
0x1b61e6ac:   1b61e8e0 00000401 1b61e8e0 66f98df8
0x1b61e6bc:   9d15f8f4 15e44de8 003f06cc 00000401
0x1b61e6cc:   1b61e80c 66fb02b0 ffffffff 00000000
0x1b61e6dc:   66f91755 00000401 1b61e8e0 00000000
0x1b61e6ec:   00000401 003f06cc 1b61e724 66f916f0
0x1b61e6fc:   74db2e63 003f06cc 00000401 1b61e8e0
0x1b61e70c:   00000000 003f06cc dcbaabcd 66f916f0
0x1b61e71c:   00000401 003f06cc 1b61e81c 74da3c46 

Instructions: (pc=0x66fa6c62)
0x66fa6b62:   21 56 e8 47 42 00 00 ff 35 e8 03 fc 66 8b f0 ff
0x66fa6b72:   77 68 56 e8 96 de fe ff 56 e8 a0 41 00 00 83 c4
0x66fa6b82:   10 5e c7 05 a4 03 fc 66 00 00 00 00 5f c3 83 ec
0x66fa6b92:   24 a1 ec e0 fb 66 33 c4 89 44 24 20 8b 44 24 28
0x66fa6ba2:   53 89 44 24 04 8b d9 8b 44 24 30 89 44 24 08 8b
0x66fa6bb2:   44 24 38 55 89 44 24 10 8b 44 24 38 56 89 83 84
0x66fa6bc2:   00 00 00 8b 44 24 0c 89 5c 24 18 bb 00 00 00 80
0x66fa6bd2:   8b eb 8b f3 57 8b fb 85 c0 79 29 8d 44 24 20 50
0x66fa6be2:   e8 29 aa fe ff 83 c4 04 85 c0 8b 44 24 10 74 14
0x66fa6bf2:   8b 74 24 28 8b 5c 24 20 2b f3 8b 7c 24 2c 8b 6c
0x66fa6c02:   24 24 2b fd 6a 00 50 ff 74 24 1c 68 d8 23 fb 66
0x66fa6c12:   57 56 8b 74 24 34 8b ce 55 53 ff 74 24 38 e8 db
0x66fa6c22:   a7 fe ff 8b f8 8d 4e 14 57 e8 40 64 00 00 57 8d
0x66fa6c32:   4e 14 e8 c7 64 00 00 8b 4c 24 30 8b c7 5f 5e 5d
0x66fa6c42:   5b 33 cc e8 ae 7a 00 00 83 c4 24 c2 10 00 53 8b
0x66fa6c52:   d9 56 57 ff 73 08 e8 93 a9 fe ff 8b f8 83 c4 04
0x66fa6c62:   8b 87 b8 00 00 00 85 c0 75 03 8b 47 04 3b 05 a4
0x66fa6c72:   03 fc 66 75 29 e8 34 41 00 00 ff 35 e8 03 fc 66
0x66fa6c82:   8b f0 ff 77 68 56 e8 83 dd fe ff 56 e8 8d 40 00
0x66fa6c92:   00 83 c4 10 c7 05 a4 03 fc 66 00 00 00 00 8d 4f
0x66fa6ca2:   14 e8 b8 69 00 00 8d 4f 14 e8 e0 69 00 00 ff 73
0x66fa6cb2:   08 ff 15 f8 fe fb 66 85 c0 5f 0f 95 c0 5e 88 43
0x66fa6cc2:   04 5b c3 cc cc cc cc cc cc cc cc cc cc cc 55 8b
0x66fa6cd2:   ec 6a ff 68 f7 11 fb 66 64 a1 00 00 00 00 50 83
0x66fa6ce2:   ec 08 53 56 57 a1 ec e0 fb 66 33 c5 50 8d 45 f4
0x66fa6cf2:   64 a3 00 00 00 00 8b f9 ff 77 18 ff 15 60 ff fb
0x66fa6d02:   66 85 c0 75 13 0f 57 c0 66 0f 13 45 ec 8b 55 f0
0x66fa6d12:   8b 45 ec e9 a7 00 00 00 68 dc 00 00 00 e8 96 79
0x66fa6d22:   00 00 83 c4 04 89 45 f0 c7 45 fc 00 00 00 00 85
0x66fa6d32:   c0 74 19 ff 77 18 8b c8 6a 01 6a 00 6a 00 6a 00
0x66fa6d42:   ff 77 10 e8 a6 f9 ff ff 8b d8 eb 02 33 db ff 77
0x66fa6d52:   18 8b cb c7 45 fc ff ff ff ff 6a 00 68 00 00 10 


Stack slot to memory mapping:
stack at sp + 0 slots: 0x1b61e8e0 is pointing into the stack for thread: 0x15e9c000
stack at sp + 1 slots: 0x00000401 is an unknown value
stack at sp + 2 slots: 0x1b61e8e0 is pointing into the stack for thread: 0x15e9c000
stack at sp + 3 slots: 0x66f98df8 glass.dll
stack at sp + 4 slots: 0x9d15f8f4 is an unknown value
stack at sp + 5 slots: 0x15e44de8 points into unknown readable memory: 0x66fb319c | 9c 31 fb 66
stack at sp + 6 slots: 0x003f06cc is an unknown value
stack at sp + 7 slots: 0x00000401 is an unknown value


---------------  P R O C E S S  ---------------

Threads class SMR info:
_java_thread_list=0x163055c0, length=17, elements={
0x02b4ec00, 0x02c14000, 0x02c15800, 0x14e31000,
0x02c23800, 0x02c24400, 0x02c25800, 0x02c28c00,
0x14eb6000, 0x14ffe000, 0x15651000, 0x15e87800,
0x15e9c000, 0x15fab400, 0x15fb2000, 0x16293800,
0x16325c00
}

Java Threads: ( => current thread )
  0x02b4ec00 JavaThread "main" [_thread_blocked, id=21276, stack(0x00a70000,0x00ac0000)]
  0x02c14000 JavaThread "Reference Handler" daemon [_thread_blocked, id=3324, stack(0x02ac0000,0x02b10000)]
  0x02c15800 JavaThread "Finalizer" daemon [_thread_blocked, id=22368, stack(0x04c70000,0x04cc0000)]
  0x14e31000 JavaThread "Signal Dispatcher" daemon [_thread_blocked, id=11908, stack(0x15040000,0x15090000)]
  0x02c23800 JavaThread "Attach Listener" daemon [_thread_blocked, id=5700, stack(0x150d0000,0x15120000)]
  0x02c24400 JavaThread "Service Thread" daemon [_thread_blocked, id=24760, stack(0x15160000,0x151b0000)]
  0x02c25800 JavaThread "C1 CompilerThread0" daemon [_thread_blocked, id=15184, stack(0x151f0000,0x15240000)]
  0x02c28c00 JavaThread "Sweeper thread" daemon [_thread_blocked, id=16960, stack(0x15280000,0x152d0000)]
  0x14eb6000 JavaThread "Common-Cleaner" daemon [_thread_blocked, id=25420, stack(0x15310000,0x15360000)]
  0x14ffe000 JavaThread "Monitor Ctrl-Break" daemon [_thread_in_native, id=9596, stack(0x157a0000,0x157f0000)]
  0x15651000 JavaThread "QuantumRenderer-0" daemon [_thread_blocked, id=20532, stack(0x15ac0000,0x15b10000)]
  0x15e87800 JavaThread "InvokeLaterDispatcher" daemon [_thread_blocked, id=11184, stack(0x1b440000,0x1b490000)]
=>0x15e9c000 JavaThread "JavaFX Application Thread" [_thread_in_native, id=17332, stack(0x1b5d0000,0x1b620000)]
  0x15fab400 JavaThread "Thread-1" daemon [_thread_in_native, id=19660, stack(0x1fa20000,0x1fa70000)]
  0x15fb2000 JavaThread "JavaFX-Launcher" [_thread_blocked, id=25580, stack(0x1fab0000,0x1fb00000)]
  0x16293800 JavaThread "Prism Font Disposer" daemon [_thread_blocked, id=3244, stack(0x21e90000,0x21ee0000)]
  0x16325c00 JavaThread "Cleaner-0" daemon [_thread_blocked, id=13332, stack(0x22820000,0x22870000)]

Other Threads:
  0x02c00c00 VMThread "VM Thread" [stack: 0x02a30000,0x02a80000] [id=7232]
  0x15373400 WatcherThread [stack: 0x15830000,0x15880000] [id=10800]

Threads with active compile tasks:

VM state:not at safepoint (normal execution)

VM Mutex/Monitor currently owned by a thread: None

Heap:
 def new generation   total 12160K, used 5041K [0x04e00000, 0x05b30000, 0x0a350000)
  eden space 10816K,  46% used [0x04e00000, 0x052ec4f8, 0x05890000)
  from space 1344K,   0% used [0x05890000, 0x05890000, 0x059e0000)
  to   space 1344K,   0% used [0x059e0000, 0x059e0000, 0x05b30000)
 tenured generation   total 26944K, used 16165K [0x0a350000, 0x0bda0000, 0x14e00000)
   the space 26944K,  59% used [0x0a350000, 0x0b319700, 0x0b319800, 0x0bda0000)
 Metaspace       used 15095K, capacity 15413K, committed 15488K, reserved 15744K

Card table byte_map: [0x024a0000,0x02530000] _byte_map_base: 0x02479000

Polling page: 0x00ac0000

Metaspace:

Usage:
   15.05 MB capacity,    14.74 MB ( 98%) used,   215.53 KB (  1%) free+waste,   101.64 KB ( <1%) overhead. 

Virtual space:
     15.38 MB reserved,      15.13 MB ( 98%) committed 

Chunk freelists:
11.00 KB

MaxMetaspaceSize: 4.00 GB
No class space
Initial GC threshold: 12.00 MB
Current GC threshold: 24.38 MB
CDS: off

CodeCache: size=32768Kb used=2204Kb max_used=2204Kb free=30563Kb
 bounds [0x02c30000, 0x02e58000, 0x04c30000]
 total_blobs=1846 nmethods=1414 adapters=365
 compilation: enabled
              stopped_count=0, restarted_count=0
 full_count=0

Compilation events (20 events):
Event: 21.067 Thread 0x02c25800 1404             com.sun.javafx.geom.BaseBounds::<init> (5 bytes)
Event: 21.067 Thread 0x02c25800 nmethod 1404 0x02e51f48 code [0x02e52050, 0x02e520d0]
Event: 21.262 Thread 0x02c25800 1406             jdk.internal.org.objectweb.asm.MethodWriter::visitLabel (321 bytes)
Event: 21.263 Thread 0x02c25800 nmethod 1406 0x02e523c8 code [0x02e52520, 0x02e528c4]
Event: 21.264 Thread 0x02c25800 1407             jdk.internal.org.objectweb.asm.MethodWriter::noSuccessor (95 bytes)
Event: 21.264 Thread 0x02c25800 nmethod 1407 0x02e52ac8 code [0x02e52bf0, 0x02e52ddc]
Event: 21.264 Thread 0x02c25800 1408             jdk.internal.org.objectweb.asm.MethodWriter::visitEnd (1 bytes)
Event: 21.264 Thread 0x02c25800 nmethod 1408 0x02e52ec8 code [0x02e52fd0, 0x02e53050]
Event: 21.264 Thread 0x02c25800 1409             jdk.internal.org.objectweb.asm.MethodWriter::getSize (838 bytes)
Event: 21.267 Thread 0x02c25800 nmethod 1409 0x02e53088 code [0x02e53360, 0x02e53de4]
Event: 21.267 Thread 0x02c25800 1410             java.lang.invoke.ClassSpecializer$SpeciesData::fieldCount (10 bytes)
Event: 21.267 Thread 0x02c25800 nmethod 1410 0x02e549c8 code [0x02e54ae0, 0x02e54b7c]
Event: 21.336 Thread 0x02c25800 1411             java.lang.invoke.LambdaFormBuffer::changeName (149 bytes)
Event: 21.337 Thread 0x02c25800 nmethod 1411 0x02e54bc8 code [0x02e54cf0, 0x02e54e9c]
Event: 21.339 Thread 0x02c25800 1412             jdk.internal.misc.VM::initLevel (4 bytes)
Event: 21.339 Thread 0x02c25800 nmethod 1412 0x02e54fc8 code [0x02e550d0, 0x02e55150]
Event: 21.339 Thread 0x02c25800 1413             jdk.internal.misc.VM::isModuleSystemInited (13 bytes)
Event: 21.339 Thread 0x02c25800 nmethod 1413 0x02e55188 code [0x02e55290, 0x02e55320]
Event: 21.340 Thread 0x02c25800 1414             sun.nio.cs.UTF_8$Encoder::encodeArrayLoop (489 bytes)
Event: 21.342 Thread 0x02c25800 nmethod 1414 0x02e55388 code [0x02e55710, 0x02e564c4]

GC Heap History (20 events):
Event: 1.018 GC heap before
{Heap before GC invocations=5 (full 0):
 def new generation   total 4928K, used 4826K [0x04e00000, 0x05350000, 0x0a350000)
  eden space 4416K, 100% used [0x04e00000, 0x05250000, 0x05250000)
  from space 512K,  80% used [0x052d0000, 0x05336958, 0x05350000)
  to   space 512K,   0% used [0x05250000, 0x05250000, 0x052d0000)
 tenured generation   total 10944K, used 2191K [0x0a350000, 0x0ae00000, 0x14e00000)
   the space 10944K,  20% used [0x0a350000, 0x0a573df8, 0x0a573e00, 0x0ae00000)
 Metaspace       used 8964K, capacity 9087K, committed 9088K, reserved 9600K
}
Event: 1.020 GC heap after
{Heap after GC invocations=6 (full 0):
 def new generation   total 4928K, used 512K [0x04e00000, 0x05350000, 0x0a350000)
  eden space 4416K,   0% used [0x04e00000, 0x04e00000, 0x05250000)
  from space 512K, 100% used [0x05250000, 0x052d0000, 0x052d0000)
  to   space 512K,   0% used [0x052d0000, 0x052d0000, 0x05350000)
 tenured generation   total 10944K, used 2592K [0x0a350000, 0x0ae00000, 0x14e00000)
   the space 10944K,  23% used [0x0a350000, 0x0a5d81c8, 0x0a5d8200, 0x0ae00000)
 Metaspace       used 8964K, capacity 9087K, committed 9088K, reserved 9600K
}
Event: 1.143 GC heap before
{Heap before GC invocations=6 (full 0):
 def new generation   total 4928K, used 4923K [0x04e00000, 0x05350000, 0x0a350000)
  eden space 4416K,  99% used [0x04e00000, 0x0524ec20, 0x05250000)
  from space 512K, 100% used [0x05250000, 0x052d0000, 0x052d0000)
  to   space 512K,   0% used [0x052d0000, 0x052d0000, 0x05350000)
 tenured generation   total 10944K, used 2592K [0x0a350000, 0x0ae00000, 0x14e00000)
   the space 10944K,  23% used [0x0a350000, 0x0a5d81c8, 0x0a5d8200, 0x0ae00000)
 Metaspace       used 10614K, capacity 10768K, committed 10880K, reserved 11648K
}
Event: 1.148 GC heap after
{Heap after GC invocations=7 (full 0):
 def new generation   total 4928K, used 512K [0x04e00000, 0x05350000, 0x0a350000)
  eden space 4416K,   0% used [0x04e00000, 0x04e00000, 0x05250000)
  from space 512K, 100% used [0x052d0000, 0x05350000, 0x05350000)
  to   space 512K,   0% used [0x05250000, 0x05250000, 0x052d0000)
 tenured generation   total 10944K, used 3570K [0x0a350000, 0x0ae00000, 0x14e00000)
   the space 10944K,  32% used [0x0a350000, 0x0a6cc908, 0x0a6cca00, 0x0ae00000)
 Metaspace       used 10614K, capacity 10768K, committed 10880K, reserved 11648K
}
Event: 1.215 GC heap before
{Heap before GC invocations=7 (full 0):
 def new generation   total 4928K, used 4928K [0x04e00000, 0x05350000, 0x0a350000)
  eden space 4416K, 100% used [0x04e00000, 0x05250000, 0x05250000)
  from space 512K, 100% used [0x052d0000, 0x05350000, 0x05350000)
  to   space 512K,   0% used [0x05250000, 0x05250000, 0x052d0000)
 tenured generation   total 10944K, used 3570K [0x0a350000, 0x0ae00000, 0x14e00000)
   the space 10944K,  32% used [0x0a350000, 0x0a6cc908, 0x0a6cca00, 0x0ae00000)
 Metaspace       used 11068K, capacity 11258K, committed 11264K, reserved 11648K
}
Event: 1.219 GC heap after
{Heap after GC invocations=8 (full 0):
 def new generation   total 4928K, used 512K [0x04e00000, 0x05350000, 0x0a350000)
  eden space 4416K,   0% used [0x04e00000, 0x04e00000, 0x05250000)
  from space 512K, 100% used [0x05250000, 0x052d0000, 0x052d0000)
  to   space 512K,   0% used [0x052d0000, 0x052d0000, 0x05350000)
 tenured generation   total 10944K, used 4685K [0x0a350000, 0x0ae00000, 0x14e00000)
   the space 10944K,  42% used [0x0a350000, 0x0a7e34f0, 0x0a7e3600, 0x0ae00000)
 Metaspace       used 11068K, capacity 11258K, committed 11264K, reserved 11648K
}
Event: 1.288 GC heap before
{Heap before GC invocations=8 (full 0):
 def new generation   total 4928K, used 3186K [0x04e00000, 0x05350000, 0x0a350000)
  eden space 4416K,  60% used [0x04e00000, 0x0509c818, 0x05250000)
  from space 512K, 100% used [0x05250000, 0x052d0000, 0x052d0000)
  to   space 512K,   0% used [0x052d0000, 0x052d0000, 0x05350000)
 tenured generation   total 10944K, used 4685K [0x0a350000, 0x0ae00000, 0x14e00000)
   the space 10944K,  42% used [0x0a350000, 0x0a7e34f0, 0x0a7e3600, 0x0ae00000)
 Metaspace       used 11512K, capacity 11685K, committed 11776K, reserved 12672K
}
Event: 1.291 GC heap after
{Heap after GC invocations=9 (full 0):
 def new generation   total 4928K, used 159K [0x04e00000, 0x05350000, 0x0a350000)
  eden space 4416K,   0% used [0x04e00000, 0x04e00000, 0x05250000)
  from space 512K,  31% used [0x052d0000, 0x052f7e88, 0x05350000)
  to   space 512K,   0% used [0x05250000, 0x05250000, 0x052d0000)
 tenured generation   total 10944K, used 5705K [0x0a350000, 0x0ae00000, 0x14e00000)
   the space 10944K,  52% used [0x0a350000, 0x0a8e2710, 0x0a8e2800, 0x0ae00000)
 Metaspace       used 11512K, capacity 11685K, committed 11776K, reserved 12672K
}
Event: 1.340 GC heap before
{Heap before GC invocations=9 (full 0):
 def new generation   total 4928K, used 4575K [0x04e00000, 0x05350000, 0x0a350000)
  eden space 4416K, 100% used [0x04e00000, 0x05250000, 0x05250000)
  from space 512K,  31% used [0x052d0000, 0x052f7e88, 0x05350000)
  to   space 512K,   0% used [0x05250000, 0x05250000, 0x052d0000)
 tenured generation   total 10944K, used 5705K [0x0a350000, 0x0ae00000, 0x14e00000)
   the space 10944K,  52% used [0x0a350000, 0x0a8e2710, 0x0a8e2800, 0x0ae00000)
 Metaspace       used 11784K, capacity 11976K, committed 12032K, reserved 12672K
}
Event: 1.343 GC heap after
{Heap after GC invocations=10 (full 0):
 def new generation   total 4928K, used 207K [0x04e00000, 0x05350000, 0x0a350000)
  eden space 4416K,   0% used [0x04e00000, 0x04e00000, 0x05250000)
  from space 512K,  40% used [0x05250000, 0x05283fc8, 0x052d0000)
  to   space 512K,   0% used [0x052d0000, 0x052d0000, 0x05350000)
 tenured generation   total 10944K, used 8519K [0x0a350000, 0x0ae00000, 0x14e00000)
   the space 10944K,  77% used [0x0a350000, 0x0aba1dd0, 0x0aba1e00, 0x0ae00000)
 Metaspace       used 11784K, capacity 11976K, committed 12032K, reserved 12672K
}
Event: 1.380 GC heap before
{Heap before GC invocations=10 (full 0):
 def new generation   total 4928K, used 1980K [0x04e00000, 0x05350000, 0x0a350000)
  eden space 4416K,  40% used [0x04e00000, 0x04fbb380, 0x05250000)
  from space 512K,  40% used [0x05250000, 0x05283fc8, 0x052d0000)
  to   space 512K,   0% used [0x052d0000, 0x052d0000, 0x05350000)
 tenured generation   total 10944K, used 8519K [0x0a350000, 0x0ae00000, 0x14e00000)
   the space 10944K,  77% used [0x0a350000, 0x0aba1dd0, 0x0aba1e00, 0x0ae00000)
 Metaspace       used 12087K, capacity 12264K, committed 12288K, reserved 12672K
}
Event: 1.396 GC heap after
{Heap after GC invocations=11 (full 1):
 def new generation   total 6720K, used 0K [0x04e00000, 0x05540000, 0x0a350000)
  eden space 6016K,   0% used [0x04e00000, 0x04e00000, 0x053e0000)
  from space 704K,   0% used [0x053e0000, 0x053e0000, 0x05490000)
  to   space 704K,   0% used [0x05490000, 0x05490000, 0x05540000)
 tenured generation   total 14712K, used 8826K [0x0a350000, 0x0b1ae000, 0x14e00000)
   the space 14712K,  59% used [0x0a350000, 0x0abee880, 0x0abeea00, 0x0b1ae000)
 Metaspace       used 12087K, capacity 12264K, committed 12288K, reserved 12672K
}
Event: 1.590 GC heap before
{Heap before GC invocations=11 (full 1):
 def new generation   total 6720K, used 6016K [0x04e00000, 0x05540000, 0x0a350000)
  eden space 6016K, 100% used [0x04e00000, 0x053e0000, 0x053e0000)
  from space 704K,   0% used [0x053e0000, 0x053e0000, 0x05490000)
  to   space 704K,   0% used [0x05490000, 0x05490000, 0x05540000)
 tenured generation   total 14712K, used 8826K [0x0a350000, 0x0b1ae000, 0x14e00000)
   the space 14712K,  59% used [0x0a350000, 0x0abee880, 0x0abeea00, 0x0b1ae000)
 Metaspace       used 12787K, capacity 12990K, committed 13056K, reserved 13696K
}
Event: 1.593 GC heap after
{Heap after GC invocations=12 (full 1):
 def new generation   total 6720K, used 704K [0x04e00000, 0x05540000, 0x0a350000)
  eden space 6016K,   0% used [0x04e00000, 0x04e00000, 0x053e0000)
  from space 704K, 100% used [0x05490000, 0x05540000, 0x05540000)
  to   space 704K,   0% used [0x053e0000, 0x053e0000, 0x05490000)
 tenured generation   total 14712K, used 8884K [0x0a350000, 0x0b1ae000, 0x14e00000)
   the space 14712K,  60% used [0x0a350000, 0x0abfd148, 0x0abfd200, 0x0b1ae000)
 Metaspace       used 12787K, capacity 12990K, committed 13056K, reserved 13696K
}
Event: 1.758 GC heap before
{Heap before GC invocations=12 (full 1):
 def new generation   total 6720K, used 5854K [0x04e00000, 0x05540000, 0x0a350000)
  eden space 6016K,  85% used [0x04e00000, 0x05307aa8, 0x053e0000)
  from space 704K, 100% used [0x05490000, 0x05540000, 0x05540000)
  to   space 704K,   0% used [0x053e0000, 0x053e0000, 0x05490000)
 tenured generation   total 14712K, used 8884K [0x0a350000, 0x0b1ae000, 0x14e00000)
   the space 14712K,  60% used [0x0a350000, 0x0abfd148, 0x0abfd200, 0x0b1ae000)
 Metaspace       used 13704K, capacity 13906K, committed 13952K, reserved 14720K
}
Event: 1.764 GC heap after
{Heap after GC invocations=13 (full 1):
 def new generation   total 6720K, used 704K [0x04e00000, 0x05540000, 0x0a350000)
  eden space 6016K,   0% used [0x04e00000, 0x04e00000, 0x053e0000)
  from space 704K, 100% used [0x053e0000, 0x05490000, 0x05490000)
  to   space 704K,   0% used [0x05490000, 0x05490000, 0x05540000)
 tenured generation   total 14712K, used 9601K [0x0a350000, 0x0b1ae000, 0x14e00000)
   the space 14712K,  65% used [0x0a350000, 0x0acb06b8, 0x0acb0800, 0x0b1ae000)
 Metaspace       used 13704K, capacity 13906K, committed 13952K, reserved 14720K
}
Event: 5.776 GC heap before
{Heap before GC invocations=13 (full 1):
 def new generation   total 6720K, used 6720K [0x04e00000, 0x05540000, 0x0a350000)
  eden space 6016K, 100% used [0x04e00000, 0x053e0000, 0x053e0000)
  from space 704K, 100% used [0x053e0000, 0x05490000, 0x05490000)
  to   space 704K,   0% used [0x05490000, 0x05490000, 0x05540000)
 tenured generation   total 14712K, used 9601K [0x0a350000, 0x0b1ae000, 0x14e00000)
   the space 14712K,  65% used [0x0a350000, 0x0acb06b8, 0x0acb0800, 0x0b1ae000)
 Metaspace       used 14043K, capacity 14284K, committed 14336K, reserved 14720K
}
Event: 5.783 GC heap after
{Heap after GC invocations=14 (full 1):
 def new generation   total 6720K, used 333K [0x04e00000, 0x05540000, 0x0a350000)
  eden space 6016K,   0% used [0x04e00000, 0x04e00000, 0x053e0000)
  from space 704K,  47% used [0x05490000, 0x054e3748, 0x05540000)
  to   space 704K,   0% used [0x053e0000, 0x053e0000, 0x05490000)
 tenured generation   total 14712K, used 13431K [0x0a350000, 0x0b1ae000, 0x14e00000)
   the space 14712K,  91% used [0x0a350000, 0x0b06df88, 0x0b06e000, 0x0b1ae000)
 Metaspace       used 14043K, capacity 14284K, committed 14336K, reserved 14720K
}
Event: 5.909 GC heap before
{Heap before GC invocations=14 (full 1):
 def new generation   total 6720K, used 6349K [0x04e00000, 0x05540000, 0x0a350000)
  eden space 6016K, 100% used [0x04e00000, 0x053e0000, 0x053e0000)
  from space 704K,  47% used [0x05490000, 0x054e3748, 0x05540000)
  to   space 704K,   0% used [0x053e0000, 0x053e0000, 0x05490000)
 tenured generation   total 14712K, used 13431K [0x0a350000, 0x0b1ae000, 0x14e00000)
   the space 14712K,  91% used [0x0a350000, 0x0b06df88, 0x0b06e000, 0x0b1ae000)
 Metaspace       used 14604K, capacity 14898K, committed 14976K, reserved 15744K
}
Event: 5.935 GC heap after
{Heap after GC invocations=15 (full 2):
 def new generation   total 12160K, used 0K [0x04e00000, 0x05b30000, 0x0a350000)
  eden space 10816K,   0% used [0x04e00000, 0x04e00000, 0x05890000)
  from space 1344K,   0% used [0x05890000, 0x05890000, 0x059e0000)
  to   space 1344K,   0% used [0x059e0000, 0x059e0000, 0x05b30000)
 tenured generation   total 26944K, used 16165K [0x0a350000, 0x0bda0000, 0x14e00000)
   the space 26944K,  59% used [0x0a350000, 0x0b319700, 0x0b319800, 0x0bda0000)
 Metaspace       used 14604K, capacity 14898K, committed 14976K, reserved 15744K
}

Deoptimization events (8 events):
Event: 1.511 Thread 0x15e9c000 DEOPT PACKING pc=0x02d5750f sp=0x1b61df90
Event: 1.511 Thread 0x15e9c000 DEOPT UNPACKING pc=0x02c6c187 sp=0x1b61deb0 mode 3
Event: 1.517 Thread 0x15e9c000 DEOPT PACKING pc=0x02d857b1 sp=0x1b61e110
Event: 1.517 Thread 0x15e9c000 DEOPT UNPACKING pc=0x02c6c187 sp=0x1b61e034 mode 3
Event: 1.789 Thread 0x15651000 DEOPT PACKING pc=0x02dd81fd sp=0x15b0e8f0
Event: 1.789 Thread 0x15651000 DEOPT UNPACKING pc=0x02c6c187 sp=0x15b0e81c mode 3
Event: 3.223 Thread 0x15e9c000 DEOPT PACKING pc=0x02df400c sp=0x1b61d410
Event: 3.223 Thread 0x15e9c000 DEOPT UNPACKING pc=0x02c6c187 sp=0x1b61d2b8 mode 3

Classes redefined (0 events):
No events

Internal exceptions (20 events):
Event: 1.078 Thread 0x15e9c000 Exception <a 'java/lang/ClassNotFoundException'{0x04f409c8}: sun/util/logging/resources/spi/loggingProvider> (0x04f409c8) thrown at [s\src\hotspot\share\classfile\systemDictionary.cpp, line 230]
Event: 1.125 Thread 0x15e9c000 Exception <a 'java/lang/ClassNotFoundException'{0x05177cc0}: com/sun/glass/ui/win/themes> (0x05177cc0) thrown at [s\src\hotspot\share\prims\jni.cpp, line 638]
Event: 1.126 Thread 0x15e9c000 Exception <a 'java/lang/ClassNotFoundException'{0x05179ca0}: com/sun/glass/ui/win/themes_es> (0x05179ca0) thrown at [s\src\hotspot\share\prims\jni.cpp, line 638]
Event: 1.126 Thread 0x15e9c000 Exception <a 'java/lang/ClassNotFoundException'{0x05187ac0}: com/sun/glass/ui/win/themes_es_MX> (0x05187ac0) thrown at [s\src\hotspot\share\prims\jni.cpp, line 638]
Event: 1.211 Thread 0x15e9c000 Exception <a 'java/lang/NoSuchMethodError'{0x0522ab10}: 'void java.lang.invoke.DirectMethodHandle$Holder.invokeStaticInit(java.lang.Object, java.lang.Object)'> (0x0522ab10) thrown at [s\src\hotspot\share\interpreter\linkResolver.cpp, line 773]
Event: 1.269 Thread 0x15e9c000 Exception <a 'java/lang/NoSuchMethodError'{0x05010920}: 'void java.lang.invoke.DirectMethodHandle$Holder.invokeSpecial(java.lang.Object, java.lang.Object, java.lang.Object, java.lang.Object, java.lang.Object)'> (0x05010920) thrown at [s\src\hotspot\share\interpreter\linkResolver.cpp, line 773]
Event: 1.517 Thread 0x15e9c000 Implicit null exception at 0x02d844cc to 0x02d857ac
Event: 1.571 Thread 0x15e9c000 Exception <a 'java/lang/NoSuchMethodError'{0x05343b10}: 'java.lang.Object java.lang.invoke.Invokers$Holder.linkToTargetMethod(java.lang.Object, int, java.lang.Object)'> (0x05343b10) thrown at [s\src\hotspot\share\interpreter\linkResolver.cpp, line 773]
Event: 1.596 Thread 0x15e9c000 Exception <a 'java/lang/NoSuchMethodError'{0x04e17de8}: 'java.lang.Object java.lang.invoke.DirectMethodHandle$Holder.invokeInterface(java.lang.Object, java.lang.Object, java.lang.Object)'> (0x04e17de8) thrown at [s\src\hotspot\share\interpreter\linkResolver.cpp, line 773]
Event: 1.597 Thread 0x15e9c000 Exception <a 'java/lang/IncompatibleClassChangeError'{0x04e1aba8}: Found class java.lang.Object, but interface was expected> (0x04e1aba8) thrown at [s\src\hotspot\share\interpreter\linkResolver.cpp, line 839]
Event: 1.679 Thread 0x15651000 Exception <a 'java/lang/NoSuchMethodError'{0x050230b0}: 'int java.lang.invoke.DirectMethodHandle$Holder.invokeStaticInit(java.lang.Object, java.lang.Object)'> (0x050230b0) thrown at [s\src\hotspot\share\interpreter\linkResolver.cpp, line 773]
Event: 2.962 Thread 0x15e9c000 Exception <a 'java/lang/NoSuchMethodError'{0x050b9e58}: 'long java.lang.invoke.DirectMethodHandle$Holder.invokeStaticInit(java.lang.Object, java.lang.Object, java.lang.Object)'> (0x050b9e58) thrown at [s\src\hotspot\share\interpreter\linkResolver.cpp, line 773]
Event: 2.965 Thread 0x15e9c000 Exception <a 'java/lang/NoSuchMethodError'{0x050d0808}: 'java.lang.Object java.lang.invoke.DirectMethodHandle$Holder.invokeStatic(java.lang.Object, java.lang.Object, long)'> (0x050d0808) thrown at [s\src\hotspot\share\interpreter\linkResolver.cpp, line 773]
Event: 2.965 Thread 0x15e9c000 Exception <a 'java/lang/NoSuchMethodError'{0x050d6258}: 'java.lang.Object java.lang.invoke.Invokers$Holder.linkToTargetMethod(java.lang.Object, long, java.lang.Object)'> (0x050d6258) thrown at [s\src\hotspot\share\interpreter\linkResolver.cpp, line 773]
Event: 5.865 Thread 0x15e9c000 Exception <a 'java/lang/ClassNotFoundException'{0x051cdb08}: com/sun/javafx/scene/control/skin/resources/controls> (0x051cdb08) thrown at [s\src\hotspot\share\prims\jni.cpp, line 638]
Event: 5.865 Thread 0x15e9c000 Exception <a 'java/lang/ClassNotFoundException'{0x051db678}: com/sun/javafx/scene/control/skin/resources/controls_es> (0x051db678) thrown at [s\src\hotspot\share\prims\jni.cpp, line 638]
Event: 5.866 Thread 0x15e9c000 Exception <a 'java/lang/ClassNotFoundException'{0x051e8f28}: com/sun/javafx/scene/control/skin/resources/controls_es_MX> (0x051e8f28) thrown at [s\src\hotspot\share\prims\jni.cpp, line 638]
Event: 5.899 Thread 0x15e9c000 Exception <a 'java/lang/NoSuchMethodError'{0x05342a10}: 'void java.lang.invoke.DirectMethodHandle$Holder.invokeSpecial(java.lang.Object, java.lang.Object, java.lang.Object, java.lang.Object, java.lang.Object, java.lang.Object)'> (0x05342a10) thrown at [s\src\hotspot\share\interpreter\linkResolver.cpp, line 773]
Event: 21.054 Thread 0x15651000 Exception <a 'java/lang/NoSuchMethodError'{0x051bbab8}: 'java.lang.Object java.lang.invoke.DirectMethodHandle$Holder.invokeStaticInit(java.lang.Object, int)'> (0x051bbab8) thrown at [s\src\hotspot\share\interpreter\linkResolver.cpp, line 773]
Event: 21.338 Thread 0x15e9c000 Exception <a 'java/lang/IllegalArgumentException'{0x0524a540}> (0x0524a540) thrown at [s\src\hotspot\share\prims\jvm.cpp, line 1310]

Events (20 events):
Event: 20.082 loading class com/sun/javafx/tk/quantum/GlassScene
Event: 20.082 loading class com/sun/javafx/tk/quantum/GlassScene done
Event: 20.082 loading class com/sun/javafx/tk/quantum/WindowStage
Event: 20.082 loading class com/sun/javafx/tk/quantum/WindowStage done
Event: 20.083 loading class com/sun/prism/GraphicsResource
Event: 20.083 loading class com/sun/prism/GraphicsResource done
Event: 20.083 loading class com/sun/prism/GraphicsResource
Event: 20.083 loading class com/sun/prism/GraphicsResource done
Event: 20.083 loading class com/sun/javafx/tk/quantum/ViewScene
Event: 20.083 loading class com/sun/javafx/tk/quantum/ViewScene done
Event: 20.084 loading class com/sun/javafx/tk/quantum/WindowStage
Event: 20.084 loading class com/sun/javafx/tk/quantum/WindowStage done
Event: 21.261 loading class javafx/application/Application
Event: 21.261 loading class javafx/application/Application done
Event: 21.261 loading class javafx/application/Application
Event: 21.261 loading class javafx/application/Application done
Event: 21.338 loading class java/lang/Throwable$WrappedPrintStream
Event: 21.339 loading class java/lang/Throwable$PrintStreamOrWriter
Event: 21.339 loading class java/lang/Throwable$PrintStreamOrWriter done
Event: 21.339 loading class java/lang/Throwable$WrappedPrintStream done


Dynamic libraries:
0x006e0000 - 0x006ec000 	C:\Program Files (x86)\Eclipse Adoptium\jdk-11.0.21.9-hotspot\bin\java.exe
0x77040000 - 0x771f1000 	C:\Windows\SYSTEM32\ntdll.dll
0x76c70000 - 0x76d60000 	C:\Windows\System32\KERNEL32.DLL
0x769f0000 - 0x76c64000 	C:\Windows\System32\KERNELBASE.dll
0x73170000 - 0x73216000 	C:\Windows\SYSTEM32\apphelp.dll
0x759b0000 - 0x75ac2000 	C:\Windows\System32\ucrtbase.dll
0x73d10000 - 0x73d25000 	C:\Program Files (x86)\Eclipse Adoptium\jdk-11.0.21.9-hotspot\bin\jli.dll
0x73cf0000 - 0x73d03000 	C:\Program Files (x86)\Eclipse Adoptium\jdk-11.0.21.9-hotspot\bin\VCRUNTIME140.dll
0x74d80000 - 0x74f28000 	C:\Windows\System32\USER32.dll
0x76360000 - 0x7637a000 	C:\Windows\System32\win32u.dll
0x73460000 - 0x73688000 	C:\Windows\WinSxS\x86_microsoft.windows.common-controls_6595b64144ccf1df_6.0.22621.2506_none_6eb991c088050a06\COMCTL32.dll
0x750a0000 - 0x750c3000 	C:\Windows\System32\GDI32.dll
0x763f0000 - 0x764d2000 	C:\Windows\System32\gdi32full.dll
0x76790000 - 0x76854000 	C:\Windows\System32\msvcrt.dll
0x76f50000 - 0x76fc9000 	C:\Windows\System32\msvcp_win.dll
0x76320000 - 0x76345000 	C:\Windows\System32\IMM32.DLL
0x73800000 - 0x7386f000 	C:\Program Files (x86)\Eclipse Adoptium\jdk-11.0.21.9-hotspot\bin\msvcp140.dll
0x72b30000 - 0x7300b000 	C:\Program Files (x86)\Eclipse Adoptium\jdk-11.0.21.9-hotspot\bin\client\jvm.dll
0x76d60000 - 0x76ddf000 	C:\Windows\System32\ADVAPI32.dll
0x76900000 - 0x76985000 	C:\Windows\System32\sechost.dll
0x751f0000 - 0x7520a000 	C:\Windows\System32\bcrypt.dll
0x764e0000 - 0x7659a000 	C:\Windows\System32\RPCRT4.dll
0x759a0000 - 0x759a6000 	C:\Windows\System32\PSAPI.DLL
0x72580000 - 0x72588000 	C:\Windows\SYSTEM32\WSOCK32.dll
0x737c0000 - 0x737f1000 	C:\Windows\SYSTEM32\WINMM.dll
0x76fd0000 - 0x7702f000 	C:\Windows\System32\WS2_32.dll
0x74310000 - 0x74318000 	C:\Windows\SYSTEM32\VERSION.dll
0x744d0000 - 0x744e3000 	C:\Windows\SYSTEM32\kernel.appcore.dll
0x73d40000 - 0x73d4d000 	C:\Program Files (x86)\Eclipse Adoptium\jdk-11.0.21.9-hotspot\bin\verify.dll
0x71250000 - 0x71426000 	C:\Windows\SYSTEM32\DBGHELP.DLL
0x75f90000 - 0x7620d000 	C:\Windows\System32\combase.dll
0x765a0000 - 0x7663c000 	C:\Windows\System32\OLEAUT32.dll
0x73790000 - 0x737b9000 	C:\Windows\SYSTEM32\dbgcore.DLL
0x76380000 - 0x763e2000 	C:\Windows\System32\bcryptPrimitives.dll
0x73760000 - 0x73782000 	C:\Program Files (x86)\Eclipse Adoptium\jdk-11.0.21.9-hotspot\bin\java.dll
0x73b80000 - 0x73b89000 	C:\Program Files (x86)\Eclipse Adoptium\jdk-11.0.21.9-hotspot\bin\jimage.dll
0x73150000 - 0x7315d000 	C:\Program Files (x86)\Eclipse Adoptium\jdk-11.0.21.9-hotspot\bin\instrument.dll
0x73740000 - 0x73756000 	C:\Program Files (x86)\Eclipse Adoptium\jdk-11.0.21.9-hotspot\bin\zip.dll
0x75270000 - 0x75908000 	C:\Windows\System32\SHELL32.dll
0x745c0000 - 0x74cac000 	C:\Windows\SYSTEM32\windows.storage.dll
0x744f0000 - 0x745b7000 	C:\Windows\SYSTEM32\wintypes.dll
0x74cb0000 - 0x74d71000 	C:\Windows\System32\SHCORE.dll
0x750e0000 - 0x7512b000 	C:\Windows\System32\shlwapi.dll
0x74360000 - 0x7437d000 	C:\Windows\SYSTEM32\profapi.dll
0x73720000 - 0x73734000 	C:\Program Files (x86)\Eclipse Adoptium\jdk-11.0.21.9-hotspot\bin\net.dll
0x73300000 - 0x733dd000 	C:\Windows\SYSTEM32\WINHTTP.dll
0x73050000 - 0x730a1000 	C:\Windows\system32\mswsock.dll
0x73a90000 - 0x73a9f000 	C:\Program Files (x86)\Eclipse Adoptium\jdk-11.0.21.9-hotspot\bin\nio.dll
0x69480000 - 0x69496000 	C:\Program Files\JetBrains\IntelliJ IDEA 2023.3.2\bin\breakgen.dll
0x73140000 - 0x73143000 	C:\Users\yara2\.openjfx\cache\17.0.6\api-ms-win-core-console-l1-1-0.dll
0x69470000 - 0x69473000 	C:\Users\yara2\.openjfx\cache\17.0.6\api-ms-win-core-console-l1-2-0.dll
0x69460000 - 0x69463000 	C:\Users\yara2\.openjfx\cache\17.0.6\api-ms-win-core-datetime-l1-1-0.dll
0x69450000 - 0x69453000 	C:\Users\yara2\.openjfx\cache\17.0.6\api-ms-win-core-debug-l1-1-0.dll
0x69440000 - 0x69443000 	C:\Users\yara2\.openjfx\cache\17.0.6\api-ms-win-core-errorhandling-l1-1-0.dll
0x69430000 - 0x69434000 	C:\Users\yara2\.openjfx\cache\17.0.6\api-ms-win-core-file-l1-1-0.dll
0x69420000 - 0x69423000 	C:\Users\yara2\.openjfx\cache\17.0.6\api-ms-win-core-file-l1-2-0.dll
0x69410000 - 0x69413000 	C:\Users\yara2\.openjfx\cache\17.0.6\api-ms-win-core-file-l2-1-0.dll
0x69400000 - 0x69403000 	C:\Users\yara2\.openjfx\cache\17.0.6\api-ms-win-core-handle-l1-1-0.dll
0x693f0000 - 0x693f3000 	C:\Users\yara2\.openjfx\cache\17.0.6\api-ms-win-core-heap-l1-1-0.dll
0x68b80000 - 0x68b83000 	C:\Users\yara2\.openjfx\cache\17.0.6\api-ms-win-core-interlocked-l1-1-0.dll
0x68b60000 - 0x68b63000 	C:\Users\yara2\.openjfx\cache\17.0.6\api-ms-win-core-libraryloader-l1-1-0.dll
0x68b50000 - 0x68b53000 	C:\Users\yara2\.openjfx\cache\17.0.6\api-ms-win-core-localization-l1-2-0.dll
0x68b30000 - 0x68b33000 	C:\Users\yara2\.openjfx\cache\17.0.6\api-ms-win-core-memory-l1-1-0.dll
0x68b20000 - 0x68b23000 	C:\Users\yara2\.openjfx\cache\17.0.6\api-ms-win-core-namedpipe-l1-1-0.dll
0x68b10000 - 0x68b13000 	C:\Users\yara2\.openjfx\cache\17.0.6\api-ms-win-core-processenvironment-l1-1-0.dll
0x68b00000 - 0x68b03000 	C:\Users\yara2\.openjfx\cache\17.0.6\api-ms-win-core-processthreads-l1-1-0.dll
0x68af0000 - 0x68af3000 	C:\Users\yara2\.openjfx\cache\17.0.6\api-ms-win-core-processthreads-l1-1-1.dll
0x68ae0000 - 0x68ae3000 	C:\Users\yara2\.openjfx\cache\17.0.6\api-ms-win-core-profile-l1-1-0.dll
0x68ad0000 - 0x68ad3000 	C:\Users\yara2\.openjfx\cache\17.0.6\api-ms-win-core-rtlsupport-l1-1-0.dll
0x68ac0000 - 0x68ac3000 	C:\Users\yara2\.openjfx\cache\17.0.6\api-ms-win-core-string-l1-1-0.dll
0x68ab0000 - 0x68ab3000 	C:\Users\yara2\.openjfx\cache\17.0.6\api-ms-win-core-synch-l1-1-0.dll
0x68aa0000 - 0x68aa3000 	C:\Users\yara2\.openjfx\cache\17.0.6\api-ms-win-core-synch-l1-2-0.dll
0x68a90000 - 0x68a93000 	C:\Users\yara2\.openjfx\cache\17.0.6\api-ms-win-core-sysinfo-l1-1-0.dll
0x68a80000 - 0x68a83000 	C:\Users\yara2\.openjfx\cache\17.0.6\api-ms-win-core-timezone-l1-1-0.dll
0x68a70000 - 0x68a73000 	C:\Users\yara2\.openjfx\cache\17.0.6\api-ms-win-core-util-l1-1-0.dll
0x68a60000 - 0x68a63000 	C:\Users\yara2\.openjfx\cache\17.0.6\api-ms-win-crt-conio-l1-1-0.dll
0x68a50000 - 0x68a54000 	C:\Users\yara2\.openjfx\cache\17.0.6\api-ms-win-crt-convert-l1-1-0.dll
0x68a40000 - 0x68a43000 	C:\Users\yara2\.openjfx\cache\17.0.6\api-ms-win-crt-environment-l1-1-0.dll
0x68a30000 - 0x68a33000 	C:\Users\yara2\.openjfx\cache\17.0.6\api-ms-win-crt-filesystem-l1-1-0.dll
0x68a20000 - 0x68a23000 	C:\Users\yara2\.openjfx\cache\17.0.6\api-ms-win-crt-heap-l1-1-0.dll
0x68a10000 - 0x68a13000 	C:\Users\yara2\.openjfx\cache\17.0.6\api-ms-win-crt-locale-l1-1-0.dll
0x68a00000 - 0x68a05000 	C:\Users\yara2\.openjfx\cache\17.0.6\api-ms-win-crt-math-l1-1-0.dll
0x689f0000 - 0x689f5000 	C:\Users\yara2\.openjfx\cache\17.0.6\api-ms-win-crt-multibyte-l1-1-0.dll
0x689e0000 - 0x689f0000 	C:\Users\yara2\.openjfx\cache\17.0.6\api-ms-win-crt-private-l1-1-0.dll
0x689d0000 - 0x689d3000 	C:\Users\yara2\.openjfx\cache\17.0.6\api-ms-win-crt-process-l1-1-0.dll
0x689c0000 - 0x689c4000 	C:\Users\yara2\.openjfx\cache\17.0.6\api-ms-win-crt-runtime-l1-1-0.dll
0x689b0000 - 0x689b4000 	C:\Users\yara2\.openjfx\cache\17.0.6\api-ms-win-crt-stdio-l1-1-0.dll
0x689a0000 - 0x689a4000 	C:\Users\yara2\.openjfx\cache\17.0.6\api-ms-win-crt-string-l1-1-0.dll
0x68990000 - 0x68993000 	C:\Users\yara2\.openjfx\cache\17.0.6\api-ms-win-crt-time-l1-1-0.dll
0x68980000 - 0x68983000 	C:\Users\yara2\.openjfx\cache\17.0.6\api-ms-win-crt-utility-l1-1-0.dll
0x68850000 - 0x68973000 	C:\Users\yara2\.openjfx\cache\17.0.6\ucrtbase.dll
0x68830000 - 0x68844000 	C:\Users\yara2\.openjfx\cache\17.0.6\vcruntime140.dll
0x687c0000 - 0x6882d000 	C:\Users\yara2\.openjfx\cache\17.0.6\msvcp140.dll
0x687b0000 - 0x687b7000 	C:\Users\yara2\.openjfx\cache\17.0.6\msvcp140_1.dll
0x68780000 - 0x687a9000 	C:\Users\yara2\.openjfx\cache\17.0.6\msvcp140_2.dll
0x68750000 - 0x68776000 	C:\Users\yara2\.openjfx\cache\17.0.6\prism_d3d.dll
0x685d0000 - 0x68741000 	C:\Windows\system32\d3d9.dll
0x718d0000 - 0x718f4000 	C:\Windows\SYSTEM32\dwmapi.dll
0x685a0000 - 0x685ce000 	C:\Windows\SYSTEM32\dxcore.dll
0x733e0000 - 0x7345f000 	C:\Windows\system32\uxtheme.dll
0x68510000 - 0x685a0000 	C:\Windows\SYSTEM32\d3d9on12.dll
0x684f0000 - 0x6850e000 	C:\Windows\SYSTEM32\d3d12.dll
0x68420000 - 0x684ea000 	C:\Windows\SYSTEM32\dxgi.dll
0x74320000 - 0x7435d000 	C:\Windows\SYSTEM32\cfgmgr32.dll
0x68270000 - 0x68420000 	C:\Windows\SYSTEM32\D3D12Core.dll
0x68250000 - 0x6826c000 	C:\Windows\System32\DriverStore\FileRepository\iigd_dch.inf_amd64_c73cfa60d516cb00\igd12umd32.dll
0x67460000 - 0x6824c000 	C:\Windows\System32\DriverStore\FileRepository\iigd_dch.inf_amd64_c73cfa60d516cb00\igd12um32xel.dll
0x76210000 - 0x76313000 	C:\Windows\System32\CRYPT32.dll
0x76640000 - 0x76790000 	C:\Windows\System32\ole32.dll
0x67430000 - 0x6745e000 	C:\Windows\SYSTEM32\ControlLib32.dll
0x75ad0000 - 0x75f0d000 	C:\Windows\System32\SETUPAPI.dll
0x67400000 - 0x67424000 	C:\Windows\SYSTEM32\DEVOBJ.dll
0x67390000 - 0x673f4000 	C:\Windows\System32\DriverStore\FileRepository\iigd_dch.inf_amd64_c73cfa60d516cb00\IntelControlLib32.dll
0x75210000 - 0x75268000 	C:\Windows\System32\WINTRUST.dll
0x6d080000 - 0x6d08e000 	C:\Windows\SYSTEM32\MSASN1.dll
0x67350000 - 0x6738c000 	C:\Windows\SYSTEM32\directxdatabasehelper.dll
0x67020000 - 0x6734c000 	C:\Windows\System32\DriverStore\FileRepository\iigd_dch.inf_amd64_c73cfa60d516cb00\igdgmm32.dll
0x576f0000 - 0x5b4dd000 	C:\Windows\System32\DriverStore\FileRepository\iigd_dch.inf_amd64_c73cfa60d516cb00\igc32.dll
0x66ff0000 - 0x67011000 	C:\Windows\SYSTEM32\D3DSCache.dll
0x73d50000 - 0x73d74000 	C:\Windows\SYSTEM32\USERENV.dll
0x78010000 - 0x7b6c0000 	C:\Windows\System32\DriverStore\FileRepository\iigd_dch.inf_amd64_c73cfa60d516cb00\igd12dxva32.dll
0x66fd0000 - 0x66fee000 	C:\Windows\System32\DriverStore\FileRepository\iigd_dch.inf_amd64_c73cfa60d516cb00\igdinfo32.dll
0x71900000 - 0x71aec000 	C:\Windows\SYSTEM32\twinapi.appcore.dll
0x66f90000 - 0x66fc7000 	C:\Users\yara2\.openjfx\cache\17.0.6\glass.dll
0x75130000 - 0x751e1000 	C:\Windows\System32\COMDLG32.dll
0x76de0000 - 0x76ede000 	C:\Windows\System32\MSCTF.dll
0x66f70000 - 0x66f81000 	C:\Users\yara2\.openjfx\cache\17.0.6\javafx_font.dll
0x66f40000 - 0x66f65000 	C:\Users\yara2\.openjfx\cache\17.0.6\javafx_iio.dll

dbghelp: loaded successfully - version: 4.0.5 - missing functions: none
symbol engine: initialized successfully - sym options: 0x614 - pdb path: .;C:\Program Files (x86)\Eclipse Adoptium\jdk-11.0.21.9-hotspot\bin;C:\Windows\SYSTEM32;C:\Windows\WinSxS\x86_microsoft.windows.common-controls_6595b64144ccf1df_6.0.22621.2506_none_6eb991c088050a06;C:\Program Files (x86)\Eclipse Adoptium\jdk-11.0.21.9-hotspot\bin\client;C:\Program Files\JetBrains\IntelliJ IDEA 2023.3.2\bin;C:\Users\yara2\.openjfx\cache\17.0.6;C:\Windows\System32\DriverStore\FileRepository\iigd_dch.inf_amd64_c73cfa60d516cb00;C:\Program Files (x86)\Common Files\Microsoft Shared\Ink

VM Arguments:
jvm_args: -javaagent:C:\Program Files\JetBrains\IntelliJ IDEA 2023.3.2\lib\idea_rt.jar=60533:C:\Program Files\JetBrains\IntelliJ IDEA 2023.3.2\bin -Dfile.encoding=UTF-8 --module-path=C:\Users\yara2\.m2\repository\org\openjfx\javafx-base\17.0.6\javafx-base-17.0.6-win-x86.jar;C:\Users\yara2\IdeaProjects\RentaPeliculas\target\classes;C:\Users\yara2\.m2\repository\org\kordamp\bootstrapfx\bootstrapfx-core\0.4.0\bootstrapfx-core-0.4.0.jar;C:\Users\yara2\.m2\repository\org\openjfx\javafx-graphics\17.0.6\javafx-graphics-17.0.6-win-x86.jar;C:\Users\yara2\.m2\repository\com\gluonhq\attach\util\4.0.19\util-4.0.19.jar;C:\Users\yara2\.m2\repository\com\gluonhq\attach\display\4.0.19\display-4.0.19.jar;C:\Users\yara2\.m2\repository\com\gluonhq\attach\lifecycle\4.0.19\lifecycle-4.0.19.jar;C:\Users\yara2\.m2\repository\org\openjfx\javafx-fxml\17.0.6\javafx-fxml-17.0.6-win-x86.jar;C:\Users\yara2\.m2\repository\com\gluonhq\charm-glisten\6.2.3\charm-glisten-6.2.3.jar;C:\Users\yara2\.m2\repository\org\openjfx\javafx-controls\17.0.6\javafx-controls-17.0.6-win-x86.jar -Djdk.module.main=com.yaravazquez.rentapeliculas 
java_command: com.yaravazquez.rentapeliculas/com.yaravazquez.rentapeliculas.App
java_class_path (initial): C:\Users\yara2\.m2\repository\org\openjfx\javafx-controls\17.0.6\javafx-controls-17.0.6.jar;C:\Users\yara2\.m2\repository\org\openjfx\javafx-graphics\17.0.6\javafx-graphics-17.0.6.jar;C:\Users\yara2\.m2\repository\org\openjfx\javafx-base\17.0.6\javafx-base-17.0.6.jar;C:\Users\yara2\.m2\repository\org\openjfx\javafx-fxml\17.0.6\javafx-fxml-17.0.6.jar
Launcher Type: SUN_STANDARD

[Global flags]
   size_t InitialHeapSize                          = 16777216                                  {product} {ergonomic}
   size_t MaxHeapSize                              = 268435456                                 {product} {ergonomic}
   size_t MaxNewSize                               = 89456640                                  {product} {ergonomic}
   size_t MinHeapDeltaBytes                        = 131072                                    {product} {ergonomic}
   size_t NewSize                                  = 5570560                                   {product} {ergonomic}
    uintx NonProfiledCodeHeapSize                  = 0                                      {pd product} {ergonomic}
   size_t OldSize                                  = 11206656                                  {product} {ergonomic}
    uintx ProfiledCodeHeapSize                     = 0                                      {pd product} {ergonomic}
     bool ThreadLocalHandshakes                    = false                                  {pd product} {ergonomic}
     bool UseLargePagesIndividualAllocation        = false                                  {pd product} {ergonomic}
     bool UseSerialGC                              = true                                      {product} {ergonomic}

Logging:
Log output configuration:
 #0: stdout all=warning uptime,level,tags
 #1: stderr all=off uptime,level,tags

Environment Variables:
PATH=C:\Program Files (x86)\Eclipse Adoptium\jdk-11.0.21.9-hotspot\bin;C:\Program Files (x86)\Eclipse Adoptium\jre-11.0.21.9-hotspot\bin;C:\Program Files (x86)\Common Files\Oracle\Java\javapath;C:\Windows\system32;C:\Windows;C:\Windows\System32\Wbem;C:\Windows\System32\WindowsPowerShell\v1.0\;C:\Windows\System32\OpenSSH\;C:\Program Files\Git\cmd;C:\Users\yara2\AppData\Local\Microsoft\WindowsApps;C:\Users\yara2\AppData\Local\Programs\Microsoft VS Code\bin;C:\Users\yara2\AppData\Local\GitHubDesktop\bin
USERNAME=yara2
OS=Windows_NT
PROCESSOR_IDENTIFIER=Intel64 Family 6 Model 186 Stepping 3, GenuineIntel
TMP=C:\Users\yara2\AppData\Local\Temp
TEMP=C:\Users\yara2\AppData\Local\Temp



---------------  S Y S T E M  ---------------

OS: Windows 11 , 64 bit Build 22621 (10.0.22621.3085)
OS uptime: 11 days 6:06 hours
Hyper-V role detected

CPU:total 12 (initial active 12) (6 cores per cpu, 2 threads per core) family 6 model 186 stepping 3 microcode 0x410e, cmov, cx8, fxsr, mmx, sse, sse2, sse3, ssse3, sse4.1, sse4.2, popcnt, avx, avx2, aes, clmul, erms, 3dnowpref, lzcnt, ht, tsc, tscinvbit, bmi1, bmi2, adx, sha, fma

Memory: 4k page, system-wide physical 16071M (5420M free)
TotalPageFile size 18503M (AvailPageFile size 6185M), user-mode portion of virtual address-space 2047M (1208M free)
current process WorkingSet (physical memory assigned to process): 232M, peak: 236M
current process commit charge ("private bytes"): 246M, peak: 249M

vm_info: OpenJDK Client VM (11.0.21+9) for windows-x86 JRE (11.0.21+9), built on Oct 17 2023 17:27:10 by "" with MS VC++ 15.9 (VS2017)

END.
