#
# A fatal error has been detected by the Java Runtime Environment:
#
#  EXCEPTION_ACCESS_VIOLATION (0xc0000005) at pc=0x5fd56c62, pid=5116, tid=16272
#
# JRE version: OpenJDK Runtime Environment Temurin-11.0.21+9 (11.0.21+9) (build 11.0.21+9)
# Java VM: OpenJDK Client VM Temurin-11.0.21+9 (11.0.21+9, mixed mode, serial gc, windows-x86)
# Problematic frame:
# C  [glass.dll+0x16c62]
#
# No core dump will be written. Minidumps are not enabled by default on client versions of Windows
#
# If you would like to submit a bug report, please visit:
#   https://github.com/adoptium/adoptium-support/issues
# The crash happened outside the Java Virtual Machine in native code.
# See problematic frame for where to report the bug.
#

---------------  S U M M A R Y ------------

Command Line: -javaagent:C:\Program Files\JetBrains\IntelliJ IDEA 2023.3.2\lib\idea_rt.jar=51896:C:\Program Files\JetBrains\IntelliJ IDEA 2023.3.2\bin -Dfile.encoding=UTF-8 --module-path=C:\Users\yara2\.m2\repository\org\kordamp\bootstrapfx\bootstrapfx-core\0.4.0\bootstrapfx-core-0.4.0.jar;C:\Users\yara2\.m2\repository\com\gluonhq\attach\util\4.0.19\util-4.0.19.jar;C:\Users\yara2\.m2\repository\org\openjfx\javafx-graphics\17.0.6\javafx-graphics-17.0.6-win-x86.jar;C:\Users\yara2\.m2\repository\org\openjfx\javafx-base\17.0.6\javafx-base-17.0.6-win-x86.jar;C:\Users\yara2\.m2\repository\com\gluonhq\attach\lifecycle\4.0.19\lifecycle-4.0.19.jar;C:\Users\yara2\.m2\repository\org\openjfx\javafx-fxml\17.0.6\javafx-fxml-17.0.6-win-x86.jar;C:\Users\yara2\.m2\repository\org\openjfx\javafx-controls\17.0.6\javafx-controls-17.0.6-win-x86.jar;C:\Users\yara2\.m2\repository\com\gluonhq\attach\display\4.0.19\display-4.0.19.jar;C:\Users\yara2\.m2\repository\com\gluonhq\charm-glisten\6.2.3\charm-glisten-6.2.3.jar;C:\Users\yara2\IdeaProjects\RentaPeliculas\target\classes -Djdk.module.main=com.yaravazquez.rentapeliculas com.yaravazquez.rentapeliculas/com.yaravazquez.rentapeliculas.App

Host: 13th Gen Intel(R) Core(TM) i7-1355U, 12 cores, 15G,  Windows 11 , 64 bit Build 22621 (10.0.22621.3085)
Time: Mon Feb 26 21:04:22 2024 Hora estándar central (México) elapsed time: 12.291372 seconds (0d 0h 0m 12s)

---------------  T H R E A D  ---------------

Current thread (0x15e58000):  JavaThread "JavaFX Application Thread" [_thread_in_native, id=16272, stack(0x1b670000,0x1b6c0000)]

Stack: [0x1b670000,0x1b6c0000],  sp=0x1b6be8fc,  free space=314k
Native frames: (J=compiled Java code, A=aot compiled Java code, j=interpreted, Vv=VM code, C=native code)
C  [glass.dll+0x16c62]

Java frames: (J=compiled Java code, j=interpreted, Vv=VM code)
j  com.sun.glass.ui.win.WinWindow._close(J)Z+0 javafx.graphics
j  com.sun.glass.ui.Window.close()V+63 javafx.graphics
j  com.sun.glass.ui.win.WinWindow.close()V+8 javafx.graphics
j  com.sun.glass.ui.Application.terminate()V+75 javafx.graphics
j  com.sun.javafx.tk.quantum.QuantumToolkit.lambda$exit$13()Ljava/lang/Object;+5 javafx.graphics
j  com.sun.javafx.tk.quantum.QuantumToolkit$$Lambda$463.get()Ljava/lang/Object;+0 javafx.graphics
j  com.sun.javafx.tk.quantum.QuantumToolkit.runWithRenderLock(Ljava/util/function/Supplier;)Ljava/lang/Object;+7 javafx.graphics
j  com.sun.javafx.tk.quantum.QuantumToolkit.exit()V+26 javafx.graphics
j  com.sun.javafx.application.PlatformImpl.lambda$tkExit$16()V+3 javafx.graphics
j  com.sun.javafx.application.PlatformImpl$$Lambda$462.run()V+0 javafx.graphics
j  com.sun.javafx.application.PlatformImpl.lambda$runAndWait$12(Ljava/lang/Runnable;Ljava/util/concurrent/CountDownLatch;)V+1 javafx.graphics
j  com.sun.javafx.application.PlatformImpl$$Lambda$87.run()V+8 javafx.graphics
j  com.sun.javafx.application.PlatformImpl.lambda$runLater$10(Ljava/lang/Runnable;)Ljava/lang/Void;+1 javafx.graphics
j  com.sun.javafx.application.PlatformImpl$$Lambda$89.run()Ljava/lang/Object;+4 javafx.graphics
v  ~StubRoutines::call_stub
J 1262  java.security.AccessController.doPrivileged(Ljava/security/PrivilegedAction;Ljava/security/AccessControlContext;)Ljava/lang/Object; java.base@11.0.21 (0 bytes) @ 0x02eda707 [0x02eda6a0+0x00000067]
j  com.sun.javafx.application.PlatformImpl.lambda$runLater$11(Ljava/lang/Runnable;Ljava/security/AccessControlContext;)V+7 javafx.graphics
j  com.sun.javafx.application.PlatformImpl$$Lambda$88.run()V+8 javafx.graphics
j  com.sun.glass.ui.InvokeLaterDispatcher$Future.run()V+4 javafx.graphics
v  ~StubRoutines::call_stub
j  com.sun.glass.ui.win.WinApplication._runLoop(Ljava/lang/Runnable;)V+0 javafx.graphics
j  com.sun.glass.ui.win.WinApplication.lambda$runLoop$3(ILjava/lang/Runnable;)V+8 javafx.graphics
j  com.sun.glass.ui.win.WinApplication$$Lambda$77.run()V+12 javafx.graphics
j  java.lang.Thread.run()V+11 java.base@11.0.21
v  ~StubRoutines::call_stub

siginfo: EXCEPTION_ACCESS_VIOLATION (0xc0000005), reading address 0x000000b8


Register to memory mapping:

EIP=0x5fd56c62 glass.dll
EAX=0x0 is NULL
EBX=0x1b6beb30 is pointing into the stack for thread: 0x15e58000
ECX=0x0 is NULL
EDX=0x0 is NULL
ESP=0x1b6be8fc is pointing into the stack for thread: 0x15e58000
EBP=0x1b6be928 is pointing into the stack for thread: 0x15e58000
ESI=0x00000401 is an unknown value
EDI=0x0 is NULL


Registers:
EAX=0x00000000, EBX=0x1b6beb30, ECX=0x00000000, EDX=0x00000000
ESP=0x1b6be8fc, EBP=0x1b6be928, ESI=0x00000401, EDI=0x00000000
EIP=0x5fd56c62, EFLAGS=0x00010206

Top of Stack: (sp=0x1b6be8fc)
0x1b6be8fc:   1b6beb30 00000401 1b6beb30 5fd48df8
0x1b6be90c:   732dfb5f 15e20690 006e075a 00000401
0x1b6be91c:   1b6bea5c 5fd602b0 ffffffff 00000000
0x1b6be92c:   5fd41755 00000401 1b6beb30 00000000
0x1b6be93c:   00000401 006e075a 1b6be974 5fd416f0
0x1b6be94c:   74db2e63 006e075a 00000401 1b6beb30
0x1b6be95c:   00000000 006e075a dcbaabcd 5fd416f0
0x1b6be96c:   00000401 006e075a 1b6bea6c 74da3c46 

Instructions: (pc=0x5fd56c62)
0x5fd56b62:   21 56 e8 47 42 00 00 ff 35 e8 03 d7 5f 8b f0 ff
0x5fd56b72:   77 68 56 e8 96 de fe ff 56 e8 a0 41 00 00 83 c4
0x5fd56b82:   10 5e c7 05 a4 03 d7 5f 00 00 00 00 5f c3 83 ec
0x5fd56b92:   24 a1 ec e0 d6 5f 33 c4 89 44 24 20 8b 44 24 28
0x5fd56ba2:   53 89 44 24 04 8b d9 8b 44 24 30 89 44 24 08 8b
0x5fd56bb2:   44 24 38 55 89 44 24 10 8b 44 24 38 56 89 83 84
0x5fd56bc2:   00 00 00 8b 44 24 0c 89 5c 24 18 bb 00 00 00 80
0x5fd56bd2:   8b eb 8b f3 57 8b fb 85 c0 79 29 8d 44 24 20 50
0x5fd56be2:   e8 29 aa fe ff 83 c4 04 85 c0 8b 44 24 10 74 14
0x5fd56bf2:   8b 74 24 28 8b 5c 24 20 2b f3 8b 7c 24 2c 8b 6c
0x5fd56c02:   24 24 2b fd 6a 00 50 ff 74 24 1c 68 d8 23 d6 5f
0x5fd56c12:   57 56 8b 74 24 34 8b ce 55 53 ff 74 24 38 e8 db
0x5fd56c22:   a7 fe ff 8b f8 8d 4e 14 57 e8 40 64 00 00 57 8d
0x5fd56c32:   4e 14 e8 c7 64 00 00 8b 4c 24 30 8b c7 5f 5e 5d
0x5fd56c42:   5b 33 cc e8 ae 7a 00 00 83 c4 24 c2 10 00 53 8b
0x5fd56c52:   d9 56 57 ff 73 08 e8 93 a9 fe ff 8b f8 83 c4 04
0x5fd56c62:   8b 87 b8 00 00 00 85 c0 75 03 8b 47 04 3b 05 a4
0x5fd56c72:   03 d7 5f 75 29 e8 34 41 00 00 ff 35 e8 03 d7 5f
0x5fd56c82:   8b f0 ff 77 68 56 e8 83 dd fe ff 56 e8 8d 40 00
0x5fd56c92:   00 83 c4 10 c7 05 a4 03 d7 5f 00 00 00 00 8d 4f
0x5fd56ca2:   14 e8 b8 69 00 00 8d 4f 14 e8 e0 69 00 00 ff 73
0x5fd56cb2:   08 ff 15 f8 fe d6 5f 85 c0 5f 0f 95 c0 5e 88 43
0x5fd56cc2:   04 5b c3 cc cc cc cc cc cc cc cc cc cc cc 55 8b
0x5fd56cd2:   ec 6a ff 68 f7 11 d6 5f 64 a1 00 00 00 00 50 83
0x5fd56ce2:   ec 08 53 56 57 a1 ec e0 d6 5f 33 c5 50 8d 45 f4
0x5fd56cf2:   64 a3 00 00 00 00 8b f9 ff 77 18 ff 15 60 ff d6
0x5fd56d02:   5f 85 c0 75 13 0f 57 c0 66 0f 13 45 ec 8b 55 f0
0x5fd56d12:   8b 45 ec e9 a7 00 00 00 68 dc 00 00 00 e8 96 79
0x5fd56d22:   00 00 83 c4 04 89 45 f0 c7 45 fc 00 00 00 00 85
0x5fd56d32:   c0 74 19 ff 77 18 8b c8 6a 01 6a 00 6a 00 6a 00
0x5fd56d42:   ff 77 10 e8 a6 f9 ff ff 8b d8 eb 02 33 db ff 77
0x5fd56d52:   18 8b cb c7 45 fc ff ff ff ff 6a 00 68 00 00 10 


Stack slot to memory mapping:
stack at sp + 0 slots: 0x1b6beb30 is pointing into the stack for thread: 0x15e58000
stack at sp + 1 slots: 0x00000401 is an unknown value
stack at sp + 2 slots: 0x1b6beb30 is pointing into the stack for thread: 0x15e58000
stack at sp + 3 slots: 0x5fd48df8 glass.dll
stack at sp + 4 slots: 0x732dfb5f WINHTTP.dll
stack at sp + 5 slots: 0x15e20690 points into unknown readable memory: 0x5fd6319c | 9c 31 d6 5f
stack at sp + 6 slots: 0x006e075a points into unknown readable memory: 00 00
stack at sp + 7 slots: 0x00000401 is an unknown value


---------------  P R O C E S S  ---------------

Threads class SMR info:
_java_thread_list=0x16257448, length=17, elements={
0x02bff800, 0x02cd8000, 0x02cb4800, 0x02cd3000,
0x02cd5400, 0x02cd6000, 0x02cd7000, 0x14f72400,
0x14fe3c00, 0x15402400, 0x1570b000, 0x15e43400,
0x15e58000, 0x15f88400, 0x15f88c00, 0x16251400,
0x162ce000
}

Java Threads: ( => current thread )
  0x02bff800 JavaThread "main" [_thread_blocked, id=20108, stack(0x00ea0000,0x00ef0000)]
  0x02cd8000 JavaThread "Reference Handler" daemon [_thread_blocked, id=23688, stack(0x02b30000,0x02b80000)]
  0x02cb4800 JavaThread "Finalizer" daemon [_thread_blocked, id=3684, stack(0x04ce0000,0x04d30000)]
  0x02cd3000 JavaThread "Signal Dispatcher" daemon [_thread_blocked, id=4672, stack(0x04d90000,0x04de0000)]
  0x02cd5400 JavaThread "Attach Listener" daemon [_thread_blocked, id=8184, stack(0x15170000,0x151c0000)]
  0x02cd6000 JavaThread "Service Thread" daemon [_thread_blocked, id=25064, stack(0x15200000,0x15250000)]
  0x02cd7000 JavaThread "C1 CompilerThread0" daemon [_thread_blocked, id=14504, stack(0x15290000,0x152e0000)]
  0x14f72400 JavaThread "Sweeper thread" daemon [_thread_blocked, id=6708, stack(0x15320000,0x15370000)]
  0x14fe3c00 JavaThread "Common-Cleaner" daemon [_thread_blocked, id=20296, stack(0x153b0000,0x15400000)]
  0x15402400 JavaThread "Monitor Ctrl-Break" daemon [_thread_in_native, id=25496, stack(0x15840000,0x15890000)]
  0x1570b000 JavaThread "QuantumRenderer-0" daemon [_thread_blocked, id=3300, stack(0x15b60000,0x15bb0000)]
  0x15e43400 JavaThread "InvokeLaterDispatcher" daemon [_thread_blocked, id=10536, stack(0x1b4e0000,0x1b530000)]
=>0x15e58000 JavaThread "JavaFX Application Thread" [_thread_in_native, id=16272, stack(0x1b670000,0x1b6c0000)]
  0x15f88400 JavaThread "JavaFX-Launcher" [_thread_blocked, id=14992, stack(0x1fb50000,0x1fba0000)]
  0x15f88c00 JavaThread "Thread-2" daemon [_thread_in_native, id=15452, stack(0x1fac0000,0x1fb10000)]
  0x16251400 JavaThread "Prism Font Disposer" daemon [_thread_blocked, id=11080, stack(0x21f50000,0x21fa0000)]
  0x162ce000 JavaThread "Cleaner-0" daemon [_thread_blocked, id=5844, stack(0x228e0000,0x22930000)]

Other Threads:
  0x02cb1c00 VMThread "VM Thread" [stack: 0x02aa0000,0x02af0000] [id=20472]
  0x15413400 WatcherThread [stack: 0x158d0000,0x15920000] [id=25272]

Threads with active compile tasks:

VM state:not at safepoint (normal execution)

VM Mutex/Monitor currently owned by a thread: None

Heap:
 def new generation   total 6784K, used 4782K [0x04e00000, 0x05550000, 0x0a350000)
  eden space 6080K,  72% used [0x04e00000, 0x052494b0, 0x053f0000)
  from space 704K,  55% used [0x054a0000, 0x05502520, 0x05550000)
  to   space 704K,   0% used [0x053f0000, 0x053f0000, 0x054a0000)
 tenured generation   total 14844K, used 11380K [0x0a350000, 0x0b1cf000, 0x14e00000)
   the space 14844K,  76% used [0x0a350000, 0x0ae6d278, 0x0ae6d400, 0x0b1cf000)
 Metaspace       used 14794K, capacity 15106K, committed 15232K, reserved 15744K

Card table byte_map: [0x02550000,0x025e0000] _byte_map_base: 0x02529000

Polling page: 0x00af0000

Metaspace:

Usage:
   14.75 MB capacity,    14.45 MB ( 98%) used,   206.83 KB (  1%) free+waste,   105.23 KB ( <1%) overhead. 

Virtual space:
     15.38 MB reserved,      14.88 MB ( 97%) committed 

Chunk freelists:
0 bytes

MaxMetaspaceSize: 4.00 GB
No class space
Initial GC threshold: 12.00 MB
Current GC threshold: 20.00 MB
CDS: off

CodeCache: size=32768Kb used=2099Kb max_used=2099Kb free=30668Kb
 bounds [0x02ce0000, 0x02ef0000, 0x04ce0000]
 total_blobs=1770 nmethods=1337 adapters=366
 compilation: enabled
              stopped_count=0, restarted_count=0
 full_count=0

Compilation events (20 events):
Event: 11.518 Thread 0x02cd7000 1328             com.sun.javafx.collections.VetoableListDecorator::size (10 bytes)
Event: 11.519 Thread 0x02cd7000 nmethod 1328 0x02eeae88 code [0x02eeafa0, 0x02eeb03c]
Event: 11.663 Thread 0x02cd7000 1329             javafx.scene.Node::isDisable (19 bytes)
Event: 11.664 Thread 0x02cd7000 nmethod 1329 0x02eeb0c8 code [0x02eeb1e0, 0x02eeb2dc]
Event: 11.726 Thread 0x02cd7000 1330   !         javafx.scene.Node::pickNode (130 bytes)
Event: 11.728 Thread 0x02cd7000 nmethod 1330 0x02eeb388 code [0x02eeb510, 0x02eeb880]
Event: 11.998 Thread 0x02cd7000 1331             java.lang.Math::max (45 bytes)
Event: 11.999 Thread 0x02cd7000 nmethod 1331 0x02eebd08 code [0x02eebe10, 0x02eebf20]
Event: 12.000 Thread 0x02cd7000 1332             java.lang.Math::round (56 bytes)
Event: 12.000 Thread 0x02cd7000 nmethod 1332 0x02eebf88 code [0x02eec0a0, 0x02eec190]
Event: 12.215 Thread 0x02cd7000 1333             com.sun.javafx.event.EventHandlerManager::dispatchBubblingEvent (41 bytes)
Event: 12.216 Thread 0x02cd7000 nmethod 1333 0x02eec1c8 code [0x02eec320, 0x02eec4cc]
Event: 12.216 Thread 0x02cd7000 1334             com.sun.javafx.event.EventHandlerManager::dispatchBubblingEvent (23 bytes)
Event: 12.217 Thread 0x02cd7000 nmethod 1334 0x02eec608 code [0x02eec730, 0x02eec818]
Event: 12.219 Thread 0x02cd7000 1335             java.util.concurrent.locks.ReentrantLock$Sync::isHeldExclusively (16 bytes)
Event: 12.219 Thread 0x02cd7000 nmethod 1335 0x02eec908 code [0x02eeca10, 0x02eecab0]
Event: 12.221 Thread 0x02cd7000 1336             com.sun.prism.paint.Paint::getType (5 bytes)
Event: 12.221 Thread 0x02cd7000 nmethod 1336 0x02eecb08 code [0x02eecc10, 0x02eecc90]
Event: 12.226 Thread 0x02cd7000 1337             com.sun.javafx.geom.transform.Translate2D::inverseTransform (48 bytes)
Event: 12.226 Thread 0x02cd7000 nmethod 1337 0x02eeccc8 code [0x02eecde0, 0x02eecf10]

GC Heap History (20 events):
Event: 0.428 GC heap before
{Heap before GC invocations=4 (full 0):
 def new generation   total 4928K, used 4646K [0x04e00000, 0x05350000, 0x0a350000)
  eden space 4416K, 100% used [0x04e00000, 0x05250000, 0x05250000)
  from space 512K,  45% used [0x05250000, 0x05289be8, 0x052d0000)
  to   space 512K,   0% used [0x052d0000, 0x052d0000, 0x05350000)
 tenured generation   total 10944K, used 1787K [0x0a350000, 0x0ae00000, 0x14e00000)
   the space 10944K,  16% used [0x0a350000, 0x0a50ee78, 0x0a50f000, 0x0ae00000)
 Metaspace       used 7763K, capacity 7877K, committed 7936K, reserved 8576K
}
Event: 0.429 GC heap after
{Heap after GC invocations=5 (full 0):
 def new generation   total 4928K, used 476K [0x04e00000, 0x05350000, 0x0a350000)
  eden space 4416K,   0% used [0x04e00000, 0x04e00000, 0x05250000)
  from space 512K,  93% used [0x052d0000, 0x05347200, 0x05350000)
  to   space 512K,   0% used [0x05250000, 0x05250000, 0x052d0000)
 tenured generation   total 10944K, used 2235K [0x0a350000, 0x0ae00000, 0x14e00000)
   the space 10944K,  20% used [0x0a350000, 0x0a57ee88, 0x0a57f000, 0x0ae00000)
 Metaspace       used 7763K, capacity 7877K, committed 7936K, reserved 8576K
}
Event: 0.479 GC heap before
{Heap before GC invocations=5 (full 0):
 def new generation   total 4928K, used 4892K [0x04e00000, 0x05350000, 0x0a350000)
  eden space 4416K, 100% used [0x04e00000, 0x05250000, 0x05250000)
  from space 512K,  93% used [0x052d0000, 0x05347200, 0x05350000)
  to   space 512K,   0% used [0x05250000, 0x05250000, 0x052d0000)
 tenured generation   total 10944K, used 2235K [0x0a350000, 0x0ae00000, 0x14e00000)
   the space 10944K,  20% used [0x0a350000, 0x0a57ee88, 0x0a57f000, 0x0ae00000)
 Metaspace       used 9344K, capacity 9475K, committed 9600K, reserved 9600K
}
Event: 0.481 GC heap after
{Heap after GC invocations=6 (full 0):
 def new generation   total 4928K, used 512K [0x04e00000, 0x05350000, 0x0a350000)
  eden space 4416K,   0% used [0x04e00000, 0x04e00000, 0x05250000)
  from space 512K, 100% used [0x05250000, 0x052d0000, 0x052d0000)
  to   space 512K,   0% used [0x052d0000, 0x052d0000, 0x05350000)
 tenured generation   total 10944K, used 2957K [0x0a350000, 0x0ae00000, 0x14e00000)
   the space 10944K,  27% used [0x0a350000, 0x0a6334c8, 0x0a633600, 0x0ae00000)
 Metaspace       used 9344K, capacity 9475K, committed 9600K, reserved 9600K
}
Event: 0.528 GC heap before
{Heap before GC invocations=6 (full 0):
 def new generation   total 4928K, used 4928K [0x04e00000, 0x05350000, 0x0a350000)
  eden space 4416K, 100% used [0x04e00000, 0x05250000, 0x05250000)
  from space 512K, 100% used [0x05250000, 0x052d0000, 0x052d0000)
  to   space 512K,   0% used [0x052d0000, 0x052d0000, 0x05350000)
 tenured generation   total 10944K, used 2957K [0x0a350000, 0x0ae00000, 0x14e00000)
   the space 10944K,  27% used [0x0a350000, 0x0a6334c8, 0x0a633600, 0x0ae00000)
 Metaspace       used 10689K, capacity 10869K, committed 10880K, reserved 11648K
}
Event: 0.530 GC heap after
{Heap after GC invocations=7 (full 0):
 def new generation   total 4928K, used 512K [0x04e00000, 0x05350000, 0x0a350000)
  eden space 4416K,   0% used [0x04e00000, 0x04e00000, 0x05250000)
  from space 512K, 100% used [0x052d0000, 0x05350000, 0x05350000)
  to   space 512K,   0% used [0x05250000, 0x05250000, 0x052d0000)
 tenured generation   total 10944K, used 3740K [0x0a350000, 0x0ae00000, 0x14e00000)
   the space 10944K,  34% used [0x0a350000, 0x0a6f7290, 0x0a6f7400, 0x0ae00000)
 Metaspace       used 10689K, capacity 10869K, committed 10880K, reserved 11648K
}
Event: 0.562 GC heap before
{Heap before GC invocations=7 (full 0):
 def new generation   total 4928K, used 4928K [0x04e00000, 0x05350000, 0x0a350000)
  eden space 4416K, 100% used [0x04e00000, 0x05250000, 0x05250000)
  from space 512K, 100% used [0x052d0000, 0x05350000, 0x05350000)
  to   space 512K,   0% used [0x05250000, 0x05250000, 0x052d0000)
 tenured generation   total 10944K, used 3740K [0x0a350000, 0x0ae00000, 0x14e00000)
   the space 10944K,  34% used [0x0a350000, 0x0a6f7290, 0x0a6f7400, 0x0ae00000)
 Metaspace       used 11120K, capacity 11293K, committed 11392K, reserved 11648K
}
Event: 0.564 GC heap after
{Heap after GC invocations=8 (full 0):
 def new generation   total 4928K, used 512K [0x04e00000, 0x05350000, 0x0a350000)
  eden space 4416K,   0% used [0x04e00000, 0x04e00000, 0x05250000)
  from space 512K, 100% used [0x05250000, 0x052d0000, 0x052d0000)
  to   space 512K,   0% used [0x052d0000, 0x052d0000, 0x05350000)
 tenured generation   total 10944K, used 4830K [0x0a350000, 0x0ae00000, 0x14e00000)
   the space 10944K,  44% used [0x0a350000, 0x0a807980, 0x0a807a00, 0x0ae00000)
 Metaspace       used 11120K, capacity 11293K, committed 11392K, reserved 11648K
}
Event: 0.584 GC heap before
{Heap before GC invocations=8 (full 0):
 def new generation   total 4928K, used 2178K [0x04e00000, 0x05350000, 0x0a350000)
  eden space 4416K,  37% used [0x04e00000, 0x04fa0988, 0x05250000)
  from space 512K, 100% used [0x05250000, 0x052d0000, 0x052d0000)
  to   space 512K,   0% used [0x052d0000, 0x052d0000, 0x05350000)
 tenured generation   total 10944K, used 4830K [0x0a350000, 0x0ae00000, 0x14e00000)
   the space 10944K,  44% used [0x0a350000, 0x0a807980, 0x0a807a00, 0x0ae00000)
 Metaspace       used 11386K, capacity 11556K, committed 11648K, reserved 11648K
}
Event: 0.586 GC heap after
{Heap after GC invocations=9 (full 0):
 def new generation   total 4928K, used 57K [0x04e00000, 0x05350000, 0x0a350000)
  eden space 4416K,   0% used [0x04e00000, 0x04e00000, 0x05250000)
  from space 512K,  11% used [0x052d0000, 0x052de460, 0x05350000)
  to   space 512K,   0% used [0x05250000, 0x05250000, 0x052d0000)
 tenured generation   total 10944K, used 5851K [0x0a350000, 0x0ae00000, 0x14e00000)
   the space 10944K,  53% used [0x0a350000, 0x0a906d48, 0x0a906e00, 0x0ae00000)
 Metaspace       used 11386K, capacity 11556K, committed 11648K, reserved 11648K
}
Event: 0.604 GC heap before
{Heap before GC invocations=9 (full 0):
 def new generation   total 4928K, used 4473K [0x04e00000, 0x05350000, 0x0a350000)
  eden space 4416K, 100% used [0x04e00000, 0x05250000, 0x05250000)
  from space 512K,  11% used [0x052d0000, 0x052de460, 0x05350000)
  to   space 512K,   0% used [0x05250000, 0x05250000, 0x052d0000)
 tenured generation   total 10944K, used 5851K [0x0a350000, 0x0ae00000, 0x14e00000)
   the space 10944K,  53% used [0x0a350000, 0x0a906d48, 0x0a906e00, 0x0ae00000)
 Metaspace       used 11643K, capacity 11837K, committed 11904K, reserved 12672K
}
Event: 0.605 GC heap after
{Heap after GC invocations=10 (full 0):
 def new generation   total 4928K, used 138K [0x04e00000, 0x05350000, 0x0a350000)
  eden space 4416K,   0% used [0x04e00000, 0x04e00000, 0x05250000)
  from space 512K,  26% used [0x05250000, 0x052728d0, 0x052d0000)
  to   space 512K,   0% used [0x052d0000, 0x052d0000, 0x05350000)
 tenured generation   total 10944K, used 8665K [0x0a350000, 0x0ae00000, 0x14e00000)
   the space 10944K,  79% used [0x0a350000, 0x0abc6408, 0x0abc6600, 0x0ae00000)
 Metaspace       used 11643K, capacity 11837K, committed 11904K, reserved 12672K
}
Event: 0.627 GC heap before
{Heap before GC invocations=10 (full 0):
 def new generation   total 4928K, used 2834K [0x04e00000, 0x05350000, 0x0a350000)
  eden space 4416K,  61% used [0x04e00000, 0x050a2150, 0x05250000)
  from space 512K,  26% used [0x05250000, 0x052728d0, 0x052d0000)
  to   space 512K,   0% used [0x052d0000, 0x052d0000, 0x05350000)
 tenured generation   total 10944K, used 8665K [0x0a350000, 0x0ae00000, 0x14e00000)
   the space 10944K,  79% used [0x0a350000, 0x0abc6408, 0x0abc6600, 0x0ae00000)
 Metaspace       used 12090K, capacity 12258K, committed 12288K, reserved 12672K
}
Event: 0.633 GC heap after
{Heap after GC invocations=11 (full 1):
 def new generation   total 6784K, used 0K [0x04e00000, 0x05550000, 0x0a350000)
  eden space 6080K,   0% used [0x04e00000, 0x04e00000, 0x053f0000)
  from space 704K,   0% used [0x053f0000, 0x053f0000, 0x054a0000)
  to   space 704K,   0% used [0x054a0000, 0x054a0000, 0x05550000)
 tenured generation   total 14844K, used 8906K [0x0a350000, 0x0b1cf000, 0x14e00000)
   the space 14844K,  59% used [0x0a350000, 0x0ac02890, 0x0ac02a00, 0x0b1cf000)
 Metaspace       used 12090K, capacity 12258K, committed 12288K, reserved 12672K
}
Event: 0.722 GC heap before
{Heap before GC invocations=11 (full 1):
 def new generation   total 6784K, used 6079K [0x04e00000, 0x05550000, 0x0a350000)
  eden space 6080K,  99% used [0x04e00000, 0x053efec0, 0x053f0000)
  from space 704K,   0% used [0x053f0000, 0x053f0000, 0x054a0000)
  to   space 704K,   0% used [0x054a0000, 0x054a0000, 0x05550000)
 tenured generation   total 14844K, used 8906K [0x0a350000, 0x0b1cf000, 0x14e00000)
   the space 14844K,  59% used [0x0a350000, 0x0ac02890, 0x0ac02a00, 0x0b1cf000)
 Metaspace       used 12782K, capacity 12984K, committed 13056K, reserved 13696K
}
Event: 0.723 GC heap after
{Heap after GC invocations=12 (full 1):
 def new generation   total 6784K, used 703K [0x04e00000, 0x05550000, 0x0a350000)
  eden space 6080K,   0% used [0x04e00000, 0x04e00000, 0x053f0000)
  from space 704K,  99% used [0x054a0000, 0x0554fff8, 0x05550000)
  to   space 704K,   0% used [0x053f0000, 0x053f0000, 0x054a0000)
 tenured generation   total 14844K, used 8972K [0x0a350000, 0x0b1cf000, 0x14e00000)
   the space 14844K,  60% used [0x0a350000, 0x0ac132e8, 0x0ac13400, 0x0b1cf000)
 Metaspace       used 12782K, capacity 12984K, committed 13056K, reserved 13696K
}
Event: 0.799 GC heap before
{Heap before GC invocations=12 (full 1):
 def new generation   total 6784K, used 6065K [0x04e00000, 0x05550000, 0x0a350000)
  eden space 6080K,  88% used [0x04e00000, 0x0533c640, 0x053f0000)
  from space 704K,  99% used [0x054a0000, 0x0554fff8, 0x05550000)
  to   space 704K,   0% used [0x053f0000, 0x053f0000, 0x054a0000)
 tenured generation   total 14844K, used 8972K [0x0a350000, 0x0b1cf000, 0x14e00000)
   the space 14844K,  60% used [0x0a350000, 0x0ac132e8, 0x0ac13400, 0x0b1cf000)
 Metaspace       used 13716K, capacity 13930K, committed 13952K, reserved 14720K
}
Event: 0.802 GC heap after
{Heap after GC invocations=13 (full 1):
 def new generation   total 6784K, used 704K [0x04e00000, 0x05550000, 0x0a350000)
  eden space 6080K,   0% used [0x04e00000, 0x04e00000, 0x053f0000)
  from space 704K, 100% used [0x053f0000, 0x054a0000, 0x054a0000)
  to   space 704K,   0% used [0x054a0000, 0x054a0000, 0x05550000)
 tenured generation   total 14844K, used 9666K [0x0a350000, 0x0b1cf000, 0x14e00000)
   the space 14844K,  65% used [0x0a350000, 0x0acc0898, 0x0acc0a00, 0x0b1cf000)
 Metaspace       used 13716K, capacity 13930K, committed 13952K, reserved 14720K
}
Event: 2.153 GC heap before
{Heap before GC invocations=13 (full 1):
 def new generation   total 6784K, used 6784K [0x04e00000, 0x05550000, 0x0a350000)
  eden space 6080K, 100% used [0x04e00000, 0x053f0000, 0x053f0000)
  from space 704K, 100% used [0x053f0000, 0x054a0000, 0x054a0000)
  to   space 704K,   0% used [0x054a0000, 0x054a0000, 0x05550000)
 tenured generation   total 14844K, used 9666K [0x0a350000, 0x0b1cf000, 0x14e00000)
   the space 14844K,  65% used [0x0a350000, 0x0acc0898, 0x0acc0a00, 0x0b1cf000)
 Metaspace       used 14557K, capacity 14867K, committed 14976K, reserved 15744K
}
Event: 2.156 GC heap after
{Heap after GC invocations=14 (full 1):
 def new generation   total 6784K, used 393K [0x04e00000, 0x05550000, 0x0a350000)
  eden space 6080K,   0% used [0x04e00000, 0x04e00000, 0x053f0000)
  from space 704K,  55% used [0x054a0000, 0x05502520, 0x05550000)
  to   space 704K,   0% used [0x053f0000, 0x053f0000, 0x054a0000)
 tenured generation   total 14844K, used 11380K [0x0a350000, 0x0b1cf000, 0x14e00000)
   the space 14844K,  76% used [0x0a350000, 0x0ae6d278, 0x0ae6d400, 0x0b1cf000)
 Metaspace       used 14557K, capacity 14867K, committed 14976K, reserved 15744K
}

Deoptimization events (8 events):
Event: 0.690 Thread 0x15e58000 DEOPT PACKING pc=0x02e061cf sp=0x1b6be1e0
Event: 0.690 Thread 0x15e58000 DEOPT UNPACKING pc=0x02d1c187 sp=0x1b6be100 mode 3
Event: 0.693 Thread 0x15e58000 DEOPT PACKING pc=0x02e38331 sp=0x1b6be360
Event: 0.693 Thread 0x15e58000 DEOPT UNPACKING pc=0x02d1c187 sp=0x1b6be284 mode 3
Event: 1.456 Thread 0x1570b000 DEOPT PACKING pc=0x02e8ad3d sp=0x15baed50
Event: 1.456 Thread 0x1570b000 DEOPT UNPACKING pc=0x02d1c187 sp=0x15baec7c mode 3
Event: 2.125 Thread 0x15e58000 DEOPT PACKING pc=0x02ea0f4c sp=0x1b6bd650
Event: 2.125 Thread 0x15e58000 DEOPT UNPACKING pc=0x02d1c187 sp=0x1b6bd4f8 mode 3

Classes redefined (0 events):
No events

Internal exceptions (20 events):
Event: 5.940 Thread 0x15e58000 Exception <a 'java/lang/IllegalArgumentException'{0x05054598}: argument type mismatch> (0x05054598) thrown at [s\src\hotspot\share\runtime\reflection.cpp, line 1216]
Event: 5.940 Thread 0x15e58000 Exception <a 'java/lang/IllegalArgumentException'{0x05054598}> (0x05054598) thrown at [s\src\hotspot\share\prims\jvm.cpp, line 1310]
Event: 6.471 Thread 0x15e58000 Exception <a 'java/lang/IllegalArgumentException'{0x0507cc48}: argument type mismatch> (0x0507cc48) thrown at [s\src\hotspot\share\runtime\reflection.cpp, line 1216]
Event: 6.471 Thread 0x15e58000 Exception <a 'java/lang/IllegalArgumentException'{0x0507cc48}> (0x0507cc48) thrown at [s\src\hotspot\share\prims\jvm.cpp, line 1310]
Event: 9.980 Thread 0x15e58000 Exception <a 'java/lang/IllegalArgumentException'{0x050fe280}: argument type mismatch> (0x050fe280) thrown at [s\src\hotspot\share\runtime\reflection.cpp, line 1216]
Event: 9.980 Thread 0x15e58000 Exception <a 'java/lang/IllegalArgumentException'{0x050fe280}> (0x050fe280) thrown at [s\src\hotspot\share\prims\jvm.cpp, line 1310]
Event: 10.156 Thread 0x15e58000 Exception <a 'java/lang/IllegalArgumentException'{0x051233b0}: argument type mismatch> (0x051233b0) thrown at [s\src\hotspot\share\runtime\reflection.cpp, line 1216]
Event: 10.156 Thread 0x15e58000 Exception <a 'java/lang/IllegalArgumentException'{0x051233b0}> (0x051233b0) thrown at [s\src\hotspot\share\prims\jvm.cpp, line 1310]
Event: 10.301 Thread 0x15e58000 Exception <a 'java/lang/IllegalArgumentException'{0x05148160}: argument type mismatch> (0x05148160) thrown at [s\src\hotspot\share\runtime\reflection.cpp, line 1216]
Event: 10.301 Thread 0x15e58000 Exception <a 'java/lang/IllegalArgumentException'{0x05148160}> (0x05148160) thrown at [s\src\hotspot\share\prims\jvm.cpp, line 1310]
Event: 10.475 Thread 0x15e58000 Exception <a 'java/lang/IllegalArgumentException'{0x0516cee8}: argument type mismatch> (0x0516cee8) thrown at [s\src\hotspot\share\runtime\reflection.cpp, line 1216]
Event: 10.475 Thread 0x15e58000 Exception <a 'java/lang/IllegalArgumentException'{0x0516cee8}> (0x0516cee8) thrown at [s\src\hotspot\share\prims\jvm.cpp, line 1310]
Event: 10.659 Thread 0x15e58000 Exception <a 'java/lang/IllegalArgumentException'{0x051923d8}: argument type mismatch> (0x051923d8) thrown at [s\src\hotspot\share\runtime\reflection.cpp, line 1216]
Event: 10.659 Thread 0x15e58000 Exception <a 'java/lang/IllegalArgumentException'{0x051923d8}> (0x051923d8) thrown at [s\src\hotspot\share\prims\jvm.cpp, line 1310]
Event: 10.825 Thread 0x15e58000 Exception <a 'java/lang/IllegalArgumentException'{0x051b92c8}: argument type mismatch> (0x051b92c8) thrown at [s\src\hotspot\share\runtime\reflection.cpp, line 1216]
Event: 10.825 Thread 0x15e58000 Exception <a 'java/lang/IllegalArgumentException'{0x051b92c8}> (0x051b92c8) thrown at [s\src\hotspot\share\prims\jvm.cpp, line 1310]
Event: 11.093 Thread 0x15e58000 Exception <a 'java/lang/NoSuchMethodError'{0x051e70f0}: 'java.lang.Object java.lang.invoke.DirectMethodHandle$Holder.invokeStatic(java.lang.Object, java.lang.Object, int, int, int, int, int, java.lang.Object)'> (0x051e70f0) thrown at [s\src\hotspot\share\interpreter\linkResolver.cpp, line 773]
Event: 11.094 Thread 0x15e58000 Exception <a 'java/lang/NoSuchMethodError'{0x051f6bd0}: 'java.lang.Object java.lang.invoke.DirectMethodHandle$Holder.invokeStatic(java.lang.Object, java.lang.Object, java.lang.Object, int, int, int, int, int)'> (0x051f6bd0) thrown at [s\src\hotspot\share\interpreter\linkResolver.cpp, line 773]
Event: 11.095 Thread 0x15e58000 Exception <a 'java/lang/NoSuchMethodError'{0x051fd398}: 'java.lang.Object java.lang.invoke.Invokers$Holder.linkToTargetMethod(java.lang.Object, java.lang.Object, int, int, int, int, int, java.lang.Object)'> (0x051fd398) thrown at [s\src\hotspot\share\interpreter\linkResolver.cpp, line 773]
Event: 12.258 Thread 0x15e58000 Exception <a 'java/lang/IllegalArgumentException'{0x05223a50}> (0x05223a50) thrown at [s\src\hotspot\share\prims\jvm.cpp, line 1310]

Events (20 events):
Event: 11.094 loading class com/sun/glass/ui/ClipboardAssistance
Event: 11.094 loading class com/sun/glass/ui/ClipboardAssistance done
Event: 11.094 loading class com/sun/javafx/tk/quantum/GlassSceneDnDEventHandler
Event: 11.094 loading class com/sun/javafx/tk/quantum/GlassSceneDnDEventHandler done
Event: 12.217 loading class javafx/application/Application
Event: 12.217 loading class javafx/application/Application done
Event: 12.217 loading class javafx/application/Application
Event: 12.217 loading class javafx/application/Application done
Event: 12.256 loading class com/sun/javafx/tk/quantum/GlassScene
Event: 12.256 loading class com/sun/javafx/tk/quantum/GlassScene done
Event: 12.256 loading class com/sun/javafx/tk/quantum/WindowStage
Event: 12.256 loading class com/sun/javafx/tk/quantum/WindowStage done
Event: 12.257 loading class com/sun/prism/GraphicsResource
Event: 12.257 loading class com/sun/prism/GraphicsResource done
Event: 12.257 loading class com/sun/prism/GraphicsResource
Event: 12.257 loading class com/sun/prism/GraphicsResource done
Event: 12.257 loading class com/sun/javafx/tk/quantum/ViewScene
Event: 12.257 loading class com/sun/javafx/tk/quantum/ViewScene done
Event: 12.257 loading class com/sun/javafx/tk/quantum/WindowStage
Event: 12.257 loading class com/sun/javafx/tk/quantum/WindowStage done


Dynamic libraries:
0x00fc0000 - 0x00fcc000 	C:\Program Files (x86)\Eclipse Adoptium\jdk-11.0.21.9-hotspot\bin\java.exe
0x77040000 - 0x771f1000 	C:\Windows\SYSTEM32\ntdll.dll
0x76c70000 - 0x76d60000 	C:\Windows\System32\KERNEL32.DLL
0x769f0000 - 0x76c64000 	C:\Windows\System32\KERNELBASE.dll
0x70900000 - 0x709a6000 	C:\Windows\SYSTEM32\apphelp.dll
0x759b0000 - 0x75ac2000 	C:\Windows\System32\ucrtbase.dll
0x738c0000 - 0x738d5000 	C:\Program Files (x86)\Eclipse Adoptium\jdk-11.0.21.9-hotspot\bin\jli.dll
0x738e0000 - 0x738f3000 	C:\Program Files (x86)\Eclipse Adoptium\jdk-11.0.21.9-hotspot\bin\VCRUNTIME140.dll
0x74d80000 - 0x74f28000 	C:\Windows\System32\USER32.dll
0x733d0000 - 0x735f8000 	C:\Windows\WinSxS\x86_microsoft.windows.common-controls_6595b64144ccf1df_6.0.22621.2506_none_6eb991c088050a06\COMCTL32.dll
0x76360000 - 0x7637a000 	C:\Windows\System32\win32u.dll
0x750a0000 - 0x750c3000 	C:\Windows\System32\GDI32.dll
0x76790000 - 0x76854000 	C:\Windows\System32\msvcrt.dll
0x763f0000 - 0x764d2000 	C:\Windows\System32\gdi32full.dll
0x76f50000 - 0x76fc9000 	C:\Windows\System32\msvcp_win.dll
0x76320000 - 0x76345000 	C:\Windows\System32\IMM32.DLL
0x73850000 - 0x738bf000 	C:\Program Files (x86)\Eclipse Adoptium\jdk-11.0.21.9-hotspot\bin\msvcp140.dll
0x72d10000 - 0x731eb000 	C:\Program Files (x86)\Eclipse Adoptium\jdk-11.0.21.9-hotspot\bin\client\jvm.dll
0x76d60000 - 0x76ddf000 	C:\Windows\System32\ADVAPI32.dll
0x76900000 - 0x76985000 	C:\Windows\System32\sechost.dll
0x751f0000 - 0x7520a000 	C:\Windows\System32\bcrypt.dll
0x764e0000 - 0x7659a000 	C:\Windows\System32\RPCRT4.dll
0x759a0000 - 0x759a6000 	C:\Windows\System32\PSAPI.DLL
0x73810000 - 0x73841000 	C:\Windows\SYSTEM32\WINMM.dll
0x725f0000 - 0x725f8000 	C:\Windows\SYSTEM32\WSOCK32.dll
0x76fd0000 - 0x7702f000 	C:\Windows\System32\WS2_32.dll
0x73d70000 - 0x73d78000 	C:\Windows\SYSTEM32\VERSION.dll
0x744d0000 - 0x744e3000 	C:\Windows\SYSTEM32\kernel.appcore.dll
0x73cd0000 - 0x73cdd000 	C:\Program Files (x86)\Eclipse Adoptium\jdk-11.0.21.9-hotspot\bin\verify.dll
0x71310000 - 0x714e6000 	C:\Windows\SYSTEM32\DBGHELP.DLL
0x75f90000 - 0x7620d000 	C:\Windows\System32\combase.dll
0x765a0000 - 0x7663c000 	C:\Windows\System32\OLEAUT32.dll
0x737e0000 - 0x73809000 	C:\Windows\SYSTEM32\dbgcore.DLL
0x76380000 - 0x763e2000 	C:\Windows\System32\bcryptPrimitives.dll
0x737b0000 - 0x737d2000 	C:\Program Files (x86)\Eclipse Adoptium\jdk-11.0.21.9-hotspot\bin\java.dll
0x737a0000 - 0x737a9000 	C:\Program Files (x86)\Eclipse Adoptium\jdk-11.0.21.9-hotspot\bin\jimage.dll
0x73aa0000 - 0x73aad000 	C:\Program Files (x86)\Eclipse Adoptium\jdk-11.0.21.9-hotspot\bin\instrument.dll
0x73780000 - 0x73796000 	C:\Program Files (x86)\Eclipse Adoptium\jdk-11.0.21.9-hotspot\bin\zip.dll
0x75270000 - 0x75908000 	C:\Windows\System32\SHELL32.dll
0x745c0000 - 0x74cac000 	C:\Windows\SYSTEM32\windows.storage.dll
0x744f0000 - 0x745b7000 	C:\Windows\SYSTEM32\wintypes.dll
0x74cb0000 - 0x74d71000 	C:\Windows\System32\SHCORE.dll
0x750e0000 - 0x7512b000 	C:\Windows\System32\shlwapi.dll
0x74360000 - 0x7437d000 	C:\Windows\SYSTEM32\profapi.dll
0x73760000 - 0x73774000 	C:\Program Files (x86)\Eclipse Adoptium\jdk-11.0.21.9-hotspot\bin\net.dll
0x73230000 - 0x7330d000 	C:\Windows\SYSTEM32\WINHTTP.dll
0x742c0000 - 0x74311000 	C:\Windows\system32\mswsock.dll
0x73750000 - 0x7375f000 	C:\Program Files (x86)\Eclipse Adoptium\jdk-11.0.21.9-hotspot\bin\nio.dll
0x67950000 - 0x67966000 	C:\Program Files\JetBrains\IntelliJ IDEA 2023.3.2\bin\breakgen.dll
0x73a80000 - 0x73a83000 	C:\Users\yara2\.openjfx\cache\17.0.6\api-ms-win-core-console-l1-1-0.dll
0x708f0000 - 0x708f3000 	C:\Users\yara2\.openjfx\cache\17.0.6\api-ms-win-core-console-l1-2-0.dll
0x67940000 - 0x67943000 	C:\Users\yara2\.openjfx\cache\17.0.6\api-ms-win-core-datetime-l1-1-0.dll
0x67930000 - 0x67933000 	C:\Users\yara2\.openjfx\cache\17.0.6\api-ms-win-core-debug-l1-1-0.dll
0x67920000 - 0x67923000 	C:\Users\yara2\.openjfx\cache\17.0.6\api-ms-win-core-errorhandling-l1-1-0.dll
0x67910000 - 0x67914000 	C:\Users\yara2\.openjfx\cache\17.0.6\api-ms-win-core-file-l1-1-0.dll
0x67900000 - 0x67903000 	C:\Users\yara2\.openjfx\cache\17.0.6\api-ms-win-core-file-l1-2-0.dll
0x678f0000 - 0x678f3000 	C:\Users\yara2\.openjfx\cache\17.0.6\api-ms-win-core-file-l2-1-0.dll
0x678e0000 - 0x678e3000 	C:\Users\yara2\.openjfx\cache\17.0.6\api-ms-win-core-handle-l1-1-0.dll
0x678d0000 - 0x678d3000 	C:\Users\yara2\.openjfx\cache\17.0.6\api-ms-win-core-heap-l1-1-0.dll
0x678c0000 - 0x678c3000 	C:\Users\yara2\.openjfx\cache\17.0.6\api-ms-win-core-interlocked-l1-1-0.dll
0x678b0000 - 0x678b3000 	C:\Users\yara2\.openjfx\cache\17.0.6\api-ms-win-core-libraryloader-l1-1-0.dll
0x678a0000 - 0x678a3000 	C:\Users\yara2\.openjfx\cache\17.0.6\api-ms-win-core-localization-l1-2-0.dll
0x67890000 - 0x67893000 	C:\Users\yara2\.openjfx\cache\17.0.6\api-ms-win-core-memory-l1-1-0.dll
0x67880000 - 0x67883000 	C:\Users\yara2\.openjfx\cache\17.0.6\api-ms-win-core-namedpipe-l1-1-0.dll
0x67870000 - 0x67873000 	C:\Users\yara2\.openjfx\cache\17.0.6\api-ms-win-core-processenvironment-l1-1-0.dll
0x67860000 - 0x67863000 	C:\Users\yara2\.openjfx\cache\17.0.6\api-ms-win-core-processthreads-l1-1-0.dll
0x67850000 - 0x67853000 	C:\Users\yara2\.openjfx\cache\17.0.6\api-ms-win-core-processthreads-l1-1-1.dll
0x67840000 - 0x67843000 	C:\Users\yara2\.openjfx\cache\17.0.6\api-ms-win-core-profile-l1-1-0.dll
0x67820000 - 0x67823000 	C:\Users\yara2\.openjfx\cache\17.0.6\api-ms-win-core-rtlsupport-l1-1-0.dll
0x67810000 - 0x67813000 	C:\Users\yara2\.openjfx\cache\17.0.6\api-ms-win-core-string-l1-1-0.dll
0x677f0000 - 0x677f3000 	C:\Users\yara2\.openjfx\cache\17.0.6\api-ms-win-core-synch-l1-1-0.dll
0x677e0000 - 0x677e3000 	C:\Users\yara2\.openjfx\cache\17.0.6\api-ms-win-core-synch-l1-2-0.dll
0x677d0000 - 0x677d3000 	C:\Users\yara2\.openjfx\cache\17.0.6\api-ms-win-core-sysinfo-l1-1-0.dll
0x677c0000 - 0x677c3000 	C:\Users\yara2\.openjfx\cache\17.0.6\api-ms-win-core-timezone-l1-1-0.dll
0x677b0000 - 0x677b3000 	C:\Users\yara2\.openjfx\cache\17.0.6\api-ms-win-core-util-l1-1-0.dll
0x677a0000 - 0x677a3000 	C:\Users\yara2\.openjfx\cache\17.0.6\api-ms-win-crt-conio-l1-1-0.dll
0x67790000 - 0x67794000 	C:\Users\yara2\.openjfx\cache\17.0.6\api-ms-win-crt-convert-l1-1-0.dll
0x67550000 - 0x67553000 	C:\Users\yara2\.openjfx\cache\17.0.6\api-ms-win-crt-environment-l1-1-0.dll
0x67540000 - 0x67543000 	C:\Users\yara2\.openjfx\cache\17.0.6\api-ms-win-crt-filesystem-l1-1-0.dll
0x67530000 - 0x67533000 	C:\Users\yara2\.openjfx\cache\17.0.6\api-ms-win-crt-heap-l1-1-0.dll
0x67520000 - 0x67523000 	C:\Users\yara2\.openjfx\cache\17.0.6\api-ms-win-crt-locale-l1-1-0.dll
0x67510000 - 0x67515000 	C:\Users\yara2\.openjfx\cache\17.0.6\api-ms-win-crt-math-l1-1-0.dll
0x67500000 - 0x67505000 	C:\Users\yara2\.openjfx\cache\17.0.6\api-ms-win-crt-multibyte-l1-1-0.dll
0x674f0000 - 0x67500000 	C:\Users\yara2\.openjfx\cache\17.0.6\api-ms-win-crt-private-l1-1-0.dll
0x674e0000 - 0x674e3000 	C:\Users\yara2\.openjfx\cache\17.0.6\api-ms-win-crt-process-l1-1-0.dll
0x674d0000 - 0x674d4000 	C:\Users\yara2\.openjfx\cache\17.0.6\api-ms-win-crt-runtime-l1-1-0.dll
0x674c0000 - 0x674c4000 	C:\Users\yara2\.openjfx\cache\17.0.6\api-ms-win-crt-stdio-l1-1-0.dll
0x674b0000 - 0x674b4000 	C:\Users\yara2\.openjfx\cache\17.0.6\api-ms-win-crt-string-l1-1-0.dll
0x674a0000 - 0x674a3000 	C:\Users\yara2\.openjfx\cache\17.0.6\api-ms-win-crt-time-l1-1-0.dll
0x67080000 - 0x67083000 	C:\Users\yara2\.openjfx\cache\17.0.6\api-ms-win-crt-utility-l1-1-0.dll
0x65400000 - 0x65523000 	C:\Users\yara2\.openjfx\cache\17.0.6\ucrtbase.dll
0x67060000 - 0x67074000 	C:\Users\yara2\.openjfx\cache\17.0.6\vcruntime140.dll
0x65390000 - 0x653fd000 	C:\Users\yara2\.openjfx\cache\17.0.6\msvcp140.dll
0x65380000 - 0x65387000 	C:\Users\yara2\.openjfx\cache\17.0.6\msvcp140_1.dll
0x65350000 - 0x65379000 	C:\Users\yara2\.openjfx\cache\17.0.6\msvcp140_2.dll
0x65320000 - 0x65346000 	C:\Users\yara2\.openjfx\cache\17.0.6\prism_d3d.dll
0x651a0000 - 0x65311000 	C:\Windows\system32\d3d9.dll
0x71ab0000 - 0x71ad4000 	C:\Windows\SYSTEM32\dwmapi.dll
0x65170000 - 0x6519e000 	C:\Windows\SYSTEM32\dxcore.dll
0x73350000 - 0x733cf000 	C:\Windows\system32\uxtheme.dll
0x650e0000 - 0x65170000 	C:\Windows\SYSTEM32\d3d9on12.dll
0x650c0000 - 0x650de000 	C:\Windows\SYSTEM32\d3d12.dll
0x64ff0000 - 0x650ba000 	C:\Windows\SYSTEM32\dxgi.dll
0x74320000 - 0x7435d000 	C:\Windows\SYSTEM32\cfgmgr32.dll
0x64e20000 - 0x64fd0000 	C:\Windows\SYSTEM32\D3D12Core.dll
0x64e00000 - 0x64e1c000 	C:\Windows\System32\DriverStore\FileRepository\iigd_dch.inf_amd64_c73cfa60d516cb00\igd12umd32.dll
0x63f30000 - 0x64d1c000 	C:\Windows\System32\DriverStore\FileRepository\iigd_dch.inf_amd64_c73cfa60d516cb00\igd12um32xel.dll
0x76210000 - 0x76313000 	C:\Windows\System32\CRYPT32.dll
0x76640000 - 0x76790000 	C:\Windows\System32\ole32.dll
0x64dd0000 - 0x64dfe000 	C:\Windows\SYSTEM32\ControlLib32.dll
0x75ad0000 - 0x75f0d000 	C:\Windows\System32\SETUPAPI.dll
0x64da0000 - 0x64dc4000 	C:\Windows\SYSTEM32\DEVOBJ.dll
0x64d30000 - 0x64d94000 	C:\Windows\System32\DriverStore\FileRepository\iigd_dch.inf_amd64_c73cfa60d516cb00\IntelControlLib32.dll
0x75210000 - 0x75268000 	C:\Windows\System32\WINTRUST.dll
0x6d030000 - 0x6d03e000 	C:\Windows\SYSTEM32\MSASN1.dll
0x63ef0000 - 0x63f2c000 	C:\Windows\SYSTEM32\directxdatabasehelper.dll
0x63bc0000 - 0x63eec000 	C:\Windows\System32\DriverStore\FileRepository\iigd_dch.inf_amd64_c73cfa60d516cb00\igdgmm32.dll
0x5fdd0000 - 0x63bbd000 	C:\Windows\System32\DriverStore\FileRepository\iigd_dch.inf_amd64_c73cfa60d516cb00\igc32.dll
0x5fda0000 - 0x5fdc1000 	C:\Windows\SYSTEM32\D3DSCache.dll
0x73cf0000 - 0x73d14000 	C:\Windows\SYSTEM32\USERENV.dll
0x56c50000 - 0x5a300000 	C:\Windows\System32\DriverStore\FileRepository\iigd_dch.inf_amd64_c73cfa60d516cb00\igd12dxva32.dll
0x5fd80000 - 0x5fd9e000 	C:\Windows\System32\DriverStore\FileRepository\iigd_dch.inf_amd64_c73cfa60d516cb00\igdinfo32.dll
0x71ae0000 - 0x71ccc000 	C:\Windows\SYSTEM32\twinapi.appcore.dll
0x5fd40000 - 0x5fd77000 	C:\Users\yara2\.openjfx\cache\17.0.6\glass.dll
0x75130000 - 0x751e1000 	C:\Windows\System32\COMDLG32.dll
0x76de0000 - 0x76ede000 	C:\Windows\System32\MSCTF.dll
0x5fd20000 - 0x5fd31000 	C:\Users\yara2\.openjfx\cache\17.0.6\javafx_font.dll
0x5fcf0000 - 0x5fd15000 	C:\Users\yara2\.openjfx\cache\17.0.6\javafx_iio.dll

dbghelp: loaded successfully - version: 4.0.5 - missing functions: none
symbol engine: initialized successfully - sym options: 0x614 - pdb path: .;C:\Program Files (x86)\Eclipse Adoptium\jdk-11.0.21.9-hotspot\bin;C:\Windows\SYSTEM32;C:\Windows\WinSxS\x86_microsoft.windows.common-controls_6595b64144ccf1df_6.0.22621.2506_none_6eb991c088050a06;C:\Program Files (x86)\Eclipse Adoptium\jdk-11.0.21.9-hotspot\bin\client;C:\Program Files\JetBrains\IntelliJ IDEA 2023.3.2\bin;C:\Users\yara2\.openjfx\cache\17.0.6;C:\Windows\System32\DriverStore\FileRepository\iigd_dch.inf_amd64_c73cfa60d516cb00;C:\Program Files (x86)\Common Files\Microsoft Shared\Ink

VM Arguments:
jvm_args: -javaagent:C:\Program Files\JetBrains\IntelliJ IDEA 2023.3.2\lib\idea_rt.jar=51896:C:\Program Files\JetBrains\IntelliJ IDEA 2023.3.2\bin -Dfile.encoding=UTF-8 --module-path=C:\Users\yara2\.m2\repository\org\kordamp\bootstrapfx\bootstrapfx-core\0.4.0\bootstrapfx-core-0.4.0.jar;C:\Users\yara2\.m2\repository\com\gluonhq\attach\util\4.0.19\util-4.0.19.jar;C:\Users\yara2\.m2\repository\org\openjfx\javafx-graphics\17.0.6\javafx-graphics-17.0.6-win-x86.jar;C:\Users\yara2\.m2\repository\org\openjfx\javafx-base\17.0.6\javafx-base-17.0.6-win-x86.jar;C:\Users\yara2\.m2\repository\com\gluonhq\attach\lifecycle\4.0.19\lifecycle-4.0.19.jar;C:\Users\yara2\.m2\repository\org\openjfx\javafx-fxml\17.0.6\javafx-fxml-17.0.6-win-x86.jar;C:\Users\yara2\.m2\repository\org\openjfx\javafx-controls\17.0.6\javafx-controls-17.0.6-win-x86.jar;C:\Users\yara2\.m2\repository\com\gluonhq\attach\display\4.0.19\display-4.0.19.jar;C:\Users\yara2\.m2\repository\com\gluonhq\charm-glisten\6.2.3\charm-glisten-6.2.3.jar;C:\Users\yara2\IdeaProjects\RentaPeliculas\target\classes -Djdk.module.main=com.yaravazquez.rentapeliculas 
java_command: com.yaravazquez.rentapeliculas/com.yaravazquez.rentapeliculas.App
java_class_path (initial): C:\Users\yara2\.m2\repository\org\openjfx\javafx-controls\17.0.6\javafx-controls-17.0.6.jar;C:\Users\yara2\.m2\repository\org\openjfx\javafx-graphics\17.0.6\javafx-graphics-17.0.6.jar;C:\Users\yara2\.m2\repository\org\openjfx\javafx-base\17.0.6\javafx-base-17.0.6.jar;C:\Users\yara2\.m2\repository\org\openjfx\javafx-fxml\17.0.6\javafx-fxml-17.0.6.jar
Launcher Type: SUN_STANDARD

[Global flags]
   size_t InitialHeapSize                          = 16777216                                  {product} {ergonomic}
   size_t MaxHeapSize                              = 268435456                                 {product} {ergonomic}
   size_t MaxNewSize                               = 89456640                                  {product} {ergonomic}
   size_t MinHeapDeltaBytes                        = 131072                                    {product} {ergonomic}
   size_t NewSize                                  = 5570560                                   {product} {ergonomic}
    uintx NonProfiledCodeHeapSize                  = 0                                      {pd product} {ergonomic}
   size_t OldSize                                  = 11206656                                  {product} {ergonomic}
    uintx ProfiledCodeHeapSize                     = 0                                      {pd product} {ergonomic}
     bool ThreadLocalHandshakes                    = false                                  {pd product} {ergonomic}
     bool UseLargePagesIndividualAllocation        = false                                  {pd product} {ergonomic}
     bool UseSerialGC                              = true                                      {product} {ergonomic}

Logging:
Log output configuration:
 #0: stdout all=warning uptime,level,tags
 #1: stderr all=off uptime,level,tags

Environment Variables:
PATH=C:\Program Files (x86)\Eclipse Adoptium\jdk-11.0.21.9-hotspot\bin;C:\Program Files (x86)\Eclipse Adoptium\jre-11.0.21.9-hotspot\bin;C:\Program Files (x86)\Common Files\Oracle\Java\javapath;C:\Windows\system32;C:\Windows;C:\Windows\System32\Wbem;C:\Windows\System32\WindowsPowerShell\v1.0\;C:\Windows\System32\OpenSSH\;C:\Program Files\Git\cmd;C:\Users\yara2\AppData\Local\Microsoft\WindowsApps;C:\Users\yara2\AppData\Local\Programs\Microsoft VS Code\bin;C:\Users\yara2\AppData\Local\GitHubDesktop\bin
USERNAME=yara2
OS=Windows_NT
PROCESSOR_IDENTIFIER=Intel64 Family 6 Model 186 Stepping 3, GenuineIntel
TMP=C:\Users\yara2\AppData\Local\Temp
TEMP=C:\Users\yara2\AppData\Local\Temp



---------------  S Y S T E M  ---------------

OS: Windows 11 , 64 bit Build 22621 (10.0.22621.3085)
OS uptime: 12 days 7:49 hours
Hyper-V role detected

CPU:total 12 (initial active 12) (6 cores per cpu, 2 threads per core) family 6 model 186 stepping 3 microcode 0x410e, cmov, cx8, fxsr, mmx, sse, sse2, sse3, ssse3, sse4.1, sse4.2, popcnt, avx, avx2, aes, clmul, erms, 3dnowpref, lzcnt, ht, tsc, tscinvbit, bmi1, bmi2, adx, sha, fma

Memory: 4k page, system-wide physical 16071M (5791M free)
TotalPageFile size 18503M (AvailPageFile size 6108M), user-mode portion of virtual address-space 2047M (1209M free)
current process WorkingSet (physical memory assigned to process): 226M, peak: 230M
current process commit charge ("private bytes"): 225M, peak: 229M

vm_info: OpenJDK Client VM (11.0.21+9) for windows-x86 JRE (11.0.21+9), built on Oct 17 2023 17:27:10 by "" with MS VC++ 15.9 (VS2017)

END.
