#
# A fatal error has been detected by the Java Runtime Environment:
#
#  EXCEPTION_ACCESS_VIOLATION (0xc0000005) at pc=0x64016c62, pid=11084, tid=9492
#
# JRE version: OpenJDK Runtime Environment Temurin-11.0.21+9 (11.0.21+9) (build 11.0.21+9)
# Java VM: OpenJDK Client VM Temurin-11.0.21+9 (11.0.21+9, mixed mode, serial gc, windows-x86)
# Problematic frame:
# C  [glass.dll+0x16c62]
#
# No core dump will be written. Minidumps are not enabled by default on client versions of Windows
#
# If you would like to submit a bug report, please visit:
#   https://github.com/adoptium/adoptium-support/issues
# The crash happened outside the Java Virtual Machine in native code.
# See problematic frame for where to report the bug.
#

---------------  S U M M A R Y ------------

Command Line: -javaagent:C:\Program Files\JetBrains\IntelliJ IDEA 2023.3.2\lib\idea_rt.jar=62636:C:\Program Files\JetBrains\IntelliJ IDEA 2023.3.2\bin -Dfile.encoding=UTF-8 --module-path=C:\Users\yara2\.m2\repository\org\openjfx\javafx-fxml\17.0.6\javafx-fxml-17.0.6-win-x86.jar;C:\Users\yara2\.m2\repository\org\openjfx\javafx-base\17.0.6\javafx-base-17.0.6-win-x86.jar;C:\Users\yara2\.m2\repository\com\gluonhq\attach\display\4.0.19\display-4.0.19.jar;C:\Users\yara2\.m2\repository\org\kordamp\bootstrapfx\bootstrapfx-core\0.4.0\bootstrapfx-core-0.4.0.jar;C:\Users\yara2\.m2\repository\org\openjfx\javafx-controls\17.0.6\javafx-controls-17.0.6-win-x86.jar;C:\Users\yara2\IdeaProjects\RentaPeliculas\target\classes;C:\Users\yara2\.m2\repository\org\openjfx\javafx-graphics\17.0.6\javafx-graphics-17.0.6-win-x86.jar;C:\Users\yara2\.m2\repository\com\gluonhq\charm-glisten\6.2.3\charm-glisten-6.2.3.jar;C:\Users\yara2\.m2\repository\com\gluonhq\attach\lifecycle\4.0.19\lifecycle-4.0.19.jar;C:\Users\yara2\.m2\repository\com\gluonhq\attach\util\4.0.19\util-4.0.19.jar -Djdk.module.main=com.yaravazquez.rentapeliculas com.yaravazquez.rentapeliculas/com.yaravazquez.rentapeliculas.App

Host: 13th Gen Intel(R) Core(TM) i7-1355U, 12 cores, 15G,  Windows 11 , 64 bit Build 22621 (10.0.22621.3085)
Time: Mon Feb 26 08:02:17 2024 Hora estándar central (México) elapsed time: 41.174296 seconds (0d 0h 0m 41s)

---------------  T H R E A D  ---------------

Current thread (0x15c85c00):  JavaThread "JavaFX Application Thread" [_thread_in_native, id=9492, stack(0x1b420000,0x1b470000)]

Stack: [0x1b420000,0x1b470000],  sp=0x1b46e4fc,  free space=313k
Native frames: (J=compiled Java code, A=aot compiled Java code, j=interpreted, Vv=VM code, C=native code)
C  [glass.dll+0x16c62]

Java frames: (J=compiled Java code, j=interpreted, Vv=VM code)
j  com.sun.glass.ui.win.WinWindow._close(J)Z+0 javafx.graphics
j  com.sun.glass.ui.Window.close()V+63 javafx.graphics
j  com.sun.glass.ui.win.WinWindow.close()V+8 javafx.graphics
j  com.sun.glass.ui.Application.terminate()V+75 javafx.graphics
j  com.sun.javafx.tk.quantum.QuantumToolkit.lambda$exit$13()Ljava/lang/Object;+5 javafx.graphics
j  com.sun.javafx.tk.quantum.QuantumToolkit$$Lambda$575.get()Ljava/lang/Object;+0 javafx.graphics
j  com.sun.javafx.tk.quantum.QuantumToolkit.runWithRenderLock(Ljava/util/function/Supplier;)Ljava/lang/Object;+7 javafx.graphics
j  com.sun.javafx.tk.quantum.QuantumToolkit.exit()V+26 javafx.graphics
j  com.sun.javafx.application.PlatformImpl.lambda$tkExit$16()V+3 javafx.graphics
j  com.sun.javafx.application.PlatformImpl$$Lambda$574.run()V+0 javafx.graphics
j  com.sun.javafx.application.PlatformImpl.lambda$runAndWait$12(Ljava/lang/Runnable;Ljava/util/concurrent/CountDownLatch;)V+1 javafx.graphics
j  com.sun.javafx.application.PlatformImpl$$Lambda$87.run()V+8 javafx.graphics
j  com.sun.javafx.application.PlatformImpl.lambda$runLater$10(Ljava/lang/Runnable;)Ljava/lang/Void;+1 javafx.graphics
j  com.sun.javafx.application.PlatformImpl$$Lambda$89.run()Ljava/lang/Object;+4 javafx.graphics
v  ~StubRoutines::call_stub
J 1410  java.security.AccessController.doPrivileged(Ljava/security/PrivilegedAction;Ljava/security/AccessControlContext;)Ljava/lang/Object; java.base@11.0.21 (0 bytes) @ 0x02cbc647 [0x02cbc5e0+0x00000067]
j  com.sun.javafx.application.PlatformImpl.lambda$runLater$11(Ljava/lang/Runnable;Ljava/security/AccessControlContext;)V+7 javafx.graphics
j  com.sun.javafx.application.PlatformImpl$$Lambda$88.run()V+8 javafx.graphics
j  com.sun.glass.ui.InvokeLaterDispatcher$Future.run()V+4 javafx.graphics
v  ~StubRoutines::call_stub
j  com.sun.glass.ui.win.WinApplication._runLoop(Ljava/lang/Runnable;)V+0 javafx.graphics
j  com.sun.glass.ui.win.WinApplication.lambda$runLoop$3(ILjava/lang/Runnable;)V+8 javafx.graphics
j  com.sun.glass.ui.win.WinApplication$$Lambda$77.run()V+12 javafx.graphics
j  java.lang.Thread.run()V+11 java.base@11.0.21
v  ~StubRoutines::call_stub

siginfo: EXCEPTION_ACCESS_VIOLATION (0xc0000005), reading address 0x000000b8


Register to memory mapping:

EIP=0x64016c62 glass.dll
EAX=0x0 is NULL
EBX=0x1b46e730 is pointing into the stack for thread: 0x15c85c00
ECX=0x0 is NULL
EDX=0x0 is NULL
ESP=0x1b46e4fc is pointing into the stack for thread: 0x15c85c00
EBP=0x1b46e528 is pointing into the stack for thread: 0x15c85c00
ESI=0x00000401 is an unknown value
EDI=0x0 is NULL


Registers:
EAX=0x00000000, EBX=0x1b46e730, ECX=0x00000000, EDX=0x00000000
ESP=0x1b46e4fc, EBP=0x1b46e528, ESI=0x00000401, EDI=0x00000000
EIP=0x64016c62, EFLAGS=0x00010206

Top of Stack: (sp=0x1b46e4fc)
0x1b46e4fc:   1b46e730 00000401 1b46e730 64008df8
0x1b46e50c:   de27f184 15c92030 000105d8 00000401
0x1b46e51c:   1b46e65c 640202b0 ffffffff 00000000
0x1b46e52c:   64001755 00000401 1b46e730 00000000
0x1b46e53c:   00000401 000105d8 1b46e574 640016f0
0x1b46e54c:   74db2e63 000105d8 00000401 1b46e730
0x1b46e55c:   00000000 000105d8 dcbaabcd 640016f0
0x1b46e56c:   00000401 000105d8 1b46e66c 74da3c46 

Instructions: (pc=0x64016c62)
0x64016b62:   21 56 e8 47 42 00 00 ff 35 e8 03 03 64 8b f0 ff
0x64016b72:   77 68 56 e8 96 de fe ff 56 e8 a0 41 00 00 83 c4
0x64016b82:   10 5e c7 05 a4 03 03 64 00 00 00 00 5f c3 83 ec
0x64016b92:   24 a1 ec e0 02 64 33 c4 89 44 24 20 8b 44 24 28
0x64016ba2:   53 89 44 24 04 8b d9 8b 44 24 30 89 44 24 08 8b
0x64016bb2:   44 24 38 55 89 44 24 10 8b 44 24 38 56 89 83 84
0x64016bc2:   00 00 00 8b 44 24 0c 89 5c 24 18 bb 00 00 00 80
0x64016bd2:   8b eb 8b f3 57 8b fb 85 c0 79 29 8d 44 24 20 50
0x64016be2:   e8 29 aa fe ff 83 c4 04 85 c0 8b 44 24 10 74 14
0x64016bf2:   8b 74 24 28 8b 5c 24 20 2b f3 8b 7c 24 2c 8b 6c
0x64016c02:   24 24 2b fd 6a 00 50 ff 74 24 1c 68 d8 23 02 64
0x64016c12:   57 56 8b 74 24 34 8b ce 55 53 ff 74 24 38 e8 db
0x64016c22:   a7 fe ff 8b f8 8d 4e 14 57 e8 40 64 00 00 57 8d
0x64016c32:   4e 14 e8 c7 64 00 00 8b 4c 24 30 8b c7 5f 5e 5d
0x64016c42:   5b 33 cc e8 ae 7a 00 00 83 c4 24 c2 10 00 53 8b
0x64016c52:   d9 56 57 ff 73 08 e8 93 a9 fe ff 8b f8 83 c4 04
0x64016c62:   8b 87 b8 00 00 00 85 c0 75 03 8b 47 04 3b 05 a4
0x64016c72:   03 03 64 75 29 e8 34 41 00 00 ff 35 e8 03 03 64
0x64016c82:   8b f0 ff 77 68 56 e8 83 dd fe ff 56 e8 8d 40 00
0x64016c92:   00 83 c4 10 c7 05 a4 03 03 64 00 00 00 00 8d 4f
0x64016ca2:   14 e8 b8 69 00 00 8d 4f 14 e8 e0 69 00 00 ff 73
0x64016cb2:   08 ff 15 f8 fe 02 64 85 c0 5f 0f 95 c0 5e 88 43
0x64016cc2:   04 5b c3 cc cc cc cc cc cc cc cc cc cc cc 55 8b
0x64016cd2:   ec 6a ff 68 f7 11 02 64 64 a1 00 00 00 00 50 83
0x64016ce2:   ec 08 53 56 57 a1 ec e0 02 64 33 c5 50 8d 45 f4
0x64016cf2:   64 a3 00 00 00 00 8b f9 ff 77 18 ff 15 60 ff 02
0x64016d02:   64 85 c0 75 13 0f 57 c0 66 0f 13 45 ec 8b 55 f0
0x64016d12:   8b 45 ec e9 a7 00 00 00 68 dc 00 00 00 e8 96 79
0x64016d22:   00 00 83 c4 04 89 45 f0 c7 45 fc 00 00 00 00 85
0x64016d32:   c0 74 19 ff 77 18 8b c8 6a 01 6a 00 6a 00 6a 00
0x64016d42:   ff 77 10 e8 a6 f9 ff ff 8b d8 eb 02 33 db ff 77
0x64016d52:   18 8b cb c7 45 fc ff ff ff ff 6a 00 68 00 00 10 


Stack slot to memory mapping:
stack at sp + 0 slots: 0x1b46e730 is pointing into the stack for thread: 0x15c85c00
stack at sp + 1 slots: 0x00000401 is an unknown value
stack at sp + 2 slots: 0x1b46e730 is pointing into the stack for thread: 0x15c85c00
stack at sp + 3 slots: 0x64008df8 glass.dll
stack at sp + 4 slots: 0xde27f184 is an unknown value
stack at sp + 5 slots: 0x15c92030 points into unknown readable memory: 0x6402319c | 9c 31 02 64
stack at sp + 6 slots: 0x000105d8 is an unknown value
stack at sp + 7 slots: 0x00000401 is an unknown value


---------------  P R O C E S S  ---------------

Threads class SMR info:
_java_thread_list=0x16236638, length=17, elements={
0x029ae800, 0x02a88400, 0x02a66c00, 0x02a82800,
0x02a84400, 0x02a85000, 0x02a86000, 0x02a86c00,
0x02a35000, 0x14f28800, 0x154d1000, 0x15c97000,
0x15c85c00, 0x15e30c00, 0x15e12800, 0x160fd400,
0x161ad400
}

Java Threads: ( => current thread )
  0x029ae800 JavaThread "main" [_thread_blocked, id=23372, stack(0x008e0000,0x00930000)]
  0x02a88400 JavaThread "Reference Handler" daemon [_thread_blocked, id=1340, stack(0x02920000,0x02970000)]
  0x02a66c00 JavaThread "Finalizer" daemon [_thread_blocked, id=4060, stack(0x04ad0000,0x04b20000)]
  0x02a82800 JavaThread "Signal Dispatcher" daemon [_thread_blocked, id=24528, stack(0x04b70000,0x04bc0000)]
  0x02a84400 JavaThread "Attach Listener" daemon [_thread_blocked, id=15448, stack(0x14f30000,0x14f80000)]
  0x02a85000 JavaThread "Service Thread" daemon [_thread_blocked, id=4412, stack(0x14fc0000,0x15010000)]
  0x02a86000 JavaThread "C1 CompilerThread0" daemon [_thread_blocked, id=10044, stack(0x15050000,0x150a0000)]
  0x02a86c00 JavaThread "Sweeper thread" daemon [_thread_blocked, id=23408, stack(0x150e0000,0x15130000)]
  0x02a35000 JavaThread "Common-Cleaner" daemon [_thread_blocked, id=22792, stack(0x15170000,0x151c0000)]
  0x14f28800 JavaThread "Monitor Ctrl-Break" daemon [_thread_in_native, id=9736, stack(0x15610000,0x15660000)]
  0x154d1000 JavaThread "QuantumRenderer-0" daemon [_thread_blocked, id=5264, stack(0x15930000,0x15980000)]
  0x15c97000 JavaThread "InvokeLaterDispatcher" daemon [_thread_blocked, id=16776, stack(0x1b290000,0x1b2e0000)]
=>0x15c85c00 JavaThread "JavaFX Application Thread" [_thread_in_native, id=9492, stack(0x1b420000,0x1b470000)]
  0x15e30c00 JavaThread "JavaFX-Launcher" [_thread_blocked, id=14288, stack(0x1f900000,0x1f950000)]
  0x15e12800 JavaThread "Thread-2" daemon [_thread_in_native, id=14304, stack(0x1f870000,0x1f8c0000)]
  0x160fd400 JavaThread "Prism Font Disposer" daemon [_thread_blocked, id=14384, stack(0x21d10000,0x21d60000)]
  0x161ad400 JavaThread "Cleaner-0" daemon [_thread_blocked, id=21152, stack(0x226a0000,0x226f0000)]

Other Threads:
  0x02a60c00 VMThread "VM Thread" [stack: 0x02890000,0x028e0000] [id=23304]
  0x151d1000 WatcherThread [stack: 0x156a0000,0x156f0000] [id=22728]

Threads with active compile tasks:

VM state:not at safepoint (normal execution)

VM Mutex/Monitor currently owned by a thread: None

Heap:
 def new generation   total 12544K, used 4100K [0x04c00000, 0x05990000, 0x0a150000)
  eden space 11200K,  36% used [0x04c00000, 0x05001150, 0x056f0000)
  from space 1344K,   0% used [0x056f0000, 0x056f0000, 0x05840000)
  to   space 1344K,   0% used [0x05840000, 0x05840000, 0x05990000)
 tenured generation   total 27676K, used 16605K [0x0a150000, 0x0bc57000, 0x14c00000)
   the space 27676K,  59% used [0x0a150000, 0x0b1875b0, 0x0b187600, 0x0bc57000)
 Metaspace       used 15457K, capacity 15792K, committed 16128K, reserved 16768K

Card table byte_map: [0x02300000,0x02390000] _byte_map_base: 0x022da000

Polling page: 0x00930000

Metaspace:

Usage:
   15.42 MB capacity,    15.09 MB ( 98%) used,   233.02 KB (  1%) free+waste,   101.84 KB ( <1%) overhead. 

Virtual space:
     16.38 MB reserved,      15.75 MB ( 96%) committed 

Chunk freelists:
240.00 KB

MaxMetaspaceSize: 4.00 GB
No class space
Initial GC threshold: 12.00 MB
Current GC threshold: 26.04 MB
CDS: off

CodeCache: size=32768Kb used=2525Kb max_used=2525Kb free=30243Kb
 bounds [0x02a90000, 0x02d08000, 0x04a90000]
 total_blobs=2103 nmethods=1666 adapters=370
 compilation: enabled
              stopped_count=0, restarted_count=0
 full_count=0

Compilation events (20 events):
Event: 38.910 Thread 0x02a86000 1657             com.sun.javafx.font.PrismFontStrike::getQuantizedPosition (56 bytes)
Event: 38.911 Thread 0x02a86000 nmethod 1657 0x02d04188 code [0x02d042d0, 0x02d04404]
Event: 39.139 Thread 0x02a86000 1658             javafx.animation.AnimationAccessorImpl::setCurrentTicks (6 bytes)
Event: 39.139 Thread 0x02a86000 nmethod 1658 0x02d04508 code [0x02d04620, 0x02d046cc]
Event: 40.582 Thread 0x02a86000 1659             com.sun.prism.impl.ManagedResource::_isgone (42 bytes)
Event: 40.582 Thread 0x02a86000 nmethod 1659 0x02d04788 code [0x02d048b0, 0x02d049c8]
Event: 41.059 Thread 0x02a86000 1660             com.sun.glass.ui.win.WinTimer::_resume (1 bytes)
Event: 41.059 Thread 0x02a86000 nmethod 1660 0x02d04a88 code [0x02d04b90, 0x02d04c10]
Event: 41.155 Thread 0x02a86000 1661             java.util.Arrays::fill (28 bytes)
Event: 41.155 Thread 0x02a86000 nmethod 1661 0x02d04c48 code [0x02d04d70, 0x02d04eac]
Event: 41.156 Thread 0x02a86000 1662             java.lang.invoke.MethodHandleNatives::refKindIsGetter (32 bytes)
Event: 41.156 Thread 0x02a86000 nmethod 1662 0x02d04fc8 code [0x02d050d0, 0x02d05150]
Event: 41.156 Thread 0x02a86000 1663             java.lang.invoke.ClassSpecializer$SpeciesData::fieldCount (10 bytes)
Event: 41.156 Thread 0x02a86000 nmethod 1663 0x02d05188 code [0x02d052a0, 0x02d0533c]
Event: 41.156 Thread 0x02a86000 1664             jdk.internal.misc.VM::initLevel (4 bytes)
Event: 41.157 Thread 0x02a86000 nmethod 1664 0x02d05388 code [0x02d05490, 0x02d05510]
Event: 41.157 Thread 0x02a86000 1665             jdk.internal.misc.VM::isModuleSystemInited (13 bytes)
Event: 41.157 Thread 0x02a86000 nmethod 1665 0x02d05548 code [0x02d05650, 0x02d056e0]
Event: 41.157 Thread 0x02a86000 1666             sun.nio.cs.UTF_8$Encoder::encodeArrayLoop (489 bytes)
Event: 41.158 Thread 0x02a86000 nmethod 1666 0x02d05748 code [0x02d05ad0, 0x02d06884]

GC Heap History (20 events):
Event: 0.682 GC heap before
{Heap before GC invocations=6 (full 0):
 def new generation   total 4928K, used 4928K [0x04c00000, 0x05150000, 0x0a150000)
  eden space 4416K, 100% used [0x04c00000, 0x05050000, 0x05050000)
  from space 512K, 100% used [0x05050000, 0x050d0000, 0x050d0000)
  to   space 512K,   0% used [0x050d0000, 0x050d0000, 0x05150000)
 tenured generation   total 10944K, used 2911K [0x0a150000, 0x0ac00000, 0x14c00000)
   the space 10944K,  26% used [0x0a150000, 0x0a427fe0, 0x0a428000, 0x0ac00000)
 Metaspace       used 10631K, capacity 10802K, committed 10880K, reserved 11648K
}
Event: 0.684 GC heap after
{Heap after GC invocations=7 (full 0):
 def new generation   total 4928K, used 512K [0x04c00000, 0x05150000, 0x0a150000)
  eden space 4416K,   0% used [0x04c00000, 0x04c00000, 0x05050000)
  from space 512K, 100% used [0x050d0000, 0x05150000, 0x05150000)
  to   space 512K,   0% used [0x05050000, 0x05050000, 0x050d0000)
 tenured generation   total 10944K, used 3904K [0x0a150000, 0x0ac00000, 0x14c00000)
   the space 10944K,  35% used [0x0a150000, 0x0a520278, 0x0a520400, 0x0ac00000)
 Metaspace       used 10631K, capacity 10802K, committed 10880K, reserved 11648K
}
Event: 0.723 GC heap before
{Heap before GC invocations=7 (full 0):
 def new generation   total 4928K, used 4928K [0x04c00000, 0x05150000, 0x0a150000)
  eden space 4416K, 100% used [0x04c00000, 0x05050000, 0x05050000)
  from space 512K, 100% used [0x050d0000, 0x05150000, 0x05150000)
  to   space 512K,   0% used [0x05050000, 0x05050000, 0x050d0000)
 tenured generation   total 10944K, used 3904K [0x0a150000, 0x0ac00000, 0x14c00000)
   the space 10944K,  35% used [0x0a150000, 0x0a520278, 0x0a520400, 0x0ac00000)
 Metaspace       used 11080K, capacity 11258K, committed 11264K, reserved 11648K
}
Event: 0.725 GC heap after
{Heap after GC invocations=8 (full 0):
 def new generation   total 4928K, used 512K [0x04c00000, 0x05150000, 0x0a150000)
  eden space 4416K,   0% used [0x04c00000, 0x04c00000, 0x05050000)
  from space 512K, 100% used [0x05050000, 0x050d0000, 0x050d0000)
  to   space 512K,   0% used [0x050d0000, 0x050d0000, 0x05150000)
 tenured generation   total 10944K, used 5000K [0x0a150000, 0x0ac00000, 0x14c00000)
   the space 10944K,  45% used [0x0a150000, 0x0a6323f8, 0x0a632400, 0x0ac00000)
 Metaspace       used 11080K, capacity 11258K, committed 11264K, reserved 11648K
}
Event: 0.757 GC heap before
{Heap before GC invocations=8 (full 0):
 def new generation   total 4928K, used 3096K [0x04c00000, 0x05150000, 0x0a150000)
  eden space 4416K,  58% used [0x04c00000, 0x04e86248, 0x05050000)
  from space 512K, 100% used [0x05050000, 0x050d0000, 0x050d0000)
  to   space 512K,   0% used [0x050d0000, 0x050d0000, 0x05150000)
 tenured generation   total 10944K, used 5000K [0x0a150000, 0x0ac00000, 0x14c00000)
   the space 10944K,  45% used [0x0a150000, 0x0a6323f8, 0x0a632400, 0x0ac00000)
 Metaspace       used 11512K, capacity 11685K, committed 11776K, reserved 12672K
}
Event: 0.760 GC heap after
{Heap after GC invocations=9 (full 0):
 def new generation   total 4928K, used 155K [0x04c00000, 0x05150000, 0x0a150000)
  eden space 4416K,   0% used [0x04c00000, 0x04c00000, 0x05050000)
  from space 512K,  30% used [0x050d0000, 0x050f6ce8, 0x05150000)
  to   space 512K,   0% used [0x05050000, 0x05050000, 0x050d0000)
 tenured generation   total 10944K, used 6023K [0x0a150000, 0x0ac00000, 0x14c00000)
   the space 10944K,  55% used [0x0a150000, 0x0a731d50, 0x0a731e00, 0x0ac00000)
 Metaspace       used 11512K, capacity 11685K, committed 11776K, reserved 12672K
}
Event: 0.780 GC heap before
{Heap before GC invocations=9 (full 0):
 def new generation   total 4928K, used 4571K [0x04c00000, 0x05150000, 0x0a150000)
  eden space 4416K, 100% used [0x04c00000, 0x05050000, 0x05050000)
  from space 512K,  30% used [0x050d0000, 0x050f6ce8, 0x05150000)
  to   space 512K,   0% used [0x05050000, 0x05050000, 0x050d0000)
 tenured generation   total 10944K, used 6023K [0x0a150000, 0x0ac00000, 0x14c00000)
   the space 10944K,  55% used [0x0a150000, 0x0a731d50, 0x0a731e00, 0x0ac00000)
 Metaspace       used 11783K, capacity 11944K, committed 12032K, reserved 12672K
}
Event: 0.782 GC heap after
{Heap after GC invocations=10 (full 0):
 def new generation   total 4928K, used 204K [0x04c00000, 0x05150000, 0x0a150000)
  eden space 4416K,   0% used [0x04c00000, 0x04c00000, 0x05050000)
  from space 512K,  39% used [0x05050000, 0x050831d0, 0x050d0000)
  to   space 512K,   0% used [0x050d0000, 0x050d0000, 0x05150000)
 tenured generation   total 10944K, used 8837K [0x0a150000, 0x0ac00000, 0x14c00000)
   the space 10944K,  80% used [0x0a150000, 0x0a9f1410, 0x0a9f1600, 0x0ac00000)
 Metaspace       used 11783K, capacity 11944K, committed 12032K, reserved 12672K
}
Event: 0.802 GC heap before
{Heap before GC invocations=10 (full 0):
 def new generation   total 4928K, used 2001K [0x04c00000, 0x05150000, 0x0a150000)
  eden space 4416K,  40% used [0x04c00000, 0x04dc14b0, 0x05050000)
  from space 512K,  39% used [0x05050000, 0x050831d0, 0x050d0000)
  to   space 512K,   0% used [0x050d0000, 0x050d0000, 0x05150000)
 tenured generation   total 10944K, used 8837K [0x0a150000, 0x0ac00000, 0x14c00000)
   the space 10944K,  80% used [0x0a150000, 0x0a9f1410, 0x0a9f1600, 0x0ac00000)
 Metaspace       used 12087K, capacity 12264K, committed 12288K, reserved 12672K
}
Event: 0.809 GC heap after
{Heap after GC invocations=11 (full 1):
 def new generation   total 6912K, used 0K [0x04c00000, 0x05380000, 0x0a150000)
  eden space 6144K,   0% used [0x04c00000, 0x04c00000, 0x05200000)
  from space 768K,   0% used [0x05200000, 0x05200000, 0x052c0000)
  to   space 768K,   0% used [0x052c0000, 0x052c0000, 0x05380000)
 tenured generation   total 15236K, used 9139K [0x0a150000, 0x0b031000, 0x14c00000)
   the space 15236K,  59% used [0x0a150000, 0x0aa3cdf0, 0x0aa3ce00, 0x0b031000)
 Metaspace       used 12087K, capacity 12264K, committed 12288K, reserved 12672K
}
Event: 0.908 GC heap before
{Heap before GC invocations=11 (full 1):
 def new generation   total 6912K, used 6144K [0x04c00000, 0x05380000, 0x0a150000)
  eden space 6144K, 100% used [0x04c00000, 0x05200000, 0x05200000)
  from space 768K,   0% used [0x05200000, 0x05200000, 0x052c0000)
  to   space 768K,   0% used [0x052c0000, 0x052c0000, 0x05380000)
 tenured generation   total 15236K, used 9139K [0x0a150000, 0x0b031000, 0x14c00000)
   the space 15236K,  59% used [0x0a150000, 0x0aa3cdf0, 0x0aa3ce00, 0x0b031000)
 Metaspace       used 12803K, capacity 13001K, committed 13056K, reserved 13696K
}
Event: 0.911 GC heap after
{Heap after GC invocations=12 (full 1):
 def new generation   total 6912K, used 767K [0x04c00000, 0x05380000, 0x0a150000)
  eden space 6144K,   0% used [0x04c00000, 0x04c00000, 0x05200000)
  from space 768K,  99% used [0x052c0000, 0x0537fff8, 0x05380000)
  to   space 768K,   0% used [0x05200000, 0x05200000, 0x052c0000)
 tenured generation   total 15236K, used 9157K [0x0a150000, 0x0b031000, 0x14c00000)
   the space 15236K,  60% used [0x0a150000, 0x0aa416c8, 0x0aa41800, 0x0b031000)
 Metaspace       used 12803K, capacity 13001K, committed 13056K, reserved 13696K
}
Event: 1.014 GC heap before
{Heap before GC invocations=12 (full 1):
 def new generation   total 6912K, used 6911K [0x04c00000, 0x05380000, 0x0a150000)
  eden space 6144K, 100% used [0x04c00000, 0x05200000, 0x05200000)
  from space 768K,  99% used [0x052c0000, 0x0537fff8, 0x05380000)
  to   space 768K,   0% used [0x05200000, 0x05200000, 0x052c0000)
 tenured generation   total 15236K, used 9157K [0x0a150000, 0x0b031000, 0x14c00000)
   the space 15236K,  60% used [0x0a150000, 0x0aa416c8, 0x0aa41800, 0x0b031000)
 Metaspace       used 13709K, capacity 13970K, committed 14080K, reserved 14720K
}
Event: 1.017 GC heap after
{Heap after GC invocations=13 (full 1):
 def new generation   total 6912K, used 707K [0x04c00000, 0x05380000, 0x0a150000)
  eden space 6144K,   0% used [0x04c00000, 0x04c00000, 0x05200000)
  from space 768K,  92% used [0x05200000, 0x052b0f80, 0x052c0000)
  to   space 768K,   0% used [0x052c0000, 0x052c0000, 0x05380000)
 tenured generation   total 15236K, used 10938K [0x0a150000, 0x0b031000, 0x14c00000)
   the space 15236K,  71% used [0x0a150000, 0x0abfeb08, 0x0abfec00, 0x0b031000)
 Metaspace       used 13709K, capacity 13970K, committed 14080K, reserved 14720K
}
Event: 11.726 GC heap before
{Heap before GC invocations=13 (full 1):
 def new generation   total 6912K, used 6851K [0x04c00000, 0x05380000, 0x0a150000)
  eden space 6144K, 100% used [0x04c00000, 0x05200000, 0x05200000)
  from space 768K,  92% used [0x05200000, 0x052b0f80, 0x052c0000)
  to   space 768K,   0% used [0x052c0000, 0x052c0000, 0x05380000)
 tenured generation   total 15236K, used 10938K [0x0a150000, 0x0b031000, 0x14c00000)
   the space 15236K,  71% used [0x0a150000, 0x0abfeb08, 0x0abfec00, 0x0b031000)
 Metaspace       used 14276K, capacity 14506K, committed 14592K, reserved 14720K
}
Event: 11.728 GC heap after
{Heap after GC invocations=14 (full 1):
 def new generation   total 6912K, used 416K [0x04c00000, 0x05380000, 0x0a150000)
  eden space 6144K,   0% used [0x04c00000, 0x04c00000, 0x05200000)
  from space 768K,  54% used [0x052c0000, 0x05328000, 0x05380000)
  to   space 768K,   0% used [0x05200000, 0x05200000, 0x052c0000)
 tenured generation   total 15236K, used 13747K [0x0a150000, 0x0b031000, 0x14c00000)
   the space 15236K,  90% used [0x0a150000, 0x0aebce70, 0x0aebd000, 0x0b031000)
 Metaspace       used 14276K, capacity 14506K, committed 14592K, reserved 14720K
}
Event: 11.795 GC heap before
{Heap before GC invocations=14 (full 1):
 def new generation   total 6912K, used 6560K [0x04c00000, 0x05380000, 0x0a150000)
  eden space 6144K, 100% used [0x04c00000, 0x05200000, 0x05200000)
  from space 768K,  54% used [0x052c0000, 0x05328000, 0x05380000)
  to   space 768K,   0% used [0x05200000, 0x05200000, 0x052c0000)
 tenured generation   total 15236K, used 13747K [0x0a150000, 0x0b031000, 0x14c00000)
   the space 15236K,  90% used [0x0a150000, 0x0aebce70, 0x0aebd000, 0x0b031000)
 Metaspace       used 15212K, capacity 15563K, committed 15616K, reserved 15744K
}
Event: 11.797 GC heap after
{Heap after GC invocations=15 (full 1):
 def new generation   total 6912K, used 435K [0x04c00000, 0x05380000, 0x0a150000)
  eden space 6144K,   0% used [0x04c00000, 0x04c00000, 0x05200000)
  from space 768K,  56% used [0x05200000, 0x0526ce00, 0x052c0000)
  to   space 768K,   0% used [0x052c0000, 0x052c0000, 0x05380000)
 tenured generation   total 15236K, used 14154K [0x0a150000, 0x0b031000, 0x14c00000)
   the space 15236K,  92% used [0x0a150000, 0x0af22850, 0x0af22a00, 0x0b031000)
 Metaspace       used 15212K, capacity 15563K, committed 15616K, reserved 15744K
}
Event: 17.874 GC heap before
{Heap before GC invocations=15 (full 1):
 def new generation   total 6912K, used 6579K [0x04c00000, 0x05380000, 0x0a150000)
  eden space 6144K, 100% used [0x04c00000, 0x05200000, 0x05200000)
  from space 768K,  56% used [0x05200000, 0x0526ce00, 0x052c0000)
  to   space 768K,   0% used [0x052c0000, 0x052c0000, 0x05380000)
 tenured generation   total 15236K, used 14154K [0x0a150000, 0x0b031000, 0x14c00000)
   the space 15236K,  92% used [0x0a150000, 0x0af22850, 0x0af22a00, 0x0b031000)
 Metaspace       used 15552K, capacity 15944K, committed 16000K, reserved 16768K
}
Event: 17.899 GC heap after
{Heap after GC invocations=16 (full 2):
 def new generation   total 12544K, used 0K [0x04c00000, 0x05990000, 0x0a150000)
  eden space 11200K,   0% used [0x04c00000, 0x04c00000, 0x056f0000)
  from space 1344K,   0% used [0x056f0000, 0x056f0000, 0x05840000)
  to   space 1344K,   0% used [0x05840000, 0x05840000, 0x05990000)
 tenured generation   total 27676K, used 16605K [0x0a150000, 0x0bc57000, 0x14c00000)
   the space 27676K,  59% used [0x0a150000, 0x0b1875b0, 0x0b187600, 0x0bc57000)
 Metaspace       used 15323K, capacity 15663K, committed 16000K, reserved 16768K
}

Deoptimization events (8 events):
Event: 0.870 Thread 0x15c85c00 DEOPT PACKING pc=0x02bb750f sp=0x1b46dde0
Event: 0.870 Thread 0x15c85c00 DEOPT UNPACKING pc=0x02acc187 sp=0x1b46dd00 mode 3
Event: 0.873 Thread 0x15c85c00 DEOPT PACKING pc=0x02be55b1 sp=0x1b46df60
Event: 0.873 Thread 0x15c85c00 DEOPT UNPACKING pc=0x02acc187 sp=0x1b46de84 mode 3
Event: 1.046 Thread 0x154d1000 DEOPT PACKING pc=0x02c379fd sp=0x1597ec80
Event: 1.046 Thread 0x154d1000 DEOPT UNPACKING pc=0x02acc187 sp=0x1597ebac mode 3
Event: 7.021 Thread 0x15c85c00 DEOPT PACKING pc=0x02c53b4c sp=0x1b46d260
Event: 7.021 Thread 0x15c85c00 DEOPT UNPACKING pc=0x02acc187 sp=0x1b46d108 mode 3

Classes redefined (0 events):
No events

Internal exceptions (20 events):
Event: 0.648 Thread 0x15c85c00 Exception <a 'java/lang/ClassNotFoundException'{0x04d29f68}: sun/util/logging/resources/spi/loggingProvider> (0x04d29f68) thrown at [s\src\hotspot\share\classfile\systemDictionary.cpp, line 230]
Event: 0.673 Thread 0x15c85c00 Exception <a 'java/lang/ClassNotFoundException'{0x04f61220}: com/sun/glass/ui/win/themes> (0x04f61220) thrown at [s\src\hotspot\share\prims\jni.cpp, line 638]
Event: 0.673 Thread 0x15c85c00 Exception <a 'java/lang/ClassNotFoundException'{0x04f63200}: com/sun/glass/ui/win/themes_es> (0x04f63200) thrown at [s\src\hotspot\share\prims\jni.cpp, line 638]
Event: 0.673 Thread 0x15c85c00 Exception <a 'java/lang/ClassNotFoundException'{0x04f711f8}: com/sun/glass/ui/win/themes_es_MX> (0x04f711f8) thrown at [s\src\hotspot\share\prims\jni.cpp, line 638]
Event: 0.720 Thread 0x15c85c00 Exception <a 'java/lang/NoSuchMethodError'{0x05016250}: 'void java.lang.invoke.DirectMethodHandle$Holder.invokeStaticInit(java.lang.Object, java.lang.Object)'> (0x05016250) thrown at [s\src\hotspot\share\interpreter\linkResolver.cpp, line 773]
Event: 0.749 Thread 0x15c85c00 Exception <a 'java/lang/NoSuchMethodError'{0x04dfa1c0}: 'void java.lang.invoke.DirectMethodHandle$Holder.invokeSpecial(java.lang.Object, java.lang.Object, java.lang.Object, java.lang.Object, java.lang.Object)'> (0x04dfa1c0) thrown at [s\src\hotspot\share\interpreter\linkResolver.cpp, line 773]
Event: 0.873 Thread 0x15c85c00 Implicit null exception at 0x02be42cc to 0x02be55ac
Event: 0.899 Thread 0x15c85c00 Exception <a 'java/lang/NoSuchMethodError'{0x05141580}: 'java.lang.Object java.lang.invoke.Invokers$Holder.linkToTargetMethod(java.lang.Object, int, java.lang.Object)'> (0x05141580) thrown at [s\src\hotspot\share\interpreter\linkResolver.cpp, line 773]
Event: 0.908 Thread 0x15c85c00 Exception <a 'java/lang/NoSuchMethodError'{0x051f86c0}: 'java.lang.Object java.lang.invoke.DirectMethodHandle$Holder.invokeInterface(java.lang.Object, java.lang.Object, java.lang.Object)'> (0x051f86c0) thrown at [s\src\hotspot\share\interpreter\linkResolver.cpp, line 773]
Event: 0.908 Thread 0x15c85c00 Exception <a 'java/lang/IncompatibleClassChangeError'{0x051fb480}: Found class java.lang.Object, but interface was expected> (0x051fb480) thrown at [s\src\hotspot\share\interpreter\linkResolver.cpp, line 839]
Event: 0.948 Thread 0x154d1000 Exception <a 'java/lang/NoSuchMethodError'{0x04e12db8}: 'int java.lang.invoke.DirectMethodHandle$Holder.invokeStaticInit(java.lang.Object, java.lang.Object)'> (0x04e12db8) thrown at [s\src\hotspot\share\interpreter\linkResolver.cpp, line 773]
Event: 6.901 Thread 0x15c85c00 Exception <a 'java/lang/NoSuchMethodError'{0x04dafd88}: 'long java.lang.invoke.DirectMethodHandle$Holder.invokeStaticInit(java.lang.Object, java.lang.Object, java.lang.Object)'> (0x04dafd88) thrown at [s\src\hotspot\share\interpreter\linkResolver.cpp, line 773]
Event: 6.903 Thread 0x15c85c00 Exception <a 'java/lang/NoSuchMethodError'{0x04dc6770}: 'java.lang.Object java.lang.invoke.DirectMethodHandle$Holder.invokeStatic(java.lang.Object, java.lang.Object, long)'> (0x04dc6770) thrown at [s\src\hotspot\share\interpreter\linkResolver.cpp, line 773]
Event: 6.903 Thread 0x15c85c00 Exception <a 'java/lang/NoSuchMethodError'{0x04dcc1c0}: 'java.lang.Object java.lang.invoke.Invokers$Holder.linkToTargetMethod(java.lang.Object, long, java.lang.Object)'> (0x04dcc1c0) thrown at [s\src\hotspot\share\interpreter\linkResolver.cpp, line 773]
Event: 11.724 Thread 0x15c85c00 Exception <a 'sun/nio/fs/WindowsException'{0x051d9158}> (0x051d9158) thrown at [s\src\hotspot\share\prims\jni.cpp, line 617]
Event: 11.736 Thread 0x15c85c00 Exception <a 'java/lang/ClassNotFoundException'{0x04c4ae78}: com/sun/javafx/scene/control/skin/resources/controls> (0x04c4ae78) thrown at [s\src\hotspot\share\prims\jni.cpp, line 638]
Event: 11.736 Thread 0x15c85c00 Exception <a 'java/lang/ClassNotFoundException'{0x04c589d8}: com/sun/javafx/scene/control/skin/resources/controls_es> (0x04c589d8) thrown at [s\src\hotspot\share\prims\jni.cpp, line 638]
Event: 11.736 Thread 0x15c85c00 Exception <a 'java/lang/ClassNotFoundException'{0x04c66288}: com/sun/javafx/scene/control/skin/resources/controls_es_MX> (0x04c66288) thrown at [s\src\hotspot\share\prims\jni.cpp, line 638]
Event: 11.791 Thread 0x15c85c00 Exception <a 'java/lang/NoSuchMethodError'{0x0514b1a8}: 'void java.lang.invoke.DirectMethodHandle$Holder.invokeSpecial(java.lang.Object, java.lang.Object, java.lang.Object, java.lang.Object, java.lang.Object, java.lang.Object)'> (0x0514b1a8) thrown at [s\src\hotspot\share\interpreter\linkResolver.cpp, line 773]
Event: 41.156 Thread 0x15c85c00 Exception <a 'java/lang/IllegalArgumentException'{0x04f8ead8}> (0x04f8ead8) thrown at [s\src\hotspot\share\prims\jvm.cpp, line 1310]

Events (20 events):
Event: 18.401 loading class sun/text/CompactByteArray done
Event: 18.402 loading class sun/text/SupplementaryCharacterData
Event: 18.402 loading class sun/text/SupplementaryCharacterData done
Event: 18.402 loading class java/text/BreakIterator$BreakIteratorCache
Event: 18.402 loading class java/text/BreakIterator$BreakIteratorCache done
Event: 18.616 loading class com/sun/prism/impl/ps/CachingShapeRepState$CacheEntry
Event: 18.616 loading class com/sun/prism/impl/ps/CachingShapeRepState$CacheEntry done
Event: 18.617 loading class com/sun/prism/impl/ps/CachingShapeRepState$CacheEntry
Event: 18.617 loading class com/sun/prism/impl/ps/CachingShapeRepState$CacheEntry done
Event: 20.046 loading class com/sun/javafx/tk/quantum/GlassViewEventHandler
Event: 20.046 loading class com/sun/javafx/tk/quantum/GlassViewEventHandler done
Event: 22.692 Loaded shared library C:\Program Files (x86)\Eclipse Adoptium\jdk-11.0.21.9-hotspot\bin\java.dll
Event: 41.125 loading class javafx/application/Application
Event: 41.125 loading class javafx/application/Application done
Event: 41.125 loading class javafx/application/Application
Event: 41.125 loading class javafx/application/Application done
Event: 41.156 loading class java/lang/Throwable$WrappedPrintStream
Event: 41.156 loading class java/lang/Throwable$PrintStreamOrWriter
Event: 41.156 loading class java/lang/Throwable$PrintStreamOrWriter done
Event: 41.156 loading class java/lang/Throwable$WrappedPrintStream done


Dynamic libraries:
0x000c0000 - 0x000cc000 	C:\Program Files (x86)\Eclipse Adoptium\jdk-11.0.21.9-hotspot\bin\java.exe
0x77040000 - 0x771f1000 	C:\Windows\SYSTEM32\ntdll.dll
0x76c70000 - 0x76d60000 	C:\Windows\System32\KERNEL32.DLL
0x769f0000 - 0x76c64000 	C:\Windows\System32\KERNELBASE.dll
0x738d0000 - 0x73976000 	C:\Windows\SYSTEM32\apphelp.dll
0x759b0000 - 0x75ac2000 	C:\Windows\System32\ucrtbase.dll
0x73ce0000 - 0x73cf5000 	C:\Program Files (x86)\Eclipse Adoptium\jdk-11.0.21.9-hotspot\bin\jli.dll
0x738b0000 - 0x738c3000 	C:\Program Files (x86)\Eclipse Adoptium\jdk-11.0.21.9-hotspot\bin\VCRUNTIME140.dll
0x73980000 - 0x73ba8000 	C:\Windows\WinSxS\x86_microsoft.windows.common-controls_6595b64144ccf1df_6.0.22621.2506_none_6eb991c088050a06\COMCTL32.dll
0x74d80000 - 0x74f28000 	C:\Windows\System32\USER32.dll
0x76790000 - 0x76854000 	C:\Windows\System32\msvcrt.dll
0x76360000 - 0x7637a000 	C:\Windows\System32\win32u.dll
0x750a0000 - 0x750c3000 	C:\Windows\System32\GDI32.dll
0x763f0000 - 0x764d2000 	C:\Windows\System32\gdi32full.dll
0x76f50000 - 0x76fc9000 	C:\Windows\System32\msvcp_win.dll
0x76320000 - 0x76345000 	C:\Windows\System32\IMM32.DLL
0x73840000 - 0x738af000 	C:\Program Files (x86)\Eclipse Adoptium\jdk-11.0.21.9-hotspot\bin\msvcp140.dll
0x72fa0000 - 0x7347b000 	C:\Program Files (x86)\Eclipse Adoptium\jdk-11.0.21.9-hotspot\bin\client\jvm.dll
0x76d60000 - 0x76ddf000 	C:\Windows\System32\ADVAPI32.dll
0x76900000 - 0x76985000 	C:\Windows\System32\sechost.dll
0x751f0000 - 0x7520a000 	C:\Windows\System32\bcrypt.dll
0x764e0000 - 0x7659a000 	C:\Windows\System32\RPCRT4.dll
0x759a0000 - 0x759a6000 	C:\Windows\System32\PSAPI.DLL
0x72a10000 - 0x72a18000 	C:\Windows\SYSTEM32\WSOCK32.dll
0x73800000 - 0x73831000 	C:\Windows\SYSTEM32\WINMM.dll
0x73620000 - 0x73628000 	C:\Windows\SYSTEM32\VERSION.dll
0x76fd0000 - 0x7702f000 	C:\Windows\System32\WS2_32.dll
0x744d0000 - 0x744e3000 	C:\Windows\SYSTEM32\kernel.appcore.dll
0x742e0000 - 0x742ed000 	C:\Program Files (x86)\Eclipse Adoptium\jdk-11.0.21.9-hotspot\bin\verify.dll
0x71520000 - 0x716f6000 	C:\Windows\SYSTEM32\DBGHELP.DLL
0x75f90000 - 0x7620d000 	C:\Windows\System32\combase.dll
0x765a0000 - 0x7663c000 	C:\Windows\System32\OLEAUT32.dll
0x737d0000 - 0x737f9000 	C:\Windows\SYSTEM32\dbgcore.DLL
0x76380000 - 0x763e2000 	C:\Windows\System32\bcryptPrimitives.dll
0x737a0000 - 0x737c2000 	C:\Program Files (x86)\Eclipse Adoptium\jdk-11.0.21.9-hotspot\bin\java.dll
0x73cd0000 - 0x73cd9000 	C:\Program Files (x86)\Eclipse Adoptium\jdk-11.0.21.9-hotspot\bin\jimage.dll
0x6d160000 - 0x6d16d000 	C:\Program Files (x86)\Eclipse Adoptium\jdk-11.0.21.9-hotspot\bin\instrument.dll
0x73780000 - 0x73796000 	C:\Program Files (x86)\Eclipse Adoptium\jdk-11.0.21.9-hotspot\bin\zip.dll
0x75270000 - 0x75908000 	C:\Windows\System32\SHELL32.dll
0x745c0000 - 0x74cac000 	C:\Windows\SYSTEM32\windows.storage.dll
0x744f0000 - 0x745b7000 	C:\Windows\SYSTEM32\wintypes.dll
0x74cb0000 - 0x74d71000 	C:\Windows\System32\SHCORE.dll
0x750e0000 - 0x7512b000 	C:\Windows\System32\shlwapi.dll
0x74360000 - 0x7437d000 	C:\Windows\SYSTEM32\profapi.dll
0x73760000 - 0x73774000 	C:\Program Files (x86)\Eclipse Adoptium\jdk-11.0.21.9-hotspot\bin\net.dll
0x73540000 - 0x7361d000 	C:\Windows\SYSTEM32\WINHTTP.dll
0x73650000 - 0x736a1000 	C:\Windows\system32\mswsock.dll
0x73750000 - 0x7375f000 	C:\Program Files (x86)\Eclipse Adoptium\jdk-11.0.21.9-hotspot\bin\nio.dll
0x6d120000 - 0x6d136000 	C:\Program Files\JetBrains\IntelliJ IDEA 2023.3.2\bin\breakgen.dll
0x6d110000 - 0x6d113000 	C:\Users\yara2\.openjfx\cache\17.0.6\api-ms-win-core-console-l1-1-0.dll
0x6d100000 - 0x6d103000 	C:\Users\yara2\.openjfx\cache\17.0.6\api-ms-win-core-console-l1-2-0.dll
0x6d0f0000 - 0x6d0f3000 	C:\Users\yara2\.openjfx\cache\17.0.6\api-ms-win-core-datetime-l1-1-0.dll
0x6d0e0000 - 0x6d0e3000 	C:\Users\yara2\.openjfx\cache\17.0.6\api-ms-win-core-debug-l1-1-0.dll
0x6d0d0000 - 0x6d0d3000 	C:\Users\yara2\.openjfx\cache\17.0.6\api-ms-win-core-errorhandling-l1-1-0.dll
0x6d0c0000 - 0x6d0c4000 	C:\Users\yara2\.openjfx\cache\17.0.6\api-ms-win-core-file-l1-1-0.dll
0x6d0b0000 - 0x6d0b3000 	C:\Users\yara2\.openjfx\cache\17.0.6\api-ms-win-core-file-l1-2-0.dll
0x6d0a0000 - 0x6d0a3000 	C:\Users\yara2\.openjfx\cache\17.0.6\api-ms-win-core-file-l2-1-0.dll
0x6d090000 - 0x6d093000 	C:\Users\yara2\.openjfx\cache\17.0.6\api-ms-win-core-handle-l1-1-0.dll
0x6d080000 - 0x6d083000 	C:\Users\yara2\.openjfx\cache\17.0.6\api-ms-win-core-heap-l1-1-0.dll
0x6d070000 - 0x6d073000 	C:\Users\yara2\.openjfx\cache\17.0.6\api-ms-win-core-interlocked-l1-1-0.dll
0x6d060000 - 0x6d063000 	C:\Users\yara2\.openjfx\cache\17.0.6\api-ms-win-core-libraryloader-l1-1-0.dll
0x6d050000 - 0x6d053000 	C:\Users\yara2\.openjfx\cache\17.0.6\api-ms-win-core-localization-l1-2-0.dll
0x6d040000 - 0x6d043000 	C:\Users\yara2\.openjfx\cache\17.0.6\api-ms-win-core-memory-l1-1-0.dll
0x6d030000 - 0x6d033000 	C:\Users\yara2\.openjfx\cache\17.0.6\api-ms-win-core-namedpipe-l1-1-0.dll
0x6d020000 - 0x6d023000 	C:\Users\yara2\.openjfx\cache\17.0.6\api-ms-win-core-processenvironment-l1-1-0.dll
0x6d010000 - 0x6d013000 	C:\Users\yara2\.openjfx\cache\17.0.6\api-ms-win-core-processthreads-l1-1-0.dll
0x6d000000 - 0x6d003000 	C:\Users\yara2\.openjfx\cache\17.0.6\api-ms-win-core-processthreads-l1-1-1.dll
0x6cff0000 - 0x6cff3000 	C:\Users\yara2\.openjfx\cache\17.0.6\api-ms-win-core-profile-l1-1-0.dll
0x6cfe0000 - 0x6cfe3000 	C:\Users\yara2\.openjfx\cache\17.0.6\api-ms-win-core-rtlsupport-l1-1-0.dll
0x6cfd0000 - 0x6cfd3000 	C:\Users\yara2\.openjfx\cache\17.0.6\api-ms-win-core-string-l1-1-0.dll
0x6cfc0000 - 0x6cfc3000 	C:\Users\yara2\.openjfx\cache\17.0.6\api-ms-win-core-synch-l1-1-0.dll
0x6cfb0000 - 0x6cfb3000 	C:\Users\yara2\.openjfx\cache\17.0.6\api-ms-win-core-synch-l1-2-0.dll
0x6cfa0000 - 0x6cfa3000 	C:\Users\yara2\.openjfx\cache\17.0.6\api-ms-win-core-sysinfo-l1-1-0.dll
0x6cf90000 - 0x6cf93000 	C:\Users\yara2\.openjfx\cache\17.0.6\api-ms-win-core-timezone-l1-1-0.dll
0x6cf80000 - 0x6cf83000 	C:\Users\yara2\.openjfx\cache\17.0.6\api-ms-win-core-util-l1-1-0.dll
0x6cf70000 - 0x6cf73000 	C:\Users\yara2\.openjfx\cache\17.0.6\api-ms-win-crt-conio-l1-1-0.dll
0x6cf60000 - 0x6cf64000 	C:\Users\yara2\.openjfx\cache\17.0.6\api-ms-win-crt-convert-l1-1-0.dll
0x6cf50000 - 0x6cf53000 	C:\Users\yara2\.openjfx\cache\17.0.6\api-ms-win-crt-environment-l1-1-0.dll
0x6cf40000 - 0x6cf43000 	C:\Users\yara2\.openjfx\cache\17.0.6\api-ms-win-crt-filesystem-l1-1-0.dll
0x6cf30000 - 0x6cf33000 	C:\Users\yara2\.openjfx\cache\17.0.6\api-ms-win-crt-heap-l1-1-0.dll
0x6cf20000 - 0x6cf23000 	C:\Users\yara2\.openjfx\cache\17.0.6\api-ms-win-crt-locale-l1-1-0.dll
0x6cf10000 - 0x6cf15000 	C:\Users\yara2\.openjfx\cache\17.0.6\api-ms-win-crt-math-l1-1-0.dll
0x6cf00000 - 0x6cf05000 	C:\Users\yara2\.openjfx\cache\17.0.6\api-ms-win-crt-multibyte-l1-1-0.dll
0x6cef0000 - 0x6cf00000 	C:\Users\yara2\.openjfx\cache\17.0.6\api-ms-win-crt-private-l1-1-0.dll
0x6cee0000 - 0x6cee3000 	C:\Users\yara2\.openjfx\cache\17.0.6\api-ms-win-crt-process-l1-1-0.dll
0x6ced0000 - 0x6ced4000 	C:\Users\yara2\.openjfx\cache\17.0.6\api-ms-win-crt-runtime-l1-1-0.dll
0x6cec0000 - 0x6cec4000 	C:\Users\yara2\.openjfx\cache\17.0.6\api-ms-win-crt-stdio-l1-1-0.dll
0x6ceb0000 - 0x6ceb4000 	C:\Users\yara2\.openjfx\cache\17.0.6\api-ms-win-crt-string-l1-1-0.dll
0x6cea0000 - 0x6cea3000 	C:\Users\yara2\.openjfx\cache\17.0.6\api-ms-win-crt-time-l1-1-0.dll
0x6ce90000 - 0x6ce93000 	C:\Users\yara2\.openjfx\cache\17.0.6\api-ms-win-crt-utility-l1-1-0.dll
0x6cd60000 - 0x6ce83000 	C:\Users\yara2\.openjfx\cache\17.0.6\ucrtbase.dll
0x6cd40000 - 0x6cd54000 	C:\Users\yara2\.openjfx\cache\17.0.6\vcruntime140.dll
0x6ccd0000 - 0x6cd3d000 	C:\Users\yara2\.openjfx\cache\17.0.6\msvcp140.dll
0x6ccc0000 - 0x6ccc7000 	C:\Users\yara2\.openjfx\cache\17.0.6\msvcp140_1.dll
0x6cc90000 - 0x6ccb9000 	C:\Users\yara2\.openjfx\cache\17.0.6\msvcp140_2.dll
0x6cc60000 - 0x6cc86000 	C:\Users\yara2\.openjfx\cache\17.0.6\prism_d3d.dll
0x6cae0000 - 0x6cc51000 	C:\Windows\system32\d3d9.dll
0x723c0000 - 0x723e4000 	C:\Windows\SYSTEM32\dwmapi.dll
0x6cab0000 - 0x6cade000 	C:\Windows\SYSTEM32\dxcore.dll
0x73d00000 - 0x73d7f000 	C:\Windows\system32\uxtheme.dll
0x6ca20000 - 0x6cab0000 	C:\Windows\SYSTEM32\d3d9on12.dll
0x6c930000 - 0x6c9fa000 	C:\Windows\SYSTEM32\dxgi.dll
0x6ca00000 - 0x6ca1e000 	C:\Windows\SYSTEM32\d3d12.dll
0x74320000 - 0x7435d000 	C:\Windows\SYSTEM32\cfgmgr32.dll
0x6c780000 - 0x6c930000 	C:\Windows\SYSTEM32\D3D12Core.dll
0x6c760000 - 0x6c77c000 	C:\Windows\System32\DriverStore\FileRepository\iigd_dch.inf_amd64_c73cfa60d516cb00\igd12umd32.dll
0x6b970000 - 0x6c75c000 	C:\Windows\System32\DriverStore\FileRepository\iigd_dch.inf_amd64_c73cfa60d516cb00\igd12um32xel.dll
0x76210000 - 0x76313000 	C:\Windows\System32\CRYPT32.dll
0x76640000 - 0x76790000 	C:\Windows\System32\ole32.dll
0x6b940000 - 0x6b96e000 	C:\Windows\SYSTEM32\ControlLib32.dll
0x75ad0000 - 0x75f0d000 	C:\Windows\System32\SETUPAPI.dll
0x6b910000 - 0x6b934000 	C:\Windows\SYSTEM32\DEVOBJ.dll
0x6b8a0000 - 0x6b904000 	C:\Windows\System32\DriverStore\FileRepository\iigd_dch.inf_amd64_c73cfa60d516cb00\IntelControlLib32.dll
0x75210000 - 0x75268000 	C:\Windows\System32\WINTRUST.dll
0x6d4a0000 - 0x6d4ae000 	C:\Windows\SYSTEM32\MSASN1.dll
0x6b860000 - 0x6b89c000 	C:\Windows\SYSTEM32\directxdatabasehelper.dll
0x6b530000 - 0x6b85c000 	C:\Windows\System32\DriverStore\FileRepository\iigd_dch.inf_amd64_c73cfa60d516cb00\igdgmm32.dll
0x67740000 - 0x6b52d000 	C:\Windows\System32\DriverStore\FileRepository\iigd_dch.inf_amd64_c73cfa60d516cb00\igc32.dll
0x67710000 - 0x67731000 	C:\Windows\SYSTEM32\D3DSCache.dll
0x742f0000 - 0x74314000 	C:\Windows\SYSTEM32\USERENV.dll
0x64060000 - 0x67710000 	C:\Windows\System32\DriverStore\FileRepository\iigd_dch.inf_amd64_c73cfa60d516cb00\igd12dxva32.dll
0x64040000 - 0x6405e000 	C:\Windows\System32\DriverStore\FileRepository\iigd_dch.inf_amd64_c73cfa60d516cb00\igdinfo32.dll
0x64000000 - 0x64037000 	C:\Users\yara2\.openjfx\cache\17.0.6\glass.dll
0x75130000 - 0x751e1000 	C:\Windows\System32\COMDLG32.dll
0x76de0000 - 0x76ede000 	C:\Windows\System32\MSCTF.dll
0x63fe0000 - 0x63ff1000 	C:\Users\yara2\.openjfx\cache\17.0.6\javafx_font.dll
0x63fb0000 - 0x63fd5000 	C:\Users\yara2\.openjfx\cache\17.0.6\javafx_iio.dll
0x6db80000 - 0x6dda4000 	C:\Windows\SYSTEM32\dwrite.dll

dbghelp: loaded successfully - version: 4.0.5 - missing functions: none
symbol engine: initialized successfully - sym options: 0x614 - pdb path: .;C:\Program Files (x86)\Eclipse Adoptium\jdk-11.0.21.9-hotspot\bin;C:\Windows\SYSTEM32;C:\Windows\WinSxS\x86_microsoft.windows.common-controls_6595b64144ccf1df_6.0.22621.2506_none_6eb991c088050a06;C:\Program Files (x86)\Eclipse Adoptium\jdk-11.0.21.9-hotspot\bin\client;C:\Program Files\JetBrains\IntelliJ IDEA 2023.3.2\bin;C:\Users\yara2\.openjfx\cache\17.0.6;C:\Windows\System32\DriverStore\FileRepository\iigd_dch.inf_amd64_c73cfa60d516cb00;C:\Program Files (x86)\Common Files\Microsoft Shared\Ink

VM Arguments:
jvm_args: -javaagent:C:\Program Files\JetBrains\IntelliJ IDEA 2023.3.2\lib\idea_rt.jar=62636:C:\Program Files\JetBrains\IntelliJ IDEA 2023.3.2\bin -Dfile.encoding=UTF-8 --module-path=C:\Users\yara2\.m2\repository\org\openjfx\javafx-fxml\17.0.6\javafx-fxml-17.0.6-win-x86.jar;C:\Users\yara2\.m2\repository\org\openjfx\javafx-base\17.0.6\javafx-base-17.0.6-win-x86.jar;C:\Users\yara2\.m2\repository\com\gluonhq\attach\display\4.0.19\display-4.0.19.jar;C:\Users\yara2\.m2\repository\org\kordamp\bootstrapfx\bootstrapfx-core\0.4.0\bootstrapfx-core-0.4.0.jar;C:\Users\yara2\.m2\repository\org\openjfx\javafx-controls\17.0.6\javafx-controls-17.0.6-win-x86.jar;C:\Users\yara2\IdeaProjects\RentaPeliculas\target\classes;C:\Users\yara2\.m2\repository\org\openjfx\javafx-graphics\17.0.6\javafx-graphics-17.0.6-win-x86.jar;C:\Users\yara2\.m2\repository\com\gluonhq\charm-glisten\6.2.3\charm-glisten-6.2.3.jar;C:\Users\yara2\.m2\repository\com\gluonhq\attach\lifecycle\4.0.19\lifecycle-4.0.19.jar;C:\Users\yara2\.m2\repository\com\gluonhq\attach\util\4.0.19\util-4.0.19.jar -Djdk.module.main=com.yaravazquez.rentapeliculas 
java_command: com.yaravazquez.rentapeliculas/com.yaravazquez.rentapeliculas.App
java_class_path (initial): C:\Users\yara2\.m2\repository\org\openjfx\javafx-controls\17.0.6\javafx-controls-17.0.6.jar;C:\Users\yara2\.m2\repository\org\openjfx\javafx-graphics\17.0.6\javafx-graphics-17.0.6.jar;C:\Users\yara2\.m2\repository\org\openjfx\javafx-base\17.0.6\javafx-base-17.0.6.jar;C:\Users\yara2\.m2\repository\org\openjfx\javafx-fxml\17.0.6\javafx-fxml-17.0.6.jar
Launcher Type: SUN_STANDARD

[Global flags]
   size_t InitialHeapSize                          = 16777216                                  {product} {ergonomic}
   size_t MaxHeapSize                              = 268435456                                 {product} {ergonomic}
   size_t MaxNewSize                               = 89456640                                  {product} {ergonomic}
   size_t MinHeapDeltaBytes                        = 131072                                    {product} {ergonomic}
   size_t NewSize                                  = 5570560                                   {product} {ergonomic}
    uintx NonProfiledCodeHeapSize                  = 0                                      {pd product} {ergonomic}
   size_t OldSize                                  = 11206656                                  {product} {ergonomic}
    uintx ProfiledCodeHeapSize                     = 0                                      {pd product} {ergonomic}
     bool ThreadLocalHandshakes                    = false                                  {pd product} {ergonomic}
     bool UseLargePagesIndividualAllocation        = false                                  {pd product} {ergonomic}
     bool UseSerialGC                              = true                                      {product} {ergonomic}

Logging:
Log output configuration:
 #0: stdout all=warning uptime,level,tags
 #1: stderr all=off uptime,level,tags

Environment Variables:
PATH=C:\Program Files (x86)\Eclipse Adoptium\jdk-11.0.21.9-hotspot\bin;C:\Program Files (x86)\Eclipse Adoptium\jre-11.0.21.9-hotspot\bin;C:\Program Files (x86)\Common Files\Oracle\Java\javapath;C:\Windows\system32;C:\Windows;C:\Windows\System32\Wbem;C:\Windows\System32\WindowsPowerShell\v1.0\;C:\Windows\System32\OpenSSH\;C:\Program Files\Git\cmd;C:\Users\yara2\AppData\Local\Microsoft\WindowsApps;C:\Users\yara2\AppData\Local\Programs\Microsoft VS Code\bin;C:\Users\yara2\AppData\Local\GitHubDesktop\bin
USERNAME=yara2
OS=Windows_NT
PROCESSOR_IDENTIFIER=Intel64 Family 6 Model 186 Stepping 3, GenuineIntel
TMP=C:\Users\yara2\AppData\Local\Temp
TEMP=C:\Users\yara2\AppData\Local\Temp



---------------  S Y S T E M  ---------------

OS: Windows 11 , 64 bit Build 22621 (10.0.22621.3085)
OS uptime: 11 days 18:47 hours
Hyper-V role detected

CPU:total 12 (initial active 12) (6 cores per cpu, 2 threads per core) family 6 model 186 stepping 3 microcode 0x410e, cmov, cx8, fxsr, mmx, sse, sse2, sse3, ssse3, sse4.1, sse4.2, popcnt, avx, avx2, aes, clmul, erms, 3dnowpref, lzcnt, ht, tsc, tscinvbit, bmi1, bmi2, adx, sha, fma

Memory: 4k page, system-wide physical 16071M (7101M free)
TotalPageFile size 18503M (AvailPageFile size 8490M), user-mode portion of virtual address-space 2047M (1206M free)
current process WorkingSet (physical memory assigned to process): 242M, peak: 247M
current process commit charge ("private bytes"): 249M, peak: 253M

vm_info: OpenJDK Client VM (11.0.21+9) for windows-x86 JRE (11.0.21+9), built on Oct 17 2023 17:27:10 by "" with MS VC++ 15.9 (VS2017)

END.
