#
# A fatal error has been detected by the Java Runtime Environment:
#
#  EXCEPTION_ACCESS_VIOLATION (0xc0000005) at pc=0x66fa6c62, pid=6604, tid=7028
#
# JRE version: OpenJDK Runtime Environment Temurin-11.0.21+9 (11.0.21+9) (build 11.0.21+9)
# Java VM: OpenJDK Client VM Temurin-11.0.21+9 (11.0.21+9, mixed mode, serial gc, windows-x86)
# Problematic frame:
# C  [glass.dll+0x16c62]
#
# No core dump will be written. Minidumps are not enabled by default on client versions of Windows
#
# If you would like to submit a bug report, please visit:
#   https://github.com/adoptium/adoptium-support/issues
# The crash happened outside the Java Virtual Machine in native code.
# See problematic frame for where to report the bug.
#

---------------  S U M M A R Y ------------

Command Line: -javaagent:C:\Program Files\JetBrains\IntelliJ IDEA 2023.3.2\lib\idea_rt.jar=60459:C:\Program Files\JetBrains\IntelliJ IDEA 2023.3.2\bin -Dfile.encoding=UTF-8 --module-path=C:\Users\yara2\.m2\repository\org\openjfx\javafx-base\17.0.6\javafx-base-17.0.6-win-x86.jar;C:\Users\yara2\IdeaProjects\RentaPeliculas\target\classes;C:\Users\yara2\.m2\repository\org\kordamp\bootstrapfx\bootstrapfx-core\0.4.0\bootstrapfx-core-0.4.0.jar;C:\Users\yara2\.m2\repository\org\openjfx\javafx-graphics\17.0.6\javafx-graphics-17.0.6-win-x86.jar;C:\Users\yara2\.m2\repository\com\gluonhq\attach\util\4.0.19\util-4.0.19.jar;C:\Users\yara2\.m2\repository\com\gluonhq\attach\display\4.0.19\display-4.0.19.jar;C:\Users\yara2\.m2\repository\com\gluonhq\attach\lifecycle\4.0.19\lifecycle-4.0.19.jar;C:\Users\yara2\.m2\repository\org\openjfx\javafx-fxml\17.0.6\javafx-fxml-17.0.6-win-x86.jar;C:\Users\yara2\.m2\repository\com\gluonhq\charm-glisten\6.2.3\charm-glisten-6.2.3.jar;C:\Users\yara2\.m2\repository\org\openjfx\javafx-controls\17.0.6\javafx-controls-17.0.6-win-x86.jar -Djdk.module.main=com.yaravazquez.rentapeliculas com.yaravazquez.rentapeliculas/com.yaravazquez.rentapeliculas.App

Host: 13th Gen Intel(R) Core(TM) i7-1355U, 12 cores, 15G,  Windows 11 , 64 bit Build 22621 (10.0.22621.3085)
Time: Sun Feb 25 19:11:38 2024 Hora estándar central (México) elapsed time: 56.031547 seconds (0d 0h 0m 56s)

---------------  T H R E A D  ---------------

Current thread (0x15ffe800):  JavaThread "JavaFX Application Thread" [_thread_in_native, id=7028, stack(0x1b7b0000,0x1b800000)]

Stack: [0x1b7b0000,0x1b800000],  sp=0x1b7fe66c,  free space=313k
Native frames: (J=compiled Java code, A=aot compiled Java code, j=interpreted, Vv=VM code, C=native code)
C  [glass.dll+0x16c62]

Java frames: (J=compiled Java code, j=interpreted, Vv=VM code)
j  com.sun.glass.ui.win.WinWindow._close(J)Z+0 javafx.graphics
j  com.sun.glass.ui.Window.close()V+63 javafx.graphics
j  com.sun.glass.ui.win.WinWindow.close()V+8 javafx.graphics
j  com.sun.glass.ui.Application.terminate()V+75 javafx.graphics
j  com.sun.javafx.tk.quantum.QuantumToolkit.lambda$exit$13()Ljava/lang/Object;+5 javafx.graphics
j  com.sun.javafx.tk.quantum.QuantumToolkit$$Lambda$445.get()Ljava/lang/Object;+0 javafx.graphics
j  com.sun.javafx.tk.quantum.QuantumToolkit.runWithRenderLock(Ljava/util/function/Supplier;)Ljava/lang/Object;+7 javafx.graphics
j  com.sun.javafx.tk.quantum.QuantumToolkit.exit()V+26 javafx.graphics
j  com.sun.javafx.application.PlatformImpl.lambda$tkExit$16()V+3 javafx.graphics
j  com.sun.javafx.application.PlatformImpl$$Lambda$444.run()V+0 javafx.graphics
j  com.sun.javafx.application.PlatformImpl.lambda$runAndWait$12(Ljava/lang/Runnable;Ljava/util/concurrent/CountDownLatch;)V+1 javafx.graphics
j  com.sun.javafx.application.PlatformImpl$$Lambda$87.run()V+8 javafx.graphics
j  com.sun.javafx.application.PlatformImpl.lambda$runLater$10(Ljava/lang/Runnable;)Ljava/lang/Void;+1 javafx.graphics
j  com.sun.javafx.application.PlatformImpl$$Lambda$89.run()Ljava/lang/Object;+4 javafx.graphics
v  ~StubRoutines::call_stub
J 1316  java.security.AccessController.doPrivileged(Ljava/security/PrivilegedAction;Ljava/security/AccessControlContext;)Ljava/lang/Object; java.base@11.0.21 (0 bytes) @ 0x0303c0c7 [0x0303c060+0x00000067]
j  com.sun.javafx.application.PlatformImpl.lambda$runLater$11(Ljava/lang/Runnable;Ljava/security/AccessControlContext;)V+7 javafx.graphics
j  com.sun.javafx.application.PlatformImpl$$Lambda$88.run()V+8 javafx.graphics
J 1562 c1 com.sun.glass.ui.InvokeLaterDispatcher$Future.run()V javafx.graphics (91 bytes) @ 0x030821c0 [0x03082190+0x00000030]
v  ~StubRoutines::call_stub
j  com.sun.glass.ui.win.WinApplication._runLoop(Ljava/lang/Runnable;)V+0 javafx.graphics
j  com.sun.glass.ui.win.WinApplication.lambda$runLoop$3(ILjava/lang/Runnable;)V+8 javafx.graphics
j  com.sun.glass.ui.win.WinApplication$$Lambda$77.run()V+12 javafx.graphics
j  java.lang.Thread.run()V+11 java.base@11.0.21
v  ~StubRoutines::call_stub

siginfo: EXCEPTION_ACCESS_VIOLATION (0xc0000005), reading address 0x000000b8


Register to memory mapping:

EIP=0x66fa6c62 glass.dll
EAX=0x0 is NULL
EBX=0x1b7fe8a0 is pointing into the stack for thread: 0x15ffe800
ECX=0x0 is NULL
EDX=0x0 is NULL
ESP=0x1b7fe66c is pointing into the stack for thread: 0x15ffe800
EBP=0x1b7fe698 is pointing into the stack for thread: 0x15ffe800
ESI=0x00000401 is an unknown value
EDI=0x0 is NULL


Registers:
EAX=0x00000000, EBX=0x1b7fe8a0, ECX=0x00000000, EDX=0x00000000
ESP=0x1b7fe66c, EBP=0x1b7fe698, ESI=0x00000401, EDI=0x00000000
EIP=0x66fa6c62, EFLAGS=0x00010206

Top of Stack: (sp=0x1b7fe66c)
0x1b7fe66c:   1b7fe8a0 00000401 1b7fe8a0 66f98df8
0x1b7fe67c:   8634942f 15f90620 00280942 00000401
0x1b7fe68c:   1b7fe7cc 66fb02b0 ffffffff 00000000
0x1b7fe69c:   66f91755 00000401 1b7fe8a0 00000000
0x1b7fe6ac:   00000401 00280942 1b7fe6e4 66f916f0
0x1b7fe6bc:   74db2e63 00280942 00000401 1b7fe8a0
0x1b7fe6cc:   00000000 00280942 dcbaabcd 66f916f0
0x1b7fe6dc:   00000401 00280942 1b7fe7dc 74da3c46 

Instructions: (pc=0x66fa6c62)
0x66fa6b62:   21 56 e8 47 42 00 00 ff 35 e8 03 fc 66 8b f0 ff
0x66fa6b72:   77 68 56 e8 96 de fe ff 56 e8 a0 41 00 00 83 c4
0x66fa6b82:   10 5e c7 05 a4 03 fc 66 00 00 00 00 5f c3 83 ec
0x66fa6b92:   24 a1 ec e0 fb 66 33 c4 89 44 24 20 8b 44 24 28
0x66fa6ba2:   53 89 44 24 04 8b d9 8b 44 24 30 89 44 24 08 8b
0x66fa6bb2:   44 24 38 55 89 44 24 10 8b 44 24 38 56 89 83 84
0x66fa6bc2:   00 00 00 8b 44 24 0c 89 5c 24 18 bb 00 00 00 80
0x66fa6bd2:   8b eb 8b f3 57 8b fb 85 c0 79 29 8d 44 24 20 50
0x66fa6be2:   e8 29 aa fe ff 83 c4 04 85 c0 8b 44 24 10 74 14
0x66fa6bf2:   8b 74 24 28 8b 5c 24 20 2b f3 8b 7c 24 2c 8b 6c
0x66fa6c02:   24 24 2b fd 6a 00 50 ff 74 24 1c 68 d8 23 fb 66
0x66fa6c12:   57 56 8b 74 24 34 8b ce 55 53 ff 74 24 38 e8 db
0x66fa6c22:   a7 fe ff 8b f8 8d 4e 14 57 e8 40 64 00 00 57 8d
0x66fa6c32:   4e 14 e8 c7 64 00 00 8b 4c 24 30 8b c7 5f 5e 5d
0x66fa6c42:   5b 33 cc e8 ae 7a 00 00 83 c4 24 c2 10 00 53 8b
0x66fa6c52:   d9 56 57 ff 73 08 e8 93 a9 fe ff 8b f8 83 c4 04
0x66fa6c62:   8b 87 b8 00 00 00 85 c0 75 03 8b 47 04 3b 05 a4
0x66fa6c72:   03 fc 66 75 29 e8 34 41 00 00 ff 35 e8 03 fc 66
0x66fa6c82:   8b f0 ff 77 68 56 e8 83 dd fe ff 56 e8 8d 40 00
0x66fa6c92:   00 83 c4 10 c7 05 a4 03 fc 66 00 00 00 00 8d 4f
0x66fa6ca2:   14 e8 b8 69 00 00 8d 4f 14 e8 e0 69 00 00 ff 73
0x66fa6cb2:   08 ff 15 f8 fe fb 66 85 c0 5f 0f 95 c0 5e 88 43
0x66fa6cc2:   04 5b c3 cc cc cc cc cc cc cc cc cc cc cc 55 8b
0x66fa6cd2:   ec 6a ff 68 f7 11 fb 66 64 a1 00 00 00 00 50 83
0x66fa6ce2:   ec 08 53 56 57 a1 ec e0 fb 66 33 c5 50 8d 45 f4
0x66fa6cf2:   64 a3 00 00 00 00 8b f9 ff 77 18 ff 15 60 ff fb
0x66fa6d02:   66 85 c0 75 13 0f 57 c0 66 0f 13 45 ec 8b 55 f0
0x66fa6d12:   8b 45 ec e9 a7 00 00 00 68 dc 00 00 00 e8 96 79
0x66fa6d22:   00 00 83 c4 04 89 45 f0 c7 45 fc 00 00 00 00 85
0x66fa6d32:   c0 74 19 ff 77 18 8b c8 6a 01 6a 00 6a 00 6a 00
0x66fa6d42:   ff 77 10 e8 a6 f9 ff ff 8b d8 eb 02 33 db ff 77
0x66fa6d52:   18 8b cb c7 45 fc ff ff ff ff 6a 00 68 00 00 10 


Stack slot to memory mapping:
stack at sp + 0 slots: 0x1b7fe8a0 is pointing into the stack for thread: 0x15ffe800
stack at sp + 1 slots: 0x00000401 is an unknown value
stack at sp + 2 slots: 0x1b7fe8a0 is pointing into the stack for thread: 0x15ffe800
stack at sp + 3 slots: 0x66f98df8 glass.dll
stack at sp + 4 slots: 0x8634942f is an unknown value
stack at sp + 5 slots: 0x15f90620 points into unknown readable memory: 0x66fb319c | 9c 31 fb 66
stack at sp + 6 slots: 0x00280942 is an unknown value
stack at sp + 7 slots: 0x00000401 is an unknown value


---------------  P R O C E S S  ---------------

Threads class SMR info:
_java_thread_list=0x16474708, length=17, elements={
0x02d4ec00, 0x02e14000, 0x02e15800, 0x15031400,
0x02e24800, 0x02e25800, 0x02e26c00, 0x02e2a000,
0x150a9800, 0x15562400, 0x15871800, 0x15fc0400,
0x15ffe800, 0x1610e400, 0x1610ec00, 0x163d5c00,
0x1647b400
}

Java Threads: ( => current thread )
  0x02d4ec00 JavaThread "main" [_thread_blocked, id=6196, stack(0x00c50000,0x00ca0000)]
  0x02e14000 JavaThread "Reference Handler" daemon [_thread_blocked, id=15644, stack(0x02c80000,0x02cd0000)]
  0x02e15800 JavaThread "Finalizer" daemon [_thread_blocked, id=11576, stack(0x04e30000,0x04e80000)]
  0x15031400 JavaThread "Signal Dispatcher" daemon [_thread_blocked, id=16376, stack(0x15240000,0x15290000)]
  0x02e24800 JavaThread "Attach Listener" daemon [_thread_blocked, id=8408, stack(0x152d0000,0x15320000)]
  0x02e25800 JavaThread "Service Thread" daemon [_thread_blocked, id=19516, stack(0x15360000,0x153b0000)]
  0x02e26c00 JavaThread "C1 CompilerThread0" daemon [_thread_blocked, id=17880, stack(0x153f0000,0x15440000)]
  0x02e2a000 JavaThread "Sweeper thread" daemon [_thread_blocked, id=13472, stack(0x15480000,0x154d0000)]
  0x150a9800 JavaThread "Common-Cleaner" daemon [_thread_blocked, id=19112, stack(0x15510000,0x15560000)]
  0x15562400 JavaThread "Monitor Ctrl-Break" daemon [_thread_in_native, id=9756, stack(0x159a0000,0x159f0000)]
  0x15871800 JavaThread "QuantumRenderer-0" daemon [_thread_blocked, id=22332, stack(0x15cc0000,0x15d10000)]
  0x15fc0400 JavaThread "InvokeLaterDispatcher" daemon [_thread_blocked, id=20076, stack(0x1b620000,0x1b670000)]
=>0x15ffe800 JavaThread "JavaFX Application Thread" [_thread_in_native, id=7028, stack(0x1b7b0000,0x1b800000)]
  0x1610e400 JavaThread "Thread-1" daemon [_thread_in_native, id=940, stack(0x1fc00000,0x1fc50000)]
  0x1610ec00 JavaThread "JavaFX-Launcher" [_thread_blocked, id=21152, stack(0x1fc90000,0x1fce0000)]
  0x163d5c00 JavaThread "Prism Font Disposer" daemon [_thread_blocked, id=9512, stack(0x22070000,0x220c0000)]
  0x1647b400 JavaThread "Cleaner-0" daemon [_thread_blocked, id=15968, stack(0x22a00000,0x22a50000)]

Other Threads:
  0x02e00c00 VMThread "VM Thread" [stack: 0x02bf0000,0x02c40000] [id=6852]
  0x15563400 WatcherThread [stack: 0x15a30000,0x15a80000] [id=17216]

Threads with active compile tasks:

VM state:not at safepoint (normal execution)

VM Mutex/Monitor currently owned by a thread: None

Heap:
 def new generation   total 12096K, used 10087K [0x05000000, 0x05d20000, 0x0a550000)
  eden space 10752K,  93% used [0x05000000, 0x059d9cb8, 0x05a80000)
  from space 1344K,   0% used [0x05a80000, 0x05a80000, 0x05bd0000)
  to   space 1344K,   0% used [0x05bd0000, 0x05bd0000, 0x05d20000)
 tenured generation   total 26736K, used 16041K [0x0a550000, 0x0bf6c000, 0x15000000)
   the space 26736K,  59% used [0x0a550000, 0x0b4fa400, 0x0b4fa400, 0x0bf6c000)
 Metaspace       used 14919K, capacity 15184K, committed 15232K, reserved 15744K

Card table byte_map: [0x026a0000,0x02730000] _byte_map_base: 0x02678000

Polling page: 0x00ca0000

Metaspace:

Usage:
   14.83 MB capacity,    14.57 MB ( 98%) used,   180.91 KB (  1%) free+waste,    83.91 KB ( <1%) overhead. 

Virtual space:
     15.38 MB reserved,      14.88 MB ( 97%) committed 

Chunk freelists:
15.50 KB

MaxMetaspaceSize: 4.00 GB
No class space
Initial GC threshold: 12.00 MB
Current GC threshold: 23.54 MB
CDS: off

CodeCache: size=32768Kb used=2446Kb max_used=2446Kb free=30321Kb
 bounds [0x02e30000, 0x03098000, 0x04e30000]
 total_blobs=2048 nmethods=1615 adapters=365
 compilation: enabled
              stopped_count=0, restarted_count=0
 full_count=0

Compilation events (20 events):
Event: 52.783 Thread 0x02e26c00 1606             javafx.css.Size::getUnits (5 bytes)
Event: 52.783 Thread 0x02e26c00 nmethod 1606 0x0308ff08 code [0x03090010, 0x03090090]
Event: 52.783 Thread 0x02e26c00 1607             com.sun.javafx.UnmodifiableArrayList::size (5 bytes)
Event: 52.783 Thread 0x02e26c00 nmethod 1607 0x030900c8 code [0x030901d0, 0x03090250]
Event: 52.800 Thread 0x02e26c00 1608             com.sun.prism.PixelFormat::getDataType (5 bytes)
Event: 52.800 Thread 0x02e26c00 nmethod 1608 0x03090288 code [0x03090390, 0x03090410]
Event: 54.219 Thread 0x02e26c00 1609             javafx.scene.input.MouseEvent::<init> (208 bytes)
Event: 54.220 Thread 0x02e26c00 nmethod 1609 0x03090448 code [0x03090580, 0x03090864]
Event: 54.220 Thread 0x02e26c00 1610             javafx.scene.input.InputEvent::<init> (8 bytes)
Event: 54.220 Thread 0x02e26c00 nmethod 1610 0x03090a88 code [0x03090ba0, 0x03090c3c]
Event: 54.220 Thread 0x02e26c00 1611             javafx.scene.input.MouseEvent$Flags::<init> (10 bytes)
Event: 54.220 Thread 0x02e26c00 nmethod 1611 0x03090cc8 code [0x03090dd0, 0x03090e50]
Event: 54.239 Thread 0x02e26c00 1612             javafx.scene.input.MouseEvent::<init> (45 bytes)
Event: 54.240 Thread 0x02e26c00 nmethod 1612 0x03090e88 code [0x03090fa0, 0x0309110c]
Event: 55.653 Thread 0x02e26c00 1613             javafx.scene.layout.Background::getFills (5 bytes)
Event: 55.653 Thread 0x02e26c00 nmethod 1613 0x03091348 code [0x03091450, 0x030914d0]
Event: 55.671 Thread 0x02e26c00 1614             com.sun.javafx.geom.transform.GeneralTransform3D::updateState (196 bytes)
Event: 55.671 Thread 0x02e26c00 nmethod 1614 0x03091788 code [0x030918f0, 0x03091d00]
Event: 55.945 Thread 0x02e26c00 1615             sun.nio.cs.UTF_8$Encoder::encodeArrayLoop (489 bytes)
Event: 55.947 Thread 0x02e26c00 nmethod 1615 0x03091f08 code [0x03092290, 0x03093044]

GC Heap History (20 events):
Event: 1.251 GC heap before
{Heap before GC invocations=5 (full 0):
 def new generation   total 4928K, used 4826K [0x05000000, 0x05550000, 0x0a550000)
  eden space 4416K,  99% used [0x05000000, 0x0544fec8, 0x05450000)
  from space 512K,  80% used [0x054d0000, 0x05536958, 0x05550000)
  to   space 512K,   0% used [0x05450000, 0x05450000, 0x054d0000)
 tenured generation   total 10944K, used 2191K [0x0a550000, 0x0b000000, 0x15000000)
   the space 10944K,  20% used [0x0a550000, 0x0a773df8, 0x0a773e00, 0x0b000000)
 Metaspace       used 8967K, capacity 9087K, committed 9088K, reserved 9600K
}
Event: 1.255 GC heap after
{Heap after GC invocations=6 (full 0):
 def new generation   total 4928K, used 512K [0x05000000, 0x05550000, 0x0a550000)
  eden space 4416K,   0% used [0x05000000, 0x05000000, 0x05450000)
  from space 512K, 100% used [0x05450000, 0x054d0000, 0x054d0000)
  to   space 512K,   0% used [0x054d0000, 0x054d0000, 0x05550000)
 tenured generation   total 10944K, used 2600K [0x0a550000, 0x0b000000, 0x15000000)
   the space 10944K,  23% used [0x0a550000, 0x0a7da1d8, 0x0a7da200, 0x0b000000)
 Metaspace       used 8967K, capacity 9087K, committed 9088K, reserved 9600K
}
Event: 1.372 GC heap before
{Heap before GC invocations=6 (full 0):
 def new generation   total 4928K, used 4928K [0x05000000, 0x05550000, 0x0a550000)
  eden space 4416K, 100% used [0x05000000, 0x05450000, 0x05450000)
  from space 512K, 100% used [0x05450000, 0x054d0000, 0x054d0000)
  to   space 512K,   0% used [0x054d0000, 0x054d0000, 0x05550000)
 tenured generation   total 10944K, used 2600K [0x0a550000, 0x0b000000, 0x15000000)
   the space 10944K,  23% used [0x0a550000, 0x0a7da1d8, 0x0a7da200, 0x0b000000)
 Metaspace       used 10614K, capacity 10768K, committed 10880K, reserved 11648K
}
Event: 1.376 GC heap after
{Heap after GC invocations=7 (full 0):
 def new generation   total 4928K, used 512K [0x05000000, 0x05550000, 0x0a550000)
  eden space 4416K,   0% used [0x05000000, 0x05000000, 0x05450000)
  from space 512K, 100% used [0x054d0000, 0x05550000, 0x05550000)
  to   space 512K,   0% used [0x05450000, 0x05450000, 0x054d0000)
 tenured generation   total 10944K, used 3577K [0x0a550000, 0x0b000000, 0x15000000)
   the space 10944K,  32% used [0x0a550000, 0x0a8ce650, 0x0a8ce800, 0x0b000000)
 Metaspace       used 10614K, capacity 10768K, committed 10880K, reserved 11648K
}
Event: 1.444 GC heap before
{Heap before GC invocations=7 (full 0):
 def new generation   total 4928K, used 4928K [0x05000000, 0x05550000, 0x0a550000)
  eden space 4416K, 100% used [0x05000000, 0x05450000, 0x05450000)
  from space 512K, 100% used [0x054d0000, 0x05550000, 0x05550000)
  to   space 512K,   0% used [0x05450000, 0x05450000, 0x054d0000)
 tenured generation   total 10944K, used 3577K [0x0a550000, 0x0b000000, 0x15000000)
   the space 10944K,  32% used [0x0a550000, 0x0a8ce650, 0x0a8ce800, 0x0b000000)
 Metaspace       used 11068K, capacity 11258K, committed 11264K, reserved 11648K
}
Event: 1.448 GC heap after
{Heap after GC invocations=8 (full 0):
 def new generation   total 4928K, used 512K [0x05000000, 0x05550000, 0x0a550000)
  eden space 4416K,   0% used [0x05000000, 0x05000000, 0x05450000)
  from space 512K, 100% used [0x05450000, 0x054d0000, 0x054d0000)
  to   space 512K,   0% used [0x054d0000, 0x054d0000, 0x05550000)
 tenured generation   total 10944K, used 4685K [0x0a550000, 0x0b000000, 0x15000000)
   the space 10944K,  42% used [0x0a550000, 0x0a9e3540, 0x0a9e3600, 0x0b000000)
 Metaspace       used 11068K, capacity 11258K, committed 11264K, reserved 11648K
}
Event: 1.515 GC heap before
{Heap before GC invocations=8 (full 0):
 def new generation   total 4928K, used 3187K [0x05000000, 0x05550000, 0x0a550000)
  eden space 4416K,  60% used [0x05000000, 0x0529ce28, 0x05450000)
  from space 512K, 100% used [0x05450000, 0x054d0000, 0x054d0000)
  to   space 512K,   0% used [0x054d0000, 0x054d0000, 0x05550000)
 tenured generation   total 10944K, used 4685K [0x0a550000, 0x0b000000, 0x15000000)
   the space 10944K,  42% used [0x0a550000, 0x0a9e3540, 0x0a9e3600, 0x0b000000)
 Metaspace       used 11512K, capacity 11685K, committed 11776K, reserved 12672K
}
Event: 1.518 GC heap after
{Heap after GC invocations=9 (full 0):
 def new generation   total 4928K, used 159K [0x05000000, 0x05550000, 0x0a550000)
  eden space 4416K,   0% used [0x05000000, 0x05000000, 0x05450000)
  from space 512K,  31% used [0x054d0000, 0x054f7e88, 0x05550000)
  to   space 512K,   0% used [0x05450000, 0x05450000, 0x054d0000)
 tenured generation   total 10944K, used 5705K [0x0a550000, 0x0b000000, 0x15000000)
   the space 10944K,  52% used [0x0a550000, 0x0aae2760, 0x0aae2800, 0x0b000000)
 Metaspace       used 11512K, capacity 11685K, committed 11776K, reserved 12672K
}
Event: 1.577 GC heap before
{Heap before GC invocations=9 (full 0):
 def new generation   total 4928K, used 4575K [0x05000000, 0x05550000, 0x0a550000)
  eden space 4416K, 100% used [0x05000000, 0x05450000, 0x05450000)
  from space 512K,  31% used [0x054d0000, 0x054f7e88, 0x05550000)
  to   space 512K,   0% used [0x05450000, 0x05450000, 0x054d0000)
 tenured generation   total 10944K, used 5705K [0x0a550000, 0x0b000000, 0x15000000)
   the space 10944K,  52% used [0x0a550000, 0x0aae2760, 0x0aae2800, 0x0b000000)
 Metaspace       used 11784K, capacity 11976K, committed 12032K, reserved 12672K
}
Event: 1.580 GC heap after
{Heap after GC invocations=10 (full 0):
 def new generation   total 4928K, used 207K [0x05000000, 0x05550000, 0x0a550000)
  eden space 4416K,   0% used [0x05000000, 0x05000000, 0x05450000)
  from space 512K,  40% used [0x05450000, 0x05483fc8, 0x054d0000)
  to   space 512K,   0% used [0x054d0000, 0x054d0000, 0x05550000)
 tenured generation   total 10944K, used 8519K [0x0a550000, 0x0b000000, 0x15000000)
   the space 10944K,  77% used [0x0a550000, 0x0ada1e20, 0x0ada2000, 0x0b000000)
 Metaspace       used 11784K, capacity 11976K, committed 12032K, reserved 12672K
}
Event: 1.627 GC heap before
{Heap before GC invocations=10 (full 0):
 def new generation   total 4928K, used 1991K [0x05000000, 0x05550000, 0x0a550000)
  eden space 4416K,  40% used [0x05000000, 0x051bdea0, 0x05450000)
  from space 512K,  40% used [0x05450000, 0x05483fc8, 0x054d0000)
  to   space 512K,   0% used [0x054d0000, 0x054d0000, 0x05550000)
 tenured generation   total 10944K, used 8519K [0x0a550000, 0x0b000000, 0x15000000)
   the space 10944K,  77% used [0x0a550000, 0x0ada1e20, 0x0ada2000, 0x0b000000)
 Metaspace       used 12087K, capacity 12264K, committed 12288K, reserved 12672K
}
Event: 1.642 GC heap after
{Heap after GC invocations=11 (full 1):
 def new generation   total 6720K, used 0K [0x05000000, 0x05740000, 0x0a550000)
  eden space 6016K,   0% used [0x05000000, 0x05000000, 0x055e0000)
  from space 704K,   0% used [0x055e0000, 0x055e0000, 0x05690000)
  to   space 704K,   0% used [0x05690000, 0x05690000, 0x05740000)
 tenured generation   total 14712K, used 8826K [0x0a550000, 0x0b3ae000, 0x15000000)
   the space 14712K,  59% used [0x0a550000, 0x0adee8e8, 0x0adeea00, 0x0b3ae000)
 Metaspace       used 12087K, capacity 12264K, committed 12288K, reserved 12672K
}
Event: 1.850 GC heap before
{Heap before GC invocations=11 (full 1):
 def new generation   total 6720K, used 6016K [0x05000000, 0x05740000, 0x0a550000)
  eden space 6016K, 100% used [0x05000000, 0x055e0000, 0x055e0000)
  from space 704K,   0% used [0x055e0000, 0x055e0000, 0x05690000)
  to   space 704K,   0% used [0x05690000, 0x05690000, 0x05740000)
 tenured generation   total 14712K, used 8826K [0x0a550000, 0x0b3ae000, 0x15000000)
   the space 14712K,  59% used [0x0a550000, 0x0adee8e8, 0x0adeea00, 0x0b3ae000)
 Metaspace       used 12791K, capacity 12992K, committed 13056K, reserved 13696K
}
Event: 1.853 GC heap after
{Heap after GC invocations=12 (full 1):
 def new generation   total 6720K, used 703K [0x05000000, 0x05740000, 0x0a550000)
  eden space 6016K,   0% used [0x05000000, 0x05000000, 0x055e0000)
  from space 704K,  99% used [0x05690000, 0x0573fff8, 0x05740000)
  to   space 704K,   0% used [0x055e0000, 0x055e0000, 0x05690000)
 tenured generation   total 14712K, used 8886K [0x0a550000, 0x0b3ae000, 0x15000000)
   the space 14712K,  60% used [0x0a550000, 0x0adfd9c8, 0x0adfda00, 0x0b3ae000)
 Metaspace       used 12791K, capacity 12992K, committed 13056K, reserved 13696K
}
Event: 2.013 GC heap before
{Heap before GC invocations=12 (full 1):
 def new generation   total 6720K, used 5756K [0x05000000, 0x05740000, 0x0a550000)
  eden space 6016K,  83% used [0x05000000, 0x054ef170, 0x055e0000)
  from space 704K,  99% used [0x05690000, 0x0573fff8, 0x05740000)
  to   space 704K,   0% used [0x055e0000, 0x055e0000, 0x05690000)
 tenured generation   total 14712K, used 8886K [0x0a550000, 0x0b3ae000, 0x15000000)
   the space 14712K,  60% used [0x0a550000, 0x0adfd9c8, 0x0adfda00, 0x0b3ae000)
 Metaspace       used 13678K, capacity 13902K, committed 13952K, reserved 14720K
}
Event: 2.018 GC heap after
{Heap after GC invocations=13 (full 1):
 def new generation   total 6720K, used 704K [0x05000000, 0x05740000, 0x0a550000)
  eden space 6016K,   0% used [0x05000000, 0x05000000, 0x055e0000)
  from space 704K, 100% used [0x055e0000, 0x05690000, 0x05690000)
  to   space 704K,   0% used [0x05690000, 0x05690000, 0x05740000)
 tenured generation   total 14712K, used 9597K [0x0a550000, 0x0b3ae000, 0x15000000)
   the space 14712K,  65% used [0x0a550000, 0x0aeaf5d0, 0x0aeaf600, 0x0b3ae000)
 Metaspace       used 13678K, capacity 13902K, committed 13952K, reserved 14720K
}
Event: 22.984 GC heap before
{Heap before GC invocations=13 (full 1):
 def new generation   total 6720K, used 4639K [0x05000000, 0x05740000, 0x0a550000)
  eden space 6016K,  65% used [0x05000000, 0x053d7db0, 0x055e0000)
  from space 704K, 100% used [0x055e0000, 0x05690000, 0x05690000)
  to   space 704K,   0% used [0x05690000, 0x05690000, 0x05740000)
 tenured generation   total 14712K, used 9597K [0x0a550000, 0x0b3ae000, 0x15000000)
   the space 14712K,  65% used [0x0a550000, 0x0aeaf5d0, 0x0aeaf600, 0x0b3ae000)
 Metaspace       used 14016K, capacity 14260K, committed 14336K, reserved 14720K
}
Event: 22.988 GC heap after
{Heap after GC invocations=14 (full 1):
 def new generation   total 6720K, used 248K [0x05000000, 0x05740000, 0x0a550000)
  eden space 6016K,   0% used [0x05000000, 0x05000000, 0x055e0000)
  from space 704K,  35% used [0x05690000, 0x056ce348, 0x05740000)
  to   space 704K,   0% used [0x055e0000, 0x055e0000, 0x05690000)
 tenured generation   total 14712K, used 11308K [0x0a550000, 0x0b3ae000, 0x15000000)
   the space 14712K,  76% used [0x0a550000, 0x0b05b108, 0x0b05b200, 0x0b3ae000)
 Metaspace       used 14016K, capacity 14260K, committed 14336K, reserved 14720K
}
Event: 24.458 GC heap before
{Heap before GC invocations=14 (full 1):
 def new generation   total 6720K, used 6255K [0x05000000, 0x05740000, 0x0a550000)
  eden space 6016K,  99% used [0x05000000, 0x055ddc88, 0x055e0000)
  from space 704K,  35% used [0x05690000, 0x056ce348, 0x05740000)
  to   space 704K,   0% used [0x055e0000, 0x055e0000, 0x05690000)
 tenured generation   total 14712K, used 11308K [0x0a550000, 0x0b3ae000, 0x15000000)
   the space 14712K,  76% used [0x0a550000, 0x0b05b108, 0x0b05b200, 0x0b3ae000)
 Metaspace       used 14176K, capacity 14438K, committed 14464K, reserved 14720K
}
Event: 24.489 GC heap after
{Heap after GC invocations=15 (full 2):
 def new generation   total 12096K, used 0K [0x05000000, 0x05d20000, 0x0a550000)
  eden space 10752K,   0% used [0x05000000, 0x05000000, 0x05a80000)
  from space 1344K,   0% used [0x05a80000, 0x05a80000, 0x05bd0000)
  to   space 1344K,   0% used [0x05bd0000, 0x05bd0000, 0x05d20000)
 tenured generation   total 26736K, used 16041K [0x0a550000, 0x0bf6c000, 0x15000000)
   the space 26736K,  59% used [0x0a550000, 0x0b4fa400, 0x0b4fa400, 0x0bf6c000)
 Metaspace       used 13947K, capacity 14157K, committed 14464K, reserved 14720K
}

Deoptimization events (8 events):
Event: 1.764 Thread 0x15ffe800 DEOPT PACKING pc=0x02f5730f sp=0x1b7fdf60
Event: 1.764 Thread 0x15ffe800 DEOPT UNPACKING pc=0x02e6c187 sp=0x1b7fde80 mode 3
Event: 1.771 Thread 0x15ffe800 DEOPT PACKING pc=0x02f853b1 sp=0x1b7fe0e0
Event: 1.771 Thread 0x15ffe800 DEOPT UNPACKING pc=0x02e6c187 sp=0x1b7fe004 mode 3
Event: 2.044 Thread 0x15871800 DEOPT PACKING pc=0x02fd667d sp=0x15d0ebb0
Event: 2.044 Thread 0x15871800 DEOPT UNPACKING pc=0x02e6c187 sp=0x15d0eadc mode 3
Event: 22.747 Thread 0x15ffe800 DEOPT PACKING pc=0x02ffef0c sp=0x1b7fe4a0
Event: 22.747 Thread 0x15ffe800 DEOPT UNPACKING pc=0x02e6c187 sp=0x1b7fe350 mode 3

Classes redefined (0 events):
No events

Internal exceptions (20 events):
Event: 1.353 Thread 0x15ffe800 Exception <a 'java/lang/ClassNotFoundException'{0x0537ddc0}: com/sun/glass/ui/win/themes_es> (0x0537ddc0) thrown at [s\src\hotspot\share\prims\jni.cpp, line 638]
Event: 1.353 Thread 0x15ffe800 Exception <a 'java/lang/ClassNotFoundException'{0x05385bb0}: com/sun/glass/ui/win/themes_es_MX> (0x05385bb0) thrown at [s\src\hotspot\share\prims\jni.cpp, line 638]
Event: 1.440 Thread 0x15ffe800 Exception <a 'java/lang/NoSuchMethodError'{0x05429720}: 'void java.lang.invoke.DirectMethodHandle$Holder.invokeStaticInit(java.lang.Object, java.lang.Object)'> (0x05429720) thrown at [s\src\hotspot\share\interpreter\linkResolver.cpp, line 773]
Event: 1.496 Thread 0x15ffe800 Exception <a 'java/lang/NoSuchMethodError'{0x05211128}: 'void java.lang.invoke.DirectMethodHandle$Holder.invokeSpecial(java.lang.Object, java.lang.Object, java.lang.Object, java.lang.Object, java.lang.Object)'> (0x05211128) thrown at [s\src\hotspot\share\interpreter\linkResolver.cpp, line 773]
Event: 1.771 Thread 0x15ffe800 Implicit null exception at 0x02f840cc to 0x02f853ac
Event: 1.828 Thread 0x15ffe800 Exception <a 'java/lang/NoSuchMethodError'{0x0553ead0}: 'java.lang.Object java.lang.invoke.Invokers$Holder.linkToTargetMethod(java.lang.Object, int, java.lang.Object)'> (0x0553ead0) thrown at [s\src\hotspot\share\interpreter\linkResolver.cpp, line 773]
Event: 1.856 Thread 0x15ffe800 Exception <a 'java/lang/NoSuchMethodError'{0x05013fd0}: 'java.lang.Object java.lang.invoke.DirectMethodHandle$Holder.invokeInterface(java.lang.Object, java.lang.Object, java.lang.Object)'> (0x05013fd0) thrown at [s\src\hotspot\share\interpreter\linkResolver.cpp, line 773]
Event: 1.856 Thread 0x15ffe800 Exception <a 'java/lang/IncompatibleClassChangeError'{0x05016d90}: Found class java.lang.Object, but interface was expected> (0x05016d90) thrown at [s\src\hotspot\share\interpreter\linkResolver.cpp, line 839]
Event: 1.936 Thread 0x15871800 Exception <a 'java/lang/NoSuchMethodError'{0x05222238}: 'int java.lang.invoke.DirectMethodHandle$Holder.invokeStaticInit(java.lang.Object, java.lang.Object)'> (0x05222238) thrown at [s\src\hotspot\share\interpreter\linkResolver.cpp, line 773]
Event: 19.502 Thread 0x15ffe800 Exception <a 'java/lang/NoSuchMethodError'{0x052d0008}: 'long java.lang.invoke.DirectMethodHandle$Holder.invokeStaticInit(java.lang.Object, java.lang.Object, java.lang.Object)'> (0x052d0008) thrown at [s\src\hotspot\share\interpreter\linkResolver.cpp, line 773]
Event: 19.505 Thread 0x15ffe800 Exception <a 'java/lang/NoSuchMethodError'{0x052e69d8}: 'java.lang.Object java.lang.invoke.DirectMethodHandle$Holder.invokeStatic(java.lang.Object, java.lang.Object, long)'> (0x052e69d8) thrown at [s\src\hotspot\share\interpreter\linkResolver.cpp, line 773]
Event: 19.505 Thread 0x15ffe800 Exception <a 'java/lang/NoSuchMethodError'{0x052ec428}: 'java.lang.Object java.lang.invoke.Invokers$Holder.linkToTargetMethod(java.lang.Object, long, java.lang.Object)'> (0x052ec428) thrown at [s\src\hotspot\share\interpreter\linkResolver.cpp, line 773]
Event: 24.507 Thread 0x15ffe800 Exception <a 'java/lang/ClassNotFoundException'{0x050dd078}: com/sun/javafx/scene/control/skin/resources/controls> (0x050dd078) thrown at [s\src\hotspot\share\prims\jni.cpp, line 638]
Event: 24.507 Thread 0x15ffe800 Exception <a 'java/lang/ClassNotFoundException'{0x050eac18}: com/sun/javafx/scene/control/skin/resources/controls_es> (0x050eac18) thrown at [s\src\hotspot\share\prims\jni.cpp, line 638]
Event: 24.508 Thread 0x15ffe800 Exception <a 'java/lang/ClassNotFoundException'{0x050f84c8}: com/sun/javafx/scene/control/skin/resources/controls_es_MX> (0x050f84c8) thrown at [s\src\hotspot\share\prims\jni.cpp, line 638]
Event: 24.530 Thread 0x15ffe800 Exception <a 'java/lang/ClassNotFoundException'{0x052367d0}: com/sun/glass/ui/win/themes> (0x052367d0) thrown at [s\src\hotspot\share\prims\jni.cpp, line 638]
Event: 24.530 Thread 0x15ffe800 Exception <a 'java/lang/ClassNotFoundException'{0x0523ebb8}: com/sun/glass/ui/win/themes_es> (0x0523ebb8) thrown at [s\src\hotspot\share\prims\jni.cpp, line 638]
Event: 24.534 Thread 0x15ffe800 Exception <a 'java/lang/NoSuchMethodError'{0x052631d8}: 'void java.lang.invoke.DirectMethodHandle$Holder.invokeSpecial(java.lang.Object, java.lang.Object, java.lang.Object, java.lang.Object, java.lang.Object, java.lang.Object)'> (0x052631d8) thrown at [s\src\hotspot\share\interpreter\linkResolver.cpp, line 773]
Event: 55.655 Thread 0x15871800 Exception <a 'java/lang/NoSuchMethodError'{0x0594f658}: 'java.lang.Object java.lang.invoke.DirectMethodHandle$Holder.invokeStaticInit(java.lang.Object, int)'> (0x0594f658) thrown at [s\src\hotspot\share\interpreter\linkResolver.cpp, line 773]
Event: 55.944 Thread 0x15ffe800 Exception <a 'java/lang/IllegalArgumentException'{0x059384b8}> (0x059384b8) thrown at [s\src\hotspot\share\prims\jvm.cpp, line 1310]

Events (20 events):
Event: 26.713 loading class sun/text/SupplementaryCharacterData done
Event: 26.713 loading class java/text/BreakIterator$BreakIteratorCache
Event: 26.713 loading class java/text/BreakIterator$BreakIteratorCache done
Event: 26.944 loading class com/sun/prism/impl/ps/CachingShapeRepState$CacheEntry
Event: 26.944 loading class com/sun/prism/impl/ps/CachingShapeRepState$CacheEntry done
Event: 26.944 loading class com/sun/prism/impl/ps/CachingShapeRepState$CacheEntry
Event: 26.944 loading class com/sun/prism/impl/ps/CachingShapeRepState$CacheEntry done
Event: 29.790 loading class com/sun/javafx/tk/quantum/GlassViewEventHandler
Event: 29.790 loading class com/sun/javafx/tk/quantum/GlassViewEventHandler done
Event: 33.070 Loaded shared library C:\Program Files (x86)\Eclipse Adoptium\jdk-11.0.21.9-hotspot\bin\java.dll
Event: 55.660 Executing VM operation: RevokeBias
Event: 55.661 Executing VM operation: RevokeBias done
Event: 55.871 loading class javafx/application/Application
Event: 55.871 loading class javafx/application/Application done
Event: 55.871 loading class javafx/application/Application
Event: 55.871 loading class javafx/application/Application done
Event: 55.944 loading class java/lang/Throwable$WrappedPrintStream
Event: 55.944 loading class java/lang/Throwable$PrintStreamOrWriter
Event: 55.944 loading class java/lang/Throwable$PrintStreamOrWriter done
Event: 55.944 loading class java/lang/Throwable$WrappedPrintStream done


Dynamic libraries:
0x006e0000 - 0x006ec000 	C:\Program Files (x86)\Eclipse Adoptium\jdk-11.0.21.9-hotspot\bin\java.exe
0x77040000 - 0x771f1000 	C:\Windows\SYSTEM32\ntdll.dll
0x76c70000 - 0x76d60000 	C:\Windows\System32\KERNEL32.DLL
0x769f0000 - 0x76c64000 	C:\Windows\System32\KERNELBASE.dll
0x73170000 - 0x73216000 	C:\Windows\SYSTEM32\apphelp.dll
0x759b0000 - 0x75ac2000 	C:\Windows\System32\ucrtbase.dll
0x73cf0000 - 0x73d03000 	C:\Program Files (x86)\Eclipse Adoptium\jdk-11.0.21.9-hotspot\bin\VCRUNTIME140.dll
0x73d10000 - 0x73d25000 	C:\Program Files (x86)\Eclipse Adoptium\jdk-11.0.21.9-hotspot\bin\jli.dll
0x74d80000 - 0x74f28000 	C:\Windows\System32\USER32.dll
0x76360000 - 0x7637a000 	C:\Windows\System32\win32u.dll
0x750a0000 - 0x750c3000 	C:\Windows\System32\GDI32.dll
0x73460000 - 0x73688000 	C:\Windows\WinSxS\x86_microsoft.windows.common-controls_6595b64144ccf1df_6.0.22621.2506_none_6eb991c088050a06\COMCTL32.dll
0x763f0000 - 0x764d2000 	C:\Windows\System32\gdi32full.dll
0x76790000 - 0x76854000 	C:\Windows\System32\msvcrt.dll
0x76f50000 - 0x76fc9000 	C:\Windows\System32\msvcp_win.dll
0x76320000 - 0x76345000 	C:\Windows\System32\IMM32.DLL
0x73800000 - 0x7386f000 	C:\Program Files (x86)\Eclipse Adoptium\jdk-11.0.21.9-hotspot\bin\msvcp140.dll
0x72b30000 - 0x7300b000 	C:\Program Files (x86)\Eclipse Adoptium\jdk-11.0.21.9-hotspot\bin\client\jvm.dll
0x76d60000 - 0x76ddf000 	C:\Windows\System32\ADVAPI32.dll
0x76900000 - 0x76985000 	C:\Windows\System32\sechost.dll
0x751f0000 - 0x7520a000 	C:\Windows\System32\bcrypt.dll
0x764e0000 - 0x7659a000 	C:\Windows\System32\RPCRT4.dll
0x759a0000 - 0x759a6000 	C:\Windows\System32\PSAPI.DLL
0x72580000 - 0x72588000 	C:\Windows\SYSTEM32\WSOCK32.dll
0x76fd0000 - 0x7702f000 	C:\Windows\System32\WS2_32.dll
0x74310000 - 0x74318000 	C:\Windows\SYSTEM32\VERSION.dll
0x737c0000 - 0x737f1000 	C:\Windows\SYSTEM32\WINMM.dll
0x744d0000 - 0x744e3000 	C:\Windows\SYSTEM32\kernel.appcore.dll
0x73d40000 - 0x73d4d000 	C:\Program Files (x86)\Eclipse Adoptium\jdk-11.0.21.9-hotspot\bin\verify.dll
0x71250000 - 0x71426000 	C:\Windows\SYSTEM32\DBGHELP.DLL
0x75f90000 - 0x7620d000 	C:\Windows\System32\combase.dll
0x765a0000 - 0x7663c000 	C:\Windows\System32\OLEAUT32.dll
0x73790000 - 0x737b9000 	C:\Windows\SYSTEM32\dbgcore.DLL
0x76380000 - 0x763e2000 	C:\Windows\System32\bcryptPrimitives.dll
0x73760000 - 0x73782000 	C:\Program Files (x86)\Eclipse Adoptium\jdk-11.0.21.9-hotspot\bin\java.dll
0x73b80000 - 0x73b89000 	C:\Program Files (x86)\Eclipse Adoptium\jdk-11.0.21.9-hotspot\bin\jimage.dll
0x73150000 - 0x7315d000 	C:\Program Files (x86)\Eclipse Adoptium\jdk-11.0.21.9-hotspot\bin\instrument.dll
0x73740000 - 0x73756000 	C:\Program Files (x86)\Eclipse Adoptium\jdk-11.0.21.9-hotspot\bin\zip.dll
0x75270000 - 0x75908000 	C:\Windows\System32\SHELL32.dll
0x745c0000 - 0x74cac000 	C:\Windows\SYSTEM32\windows.storage.dll
0x744f0000 - 0x745b7000 	C:\Windows\SYSTEM32\wintypes.dll
0x74cb0000 - 0x74d71000 	C:\Windows\System32\SHCORE.dll
0x750e0000 - 0x7512b000 	C:\Windows\System32\shlwapi.dll
0x74360000 - 0x7437d000 	C:\Windows\SYSTEM32\profapi.dll
0x73720000 - 0x73734000 	C:\Program Files (x86)\Eclipse Adoptium\jdk-11.0.21.9-hotspot\bin\net.dll
0x73300000 - 0x733dd000 	C:\Windows\SYSTEM32\WINHTTP.dll
0x73050000 - 0x730a1000 	C:\Windows\system32\mswsock.dll
0x73a90000 - 0x73a9f000 	C:\Program Files (x86)\Eclipse Adoptium\jdk-11.0.21.9-hotspot\bin\nio.dll
0x69470000 - 0x69486000 	C:\Program Files\JetBrains\IntelliJ IDEA 2023.3.2\bin\breakgen.dll
0x69460000 - 0x69463000 	C:\Users\yara2\.openjfx\cache\17.0.6\api-ms-win-core-console-l1-1-0.dll
0x69450000 - 0x69453000 	C:\Users\yara2\.openjfx\cache\17.0.6\api-ms-win-core-console-l1-2-0.dll
0x69440000 - 0x69443000 	C:\Users\yara2\.openjfx\cache\17.0.6\api-ms-win-core-datetime-l1-1-0.dll
0x69430000 - 0x69433000 	C:\Users\yara2\.openjfx\cache\17.0.6\api-ms-win-core-debug-l1-1-0.dll
0x69420000 - 0x69423000 	C:\Users\yara2\.openjfx\cache\17.0.6\api-ms-win-core-errorhandling-l1-1-0.dll
0x69410000 - 0x69414000 	C:\Users\yara2\.openjfx\cache\17.0.6\api-ms-win-core-file-l1-1-0.dll
0x69400000 - 0x69403000 	C:\Users\yara2\.openjfx\cache\17.0.6\api-ms-win-core-file-l1-2-0.dll
0x693f0000 - 0x693f3000 	C:\Users\yara2\.openjfx\cache\17.0.6\api-ms-win-core-file-l2-1-0.dll
0x68b80000 - 0x68b83000 	C:\Users\yara2\.openjfx\cache\17.0.6\api-ms-win-core-handle-l1-1-0.dll
0x68b70000 - 0x68b73000 	C:\Users\yara2\.openjfx\cache\17.0.6\api-ms-win-core-heap-l1-1-0.dll
0x68b60000 - 0x68b63000 	C:\Users\yara2\.openjfx\cache\17.0.6\api-ms-win-core-interlocked-l1-1-0.dll
0x68b50000 - 0x68b53000 	C:\Users\yara2\.openjfx\cache\17.0.6\api-ms-win-core-libraryloader-l1-1-0.dll
0x68b40000 - 0x68b43000 	C:\Users\yara2\.openjfx\cache\17.0.6\api-ms-win-core-localization-l1-2-0.dll
0x68b30000 - 0x68b33000 	C:\Users\yara2\.openjfx\cache\17.0.6\api-ms-win-core-memory-l1-1-0.dll
0x68b20000 - 0x68b23000 	C:\Users\yara2\.openjfx\cache\17.0.6\api-ms-win-core-namedpipe-l1-1-0.dll
0x68b10000 - 0x68b13000 	C:\Users\yara2\.openjfx\cache\17.0.6\api-ms-win-core-processenvironment-l1-1-0.dll
0x68b00000 - 0x68b03000 	C:\Users\yara2\.openjfx\cache\17.0.6\api-ms-win-core-processthreads-l1-1-0.dll
0x68af0000 - 0x68af3000 	C:\Users\yara2\.openjfx\cache\17.0.6\api-ms-win-core-processthreads-l1-1-1.dll
0x68ae0000 - 0x68ae3000 	C:\Users\yara2\.openjfx\cache\17.0.6\api-ms-win-core-profile-l1-1-0.dll
0x68ad0000 - 0x68ad3000 	C:\Users\yara2\.openjfx\cache\17.0.6\api-ms-win-core-rtlsupport-l1-1-0.dll
0x68ac0000 - 0x68ac3000 	C:\Users\yara2\.openjfx\cache\17.0.6\api-ms-win-core-string-l1-1-0.dll
0x68ab0000 - 0x68ab3000 	C:\Users\yara2\.openjfx\cache\17.0.6\api-ms-win-core-synch-l1-1-0.dll
0x68aa0000 - 0x68aa3000 	C:\Users\yara2\.openjfx\cache\17.0.6\api-ms-win-core-synch-l1-2-0.dll
0x68a90000 - 0x68a93000 	C:\Users\yara2\.openjfx\cache\17.0.6\api-ms-win-core-sysinfo-l1-1-0.dll
0x68a80000 - 0x68a83000 	C:\Users\yara2\.openjfx\cache\17.0.6\api-ms-win-core-timezone-l1-1-0.dll
0x68a70000 - 0x68a73000 	C:\Users\yara2\.openjfx\cache\17.0.6\api-ms-win-core-util-l1-1-0.dll
0x68a60000 - 0x68a63000 	C:\Users\yara2\.openjfx\cache\17.0.6\api-ms-win-crt-conio-l1-1-0.dll
0x68a50000 - 0x68a54000 	C:\Users\yara2\.openjfx\cache\17.0.6\api-ms-win-crt-convert-l1-1-0.dll
0x68a40000 - 0x68a43000 	C:\Users\yara2\.openjfx\cache\17.0.6\api-ms-win-crt-environment-l1-1-0.dll
0x68a30000 - 0x68a33000 	C:\Users\yara2\.openjfx\cache\17.0.6\api-ms-win-crt-filesystem-l1-1-0.dll
0x68a20000 - 0x68a23000 	C:\Users\yara2\.openjfx\cache\17.0.6\api-ms-win-crt-heap-l1-1-0.dll
0x68a10000 - 0x68a13000 	C:\Users\yara2\.openjfx\cache\17.0.6\api-ms-win-crt-locale-l1-1-0.dll
0x68a00000 - 0x68a05000 	C:\Users\yara2\.openjfx\cache\17.0.6\api-ms-win-crt-math-l1-1-0.dll
0x689f0000 - 0x689f5000 	C:\Users\yara2\.openjfx\cache\17.0.6\api-ms-win-crt-multibyte-l1-1-0.dll
0x689e0000 - 0x689f0000 	C:\Users\yara2\.openjfx\cache\17.0.6\api-ms-win-crt-private-l1-1-0.dll
0x689d0000 - 0x689d3000 	C:\Users\yara2\.openjfx\cache\17.0.6\api-ms-win-crt-process-l1-1-0.dll
0x689c0000 - 0x689c4000 	C:\Users\yara2\.openjfx\cache\17.0.6\api-ms-win-crt-runtime-l1-1-0.dll
0x689b0000 - 0x689b4000 	C:\Users\yara2\.openjfx\cache\17.0.6\api-ms-win-crt-stdio-l1-1-0.dll
0x689a0000 - 0x689a4000 	C:\Users\yara2\.openjfx\cache\17.0.6\api-ms-win-crt-string-l1-1-0.dll
0x68990000 - 0x68993000 	C:\Users\yara2\.openjfx\cache\17.0.6\api-ms-win-crt-time-l1-1-0.dll
0x68980000 - 0x68983000 	C:\Users\yara2\.openjfx\cache\17.0.6\api-ms-win-crt-utility-l1-1-0.dll
0x68850000 - 0x68973000 	C:\Users\yara2\.openjfx\cache\17.0.6\ucrtbase.dll
0x68830000 - 0x68844000 	C:\Users\yara2\.openjfx\cache\17.0.6\vcruntime140.dll
0x687c0000 - 0x6882d000 	C:\Users\yara2\.openjfx\cache\17.0.6\msvcp140.dll
0x687b0000 - 0x687b7000 	C:\Users\yara2\.openjfx\cache\17.0.6\msvcp140_1.dll
0x68780000 - 0x687a9000 	C:\Users\yara2\.openjfx\cache\17.0.6\msvcp140_2.dll
0x68750000 - 0x68776000 	C:\Users\yara2\.openjfx\cache\17.0.6\prism_d3d.dll
0x685d0000 - 0x68741000 	C:\Windows\system32\d3d9.dll
0x718d0000 - 0x718f4000 	C:\Windows\SYSTEM32\dwmapi.dll
0x685a0000 - 0x685ce000 	C:\Windows\SYSTEM32\dxcore.dll
0x733e0000 - 0x7345f000 	C:\Windows\system32\uxtheme.dll
0x68510000 - 0x685a0000 	C:\Windows\SYSTEM32\d3d9on12.dll
0x684f0000 - 0x6850e000 	C:\Windows\SYSTEM32\d3d12.dll
0x68420000 - 0x684ea000 	C:\Windows\SYSTEM32\dxgi.dll
0x74320000 - 0x7435d000 	C:\Windows\SYSTEM32\cfgmgr32.dll
0x68270000 - 0x68420000 	C:\Windows\SYSTEM32\D3D12Core.dll
0x68250000 - 0x6826c000 	C:\Windows\System32\DriverStore\FileRepository\iigd_dch.inf_amd64_c73cfa60d516cb00\igd12umd32.dll
0x67460000 - 0x6824c000 	C:\Windows\System32\DriverStore\FileRepository\iigd_dch.inf_amd64_c73cfa60d516cb00\igd12um32xel.dll
0x76210000 - 0x76313000 	C:\Windows\System32\CRYPT32.dll
0x76640000 - 0x76790000 	C:\Windows\System32\ole32.dll
0x67430000 - 0x6745e000 	C:\Windows\SYSTEM32\ControlLib32.dll
0x75ad0000 - 0x75f0d000 	C:\Windows\System32\SETUPAPI.dll
0x67400000 - 0x67424000 	C:\Windows\SYSTEM32\DEVOBJ.dll
0x67390000 - 0x673f4000 	C:\Windows\System32\DriverStore\FileRepository\iigd_dch.inf_amd64_c73cfa60d516cb00\IntelControlLib32.dll
0x75210000 - 0x75268000 	C:\Windows\System32\WINTRUST.dll
0x6d080000 - 0x6d08e000 	C:\Windows\SYSTEM32\MSASN1.dll
0x67350000 - 0x6738c000 	C:\Windows\SYSTEM32\directxdatabasehelper.dll
0x67020000 - 0x6734c000 	C:\Windows\System32\DriverStore\FileRepository\iigd_dch.inf_amd64_c73cfa60d516cb00\igdgmm32.dll
0x576f0000 - 0x5b4dd000 	C:\Windows\System32\DriverStore\FileRepository\iigd_dch.inf_amd64_c73cfa60d516cb00\igc32.dll
0x66ff0000 - 0x67011000 	C:\Windows\SYSTEM32\D3DSCache.dll
0x73d50000 - 0x73d74000 	C:\Windows\SYSTEM32\USERENV.dll
0x78010000 - 0x7b6c0000 	C:\Windows\System32\DriverStore\FileRepository\iigd_dch.inf_amd64_c73cfa60d516cb00\igd12dxva32.dll
0x66fd0000 - 0x66fee000 	C:\Windows\System32\DriverStore\FileRepository\iigd_dch.inf_amd64_c73cfa60d516cb00\igdinfo32.dll
0x71900000 - 0x71aec000 	C:\Windows\SYSTEM32\twinapi.appcore.dll
0x66f90000 - 0x66fc7000 	C:\Users\yara2\.openjfx\cache\17.0.6\glass.dll
0x75130000 - 0x751e1000 	C:\Windows\System32\COMDLG32.dll
0x76de0000 - 0x76ede000 	C:\Windows\System32\MSCTF.dll
0x66f70000 - 0x66f81000 	C:\Users\yara2\.openjfx\cache\17.0.6\javafx_font.dll
0x66f40000 - 0x66f65000 	C:\Users\yara2\.openjfx\cache\17.0.6\javafx_iio.dll

dbghelp: loaded successfully - version: 4.0.5 - missing functions: none
symbol engine: initialized successfully - sym options: 0x614 - pdb path: .;C:\Program Files (x86)\Eclipse Adoptium\jdk-11.0.21.9-hotspot\bin;C:\Windows\SYSTEM32;C:\Windows\WinSxS\x86_microsoft.windows.common-controls_6595b64144ccf1df_6.0.22621.2506_none_6eb991c088050a06;C:\Program Files (x86)\Eclipse Adoptium\jdk-11.0.21.9-hotspot\bin\client;C:\Program Files\JetBrains\IntelliJ IDEA 2023.3.2\bin;C:\Users\yara2\.openjfx\cache\17.0.6;C:\Windows\System32\DriverStore\FileRepository\iigd_dch.inf_amd64_c73cfa60d516cb00;C:\Program Files (x86)\Common Files\Microsoft Shared\Ink

VM Arguments:
jvm_args: -javaagent:C:\Program Files\JetBrains\IntelliJ IDEA 2023.3.2\lib\idea_rt.jar=60459:C:\Program Files\JetBrains\IntelliJ IDEA 2023.3.2\bin -Dfile.encoding=UTF-8 --module-path=C:\Users\yara2\.m2\repository\org\openjfx\javafx-base\17.0.6\javafx-base-17.0.6-win-x86.jar;C:\Users\yara2\IdeaProjects\RentaPeliculas\target\classes;C:\Users\yara2\.m2\repository\org\kordamp\bootstrapfx\bootstrapfx-core\0.4.0\bootstrapfx-core-0.4.0.jar;C:\Users\yara2\.m2\repository\org\openjfx\javafx-graphics\17.0.6\javafx-graphics-17.0.6-win-x86.jar;C:\Users\yara2\.m2\repository\com\gluonhq\attach\util\4.0.19\util-4.0.19.jar;C:\Users\yara2\.m2\repository\com\gluonhq\attach\display\4.0.19\display-4.0.19.jar;C:\Users\yara2\.m2\repository\com\gluonhq\attach\lifecycle\4.0.19\lifecycle-4.0.19.jar;C:\Users\yara2\.m2\repository\org\openjfx\javafx-fxml\17.0.6\javafx-fxml-17.0.6-win-x86.jar;C:\Users\yara2\.m2\repository\com\gluonhq\charm-glisten\6.2.3\charm-glisten-6.2.3.jar;C:\Users\yara2\.m2\repository\org\openjfx\javafx-controls\17.0.6\javafx-controls-17.0.6-win-x86.jar -Djdk.module.main=com.yaravazquez.rentapeliculas 
java_command: com.yaravazquez.rentapeliculas/com.yaravazquez.rentapeliculas.App
java_class_path (initial): C:\Users\yara2\.m2\repository\org\openjfx\javafx-controls\17.0.6\javafx-controls-17.0.6.jar;C:\Users\yara2\.m2\repository\org\openjfx\javafx-graphics\17.0.6\javafx-graphics-17.0.6.jar;C:\Users\yara2\.m2\repository\org\openjfx\javafx-base\17.0.6\javafx-base-17.0.6.jar;C:\Users\yara2\.m2\repository\org\openjfx\javafx-fxml\17.0.6\javafx-fxml-17.0.6.jar
Launcher Type: SUN_STANDARD

[Global flags]
   size_t InitialHeapSize                          = 16777216                                  {product} {ergonomic}
   size_t MaxHeapSize                              = 268435456                                 {product} {ergonomic}
   size_t MaxNewSize                               = 89456640                                  {product} {ergonomic}
   size_t MinHeapDeltaBytes                        = 131072                                    {product} {ergonomic}
   size_t NewSize                                  = 5570560                                   {product} {ergonomic}
    uintx NonProfiledCodeHeapSize                  = 0                                      {pd product} {ergonomic}
   size_t OldSize                                  = 11206656                                  {product} {ergonomic}
    uintx ProfiledCodeHeapSize                     = 0                                      {pd product} {ergonomic}
     bool ThreadLocalHandshakes                    = false                                  {pd product} {ergonomic}
     bool UseLargePagesIndividualAllocation        = false                                  {pd product} {ergonomic}
     bool UseSerialGC                              = true                                      {product} {ergonomic}

Logging:
Log output configuration:
 #0: stdout all=warning uptime,level,tags
 #1: stderr all=off uptime,level,tags

Environment Variables:
PATH=C:\Program Files (x86)\Eclipse Adoptium\jdk-11.0.21.9-hotspot\bin;C:\Program Files (x86)\Eclipse Adoptium\jre-11.0.21.9-hotspot\bin;C:\Program Files (x86)\Common Files\Oracle\Java\javapath;C:\Windows\system32;C:\Windows;C:\Windows\System32\Wbem;C:\Windows\System32\WindowsPowerShell\v1.0\;C:\Windows\System32\OpenSSH\;C:\Program Files\Git\cmd;C:\Users\yara2\AppData\Local\Microsoft\WindowsApps;C:\Users\yara2\AppData\Local\Programs\Microsoft VS Code\bin;C:\Users\yara2\AppData\Local\GitHubDesktop\bin
USERNAME=yara2
OS=Windows_NT
PROCESSOR_IDENTIFIER=Intel64 Family 6 Model 186 Stepping 3, GenuineIntel
TMP=C:\Users\yara2\AppData\Local\Temp
TEMP=C:\Users\yara2\AppData\Local\Temp



---------------  S Y S T E M  ---------------

OS: Windows 11 , 64 bit Build 22621 (10.0.22621.3085)
OS uptime: 11 days 5:57 hours
Hyper-V role detected

CPU:total 12 (initial active 12) (6 cores per cpu, 2 threads per core) family 6 model 186 stepping 3 microcode 0x410e, cmov, cx8, fxsr, mmx, sse, sse2, sse3, ssse3, sse4.1, sse4.2, popcnt, avx, avx2, aes, clmul, erms, 3dnowpref, lzcnt, ht, tsc, tscinvbit, bmi1, bmi2, adx, sha, fma

Memory: 4k page, system-wide physical 16071M (6170M free)
TotalPageFile size 18503M (AvailPageFile size 7360M), user-mode portion of virtual address-space 2047M (1208M free)
current process WorkingSet (physical memory assigned to process): 234M, peak: 237M
current process commit charge ("private bytes"): 244M, peak: 249M

vm_info: OpenJDK Client VM (11.0.21+9) for windows-x86 JRE (11.0.21+9), built on Oct 17 2023 17:27:10 by "" with MS VC++ 15.9 (VS2017)

END.
