#
# A fatal error has been detected by the Java Runtime Environment:
#
#  EXCEPTION_ACCESS_VIOLATION (0xc0000005) at pc=0x66fd6c62, pid=22732, tid=24448
#
# JRE version: OpenJDK Runtime Environment Temurin-11.0.21+9 (11.0.21+9) (build 11.0.21+9)
# Java VM: OpenJDK Client VM Temurin-11.0.21+9 (11.0.21+9, mixed mode, serial gc, windows-x86)
# Problematic frame:
# C  [glass.dll+0x16c62]
#
# No core dump will be written. Minidumps are not enabled by default on client versions of Windows
#
# If you would like to submit a bug report, please visit:
#   https://github.com/adoptium/adoptium-support/issues
# The crash happened outside the Java Virtual Machine in native code.
# See problematic frame for where to report the bug.
#

---------------  S U M M A R Y ------------

Command Line: -javaagent:C:\Program Files\JetBrains\IntelliJ IDEA 2023.3.2\lib\idea_rt.jar=58852:C:\Program Files\JetBrains\IntelliJ IDEA 2023.3.2\bin -Dfile.encoding=UTF-8 --module-path=C:\Users\yara2\.m2\repository\org\openjfx\javafx-base\17.0.6\javafx-base-17.0.6-win-x86.jar;C:\Users\yara2\.m2\repository\com\gluonhq\attach\lifecycle\4.0.19\lifecycle-4.0.19.jar;C:\Users\yara2\IdeaProjects\RentaPeliculas\target\classes;C:\Users\yara2\.m2\repository\com\gluonhq\attach\util\4.0.19\util-4.0.19.jar;C:\Users\yara2\.m2\repository\org\kordamp\bootstrapfx\bootstrapfx-core\0.4.0\bootstrapfx-core-0.4.0.jar;C:\Users\yara2\.m2\repository\org\openjfx\javafx-graphics\17.0.6\javafx-graphics-17.0.6-win-x86.jar;C:\Users\yara2\.m2\repository\org\openjfx\javafx-fxml\17.0.6\javafx-fxml-17.0.6-win-x86.jar;C:\Users\yara2\.m2\repository\org\openjfx\javafx-controls\17.0.6\javafx-controls-17.0.6-win-x86.jar;C:\Users\yara2\.m2\repository\com\gluonhq\charm-glisten\6.2.3\charm-glisten-6.2.3.jar;C:\Users\yara2\.m2\repository\com\gluonhq\attach\display\4.0.19\display-4.0.19.jar -Djdk.module.main=com.yaravazquez.rentapeliculas com.yaravazquez.rentapeliculas/com.yaravazquez.rentapeliculas.App

Host: 13th Gen Intel(R) Core(TM) i7-1355U, 12 cores, 15G,  Windows 11 , 64 bit Build 22621 (10.0.22621.3085)
Time: Sun Feb 25 15:13:02 2024 Hora estándar central (México) elapsed time: 40.227997 seconds (0d 0h 0m 40s)

---------------  T H R E A D  ---------------

Current thread (0x16519400):  JavaThread "JavaFX Application Thread" [_thread_in_native, id=24448, stack(0x1bbf0000,0x1bc40000)]

Stack: [0x1bbf0000,0x1bc40000],  sp=0x1bc3e45c,  free space=313k
Native frames: (J=compiled Java code, A=aot compiled Java code, j=interpreted, Vv=VM code, C=native code)
C  [glass.dll+0x16c62]

Java frames: (J=compiled Java code, j=interpreted, Vv=VM code)
j  com.sun.glass.ui.win.WinWindow._close(J)Z+0 javafx.graphics
j  com.sun.glass.ui.Window.close()V+63 javafx.graphics
j  com.sun.glass.ui.win.WinWindow.close()V+8 javafx.graphics
j  com.sun.glass.ui.Application.terminate()V+75 javafx.graphics
j  com.sun.javafx.tk.quantum.QuantumToolkit.lambda$exit$13()Ljava/lang/Object;+5 javafx.graphics
j  com.sun.javafx.tk.quantum.QuantumToolkit$$Lambda$440.get()Ljava/lang/Object;+0 javafx.graphics
j  com.sun.javafx.tk.quantum.QuantumToolkit.runWithRenderLock(Ljava/util/function/Supplier;)Ljava/lang/Object;+7 javafx.graphics
j  com.sun.javafx.tk.quantum.QuantumToolkit.exit()V+26 javafx.graphics
j  com.sun.javafx.application.PlatformImpl.lambda$tkExit$16()V+3 javafx.graphics
j  com.sun.javafx.application.PlatformImpl$$Lambda$439.run()V+0 javafx.graphics
j  com.sun.javafx.application.PlatformImpl.lambda$runAndWait$12(Ljava/lang/Runnable;Ljava/util/concurrent/CountDownLatch;)V+1 javafx.graphics
j  com.sun.javafx.application.PlatformImpl$$Lambda$87.run()V+8 javafx.graphics
j  com.sun.javafx.application.PlatformImpl.lambda$runLater$10(Ljava/lang/Runnable;)Ljava/lang/Void;+1 javafx.graphics
j  com.sun.javafx.application.PlatformImpl$$Lambda$89.run()Ljava/lang/Object;+4 javafx.graphics
v  ~StubRoutines::call_stub
J 1292  java.security.AccessController.doPrivileged(Ljava/security/PrivilegedAction;Ljava/security/AccessControlContext;)Ljava/lang/Object; java.base@11.0.21 (0 bytes) @ 0x033a6947 [0x033a68e0+0x00000067]
j  com.sun.javafx.application.PlatformImpl.lambda$runLater$11(Ljava/lang/Runnable;Ljava/security/AccessControlContext;)V+7 javafx.graphics
j  com.sun.javafx.application.PlatformImpl$$Lambda$88.run()V+8 javafx.graphics
j  com.sun.glass.ui.InvokeLaterDispatcher$Future.run()V+4 javafx.graphics
v  ~StubRoutines::call_stub
j  com.sun.glass.ui.win.WinApplication._runLoop(Ljava/lang/Runnable;)V+0 javafx.graphics
j  com.sun.glass.ui.win.WinApplication.lambda$runLoop$3(ILjava/lang/Runnable;)V+8 javafx.graphics
j  com.sun.glass.ui.win.WinApplication$$Lambda$77.run()V+12 javafx.graphics
j  java.lang.Thread.run()V+11 java.base@11.0.21
v  ~StubRoutines::call_stub

siginfo: EXCEPTION_ACCESS_VIOLATION (0xc0000005), reading address 0x000000b8


Register to memory mapping:

EIP=0x66fd6c62 glass.dll
EAX=0x0 is NULL
EBX=0x1bc3e690 is pointing into the stack for thread: 0x16519400
ECX=0x0 is NULL
EDX=0x0 is NULL
ESP=0x1bc3e45c is pointing into the stack for thread: 0x16519400
EBP=0x1bc3e488 is pointing into the stack for thread: 0x16519400
ESI=0x00000401 is an unknown value
EDI=0x0 is NULL


Registers:
EAX=0x00000000, EBX=0x1bc3e690, ECX=0x00000000, EDX=0x00000000
ESP=0x1bc3e45c, EBP=0x1bc3e488, ESI=0x00000401, EDI=0x00000000
EIP=0x66fd6c62, EFLAGS=0x00010206

Top of Stack: (sp=0x1bc3e45c)
0x1bc3e45c:   1bc3e690 00000401 1bc3e690 66fc8df8
0x1bc3e46c:   f8961482 164c8fa8 00060874 00000401
0x1bc3e47c:   1bc3e5bc 66fe02b0 ffffffff 00000000
0x1bc3e48c:   66fc1755 00000401 1bc3e690 00000000
0x1bc3e49c:   00000401 00060874 1bc3e4d4 66fc16f0
0x1bc3e4ac:   74db2e63 00060874 00000401 1bc3e690
0x1bc3e4bc:   00000000 00060874 dcbaabcd 66fc16f0
0x1bc3e4cc:   00000401 00060874 1bc3e5cc 74da3c46 

Instructions: (pc=0x66fd6c62)
0x66fd6b62:   21 56 e8 47 42 00 00 ff 35 e8 03 ff 66 8b f0 ff
0x66fd6b72:   77 68 56 e8 96 de fe ff 56 e8 a0 41 00 00 83 c4
0x66fd6b82:   10 5e c7 05 a4 03 ff 66 00 00 00 00 5f c3 83 ec
0x66fd6b92:   24 a1 ec e0 fe 66 33 c4 89 44 24 20 8b 44 24 28
0x66fd6ba2:   53 89 44 24 04 8b d9 8b 44 24 30 89 44 24 08 8b
0x66fd6bb2:   44 24 38 55 89 44 24 10 8b 44 24 38 56 89 83 84
0x66fd6bc2:   00 00 00 8b 44 24 0c 89 5c 24 18 bb 00 00 00 80
0x66fd6bd2:   8b eb 8b f3 57 8b fb 85 c0 79 29 8d 44 24 20 50
0x66fd6be2:   e8 29 aa fe ff 83 c4 04 85 c0 8b 44 24 10 74 14
0x66fd6bf2:   8b 74 24 28 8b 5c 24 20 2b f3 8b 7c 24 2c 8b 6c
0x66fd6c02:   24 24 2b fd 6a 00 50 ff 74 24 1c 68 d8 23 fe 66
0x66fd6c12:   57 56 8b 74 24 34 8b ce 55 53 ff 74 24 38 e8 db
0x66fd6c22:   a7 fe ff 8b f8 8d 4e 14 57 e8 40 64 00 00 57 8d
0x66fd6c32:   4e 14 e8 c7 64 00 00 8b 4c 24 30 8b c7 5f 5e 5d
0x66fd6c42:   5b 33 cc e8 ae 7a 00 00 83 c4 24 c2 10 00 53 8b
0x66fd6c52:   d9 56 57 ff 73 08 e8 93 a9 fe ff 8b f8 83 c4 04
0x66fd6c62:   8b 87 b8 00 00 00 85 c0 75 03 8b 47 04 3b 05 a4
0x66fd6c72:   03 ff 66 75 29 e8 34 41 00 00 ff 35 e8 03 ff 66
0x66fd6c82:   8b f0 ff 77 68 56 e8 83 dd fe ff 56 e8 8d 40 00
0x66fd6c92:   00 83 c4 10 c7 05 a4 03 ff 66 00 00 00 00 8d 4f
0x66fd6ca2:   14 e8 b8 69 00 00 8d 4f 14 e8 e0 69 00 00 ff 73
0x66fd6cb2:   08 ff 15 f8 fe fe 66 85 c0 5f 0f 95 c0 5e 88 43
0x66fd6cc2:   04 5b c3 cc cc cc cc cc cc cc cc cc cc cc 55 8b
0x66fd6cd2:   ec 6a ff 68 f7 11 fe 66 64 a1 00 00 00 00 50 83
0x66fd6ce2:   ec 08 53 56 57 a1 ec e0 fe 66 33 c5 50 8d 45 f4
0x66fd6cf2:   64 a3 00 00 00 00 8b f9 ff 77 18 ff 15 60 ff fe
0x66fd6d02:   66 85 c0 75 13 0f 57 c0 66 0f 13 45 ec 8b 55 f0
0x66fd6d12:   8b 45 ec e9 a7 00 00 00 68 dc 00 00 00 e8 96 79
0x66fd6d22:   00 00 83 c4 04 89 45 f0 c7 45 fc 00 00 00 00 85
0x66fd6d32:   c0 74 19 ff 77 18 8b c8 6a 01 6a 00 6a 00 6a 00
0x66fd6d42:   ff 77 10 e8 a6 f9 ff ff 8b d8 eb 02 33 db ff 77
0x66fd6d52:   18 8b cb c7 45 fc ff ff ff ff 6a 00 68 00 00 10 


Stack slot to memory mapping:
stack at sp + 0 slots: 0x1bc3e690 is pointing into the stack for thread: 0x16519400
stack at sp + 1 slots: 0x00000401 is an unknown value
stack at sp + 2 slots: 0x1bc3e690 is pointing into the stack for thread: 0x16519400
stack at sp + 3 slots: 0x66fc8df8 glass.dll
stack at sp + 4 slots: 0xf8961482 is an unknown value
stack at sp + 5 slots: 0x164c8fa8 points into unknown readable memory: 0x66fe319c | 9c 31 fe 66
stack at sp + 6 slots: 0x00060874 is an unknown value
stack at sp + 7 slots: 0x00000401 is an unknown value


---------------  P R O C E S S  ---------------

Threads class SMR info:
_java_thread_list=0x169c2ca0, length=17, elements={
0x030bec00, 0x03184000, 0x03185400, 0x15441400,
0x03194800, 0x03195400, 0x03196c00, 0x03199800,
0x03144c00, 0x1560d400, 0x15c6a800, 0x16501800,
0x16519400, 0x1664c400, 0x1664cc00, 0x168fc800,
0x169cb400
}

Java Threads: ( => current thread )
  0x030bec00 JavaThread "main" [_thread_blocked, id=15000, stack(0x02850000,0x028a0000)]
  0x03184000 JavaThread "Reference Handler" daemon [_thread_blocked, id=9568, stack(0x15200000,0x15250000)]
  0x03185400 JavaThread "Finalizer" daemon [_thread_blocked, id=5532, stack(0x15290000,0x152e0000)]
  0x15441400 JavaThread "Signal Dispatcher" daemon [_thread_blocked, id=3548, stack(0x15650000,0x156a0000)]
  0x03194800 JavaThread "Attach Listener" daemon [_thread_blocked, id=11128, stack(0x156e0000,0x15730000)]
  0x03195400 JavaThread "Service Thread" daemon [_thread_blocked, id=17716, stack(0x15770000,0x157c0000)]
  0x03196c00 JavaThread "C1 CompilerThread0" daemon [_thread_blocked, id=7744, stack(0x15800000,0x15850000)]
  0x03199800 JavaThread "Sweeper thread" daemon [_thread_blocked, id=20256, stack(0x15890000,0x158e0000)]
  0x03144c00 JavaThread "Common-Cleaner" daemon [_thread_blocked, id=14788, stack(0x15920000,0x15970000)]
  0x1560d400 JavaThread "Monitor Ctrl-Break" daemon [_thread_in_native, id=21376, stack(0x15dc0000,0x15e10000)]
  0x15c6a800 JavaThread "QuantumRenderer-0" daemon [_thread_blocked, id=7060, stack(0x160e0000,0x16130000)]
  0x16501800 JavaThread "InvokeLaterDispatcher" daemon [_thread_blocked, id=19752, stack(0x1ba60000,0x1bab0000)]
=>0x16519400 JavaThread "JavaFX Application Thread" [_thread_in_native, id=24448, stack(0x1bbf0000,0x1bc40000)]
  0x1664c400 JavaThread "Thread-1" daemon [_thread_in_native, id=7524, stack(0x20040000,0x20090000)]
  0x1664cc00 JavaThread "JavaFX-Launcher" [_thread_blocked, id=7000, stack(0x200d0000,0x20120000)]
  0x168fc800 JavaThread "Prism Font Disposer" daemon [_thread_blocked, id=19216, stack(0x224d0000,0x22520000)]
  0x169cb400 JavaThread "Cleaner-0" daemon [_thread_blocked, id=9320, stack(0x22e60000,0x22eb0000)]

Other Threads:
  0x03170c00 VMThread "VM Thread" [stack: 0x03030000,0x03080000] [id=1880]
  0x1560e400 WatcherThread [stack: 0x15e50000,0x15ea0000] [id=20980]

Threads with active compile tasks:

VM state:not at safepoint (normal execution)

VM Mutex/Monitor currently owned by a thread: None

Heap:
 def new generation   total 12096K, used 6282K [0x05200000, 0x05f10000, 0x0a750000)
  eden space 10816K,  58% used [0x05200000, 0x05822ab8, 0x05c90000)
  from space 1280K,   0% used [0x05c90000, 0x05c90000, 0x05dd0000)
  to   space 1280K,   0% used [0x05dd0000, 0x05dd0000, 0x05f10000)
 tenured generation   total 26652K, used 15989K [0x0a750000, 0x0c157000, 0x15200000)
   the space 26652K,  59% used [0x0a750000, 0x0b6ed6f8, 0x0b6ed800, 0x0c157000)
 Metaspace       used 14790K, capacity 15055K, committed 15360K, reserved 15744K

Card table byte_map: [0x02aa0000,0x02b30000] _byte_map_base: 0x02a77000

Polling page: 0x01050000

Metaspace:

Usage:
   14.70 MB capacity,    14.44 MB ( 98%) used,   182.92 KB (  1%) free+waste,    81.17 KB ( <1%) overhead. 

Virtual space:
     15.38 MB reserved,      15.00 MB ( 98%) committed 

Chunk freelists:
209.00 KB

MaxMetaspaceSize: 4.00 GB
No class space
Initial GC threshold: 12.00 MB
Current GC threshold: 24.59 MB
CDS: off

CodeCache: size=32768Kb used=2413Kb max_used=2413Kb free=30354Kb
 bounds [0x031a0000, 0x03400000, 0x051a0000]
 total_blobs=2007 nmethods=1578 adapters=362
 compilation: enabled
              stopped_count=0, restarted_count=0
 full_count=0

Compilation events (20 events):
Event: 39.865 Thread 0x03196c00 1569             com.sun.javafx.css.StyleCacheEntry$Key::<init> (83 bytes)
Event: 39.866 Thread 0x03196c00 nmethod 1569 0x033f4d48 code [0x033f4ee0, 0x033f541c]
Event: 39.868 Thread 0x03196c00 1570             com.sun.javafx.sg.prism.NGRegion::doCorner (248 bytes)
Event: 39.869 Thread 0x03196c00 nmethod 1570 0x033f5708 code [0x033f5870, 0x033f5b34]
Event: 39.870 Thread 0x03196c00 1571             com.sun.javafx.geom.Shape::accumulate (527 bytes)
Event: 39.872 Thread 0x03196c00 nmethod 1571 0x033f5cc8 code [0x033f5e90, 0x033f6948]
Event: 40.187 Thread 0x03196c00 1572             jdk.internal.org.objectweb.asm.MethodWriter::visitLabel (321 bytes)
Event: 40.188 Thread 0x03196c00 nmethod 1572 0x033f7048 code [0x033f71a0, 0x033f7544]
Event: 40.188 Thread 0x03196c00 1573             jdk.internal.org.objectweb.asm.MethodWriter::noSuccessor (95 bytes)
Event: 40.188 Thread 0x03196c00 nmethod 1573 0x033f7748 code [0x033f7870, 0x033f7a5c]
Event: 40.188 Thread 0x03196c00 1574             jdk.internal.org.objectweb.asm.MethodWriter::visitEnd (1 bytes)
Event: 40.188 Thread 0x03196c00 nmethod 1574 0x033f7b48 code [0x033f7c50, 0x033f7cd0]
Event: 40.188 Thread 0x03196c00 1575             jdk.internal.org.objectweb.asm.MethodWriter::getSize (838 bytes)
Event: 40.192 Thread 0x03196c00 nmethod 1575 0x033f7d08 code [0x033f7fe0, 0x033f8a64]
Event: 40.192 Thread 0x03196c00 1576             jdk.internal.misc.VM::initLevel (4 bytes)
Event: 40.192 Thread 0x03196c00 nmethod 1576 0x033f9648 code [0x033f9750, 0x033f97d0]
Event: 40.192 Thread 0x03196c00 1577             jdk.internal.misc.VM::isModuleSystemInited (13 bytes)
Event: 40.192 Thread 0x03196c00 nmethod 1577 0x033f9808 code [0x033f9910, 0x033f99a0]
Event: 40.192 Thread 0x03196c00 1578             sun.nio.cs.UTF_8$Encoder::encodeArrayLoop (489 bytes)
Event: 40.194 Thread 0x03196c00 nmethod 1578 0x033f9a08 code [0x033f9d90, 0x033fab44]

GC Heap History (20 events):
Event: 0.973 GC heap before
{Heap before GC invocations=5 (full 0):
 def new generation   total 4928K, used 4826K [0x05200000, 0x05750000, 0x0a750000)
  eden space 4416K, 100% used [0x05200000, 0x05650000, 0x05650000)
  from space 512K,  80% used [0x056d0000, 0x05736880, 0x05750000)
  to   space 512K,   0% used [0x05650000, 0x05650000, 0x056d0000)
 tenured generation   total 10944K, used 2342K [0x0a750000, 0x0b200000, 0x15200000)
   the space 10944K,  21% used [0x0a750000, 0x0a999ba0, 0x0a999c00, 0x0b200000)
 Metaspace       used 8971K, capacity 9087K, committed 9088K, reserved 9600K
}
Event: 0.976 GC heap after
{Heap after GC invocations=6 (full 0):
 def new generation   total 4928K, used 512K [0x05200000, 0x05750000, 0x0a750000)
  eden space 4416K,   0% used [0x05200000, 0x05200000, 0x05650000)
  from space 512K, 100% used [0x05650000, 0x056d0000, 0x056d0000)
  to   space 512K,   0% used [0x056d0000, 0x056d0000, 0x05750000)
 tenured generation   total 10944K, used 2740K [0x0a750000, 0x0b200000, 0x15200000)
   the space 10944K,  25% used [0x0a750000, 0x0a9fd188, 0x0a9fd200, 0x0b200000)
 Metaspace       used 8971K, capacity 9087K, committed 9088K, reserved 9600K
}
Event: 1.097 GC heap before
{Heap before GC invocations=6 (full 0):
 def new generation   total 4928K, used 4921K [0x05200000, 0x05750000, 0x0a750000)
  eden space 4416K,  99% used [0x05200000, 0x0564e7d0, 0x05650000)
  from space 512K, 100% used [0x05650000, 0x056d0000, 0x056d0000)
  to   space 512K,   0% used [0x056d0000, 0x056d0000, 0x05750000)
 tenured generation   total 10944K, used 2740K [0x0a750000, 0x0b200000, 0x15200000)
   the space 10944K,  25% used [0x0a750000, 0x0a9fd188, 0x0a9fd200, 0x0b200000)
 Metaspace       used 10623K, capacity 10800K, committed 10880K, reserved 11648K
}
Event: 1.102 GC heap after
{Heap after GC invocations=7 (full 0):
 def new generation   total 4928K, used 512K [0x05200000, 0x05750000, 0x0a750000)
  eden space 4416K,   0% used [0x05200000, 0x05200000, 0x05650000)
  from space 512K, 100% used [0x056d0000, 0x05750000, 0x05750000)
  to   space 512K,   0% used [0x05650000, 0x05650000, 0x056d0000)
 tenured generation   total 10944K, used 3722K [0x0a750000, 0x0b200000, 0x15200000)
   the space 10944K,  34% used [0x0a750000, 0x0aaf2b98, 0x0aaf2c00, 0x0b200000)
 Metaspace       used 10623K, capacity 10800K, committed 10880K, reserved 11648K
}
Event: 1.174 GC heap before
{Heap before GC invocations=7 (full 0):
 def new generation   total 4928K, used 4928K [0x05200000, 0x05750000, 0x0a750000)
  eden space 4416K, 100% used [0x05200000, 0x05650000, 0x05650000)
  from space 512K, 100% used [0x056d0000, 0x05750000, 0x05750000)
  to   space 512K,   0% used [0x05650000, 0x05650000, 0x056d0000)
 tenured generation   total 10944K, used 3722K [0x0a750000, 0x0b200000, 0x15200000)
   the space 10944K,  34% used [0x0a750000, 0x0aaf2b98, 0x0aaf2c00, 0x0b200000)
 Metaspace       used 11071K, capacity 11258K, committed 11264K, reserved 11648K
}
Event: 1.179 GC heap after
{Heap after GC invocations=8 (full 0):
 def new generation   total 4928K, used 512K [0x05200000, 0x05750000, 0x0a750000)
  eden space 4416K,   0% used [0x05200000, 0x05200000, 0x05650000)
  from space 512K, 100% used [0x05650000, 0x056d0000, 0x056d0000)
  to   space 512K,   0% used [0x056d0000, 0x056d0000, 0x05750000)
 tenured generation   total 10944K, used 4837K [0x0a750000, 0x0b200000, 0x15200000)
   the space 10944K,  44% used [0x0a750000, 0x0ac09720, 0x0ac09800, 0x0b200000)
 Metaspace       used 11071K, capacity 11258K, committed 11264K, reserved 11648K
}
Event: 1.247 GC heap before
{Heap before GC invocations=8 (full 0):
 def new generation   total 4928K, used 3144K [0x05200000, 0x05750000, 0x0a750000)
  eden space 4416K,  59% used [0x05200000, 0x05492108, 0x05650000)
  from space 512K, 100% used [0x05650000, 0x056d0000, 0x056d0000)
  to   space 512K,   0% used [0x056d0000, 0x056d0000, 0x05750000)
 tenured generation   total 10944K, used 4837K [0x0a750000, 0x0b200000, 0x15200000)
   the space 10944K,  44% used [0x0a750000, 0x0ac09720, 0x0ac09800, 0x0b200000)
 Metaspace       used 11512K, capacity 11685K, committed 11776K, reserved 12672K
}
Event: 1.250 GC heap after
{Heap after GC invocations=9 (full 0):
 def new generation   total 4928K, used 158K [0x05200000, 0x05750000, 0x0a750000)
  eden space 4416K,   0% used [0x05200000, 0x05200000, 0x05650000)
  from space 512K,  31% used [0x056d0000, 0x056f7b58, 0x05750000)
  to   space 512K,   0% used [0x05650000, 0x05650000, 0x056d0000)
 tenured generation   total 10944K, used 5858K [0x0a750000, 0x0b200000, 0x15200000)
   the space 10944K,  53% used [0x0a750000, 0x0ad08940, 0x0ad08a00, 0x0b200000)
 Metaspace       used 11512K, capacity 11685K, committed 11776K, reserved 12672K
}
Event: 1.292 GC heap before
{Heap before GC invocations=9 (full 0):
 def new generation   total 4928K, used 4574K [0x05200000, 0x05750000, 0x0a750000)
  eden space 4416K, 100% used [0x05200000, 0x05650000, 0x05650000)
  from space 512K,  31% used [0x056d0000, 0x056f7b58, 0x05750000)
  to   space 512K,   0% used [0x05650000, 0x05650000, 0x056d0000)
 tenured generation   total 10944K, used 5858K [0x0a750000, 0x0b200000, 0x15200000)
   the space 10944K,  53% used [0x0a750000, 0x0ad08940, 0x0ad08a00, 0x0b200000)
 Metaspace       used 11783K, capacity 11944K, committed 12032K, reserved 12672K
}
Event: 1.296 GC heap after
{Heap after GC invocations=10 (full 0):
 def new generation   total 4928K, used 216K [0x05200000, 0x05750000, 0x0a750000)
  eden space 4416K,   0% used [0x05200000, 0x05200000, 0x05650000)
  from space 512K,  42% used [0x05650000, 0x056860d8, 0x056d0000)
  to   space 512K,   0% used [0x056d0000, 0x056d0000, 0x05750000)
 tenured generation   total 10944K, used 8672K [0x0a750000, 0x0b200000, 0x15200000)
   the space 10944K,  79% used [0x0a750000, 0x0afc8000, 0x0afc8000, 0x0b200000)
 Metaspace       used 11783K, capacity 11944K, committed 12032K, reserved 12672K
}
Event: 1.336 GC heap before
{Heap before GC invocations=10 (full 0):
 def new generation   total 4928K, used 2003K [0x05200000, 0x05750000, 0x0a750000)
  eden space 4416K,  40% used [0x05200000, 0x053bedc8, 0x05650000)
  from space 512K,  42% used [0x05650000, 0x056860d8, 0x056d0000)
  to   space 512K,   0% used [0x056d0000, 0x056d0000, 0x05750000)
 tenured generation   total 10944K, used 8672K [0x0a750000, 0x0b200000, 0x15200000)
   the space 10944K,  79% used [0x0a750000, 0x0afc8000, 0x0afc8000, 0x0b200000)
 Metaspace       used 12087K, capacity 12264K, committed 12288K, reserved 12672K
}
Event: 1.348 GC heap after
{Heap after GC invocations=11 (full 1):
 def new generation   total 6848K, used 0K [0x05200000, 0x05960000, 0x0a750000)
  eden space 6144K,   0% used [0x05200000, 0x05200000, 0x05800000)
  from space 704K,   0% used [0x05800000, 0x05800000, 0x058b0000)
  to   space 704K,   0% used [0x058b0000, 0x058b0000, 0x05960000)
 tenured generation   total 14964K, used 8977K [0x0a750000, 0x0b5ed000, 0x15200000)
   the space 14964K,  59% used [0x0a750000, 0x0b014748, 0x0b014800, 0x0b5ed000)
 Metaspace       used 12087K, capacity 12264K, committed 12288K, reserved 12672K
}
Event: 1.544 GC heap before
{Heap before GC invocations=11 (full 1):
 def new generation   total 6848K, used 6144K [0x05200000, 0x05960000, 0x0a750000)
  eden space 6144K, 100% used [0x05200000, 0x05800000, 0x05800000)
  from space 704K,   0% used [0x05800000, 0x05800000, 0x058b0000)
  to   space 704K,   0% used [0x058b0000, 0x058b0000, 0x05960000)
 tenured generation   total 14964K, used 8977K [0x0a750000, 0x0b5ed000, 0x15200000)
   the space 14964K,  59% used [0x0a750000, 0x0b014748, 0x0b014800, 0x0b5ed000)
 Metaspace       used 12803K, capacity 13000K, committed 13056K, reserved 13696K
}
Event: 1.547 GC heap after
{Heap after GC invocations=12 (full 1):
 def new generation   total 6848K, used 703K [0x05200000, 0x05960000, 0x0a750000)
  eden space 6144K,   0% used [0x05200000, 0x05200000, 0x05800000)
  from space 704K,  99% used [0x058b0000, 0x0595fff8, 0x05960000)
  to   space 704K,   0% used [0x05800000, 0x05800000, 0x058b0000)
 tenured generation   total 14964K, used 9058K [0x0a750000, 0x0b5ed000, 0x15200000)
   the space 14964K,  60% used [0x0a750000, 0x0b028930, 0x0b028a00, 0x0b5ed000)
 Metaspace       used 12803K, capacity 13000K, committed 13056K, reserved 13696K
}
Event: 1.703 GC heap before
{Heap before GC invocations=12 (full 1):
 def new generation   total 6848K, used 6842K [0x05200000, 0x05960000, 0x0a750000)
  eden space 6144K,  99% used [0x05200000, 0x057fe978, 0x05800000)
  from space 704K,  99% used [0x058b0000, 0x0595fff8, 0x05960000)
  to   space 704K,   0% used [0x05800000, 0x05800000, 0x058b0000)
 tenured generation   total 14964K, used 9058K [0x0a750000, 0x0b5ed000, 0x15200000)
   the space 14964K,  60% used [0x0a750000, 0x0b028930, 0x0b028a00, 0x0b5ed000)
 Metaspace       used 13697K, capacity 13934K, committed 13952K, reserved 14720K
}
Event: 1.710 GC heap after
{Heap after GC invocations=13 (full 1):
 def new generation   total 6848K, used 703K [0x05200000, 0x05960000, 0x0a750000)
  eden space 6144K,   0% used [0x05200000, 0x05200000, 0x05800000)
  from space 704K,  99% used [0x05800000, 0x058afff8, 0x058b0000)
  to   space 704K,   0% used [0x058b0000, 0x058b0000, 0x05960000)
 tenured generation   total 14964K, used 10779K [0x0a750000, 0x0b5ed000, 0x15200000)
   the space 14964K,  72% used [0x0a750000, 0x0b1d6e68, 0x0b1d7000, 0x0b5ed000)
 Metaspace       used 13697K, capacity 13934K, committed 13952K, reserved 14720K
}
Event: 9.042 GC heap before
{Heap before GC invocations=13 (full 1):
 def new generation   total 6848K, used 6236K [0x05200000, 0x05960000, 0x0a750000)
  eden space 6144K,  90% used [0x05200000, 0x057671e0, 0x05800000)
  from space 704K,  99% used [0x05800000, 0x058afff8, 0x058b0000)
  to   space 704K,   0% used [0x058b0000, 0x058b0000, 0x05960000)
 tenured generation   total 14964K, used 10779K [0x0a750000, 0x0b5ed000, 0x15200000)
   the space 14964K,  72% used [0x0a750000, 0x0b1d6e68, 0x0b1d7000, 0x0b5ed000)
 Metaspace       used 14108K, capacity 14363K, committed 14464K, reserved 14720K
}
Event: 9.048 GC heap after
{Heap after GC invocations=14 (full 1):
 def new generation   total 6848K, used 423K [0x05200000, 0x05960000, 0x0a750000)
  eden space 6144K,   0% used [0x05200000, 0x05200000, 0x05800000)
  from space 704K,  60% used [0x058b0000, 0x05919d78, 0x05960000)
  to   space 704K,   0% used [0x05800000, 0x05800000, 0x058b0000)
 tenured generation   total 14964K, used 13584K [0x0a750000, 0x0b5ed000, 0x15200000)
   the space 14964K,  90% used [0x0a750000, 0x0b4943d8, 0x0b494400, 0x0b5ed000)
 Metaspace       used 14108K, capacity 14363K, committed 14464K, reserved 14720K
}
Event: 9.137 GC heap before
{Heap before GC invocations=14 (full 1):
 def new generation   total 6848K, used 6567K [0x05200000, 0x05960000, 0x0a750000)
  eden space 6144K, 100% used [0x05200000, 0x05800000, 0x05800000)
  from space 704K,  60% used [0x058b0000, 0x05919d78, 0x05960000)
  to   space 704K,   0% used [0x05800000, 0x05800000, 0x058b0000)
 tenured generation   total 14964K, used 13584K [0x0a750000, 0x0b5ed000, 0x15200000)
   the space 14964K,  90% used [0x0a750000, 0x0b4943d8, 0x0b494400, 0x0b5ed000)
 Metaspace       used 14684K, capacity 14994K, committed 15104K, reserved 15744K
}
Event: 9.162 GC heap after
{Heap after GC invocations=15 (full 2):
 def new generation   total 12096K, used 0K [0x05200000, 0x05f10000, 0x0a750000)
  eden space 10816K,   0% used [0x05200000, 0x05200000, 0x05c90000)
  from space 1280K,   0% used [0x05c90000, 0x05c90000, 0x05dd0000)
  to   space 1280K,   0% used [0x05dd0000, 0x05dd0000, 0x05f10000)
 tenured generation   total 26652K, used 15989K [0x0a750000, 0x0c157000, 0x15200000)
   the space 26652K,  59% used [0x0a750000, 0x0b6ed6f8, 0x0b6ed800, 0x0c157000)
 Metaspace       used 14469K, capacity 14729K, committed 15104K, reserved 15744K
}

Deoptimization events (8 events):
Event: 1.457 Thread 0x16519400 DEOPT PACKING pc=0x032c798f sp=0x1bc3dd40
Event: 1.457 Thread 0x16519400 DEOPT UNPACKING pc=0x031dc187 sp=0x1bc3dc60 mode 3
Event: 1.463 Thread 0x16519400 DEOPT PACKING pc=0x032f5a31 sp=0x1bc3dec0
Event: 1.463 Thread 0x16519400 DEOPT UNPACKING pc=0x031dc187 sp=0x1bc3dde4 mode 3
Event: 1.730 Thread 0x15c6a800 DEOPT PACKING pc=0x0334707d sp=0x1612ed60
Event: 1.730 Thread 0x15c6a800 DEOPT UNPACKING pc=0x031dc187 sp=0x1612ec8c mode 3
Event: 5.346 Thread 0x16519400 DEOPT PACKING pc=0x0336440c sp=0x1bc3d1c0
Event: 5.346 Thread 0x16519400 DEOPT UNPACKING pc=0x031dc187 sp=0x1bc3d068 mode 3

Classes redefined (0 events):
No events

Internal exceptions (20 events):
Event: 1.020 Thread 0x16519400 Exception <a 'sun/nio/fs/WindowsException'{0x0531f168}> (0x0531f168) thrown at [s\src\hotspot\share\prims\jni.cpp, line 617]
Event: 1.030 Thread 0x16519400 Exception <a 'java/lang/ClassNotFoundException'{0x0533a6f0}: sun/util/logging/resources/spi/loggingProvider> (0x0533a6f0) thrown at [s\src\hotspot\share\classfile\systemDictionary.cpp, line 230]
Event: 1.079 Thread 0x16519400 Exception <a 'java/lang/ClassNotFoundException'{0x05571518}: com/sun/glass/ui/win/themes> (0x05571518) thrown at [s\src\hotspot\share\prims\jni.cpp, line 638]
Event: 1.080 Thread 0x16519400 Exception <a 'java/lang/ClassNotFoundException'{0x05575508}: com/sun/glass/ui/win/themes_es> (0x05575508) thrown at [s\src\hotspot\share\prims\jni.cpp, line 638]
Event: 1.080 Thread 0x16519400 Exception <a 'java/lang/ClassNotFoundException'{0x055772d8}: com/sun/glass/ui/win/themes_es_MX> (0x055772d8) thrown at [s\src\hotspot\share\prims\jni.cpp, line 638]
Event: 1.171 Thread 0x16519400 Exception <a 'java/lang/NoSuchMethodError'{0x05626608}: 'void java.lang.invoke.DirectMethodHandle$Holder.invokeStaticInit(java.lang.Object, java.lang.Object)'> (0x05626608) thrown at [s\src\hotspot\share\interpreter\linkResolver.cpp, line 773]
Event: 1.230 Thread 0x16519400 Exception <a 'java/lang/NoSuchMethodError'{0x05409fd8}: 'void java.lang.invoke.DirectMethodHandle$Holder.invokeSpecial(java.lang.Object, java.lang.Object, java.lang.Object, java.lang.Object, java.lang.Object)'> (0x05409fd8) thrown at [s\src\hotspot\share\interpreter\linkResolver.cpp, line 773]
Event: 1.463 Thread 0x16519400 Implicit null exception at 0x032f474c to 0x032f5a2c
Event: 1.524 Thread 0x16519400 Exception <a 'java/lang/NoSuchMethodError'{0x05743ff0}: 'java.lang.Object java.lang.invoke.Invokers$Holder.linkToTargetMethod(java.lang.Object, int, java.lang.Object)'> (0x05743ff0) thrown at [s\src\hotspot\share\interpreter\linkResolver.cpp, line 773]
Event: 1.543 Thread 0x16519400 Exception <a 'java/lang/NoSuchMethodError'{0x057faec8}: 'java.lang.Object java.lang.invoke.DirectMethodHandle$Holder.invokeInterface(java.lang.Object, java.lang.Object, java.lang.Object)'> (0x057faec8) thrown at [s\src\hotspot\share\interpreter\linkResolver.cpp, line 773]
Event: 1.543 Thread 0x16519400 Exception <a 'java/lang/IncompatibleClassChangeError'{0x057fdc88}: Found class java.lang.Object, but interface was expected> (0x057fdc88) thrown at [s\src\hotspot\share\interpreter\linkResolver.cpp, line 839]
Event: 1.618 Thread 0x15c6a800 Exception <a 'java/lang/NoSuchMethodError'{0x0540c670}: 'int java.lang.invoke.DirectMethodHandle$Holder.invokeStaticInit(java.lang.Object, java.lang.Object)'> (0x0540c670) thrown at [s\src\hotspot\share\interpreter\linkResolver.cpp, line 773]
Event: 5.100 Thread 0x16519400 Exception <a 'java/lang/NoSuchMethodError'{0x053ae018}: 'long java.lang.invoke.DirectMethodHandle$Holder.invokeStaticInit(java.lang.Object, java.lang.Object, java.lang.Object)'> (0x053ae018) thrown at [s\src\hotspot\share\interpreter\linkResolver.cpp, line 773]
Event: 5.104 Thread 0x16519400 Exception <a 'java/lang/NoSuchMethodError'{0x053c49f0}: 'java.lang.Object java.lang.invoke.DirectMethodHandle$Holder.invokeStatic(java.lang.Object, java.lang.Object, long)'> (0x053c49f0) thrown at [s\src\hotspot\share\interpreter\linkResolver.cpp, line 773]
Event: 5.104 Thread 0x16519400 Exception <a 'java/lang/NoSuchMethodError'{0x053ca440}: 'java.lang.Object java.lang.invoke.Invokers$Holder.linkToTargetMethod(java.lang.Object, long, java.lang.Object)'> (0x053ca440) thrown at [s\src\hotspot\share\interpreter\linkResolver.cpp, line 773]
Event: 9.098 Thread 0x16519400 Exception <a 'java/lang/ClassNotFoundException'{0x055516c0}: com/sun/javafx/scene/control/skin/resources/controls> (0x055516c0) thrown at [s\src\hotspot\share\prims\jni.cpp, line 638]
Event: 9.098 Thread 0x16519400 Exception <a 'java/lang/ClassNotFoundException'{0x0555f228}: com/sun/javafx/scene/control/skin/resources/controls_es> (0x0555f228) thrown at [s\src\hotspot\share\prims\jni.cpp, line 638]
Event: 9.098 Thread 0x16519400 Exception <a 'java/lang/ClassNotFoundException'{0x0556cad8}: com/sun/javafx/scene/control/skin/resources/controls_es_MX> (0x0556cad8) thrown at [s\src\hotspot\share\prims\jni.cpp, line 638]
Event: 9.126 Thread 0x16519400 Exception <a 'java/lang/NoSuchMethodError'{0x056c6bc0}: 'void java.lang.invoke.DirectMethodHandle$Holder.invokeSpecial(java.lang.Object, java.lang.Object, java.lang.Object, java.lang.Object, java.lang.Object, java.lang.Object)'> (0x056c6bc0) thrown at [s\src\hotspot\share\interpreter\linkResolver.cpp, line 773]
Event: 40.189 Thread 0x16519400 Exception <a 'java/lang/IllegalArgumentException'{0x057e7bf8}> (0x057e7bf8) thrown at [s\src\hotspot\share\prims\jvm.cpp, line 1310]

Events (20 events):
Event: 40.084 loading class javafx/application/Application
Event: 40.084 loading class javafx/application/Application done
Event: 40.084 loading class javafx/application/Application
Event: 40.084 loading class javafx/application/Application done
Event: 40.186 loading class com/sun/javafx/tk/quantum/GlassScene
Event: 40.186 loading class com/sun/javafx/tk/quantum/GlassScene done
Event: 40.186 loading class com/sun/javafx/tk/quantum/WindowStage
Event: 40.186 loading class com/sun/javafx/tk/quantum/WindowStage done
Event: 40.187 loading class com/sun/prism/GraphicsResource
Event: 40.187 loading class com/sun/prism/GraphicsResource done
Event: 40.187 loading class com/sun/prism/GraphicsResource
Event: 40.187 loading class com/sun/prism/GraphicsResource done
Event: 40.187 loading class com/sun/javafx/tk/quantum/ViewScene
Event: 40.187 loading class com/sun/javafx/tk/quantum/ViewScene done
Event: 40.188 loading class com/sun/javafx/tk/quantum/WindowStage
Event: 40.188 loading class com/sun/javafx/tk/quantum/WindowStage done
Event: 40.190 loading class java/lang/Throwable$WrappedPrintStream
Event: 40.190 loading class java/lang/Throwable$PrintStreamOrWriter
Event: 40.190 loading class java/lang/Throwable$PrintStreamOrWriter done
Event: 40.190 loading class java/lang/Throwable$WrappedPrintStream done


Dynamic libraries:
0x006e0000 - 0x006ec000 	C:\Program Files (x86)\Eclipse Adoptium\jdk-11.0.21.9-hotspot\bin\java.exe
0x77040000 - 0x771f1000 	C:\Windows\SYSTEM32\ntdll.dll
0x76c70000 - 0x76d60000 	C:\Windows\System32\KERNEL32.DLL
0x769f0000 - 0x76c64000 	C:\Windows\System32\KERNELBASE.dll
0x73170000 - 0x73216000 	C:\Windows\SYSTEM32\apphelp.dll
0x759b0000 - 0x75ac2000 	C:\Windows\System32\ucrtbase.dll
0x73cf0000 - 0x73d05000 	C:\Program Files (x86)\Eclipse Adoptium\jdk-11.0.21.9-hotspot\bin\jli.dll
0x74d80000 - 0x74f28000 	C:\Windows\System32\USER32.dll
0x76360000 - 0x7637a000 	C:\Windows\System32\win32u.dll
0x73460000 - 0x73688000 	C:\Windows\WinSxS\x86_microsoft.windows.common-controls_6595b64144ccf1df_6.0.22621.2506_none_6eb991c088050a06\COMCTL32.dll
0x76790000 - 0x76854000 	C:\Windows\System32\msvcrt.dll
0x750a0000 - 0x750c3000 	C:\Windows\System32\GDI32.dll
0x763f0000 - 0x764d2000 	C:\Windows\System32\gdi32full.dll
0x76f50000 - 0x76fc9000 	C:\Windows\System32\msvcp_win.dll
0x73d10000 - 0x73d23000 	C:\Program Files (x86)\Eclipse Adoptium\jdk-11.0.21.9-hotspot\bin\VCRUNTIME140.dll
0x76320000 - 0x76345000 	C:\Windows\System32\IMM32.DLL
0x73800000 - 0x7386f000 	C:\Program Files (x86)\Eclipse Adoptium\jdk-11.0.21.9-hotspot\bin\msvcp140.dll
0x72b30000 - 0x7300b000 	C:\Program Files (x86)\Eclipse Adoptium\jdk-11.0.21.9-hotspot\bin\client\jvm.dll
0x76d60000 - 0x76ddf000 	C:\Windows\System32\ADVAPI32.dll
0x76900000 - 0x76985000 	C:\Windows\System32\sechost.dll
0x751f0000 - 0x7520a000 	C:\Windows\System32\bcrypt.dll
0x764e0000 - 0x7659a000 	C:\Windows\System32\RPCRT4.dll
0x759a0000 - 0x759a6000 	C:\Windows\System32\PSAPI.DLL
0x72580000 - 0x72588000 	C:\Windows\SYSTEM32\WSOCK32.dll
0x737c0000 - 0x737f1000 	C:\Windows\SYSTEM32\WINMM.dll
0x76fd0000 - 0x7702f000 	C:\Windows\System32\WS2_32.dll
0x74310000 - 0x74318000 	C:\Windows\SYSTEM32\VERSION.dll
0x744d0000 - 0x744e3000 	C:\Windows\SYSTEM32\kernel.appcore.dll
0x73d40000 - 0x73d4d000 	C:\Program Files (x86)\Eclipse Adoptium\jdk-11.0.21.9-hotspot\bin\verify.dll
0x71250000 - 0x71426000 	C:\Windows\SYSTEM32\DBGHELP.DLL
0x75f90000 - 0x7620d000 	C:\Windows\System32\combase.dll
0x765a0000 - 0x7663c000 	C:\Windows\System32\OLEAUT32.dll
0x73790000 - 0x737b9000 	C:\Windows\SYSTEM32\dbgcore.DLL
0x76380000 - 0x763e2000 	C:\Windows\System32\bcryptPrimitives.dll
0x73760000 - 0x73782000 	C:\Program Files (x86)\Eclipse Adoptium\jdk-11.0.21.9-hotspot\bin\java.dll
0x73750000 - 0x73759000 	C:\Program Files (x86)\Eclipse Adoptium\jdk-11.0.21.9-hotspot\bin\jimage.dll
0x73b80000 - 0x73b8d000 	C:\Program Files (x86)\Eclipse Adoptium\jdk-11.0.21.9-hotspot\bin\instrument.dll
0x73730000 - 0x73746000 	C:\Program Files (x86)\Eclipse Adoptium\jdk-11.0.21.9-hotspot\bin\zip.dll
0x75270000 - 0x75908000 	C:\Windows\System32\SHELL32.dll
0x745c0000 - 0x74cac000 	C:\Windows\SYSTEM32\windows.storage.dll
0x744f0000 - 0x745b7000 	C:\Windows\SYSTEM32\wintypes.dll
0x74cb0000 - 0x74d71000 	C:\Windows\System32\SHCORE.dll
0x750e0000 - 0x7512b000 	C:\Windows\System32\shlwapi.dll
0x74360000 - 0x7437d000 	C:\Windows\SYSTEM32\profapi.dll
0x73710000 - 0x73724000 	C:\Program Files (x86)\Eclipse Adoptium\jdk-11.0.21.9-hotspot\bin\net.dll
0x73300000 - 0x733dd000 	C:\Windows\SYSTEM32\WINHTTP.dll
0x73050000 - 0x730a1000 	C:\Windows\system32\mswsock.dll
0x73700000 - 0x7370f000 	C:\Program Files (x86)\Eclipse Adoptium\jdk-11.0.21.9-hotspot\bin\nio.dll
0x73ab0000 - 0x73ac6000 	C:\Program Files\JetBrains\IntelliJ IDEA 2023.3.2\bin\breakgen.dll
0x73aa0000 - 0x73aa3000 	C:\Users\yara2\.openjfx\cache\17.0.6\api-ms-win-core-console-l1-1-0.dll
0x73a90000 - 0x73a93000 	C:\Users\yara2\.openjfx\cache\17.0.6\api-ms-win-core-console-l1-2-0.dll
0x69490000 - 0x69493000 	C:\Users\yara2\.openjfx\cache\17.0.6\api-ms-win-core-datetime-l1-1-0.dll
0x69480000 - 0x69483000 	C:\Users\yara2\.openjfx\cache\17.0.6\api-ms-win-core-debug-l1-1-0.dll
0x69470000 - 0x69473000 	C:\Users\yara2\.openjfx\cache\17.0.6\api-ms-win-core-errorhandling-l1-1-0.dll
0x69460000 - 0x69464000 	C:\Users\yara2\.openjfx\cache\17.0.6\api-ms-win-core-file-l1-1-0.dll
0x69450000 - 0x69453000 	C:\Users\yara2\.openjfx\cache\17.0.6\api-ms-win-core-file-l1-2-0.dll
0x69440000 - 0x69443000 	C:\Users\yara2\.openjfx\cache\17.0.6\api-ms-win-core-file-l2-1-0.dll
0x69430000 - 0x69433000 	C:\Users\yara2\.openjfx\cache\17.0.6\api-ms-win-core-handle-l1-1-0.dll
0x69420000 - 0x69423000 	C:\Users\yara2\.openjfx\cache\17.0.6\api-ms-win-core-heap-l1-1-0.dll
0x69410000 - 0x69413000 	C:\Users\yara2\.openjfx\cache\17.0.6\api-ms-win-core-interlocked-l1-1-0.dll
0x69400000 - 0x69403000 	C:\Users\yara2\.openjfx\cache\17.0.6\api-ms-win-core-libraryloader-l1-1-0.dll
0x693f0000 - 0x693f3000 	C:\Users\yara2\.openjfx\cache\17.0.6\api-ms-win-core-localization-l1-2-0.dll
0x68b80000 - 0x68b83000 	C:\Users\yara2\.openjfx\cache\17.0.6\api-ms-win-core-memory-l1-1-0.dll
0x68b70000 - 0x68b73000 	C:\Users\yara2\.openjfx\cache\17.0.6\api-ms-win-core-namedpipe-l1-1-0.dll
0x68b60000 - 0x68b63000 	C:\Users\yara2\.openjfx\cache\17.0.6\api-ms-win-core-processenvironment-l1-1-0.dll
0x68b50000 - 0x68b53000 	C:\Users\yara2\.openjfx\cache\17.0.6\api-ms-win-core-processthreads-l1-1-0.dll
0x68b40000 - 0x68b43000 	C:\Users\yara2\.openjfx\cache\17.0.6\api-ms-win-core-processthreads-l1-1-1.dll
0x68b30000 - 0x68b33000 	C:\Users\yara2\.openjfx\cache\17.0.6\api-ms-win-core-profile-l1-1-0.dll
0x68b20000 - 0x68b23000 	C:\Users\yara2\.openjfx\cache\17.0.6\api-ms-win-core-rtlsupport-l1-1-0.dll
0x68b10000 - 0x68b13000 	C:\Users\yara2\.openjfx\cache\17.0.6\api-ms-win-core-string-l1-1-0.dll
0x68b00000 - 0x68b03000 	C:\Users\yara2\.openjfx\cache\17.0.6\api-ms-win-core-synch-l1-1-0.dll
0x68af0000 - 0x68af3000 	C:\Users\yara2\.openjfx\cache\17.0.6\api-ms-win-core-synch-l1-2-0.dll
0x68ae0000 - 0x68ae3000 	C:\Users\yara2\.openjfx\cache\17.0.6\api-ms-win-core-sysinfo-l1-1-0.dll
0x68ad0000 - 0x68ad3000 	C:\Users\yara2\.openjfx\cache\17.0.6\api-ms-win-core-timezone-l1-1-0.dll
0x68ac0000 - 0x68ac3000 	C:\Users\yara2\.openjfx\cache\17.0.6\api-ms-win-core-util-l1-1-0.dll
0x68ab0000 - 0x68ab3000 	C:\Users\yara2\.openjfx\cache\17.0.6\api-ms-win-crt-conio-l1-1-0.dll
0x68aa0000 - 0x68aa4000 	C:\Users\yara2\.openjfx\cache\17.0.6\api-ms-win-crt-convert-l1-1-0.dll
0x68a90000 - 0x68a93000 	C:\Users\yara2\.openjfx\cache\17.0.6\api-ms-win-crt-environment-l1-1-0.dll
0x68a80000 - 0x68a83000 	C:\Users\yara2\.openjfx\cache\17.0.6\api-ms-win-crt-filesystem-l1-1-0.dll
0x68a70000 - 0x68a73000 	C:\Users\yara2\.openjfx\cache\17.0.6\api-ms-win-crt-heap-l1-1-0.dll
0x68a50000 - 0x68a53000 	C:\Users\yara2\.openjfx\cache\17.0.6\api-ms-win-crt-locale-l1-1-0.dll
0x68a30000 - 0x68a35000 	C:\Users\yara2\.openjfx\cache\17.0.6\api-ms-win-crt-math-l1-1-0.dll
0x68a20000 - 0x68a25000 	C:\Users\yara2\.openjfx\cache\17.0.6\api-ms-win-crt-multibyte-l1-1-0.dll
0x68a10000 - 0x68a20000 	C:\Users\yara2\.openjfx\cache\17.0.6\api-ms-win-crt-private-l1-1-0.dll
0x68a00000 - 0x68a03000 	C:\Users\yara2\.openjfx\cache\17.0.6\api-ms-win-crt-process-l1-1-0.dll
0x689f0000 - 0x689f4000 	C:\Users\yara2\.openjfx\cache\17.0.6\api-ms-win-crt-runtime-l1-1-0.dll
0x689e0000 - 0x689e4000 	C:\Users\yara2\.openjfx\cache\17.0.6\api-ms-win-crt-stdio-l1-1-0.dll
0x689d0000 - 0x689d4000 	C:\Users\yara2\.openjfx\cache\17.0.6\api-ms-win-crt-string-l1-1-0.dll
0x689c0000 - 0x689c3000 	C:\Users\yara2\.openjfx\cache\17.0.6\api-ms-win-crt-time-l1-1-0.dll
0x689b0000 - 0x689b3000 	C:\Users\yara2\.openjfx\cache\17.0.6\api-ms-win-crt-utility-l1-1-0.dll
0x68880000 - 0x689a3000 	C:\Users\yara2\.openjfx\cache\17.0.6\ucrtbase.dll
0x68860000 - 0x68874000 	C:\Users\yara2\.openjfx\cache\17.0.6\vcruntime140.dll
0x687f0000 - 0x6885d000 	C:\Users\yara2\.openjfx\cache\17.0.6\msvcp140.dll
0x687e0000 - 0x687e7000 	C:\Users\yara2\.openjfx\cache\17.0.6\msvcp140_1.dll
0x687b0000 - 0x687d9000 	C:\Users\yara2\.openjfx\cache\17.0.6\msvcp140_2.dll
0x68780000 - 0x687a6000 	C:\Users\yara2\.openjfx\cache\17.0.6\prism_d3d.dll
0x68600000 - 0x68771000 	C:\Windows\system32\d3d9.dll
0x718d0000 - 0x718f4000 	C:\Windows\SYSTEM32\dwmapi.dll
0x685d0000 - 0x685fe000 	C:\Windows\SYSTEM32\dxcore.dll
0x733e0000 - 0x7345f000 	C:\Windows\system32\uxtheme.dll
0x68540000 - 0x685d0000 	C:\Windows\SYSTEM32\d3d9on12.dll
0x68470000 - 0x6853a000 	C:\Windows\SYSTEM32\dxgi.dll
0x68450000 - 0x6846e000 	C:\Windows\SYSTEM32\d3d12.dll
0x74320000 - 0x7435d000 	C:\Windows\SYSTEM32\cfgmgr32.dll
0x682a0000 - 0x68450000 	C:\Windows\SYSTEM32\D3D12Core.dll
0x68280000 - 0x6829c000 	C:\Windows\System32\DriverStore\FileRepository\iigd_dch.inf_amd64_c73cfa60d516cb00\igd12umd32.dll
0x67490000 - 0x6827c000 	C:\Windows\System32\DriverStore\FileRepository\iigd_dch.inf_amd64_c73cfa60d516cb00\igd12um32xel.dll
0x76210000 - 0x76313000 	C:\Windows\System32\CRYPT32.dll
0x76640000 - 0x76790000 	C:\Windows\System32\ole32.dll
0x67460000 - 0x6748e000 	C:\Windows\SYSTEM32\ControlLib32.dll
0x75ad0000 - 0x75f0d000 	C:\Windows\System32\SETUPAPI.dll
0x67430000 - 0x67454000 	C:\Windows\SYSTEM32\DEVOBJ.dll
0x673c0000 - 0x67424000 	C:\Windows\System32\DriverStore\FileRepository\iigd_dch.inf_amd64_c73cfa60d516cb00\IntelControlLib32.dll
0x75210000 - 0x75268000 	C:\Windows\System32\WINTRUST.dll
0x6d080000 - 0x6d08e000 	C:\Windows\SYSTEM32\MSASN1.dll
0x67380000 - 0x673bc000 	C:\Windows\SYSTEM32\directxdatabasehelper.dll
0x67050000 - 0x6737c000 	C:\Windows\System32\DriverStore\FileRepository\iigd_dch.inf_amd64_c73cfa60d516cb00\igdgmm32.dll
0x576f0000 - 0x5b4dd000 	C:\Windows\System32\DriverStore\FileRepository\iigd_dch.inf_amd64_c73cfa60d516cb00\igc32.dll
0x67020000 - 0x67041000 	C:\Windows\SYSTEM32\D3DSCache.dll
0x73d50000 - 0x73d74000 	C:\Windows\SYSTEM32\USERENV.dll
0x78010000 - 0x7b6c0000 	C:\Windows\System32\DriverStore\FileRepository\iigd_dch.inf_amd64_c73cfa60d516cb00\igd12dxva32.dll
0x67000000 - 0x6701e000 	C:\Windows\System32\DriverStore\FileRepository\iigd_dch.inf_amd64_c73cfa60d516cb00\igdinfo32.dll
0x71900000 - 0x71aec000 	C:\Windows\SYSTEM32\twinapi.appcore.dll
0x66fc0000 - 0x66ff7000 	C:\Users\yara2\.openjfx\cache\17.0.6\glass.dll
0x75130000 - 0x751e1000 	C:\Windows\System32\COMDLG32.dll
0x76de0000 - 0x76ede000 	C:\Windows\System32\MSCTF.dll
0x66fa0000 - 0x66fb1000 	C:\Users\yara2\.openjfx\cache\17.0.6\javafx_font.dll
0x66f70000 - 0x66f95000 	C:\Users\yara2\.openjfx\cache\17.0.6\javafx_iio.dll

dbghelp: loaded successfully - version: 4.0.5 - missing functions: none
symbol engine: initialized successfully - sym options: 0x614 - pdb path: .;C:\Program Files (x86)\Eclipse Adoptium\jdk-11.0.21.9-hotspot\bin;C:\Windows\SYSTEM32;C:\Windows\WinSxS\x86_microsoft.windows.common-controls_6595b64144ccf1df_6.0.22621.2506_none_6eb991c088050a06;C:\Program Files (x86)\Eclipse Adoptium\jdk-11.0.21.9-hotspot\bin\client;C:\Program Files\JetBrains\IntelliJ IDEA 2023.3.2\bin;C:\Users\yara2\.openjfx\cache\17.0.6;C:\Windows\System32\DriverStore\FileRepository\iigd_dch.inf_amd64_c73cfa60d516cb00;C:\Program Files (x86)\Common Files\Microsoft Shared\Ink

VM Arguments:
jvm_args: -javaagent:C:\Program Files\JetBrains\IntelliJ IDEA 2023.3.2\lib\idea_rt.jar=58852:C:\Program Files\JetBrains\IntelliJ IDEA 2023.3.2\bin -Dfile.encoding=UTF-8 --module-path=C:\Users\yara2\.m2\repository\org\openjfx\javafx-base\17.0.6\javafx-base-17.0.6-win-x86.jar;C:\Users\yara2\.m2\repository\com\gluonhq\attach\lifecycle\4.0.19\lifecycle-4.0.19.jar;C:\Users\yara2\IdeaProjects\RentaPeliculas\target\classes;C:\Users\yara2\.m2\repository\com\gluonhq\attach\util\4.0.19\util-4.0.19.jar;C:\Users\yara2\.m2\repository\org\kordamp\bootstrapfx\bootstrapfx-core\0.4.0\bootstrapfx-core-0.4.0.jar;C:\Users\yara2\.m2\repository\org\openjfx\javafx-graphics\17.0.6\javafx-graphics-17.0.6-win-x86.jar;C:\Users\yara2\.m2\repository\org\openjfx\javafx-fxml\17.0.6\javafx-fxml-17.0.6-win-x86.jar;C:\Users\yara2\.m2\repository\org\openjfx\javafx-controls\17.0.6\javafx-controls-17.0.6-win-x86.jar;C:\Users\yara2\.m2\repository\com\gluonhq\charm-glisten\6.2.3\charm-glisten-6.2.3.jar;C:\Users\yara2\.m2\repository\com\gluonhq\attach\display\4.0.19\display-4.0.19.jar -Djdk.module.main=com.yaravazquez.rentapeliculas 
java_command: com.yaravazquez.rentapeliculas/com.yaravazquez.rentapeliculas.App
java_class_path (initial): C:\Users\yara2\.m2\repository\org\openjfx\javafx-controls\17.0.6\javafx-controls-17.0.6.jar;C:\Users\yara2\.m2\repository\org\openjfx\javafx-graphics\17.0.6\javafx-graphics-17.0.6.jar;C:\Users\yara2\.m2\repository\org\openjfx\javafx-base\17.0.6\javafx-base-17.0.6.jar;C:\Users\yara2\.m2\repository\org\openjfx\javafx-fxml\17.0.6\javafx-fxml-17.0.6.jar
Launcher Type: SUN_STANDARD

[Global flags]
   size_t InitialHeapSize                          = 16777216                                  {product} {ergonomic}
   size_t MaxHeapSize                              = 268435456                                 {product} {ergonomic}
   size_t MaxNewSize                               = 89456640                                  {product} {ergonomic}
   size_t MinHeapDeltaBytes                        = 131072                                    {product} {ergonomic}
   size_t NewSize                                  = 5570560                                   {product} {ergonomic}
    uintx NonProfiledCodeHeapSize                  = 0                                      {pd product} {ergonomic}
   size_t OldSize                                  = 11206656                                  {product} {ergonomic}
    uintx ProfiledCodeHeapSize                     = 0                                      {pd product} {ergonomic}
     bool ThreadLocalHandshakes                    = false                                  {pd product} {ergonomic}
     bool UseLargePagesIndividualAllocation        = false                                  {pd product} {ergonomic}
     bool UseSerialGC                              = true                                      {product} {ergonomic}

Logging:
Log output configuration:
 #0: stdout all=warning uptime,level,tags
 #1: stderr all=off uptime,level,tags

Environment Variables:
PATH=C:\Program Files (x86)\Eclipse Adoptium\jdk-11.0.21.9-hotspot\bin;C:\Program Files (x86)\Eclipse Adoptium\jre-11.0.21.9-hotspot\bin;C:\Program Files (x86)\Common Files\Oracle\Java\javapath;C:\Windows\system32;C:\Windows;C:\Windows\System32\Wbem;C:\Windows\System32\WindowsPowerShell\v1.0\;C:\Windows\System32\OpenSSH\;C:\Program Files\Git\cmd;C:\Users\yara2\AppData\Local\Microsoft\WindowsApps;C:\Users\yara2\AppData\Local\Programs\Microsoft VS Code\bin;C:\Users\yara2\AppData\Local\GitHubDesktop\bin
USERNAME=yara2
OS=Windows_NT
PROCESSOR_IDENTIFIER=Intel64 Family 6 Model 186 Stepping 3, GenuineIntel
TMP=C:\Users\yara2\AppData\Local\Temp
TEMP=C:\Users\yara2\AppData\Local\Temp



---------------  S Y S T E M  ---------------

OS: Windows 11 , 64 bit Build 22621 (10.0.22621.3085)
OS uptime: 11 days 1:58 hours
Hyper-V role detected

CPU:total 12 (initial active 12) (6 cores per cpu, 2 threads per core) family 6 model 186 stepping 3 microcode 0x410e, cmov, cx8, fxsr, mmx, sse, sse2, sse3, ssse3, sse4.1, sse4.2, popcnt, avx, avx2, aes, clmul, erms, 3dnowpref, lzcnt, ht, tsc, tscinvbit, bmi1, bmi2, adx, sha, fma

Memory: 4k page, system-wide physical 16071M (7084M free)
TotalPageFile size 18503M (AvailPageFile size 7900M), user-mode portion of virtual address-space 2047M (1208M free)
current process WorkingSet (physical memory assigned to process): 231M, peak: 239M
current process commit charge ("private bytes"): 245M, peak: 249M

vm_info: OpenJDK Client VM (11.0.21+9) for windows-x86 JRE (11.0.21+9), built on Oct 17 2023 17:27:10 by "" with MS VC++ 15.9 (VS2017)

END.
