#
# A fatal error has been detected by the Java Runtime Environment:
#
#  EXCEPTION_ACCESS_VIOLATION (0xc0000005) at pc=0x63ff6c62, pid=5460, tid=5672
#
# JRE version: OpenJDK Runtime Environment Temurin-11.0.21+9 (11.0.21+9) (build 11.0.21+9)
# Java VM: OpenJDK Client VM Temurin-11.0.21+9 (11.0.21+9, mixed mode, serial gc, windows-x86)
# Problematic frame:
# C  [glass.dll+0x16c62]
#
# No core dump will be written. Minidumps are not enabled by default on client versions of Windows
#
# If you would like to submit a bug report, please visit:
#   https://github.com/adoptium/adoptium-support/issues
# The crash happened outside the Java Virtual Machine in native code.
# See problematic frame for where to report the bug.
#

---------------  S U M M A R Y ------------

Command Line: -javaagent:C:\Program Files\JetBrains\IntelliJ IDEA 2023.3.2\lib\idea_rt.jar=51499:C:\Program Files\JetBrains\IntelliJ IDEA 2023.3.2\bin -Dfile.encoding=UTF-8 --module-path=C:\Users\yara2\.m2\repository\org\openjfx\javafx-controls\17.0.6\javafx-controls-17.0.6-win-x86.jar;C:\Users\yara2\.m2\repository\org\openjfx\javafx-fxml\17.0.6\javafx-fxml-17.0.6-win-x86.jar;C:\Users\yara2\IdeaProjects\RentaPeliculas\target\classes;C:\Users\yara2\.m2\repository\org\openjfx\javafx-graphics\17.0.6\javafx-graphics-17.0.6-win-x86.jar;C:\Users\yara2\.m2\repository\org\openjfx\javafx-base\17.0.6\javafx-base-17.0.6-win-x86.jar;C:\Users\yara2\.m2\repository\org\kordamp\bootstrapfx\bootstrapfx-core\0.4.0\bootstrapfx-core-0.4.0.jar;C:\Users\yara2\.m2\repository\com\gluonhq\charm-glisten\6.2.3\charm-glisten-6.2.3.jar;C:\Users\yara2\.m2\repository\com\gluonhq\attach\util\4.0.19\util-4.0.19.jar;C:\Users\yara2\.m2\repository\com\gluonhq\attach\lifecycle\4.0.19\lifecycle-4.0.19.jar;C:\Users\yara2\.m2\repository\com\gluonhq\attach\display\4.0.19\display-4.0.19.jar -Djdk.module.main=com.yaravazquez.rentapeliculas com.yaravazquez.rentapeliculas/com.yaravazquez.rentapeliculas.App

Host: 13th Gen Intel(R) Core(TM) i7-1355U, 12 cores, 15G,  Windows 11 , 64 bit Build 22621 (10.0.22621.3085)
Time: Mon Feb 26 20:29:57 2024 Hora estándar central (México) elapsed time: 13.837731 seconds (0d 0h 0m 13s)

---------------  T H R E A D  ---------------

Current thread (0x16068000):  JavaThread "JavaFX Application Thread" [_thread_in_native, id=5672, stack(0x1b7f0000,0x1b840000)]

Stack: [0x1b7f0000,0x1b840000],  sp=0x1b83ea3c,  free space=314k
Native frames: (J=compiled Java code, A=aot compiled Java code, j=interpreted, Vv=VM code, C=native code)
C  [glass.dll+0x16c62]

Java frames: (J=compiled Java code, j=interpreted, Vv=VM code)
j  com.sun.glass.ui.win.WinWindow._close(J)Z+0 javafx.graphics
j  com.sun.glass.ui.Window.close()V+63 javafx.graphics
j  com.sun.glass.ui.win.WinWindow.close()V+8 javafx.graphics
j  com.sun.glass.ui.Application.terminate()V+75 javafx.graphics
j  com.sun.javafx.tk.quantum.QuantumToolkit.lambda$exit$13()Ljava/lang/Object;+5 javafx.graphics
j  com.sun.javafx.tk.quantum.QuantumToolkit$$Lambda$461.get()Ljava/lang/Object;+0 javafx.graphics
j  com.sun.javafx.tk.quantum.QuantumToolkit.runWithRenderLock(Ljava/util/function/Supplier;)Ljava/lang/Object;+7 javafx.graphics
j  com.sun.javafx.tk.quantum.QuantumToolkit.exit()V+26 javafx.graphics
j  com.sun.javafx.application.PlatformImpl.lambda$tkExit$16()V+3 javafx.graphics
j  com.sun.javafx.application.PlatformImpl$$Lambda$460.run()V+0 javafx.graphics
j  com.sun.javafx.application.PlatformImpl.lambda$runAndWait$12(Ljava/lang/Runnable;Ljava/util/concurrent/CountDownLatch;)V+1 javafx.graphics
j  com.sun.javafx.application.PlatformImpl$$Lambda$87.run()V+8 javafx.graphics
j  com.sun.javafx.application.PlatformImpl.lambda$runLater$10(Ljava/lang/Runnable;)Ljava/lang/Void;+1 javafx.graphics
j  com.sun.javafx.application.PlatformImpl$$Lambda$89.run()Ljava/lang/Object;+4 javafx.graphics
v  ~StubRoutines::call_stub
j  java.security.AccessController.doPrivileged(Ljava/security/PrivilegedAction;Ljava/security/AccessControlContext;)Ljava/lang/Object;+0 java.base@11.0.21
j  com.sun.javafx.application.PlatformImpl.lambda$runLater$11(Ljava/lang/Runnable;Ljava/security/AccessControlContext;)V+7 javafx.graphics
j  com.sun.javafx.application.PlatformImpl$$Lambda$88.run()V+8 javafx.graphics
j  com.sun.glass.ui.InvokeLaterDispatcher$Future.run()V+4 javafx.graphics
v  ~StubRoutines::call_stub
j  com.sun.glass.ui.win.WinApplication._runLoop(Ljava/lang/Runnable;)V+0 javafx.graphics
j  com.sun.glass.ui.win.WinApplication.lambda$runLoop$3(ILjava/lang/Runnable;)V+8 javafx.graphics
j  com.sun.glass.ui.win.WinApplication$$Lambda$77.run()V+12 javafx.graphics
j  java.lang.Thread.run()V+11 java.base@11.0.21
v  ~StubRoutines::call_stub

siginfo: EXCEPTION_ACCESS_VIOLATION (0xc0000005), reading address 0x000000b8


Register to memory mapping:

EIP=0x63ff6c62 glass.dll
EAX=0x0 is NULL
EBX=0x1b83ec70 is pointing into the stack for thread: 0x16068000
ECX=0x0 is NULL
EDX=0x0 is NULL
ESP=0x1b83ea3c is pointing into the stack for thread: 0x16068000
EBP=0x1b83ea68 is pointing into the stack for thread: 0x16068000
ESI=0x00000401 is an unknown value
EDI=0x0 is NULL


Registers:
EAX=0x00000000, EBX=0x1b83ec70, ECX=0x00000000, EDX=0x00000000
ESP=0x1b83ea3c, EBP=0x1b83ea68, ESI=0x00000401, EDI=0x00000000
EIP=0x63ff6c62, EFLAGS=0x00010206

Top of Stack: (sp=0x1b83ea3c)
0x1b83ea3c:   1b83ec70 00000401 1b83ec70 63fe8df8
0x1b83ea4c:   8fee961d 160850a0 002706e8 00000401
0x1b83ea5c:   1b83eb9c 640002b0 ffffffff 00000000
0x1b83ea6c:   63fe1755 00000401 1b83ec70 00000000
0x1b83ea7c:   00000401 002706e8 1b83eab4 63fe16f0
0x1b83ea8c:   74db2e63 002706e8 00000401 1b83ec70
0x1b83ea9c:   00000000 002706e8 dcbaabcd 63fe16f0
0x1b83eaac:   00000401 002706e8 1b83ebac 74da3c46 

Instructions: (pc=0x63ff6c62)
0x63ff6b62:   21 56 e8 47 42 00 00 ff 35 e8 03 01 64 8b f0 ff
0x63ff6b72:   77 68 56 e8 96 de fe ff 56 e8 a0 41 00 00 83 c4
0x63ff6b82:   10 5e c7 05 a4 03 01 64 00 00 00 00 5f c3 83 ec
0x63ff6b92:   24 a1 ec e0 00 64 33 c4 89 44 24 20 8b 44 24 28
0x63ff6ba2:   53 89 44 24 04 8b d9 8b 44 24 30 89 44 24 08 8b
0x63ff6bb2:   44 24 38 55 89 44 24 10 8b 44 24 38 56 89 83 84
0x63ff6bc2:   00 00 00 8b 44 24 0c 89 5c 24 18 bb 00 00 00 80
0x63ff6bd2:   8b eb 8b f3 57 8b fb 85 c0 79 29 8d 44 24 20 50
0x63ff6be2:   e8 29 aa fe ff 83 c4 04 85 c0 8b 44 24 10 74 14
0x63ff6bf2:   8b 74 24 28 8b 5c 24 20 2b f3 8b 7c 24 2c 8b 6c
0x63ff6c02:   24 24 2b fd 6a 00 50 ff 74 24 1c 68 d8 23 00 64
0x63ff6c12:   57 56 8b 74 24 34 8b ce 55 53 ff 74 24 38 e8 db
0x63ff6c22:   a7 fe ff 8b f8 8d 4e 14 57 e8 40 64 00 00 57 8d
0x63ff6c32:   4e 14 e8 c7 64 00 00 8b 4c 24 30 8b c7 5f 5e 5d
0x63ff6c42:   5b 33 cc e8 ae 7a 00 00 83 c4 24 c2 10 00 53 8b
0x63ff6c52:   d9 56 57 ff 73 08 e8 93 a9 fe ff 8b f8 83 c4 04
0x63ff6c62:   8b 87 b8 00 00 00 85 c0 75 03 8b 47 04 3b 05 a4
0x63ff6c72:   03 01 64 75 29 e8 34 41 00 00 ff 35 e8 03 01 64
0x63ff6c82:   8b f0 ff 77 68 56 e8 83 dd fe ff 56 e8 8d 40 00
0x63ff6c92:   00 83 c4 10 c7 05 a4 03 01 64 00 00 00 00 8d 4f
0x63ff6ca2:   14 e8 b8 69 00 00 8d 4f 14 e8 e0 69 00 00 ff 73
0x63ff6cb2:   08 ff 15 f8 fe 00 64 85 c0 5f 0f 95 c0 5e 88 43
0x63ff6cc2:   04 5b c3 cc cc cc cc cc cc cc cc cc cc cc 55 8b
0x63ff6cd2:   ec 6a ff 68 f7 11 00 64 64 a1 00 00 00 00 50 83
0x63ff6ce2:   ec 08 53 56 57 a1 ec e0 00 64 33 c5 50 8d 45 f4
0x63ff6cf2:   64 a3 00 00 00 00 8b f9 ff 77 18 ff 15 60 ff 00
0x63ff6d02:   64 85 c0 75 13 0f 57 c0 66 0f 13 45 ec 8b 55 f0
0x63ff6d12:   8b 45 ec e9 a7 00 00 00 68 dc 00 00 00 e8 96 79
0x63ff6d22:   00 00 83 c4 04 89 45 f0 c7 45 fc 00 00 00 00 85
0x63ff6d32:   c0 74 19 ff 77 18 8b c8 6a 01 6a 00 6a 00 6a 00
0x63ff6d42:   ff 77 10 e8 a6 f9 ff ff 8b d8 eb 02 33 db ff 77
0x63ff6d52:   18 8b cb c7 45 fc ff ff ff ff 6a 00 68 00 00 10 


Stack slot to memory mapping:
stack at sp + 0 slots: 0x1b83ec70 is pointing into the stack for thread: 0x16068000
stack at sp + 1 slots: 0x00000401 is an unknown value
stack at sp + 2 slots: 0x1b83ec70 is pointing into the stack for thread: 0x16068000
stack at sp + 3 slots: 0x63fe8df8 glass.dll
stack at sp + 4 slots: 0x8fee961d is an unknown value
stack at sp + 5 slots: 0x160850a0 points into unknown readable memory: 0x6400319c | 9c 31 00 64
stack at sp + 6 slots: 0x002706e8 is an unknown value
stack at sp + 7 slots: 0x00000401 is an unknown value


---------------  P R O C E S S  ---------------

Threads class SMR info:
_java_thread_list=0x16525208, length=17, elements={
0x02d8f800, 0x02e68400, 0x02e44c00, 0x02e63800,
0x02e65400, 0x02e66400, 0x15040800, 0x15043400,
0x150ba000, 0x15206400, 0x15888800, 0x16066000,
0x16068000, 0x16194c00, 0x161c6000, 0x164bac00,
0x16526400
}

Java Threads: ( => current thread )
  0x02d8f800 JavaThread "main" [_thread_blocked, id=20972, stack(0x00eb0000,0x00f00000)]
  0x02e68400 JavaThread "Reference Handler" daemon [_thread_blocked, id=11792, stack(0x02cc0000,0x02d10000)]
  0x02e44c00 JavaThread "Finalizer" daemon [_thread_blocked, id=9976, stack(0x04e70000,0x04ec0000)]
  0x02e63800 JavaThread "Signal Dispatcher" daemon [_thread_blocked, id=6784, stack(0x15250000,0x152a0000)]
  0x02e65400 JavaThread "Attach Listener" daemon [_thread_blocked, id=9640, stack(0x152e0000,0x15330000)]
  0x02e66400 JavaThread "Service Thread" daemon [_thread_blocked, id=19464, stack(0x15370000,0x153c0000)]
  0x15040800 JavaThread "C1 CompilerThread0" daemon [_thread_blocked, id=17600, stack(0x15400000,0x15450000)]
  0x15043400 JavaThread "Sweeper thread" daemon [_thread_blocked, id=8508, stack(0x15490000,0x154e0000)]
  0x150ba000 JavaThread "Common-Cleaner" daemon [_thread_blocked, id=9196, stack(0x15520000,0x15570000)]
  0x15206400 JavaThread "Monitor Ctrl-Break" daemon [_thread_in_native, id=19364, stack(0x159c0000,0x15a10000)]
  0x15888800 JavaThread "QuantumRenderer-0" daemon [_thread_blocked, id=19784, stack(0x15ce0000,0x15d30000)]
  0x16066000 JavaThread "InvokeLaterDispatcher" daemon [_thread_blocked, id=8940, stack(0x1b660000,0x1b6b0000)]
=>0x16068000 JavaThread "JavaFX Application Thread" [_thread_in_native, id=5672, stack(0x1b7f0000,0x1b840000)]
  0x16194c00 JavaThread "JavaFX-Launcher" [_thread_blocked, id=18480, stack(0x1fcd0000,0x1fd20000)]
  0x161c6000 JavaThread "Thread-2" daemon [_thread_in_native, id=20056, stack(0x1fc40000,0x1fc90000)]
  0x164bac00 JavaThread "Prism Font Disposer" daemon [_thread_blocked, id=9784, stack(0x220c0000,0x22110000)]
  0x16526400 JavaThread "Cleaner-0" daemon [_thread_blocked, id=1872, stack(0x22a50000,0x22aa0000)]

Other Threads:
  0x02e41c00 VMThread "VM Thread" [stack: 0x02c30000,0x02c80000] [id=4604]
  0x15582800 WatcherThread [stack: 0x15a50000,0x15aa0000] [id=24924]

Threads with active compile tasks:

VM state:not at safepoint (normal execution)

VM Mutex/Monitor currently owned by a thread: None

Heap:
 def new generation   total 6912K, used 3279K [0x05000000, 0x05780000, 0x0a550000)
  eden space 6144K,  46% used [0x05000000, 0x052d0ab0, 0x05600000)
  from space 768K,  51% used [0x056c0000, 0x05723308, 0x05780000)
  to   space 768K,   0% used [0x05600000, 0x05600000, 0x056c0000)
 tenured generation   total 15264K, used 11643K [0x0a550000, 0x0b438000, 0x15000000)
   the space 15264K,  76% used [0x0a550000, 0x0b0aee70, 0x0b0af000, 0x0b438000)
 Metaspace       used 14781K, capacity 15094K, committed 15104K, reserved 15744K

Card table byte_map: [0x026e0000,0x02770000] _byte_map_base: 0x026b8000

Polling page: 0x00c80000

Metaspace:

Usage:
   14.74 MB capacity,    14.43 MB ( 98%) used,   209.09 KB (  1%) free+waste,   104.30 KB ( <1%) overhead. 

Virtual space:
     15.38 MB reserved,      14.75 MB ( 96%) committed 

Chunk freelists:
9.50 KB

MaxMetaspaceSize: 4.00 GB
No class space
Initial GC threshold: 12.00 MB
Current GC threshold: 20.00 MB
CDS: off

CodeCache: size=32768Kb used=2054Kb max_used=2054Kb free=30713Kb
 bounds [0x02e70000, 0x03078000, 0x04e70000]
 total_blobs=1711 nmethods=1278 adapters=366
 compilation: enabled
              stopped_count=0, restarted_count=0
 full_count=0

Compilation events (20 events):
Event: 13.222 Thread 0x15040800 1269             com.sun.javafx.scene.NodeHelper::intersectsBounds (11 bytes)
Event: 13.223 Thread 0x15040800 nmethod 1269 0x030704c8 code [0x030705e0, 0x0307069c]
Event: 13.223 Thread 0x15040800 1270             javafx.scene.Node$1::intersectsBounds (6 bytes)
Event: 13.223 Thread 0x15040800 nmethod 1270 0x03070788 code [0x030708a0, 0x0307093c]
Event: 13.243 Thread 0x15040800 1271             java.util.WeakHashMap$EntryIterator::next (5 bytes)
Event: 13.244 Thread 0x15040800 nmethod 1271 0x030709c8 code [0x03070ae0, 0x03070b6c]
Event: 13.244 Thread 0x15040800 1272             java.util.WeakHashMap$EntryIterator::next (5 bytes)
Event: 13.244 Thread 0x15040800 nmethod 1272 0x03070bc8 code [0x03070ce0, 0x03070d6c]
Event: 13.244 Thread 0x15040800 1273             java.util.WeakHashMap$Entry::getValue (5 bytes)
Event: 13.244 Thread 0x15040800 nmethod 1273 0x03070dc8 code [0x03070ed0, 0x03070f50]
Event: 13.479 Thread 0x15040800 1274             javafx.beans.property.BooleanPropertyBase::get (29 bytes)
Event: 13.480 Thread 0x15040800 nmethod 1274 0x03070f88 code [0x030710a0, 0x0307115c]
Event: 13.480 Thread 0x15040800 1275             java.lang.StrictMath::floorOrCeil (128 bytes)
Event: 13.481 Thread 0x15040800 nmethod 1275 0x030711c8 code [0x030712d0, 0x03071490]
Event: 13.481 Thread 0x15040800 1276             java.lang.Math::getExponent (17 bytes)
Event: 13.481 Thread 0x15040800 nmethod 1276 0x030714c8 code [0x030715d0, 0x03071680]
Event: 13.481 Thread 0x15040800 1277             java.lang.Math::max (45 bytes)
Event: 13.481 Thread 0x15040800 nmethod 1277 0x030716c8 code [0x030717d0, 0x030718e0]
Event: 13.485 Thread 0x15040800 1278             com.sun.prism.d3d.D3DResource$D3DRecord::getResource (5 bytes)
Event: 13.485 Thread 0x15040800 nmethod 1278 0x03071948 code [0x03071a50, 0x03071ad0]

GC Heap History (20 events):
Event: 0.916 GC heap before
{Heap before GC invocations=4 (full 0):
 def new generation   total 4928K, used 4647K [0x05000000, 0x05550000, 0x0a550000)
  eden space 4416K, 100% used [0x05000000, 0x05450000, 0x05450000)
  from space 512K,  45% used [0x05450000, 0x05489ce8, 0x054d0000)
  to   space 512K,   0% used [0x054d0000, 0x054d0000, 0x05550000)
 tenured generation   total 10944K, used 2059K [0x0a550000, 0x0b000000, 0x15000000)
   the space 10944K,  18% used [0x0a550000, 0x0a752c10, 0x0a752e00, 0x0b000000)
 Metaspace       used 7753K, capacity 7839K, committed 7936K, reserved 8576K
}
Event: 0.918 GC heap after
{Heap after GC invocations=5 (full 0):
 def new generation   total 4928K, used 423K [0x05000000, 0x05550000, 0x0a550000)
  eden space 4416K,   0% used [0x05000000, 0x05000000, 0x05450000)
  from space 512K,  82% used [0x054d0000, 0x05539c50, 0x05550000)
  to   space 512K,   0% used [0x05450000, 0x05450000, 0x054d0000)
 tenured generation   total 10944K, used 2507K [0x0a550000, 0x0b000000, 0x15000000)
   the space 10944K,  22% used [0x0a550000, 0x0a7c2c20, 0x0a7c2e00, 0x0b000000)
 Metaspace       used 7753K, capacity 7839K, committed 7936K, reserved 8576K
}
Event: 1.009 GC heap before
{Heap before GC invocations=5 (full 0):
 def new generation   total 4928K, used 4839K [0x05000000, 0x05550000, 0x0a550000)
  eden space 4416K, 100% used [0x05000000, 0x05450000, 0x05450000)
  from space 512K,  82% used [0x054d0000, 0x05539c50, 0x05550000)
  to   space 512K,   0% used [0x05450000, 0x05450000, 0x054d0000)
 tenured generation   total 10944K, used 2507K [0x0a550000, 0x0b000000, 0x15000000)
   the space 10944K,  22% used [0x0a550000, 0x0a7c2c20, 0x0a7c2e00, 0x0b000000)
 Metaspace       used 8982K, capacity 9121K, committed 9216K, reserved 9600K
}
Event: 1.012 GC heap after
{Heap after GC invocations=6 (full 0):
 def new generation   total 4928K, used 512K [0x05000000, 0x05550000, 0x0a550000)
  eden space 4416K,   0% used [0x05000000, 0x05000000, 0x05450000)
  from space 512K, 100% used [0x05450000, 0x054d0000, 0x054d0000)
  to   space 512K,   0% used [0x054d0000, 0x054d0000, 0x05550000)
 tenured generation   total 10944K, used 2916K [0x0a550000, 0x0b000000, 0x15000000)
   the space 10944K,  26% used [0x0a550000, 0x0a829128, 0x0a829200, 0x0b000000)
 Metaspace       used 8982K, capacity 9121K, committed 9216K, reserved 9600K
}
Event: 1.134 GC heap before
{Heap before GC invocations=6 (full 0):
 def new generation   total 4928K, used 4927K [0x05000000, 0x05550000, 0x0a550000)
  eden space 4416K,  99% used [0x05000000, 0x0544ff40, 0x05450000)
  from space 512K, 100% used [0x05450000, 0x054d0000, 0x054d0000)
  to   space 512K,   0% used [0x054d0000, 0x054d0000, 0x05550000)
 tenured generation   total 10944K, used 2916K [0x0a550000, 0x0b000000, 0x15000000)
   the space 10944K,  26% used [0x0a550000, 0x0a829128, 0x0a829200, 0x0b000000)
 Metaspace       used 10631K, capacity 10802K, committed 10880K, reserved 11648K
}
Event: 1.137 GC heap after
{Heap after GC invocations=7 (full 0):
 def new generation   total 4928K, used 512K [0x05000000, 0x05550000, 0x0a550000)
  eden space 4416K,   0% used [0x05000000, 0x05000000, 0x05450000)
  from space 512K, 100% used [0x054d0000, 0x05550000, 0x05550000)
  to   space 512K,   0% used [0x05450000, 0x05450000, 0x054d0000)
 tenured generation   total 10944K, used 3907K [0x0a550000, 0x0b000000, 0x15000000)
   the space 10944K,  35% used [0x0a550000, 0x0a920c10, 0x0a920e00, 0x0b000000)
 Metaspace       used 10631K, capacity 10802K, committed 10880K, reserved 11648K
}
Event: 1.207 GC heap before
{Heap before GC invocations=7 (full 0):
 def new generation   total 4928K, used 4928K [0x05000000, 0x05550000, 0x0a550000)
  eden space 4416K, 100% used [0x05000000, 0x05450000, 0x05450000)
  from space 512K, 100% used [0x054d0000, 0x05550000, 0x05550000)
  to   space 512K,   0% used [0x05450000, 0x05450000, 0x054d0000)
 tenured generation   total 10944K, used 3907K [0x0a550000, 0x0b000000, 0x15000000)
   the space 10944K,  35% used [0x0a550000, 0x0a920c10, 0x0a920e00, 0x0b000000)
 Metaspace       used 11080K, capacity 11258K, committed 11264K, reserved 11648K
}
Event: 1.211 GC heap after
{Heap after GC invocations=8 (full 0):
 def new generation   total 4928K, used 512K [0x05000000, 0x05550000, 0x0a550000)
  eden space 4416K,   0% used [0x05000000, 0x05000000, 0x05450000)
  from space 512K, 100% used [0x05450000, 0x054d0000, 0x054d0000)
  to   space 512K,   0% used [0x054d0000, 0x054d0000, 0x05550000)
 tenured generation   total 10944K, used 5003K [0x0a550000, 0x0b000000, 0x15000000)
   the space 10944K,  45% used [0x0a550000, 0x0aa32fe8, 0x0aa33000, 0x0b000000)
 Metaspace       used 11080K, capacity 11258K, committed 11264K, reserved 11648K
}
Event: 1.278 GC heap before
{Heap before GC invocations=8 (full 0):
 def new generation   total 4928K, used 3084K [0x05000000, 0x05550000, 0x0a550000)
  eden space 4416K,  58% used [0x05000000, 0x05283028, 0x05450000)
  from space 512K, 100% used [0x05450000, 0x054d0000, 0x054d0000)
  to   space 512K,   0% used [0x054d0000, 0x054d0000, 0x05550000)
 tenured generation   total 10944K, used 5003K [0x0a550000, 0x0b000000, 0x15000000)
   the space 10944K,  45% used [0x0a550000, 0x0aa32fe8, 0x0aa33000, 0x0b000000)
 Metaspace       used 11512K, capacity 11685K, committed 11776K, reserved 12672K
}
Event: 1.282 GC heap after
{Heap after GC invocations=9 (full 0):
 def new generation   total 4928K, used 154K [0x05000000, 0x05550000, 0x0a550000)
  eden space 4416K,   0% used [0x05000000, 0x05000000, 0x05450000)
  from space 512K,  30% used [0x054d0000, 0x054f6ba8, 0x05550000)
  to   space 512K,   0% used [0x05450000, 0x05450000, 0x054d0000)
 tenured generation   total 10944K, used 6026K [0x0a550000, 0x0b000000, 0x15000000)
   the space 10944K,  55% used [0x0a550000, 0x0ab32828, 0x0ab32a00, 0x0b000000)
 Metaspace       used 11512K, capacity 11685K, committed 11776K, reserved 12672K
}
Event: 1.334 GC heap before
{Heap before GC invocations=9 (full 0):
 def new generation   total 4928K, used 4570K [0x05000000, 0x05550000, 0x0a550000)
  eden space 4416K, 100% used [0x05000000, 0x05450000, 0x05450000)
  from space 512K,  30% used [0x054d0000, 0x054f6ba8, 0x05550000)
  to   space 512K,   0% used [0x05450000, 0x05450000, 0x054d0000)
 tenured generation   total 10944K, used 6026K [0x0a550000, 0x0b000000, 0x15000000)
   the space 10944K,  55% used [0x0a550000, 0x0ab32828, 0x0ab32a00, 0x0b000000)
 Metaspace       used 11776K, capacity 11966K, committed 12032K, reserved 12672K
}
Event: 1.337 GC heap after
{Heap after GC invocations=10 (full 0):
 def new generation   total 4928K, used 299K [0x05000000, 0x05550000, 0x0a550000)
  eden space 4416K,   0% used [0x05000000, 0x05000000, 0x05450000)
  from space 512K,  58% used [0x05450000, 0x0549acc8, 0x054d0000)
  to   space 512K,   0% used [0x054d0000, 0x054d0000, 0x05550000)
 tenured generation   total 10944K, used 8839K [0x0a550000, 0x0b000000, 0x15000000)
   the space 10944K,  80% used [0x0a550000, 0x0adf1ee8, 0x0adf2000, 0x0b000000)
 Metaspace       used 11776K, capacity 11966K, committed 12032K, reserved 12672K
}
Event: 1.375 GC heap before
{Heap before GC invocations=10 (full 0):
 def new generation   total 4928K, used 2073K [0x05000000, 0x05550000, 0x0a550000)
  eden space 4416K,  40% used [0x05000000, 0x051bbad8, 0x05450000)
  from space 512K,  58% used [0x05450000, 0x0549acc8, 0x054d0000)
  to   space 512K,   0% used [0x054d0000, 0x054d0000, 0x05550000)
 tenured generation   total 10944K, used 8839K [0x0a550000, 0x0b000000, 0x15000000)
   the space 10944K,  80% used [0x0a550000, 0x0adf1ee8, 0x0adf2000, 0x0b000000)
 Metaspace       used 12089K, capacity 12258K, committed 12288K, reserved 12672K
}
Event: 1.391 GC heap after
{Heap after GC invocations=11 (full 1):
 def new generation   total 6912K, used 0K [0x05000000, 0x05780000, 0x0a550000)
  eden space 6144K,   0% used [0x05000000, 0x05000000, 0x05600000)
  from space 768K,   0% used [0x05600000, 0x05600000, 0x056c0000)
  to   space 768K,   0% used [0x056c0000, 0x056c0000, 0x05780000)
 tenured generation   total 15264K, used 9157K [0x0a550000, 0x0b438000, 0x15000000)
   the space 15264K,  59% used [0x0a550000, 0x0ae41698, 0x0ae41800, 0x0b438000)
 Metaspace       used 12089K, capacity 12258K, committed 12288K, reserved 12672K
}
Event: 1.587 GC heap before
{Heap before GC invocations=11 (full 1):
 def new generation   total 6912K, used 6144K [0x05000000, 0x05780000, 0x0a550000)
  eden space 6144K, 100% used [0x05000000, 0x05600000, 0x05600000)
  from space 768K,   0% used [0x05600000, 0x05600000, 0x056c0000)
  to   space 768K,   0% used [0x056c0000, 0x056c0000, 0x05780000)
 tenured generation   total 15264K, used 9157K [0x0a550000, 0x0b438000, 0x15000000)
   the space 15264K,  59% used [0x0a550000, 0x0ae41698, 0x0ae41800, 0x0b438000)
 Metaspace       used 12795K, capacity 12984K, committed 13056K, reserved 13696K
}
Event: 1.591 GC heap after
{Heap after GC invocations=12 (full 1):
 def new generation   total 6912K, used 768K [0x05000000, 0x05780000, 0x0a550000)
  eden space 6144K,   0% used [0x05000000, 0x05000000, 0x05600000)
  from space 768K, 100% used [0x056c0000, 0x05780000, 0x05780000)
  to   space 768K,   0% used [0x05600000, 0x05600000, 0x056c0000)
 tenured generation   total 15264K, used 9164K [0x0a550000, 0x0b438000, 0x15000000)
   the space 15264K,  60% used [0x0a550000, 0x0ae43210, 0x0ae43400, 0x0b438000)
 Metaspace       used 12795K, capacity 12984K, committed 13056K, reserved 13696K
}
Event: 1.735 GC heap before
{Heap before GC invocations=12 (full 1):
 def new generation   total 6912K, used 6079K [0x05000000, 0x05780000, 0x0a550000)
  eden space 6144K,  86% used [0x05000000, 0x0552fe30, 0x05600000)
  from space 768K, 100% used [0x056c0000, 0x05780000, 0x05780000)
  to   space 768K,   0% used [0x05600000, 0x05600000, 0x056c0000)
 tenured generation   total 15264K, used 9164K [0x0a550000, 0x0b438000, 0x15000000)
   the space 15264K,  60% used [0x0a550000, 0x0ae43210, 0x0ae43400, 0x0b438000)
 Metaspace       used 13715K, capacity 13930K, committed 13952K, reserved 14720K
}
Event: 1.740 GC heap after
{Heap after GC invocations=13 (full 1):
 def new generation   total 6912K, used 716K [0x05000000, 0x05780000, 0x0a550000)
  eden space 6144K,   0% used [0x05000000, 0x05000000, 0x05600000)
  from space 768K,  93% used [0x05600000, 0x056b33e0, 0x056c0000)
  to   space 768K,   0% used [0x056c0000, 0x056c0000, 0x05780000)
 tenured generation   total 15264K, used 9915K [0x0a550000, 0x0b438000, 0x15000000)
   the space 15264K,  64% used [0x0a550000, 0x0aefeec0, 0x0aeff000, 0x0b438000)
 Metaspace       used 13715K, capacity 13930K, committed 13952K, reserved 14720K
}
Event: 3.185 GC heap before
{Heap before GC invocations=13 (full 1):
 def new generation   total 6912K, used 6860K [0x05000000, 0x05780000, 0x0a550000)
  eden space 6144K, 100% used [0x05000000, 0x05600000, 0x05600000)
  from space 768K,  93% used [0x05600000, 0x056b33e0, 0x056c0000)
  to   space 768K,   0% used [0x056c0000, 0x056c0000, 0x05780000)
 tenured generation   total 15264K, used 9915K [0x0a550000, 0x0b438000, 0x15000000)
   the space 15264K,  64% used [0x0a550000, 0x0aefeec0, 0x0aeff000, 0x0b438000)
 Metaspace       used 14566K, capacity 14867K, committed 14976K, reserved 15744K
}
Event: 3.189 GC heap after
{Heap after GC invocations=14 (full 1):
 def new generation   total 6912K, used 396K [0x05000000, 0x05780000, 0x0a550000)
  eden space 6144K,   0% used [0x05000000, 0x05000000, 0x05600000)
  from space 768K,  51% used [0x056c0000, 0x05723308, 0x05780000)
  to   space 768K,   0% used [0x05600000, 0x05600000, 0x056c0000)
 tenured generation   total 15264K, used 11643K [0x0a550000, 0x0b438000, 0x15000000)
   the space 15264K,  76% used [0x0a550000, 0x0b0aee70, 0x0b0af000, 0x0b438000)
 Metaspace       used 14566K, capacity 14867K, committed 14976K, reserved 15744K
}

Deoptimization events (8 events):
Event: 1.514 Thread 0x16068000 DEOPT PACKING pc=0x02f9714f sp=0x1b83e330
Event: 1.514 Thread 0x16068000 DEOPT UNPACKING pc=0x02eac187 sp=0x1b83e250 mode 3
Event: 1.520 Thread 0x16068000 DEOPT PACKING pc=0x02fc72f1 sp=0x1b83e4b0
Event: 1.520 Thread 0x16068000 DEOPT UNPACKING pc=0x02eac187 sp=0x1b83e3d4 mode 3
Event: 2.221 Thread 0x15888800 DEOPT PACKING pc=0x0301a7bd sp=0x15d2e910
Event: 2.221 Thread 0x15888800 DEOPT UNPACKING pc=0x02eac187 sp=0x15d2e83c mode 3
Event: 3.133 Thread 0x16068000 DEOPT PACKING pc=0x0303060c sp=0x1b83d7b0
Event: 3.133 Thread 0x16068000 DEOPT UNPACKING pc=0x02eac187 sp=0x1b83d658 mode 3

Classes redefined (0 events):
No events

Internal exceptions (20 events):
Event: 1.113 Thread 0x16068000 Exception <a 'java/lang/ClassNotFoundException'{0x05369e68}: com/sun/glass/ui/win/themes_es> (0x05369e68) thrown at [s\src\hotspot\share\prims\jni.cpp, line 638]
Event: 1.114 Thread 0x16068000 Exception <a 'java/lang/ClassNotFoundException'{0x0536bc38}: com/sun/glass/ui/win/themes_es_MX> (0x0536bc38) thrown at [s\src\hotspot\share\prims\jni.cpp, line 638]
Event: 1.201 Thread 0x16068000 Exception <a 'java/lang/NoSuchMethodError'{0x05414528}: 'void java.lang.invoke.DirectMethodHandle$Holder.invokeStaticInit(java.lang.Object, java.lang.Object)'> (0x05414528) thrown at [s\src\hotspot\share\interpreter\linkResolver.cpp, line 773]
Event: 1.259 Thread 0x16068000 Exception <a 'java/lang/NoSuchMethodError'{0x051fab10}: 'void java.lang.invoke.DirectMethodHandle$Holder.invokeSpecial(java.lang.Object, java.lang.Object, java.lang.Object, java.lang.Object, java.lang.Object)'> (0x051fab10) thrown at [s\src\hotspot\share\interpreter\linkResolver.cpp, line 773]
Event: 1.520 Thread 0x16068000 Implicit null exception at 0x02fc600c to 0x02fc72ec
Event: 1.576 Thread 0x16068000 Exception <a 'java/lang/NoSuchMethodError'{0x0559d168}: 'java.lang.Object java.lang.invoke.Invokers$Holder.linkToTargetMethod(java.lang.Object, int, java.lang.Object)'> (0x0559d168) thrown at [s\src\hotspot\share\interpreter\linkResolver.cpp, line 773]
Event: 1.598 Thread 0x16068000 Exception <a 'java/lang/NoSuchMethodError'{0x05051810}: 'java.lang.Object java.lang.invoke.DirectMethodHandle$Holder.invokeInterface(java.lang.Object, java.lang.Object, java.lang.Object)'> (0x05051810) thrown at [s\src\hotspot\share\interpreter\linkResolver.cpp, line 773]
Event: 1.598 Thread 0x16068000 Exception <a 'java/lang/IncompatibleClassChangeError'{0x050545d0}: Found class java.lang.Object, but interface was expected> (0x050545d0) thrown at [s\src\hotspot\share\interpreter\linkResolver.cpp, line 839]
Event: 1.664 Thread 0x15888800 Exception <a 'java/lang/NoSuchMethodError'{0x05275570}: 'int java.lang.invoke.DirectMethodHandle$Holder.invokeStaticInit(java.lang.Object, java.lang.Object)'> (0x05275570) thrown at [s\src\hotspot\share\interpreter\linkResolver.cpp, line 773]
Event: 2.889 Thread 0x16068000 Exception <a 'java/lang/NoSuchMethodError'{0x052796c0}: 'long java.lang.invoke.DirectMethodHandle$Holder.invokeStaticInit(java.lang.Object, java.lang.Object, java.lang.Object)'> (0x052796c0) thrown at [s\src\hotspot\share\interpreter\linkResolver.cpp, line 773]
Event: 2.892 Thread 0x16068000 Exception <a 'java/lang/NoSuchMethodError'{0x05290070}: 'java.lang.Object java.lang.invoke.DirectMethodHandle$Holder.invokeStatic(java.lang.Object, java.lang.Object, long)'> (0x05290070) thrown at [s\src\hotspot\share\interpreter\linkResolver.cpp, line 773]
Event: 2.892 Thread 0x16068000 Exception <a 'java/lang/NoSuchMethodError'{0x05295ac0}: 'java.lang.Object java.lang.invoke.Invokers$Holder.linkToTargetMethod(java.lang.Object, long, java.lang.Object)'> (0x05295ac0) thrown at [s\src\hotspot\share\interpreter\linkResolver.cpp, line 773]
Event: 3.144 Thread 0x16068000 Exception <a 'java/lang/ClassNotFoundException'{0x053c93b0}: com/sun/javafx/scene/control/skin/resources/controls> (0x053c93b0) thrown at [s\src\hotspot\share\prims\jni.cpp, line 638]
Event: 3.144 Thread 0x16068000 Exception <a 'java/lang/ClassNotFoundException'{0x053d6a98}: com/sun/javafx/scene/control/skin/resources/controls_es> (0x053d6a98) thrown at [s\src\hotspot\share\prims\jni.cpp, line 638]
Event: 3.145 Thread 0x16068000 Exception <a 'java/lang/ClassNotFoundException'{0x053e3f08}: com/sun/javafx/scene/control/skin/resources/controls_es_MX> (0x053e3f08) thrown at [s\src\hotspot\share\prims\jni.cpp, line 638]
Event: 6.370 Thread 0x16068000 Exception <a 'java/lang/IllegalArgumentException'{0x051df148}: argument type mismatch> (0x051df148) thrown at [s\src\hotspot\share\runtime\reflection.cpp, line 1216]
Event: 6.371 Thread 0x16068000 Exception <a 'java/lang/IllegalArgumentException'{0x051df148}> (0x051df148) thrown at [s\src\hotspot\share\prims\jvm.cpp, line 1310]
Event: 7.838 Thread 0x16068000 Exception <a 'java/lang/IllegalArgumentException'{0x0520a640}: argument type mismatch> (0x0520a640) thrown at [s\src\hotspot\share\runtime\reflection.cpp, line 1216]
Event: 7.838 Thread 0x16068000 Exception <a 'java/lang/IllegalArgumentException'{0x0520a640}> (0x0520a640) thrown at [s\src\hotspot\share\prims\jvm.cpp, line 1310]
Event: 13.774 Thread 0x16068000 Exception <a 'java/lang/IllegalArgumentException'{0x052ae8a0}> (0x052ae8a0) thrown at [s\src\hotspot\share\prims\jvm.cpp, line 1310]

Events (20 events):
Event: 6.371 loading class java/lang/Throwable$WrappedPrintStream
Event: 6.371 loading class java/lang/Throwable$PrintStreamOrWriter
Event: 6.371 loading class java/lang/Throwable$PrintStreamOrWriter done
Event: 6.371 loading class java/lang/Throwable$WrappedPrintStream done
Event: 13.690 loading class javafx/application/Application
Event: 13.690 loading class javafx/application/Application done
Event: 13.690 loading class javafx/application/Application
Event: 13.690 loading class javafx/application/Application done
Event: 13.771 loading class com/sun/javafx/tk/quantum/GlassScene
Event: 13.771 loading class com/sun/javafx/tk/quantum/GlassScene done
Event: 13.771 loading class com/sun/javafx/tk/quantum/WindowStage
Event: 13.771 loading class com/sun/javafx/tk/quantum/WindowStage done
Event: 13.771 loading class com/sun/prism/GraphicsResource
Event: 13.771 loading class com/sun/prism/GraphicsResource done
Event: 13.771 loading class com/sun/prism/GraphicsResource
Event: 13.771 loading class com/sun/prism/GraphicsResource done
Event: 13.772 loading class com/sun/javafx/tk/quantum/ViewScene
Event: 13.772 loading class com/sun/javafx/tk/quantum/ViewScene done
Event: 13.772 loading class com/sun/javafx/tk/quantum/WindowStage
Event: 13.772 loading class com/sun/javafx/tk/quantum/WindowStage done


Dynamic libraries:
0x00fc0000 - 0x00fcc000 	C:\Program Files (x86)\Eclipse Adoptium\jdk-11.0.21.9-hotspot\bin\java.exe
0x77040000 - 0x771f1000 	C:\Windows\SYSTEM32\ntdll.dll
0x76c70000 - 0x76d60000 	C:\Windows\System32\KERNEL32.DLL
0x769f0000 - 0x76c64000 	C:\Windows\System32\KERNELBASE.dll
0x70900000 - 0x709a6000 	C:\Windows\SYSTEM32\apphelp.dll
0x759b0000 - 0x75ac2000 	C:\Windows\System32\ucrtbase.dll
0x738e0000 - 0x738f3000 	C:\Program Files (x86)\Eclipse Adoptium\jdk-11.0.21.9-hotspot\bin\VCRUNTIME140.dll
0x738c0000 - 0x738d5000 	C:\Program Files (x86)\Eclipse Adoptium\jdk-11.0.21.9-hotspot\bin\jli.dll
0x74d80000 - 0x74f28000 	C:\Windows\System32\USER32.dll
0x733d0000 - 0x735f8000 	C:\Windows\WinSxS\x86_microsoft.windows.common-controls_6595b64144ccf1df_6.0.22621.2506_none_6eb991c088050a06\COMCTL32.dll
0x76360000 - 0x7637a000 	C:\Windows\System32\win32u.dll
0x76790000 - 0x76854000 	C:\Windows\System32\msvcrt.dll
0x750a0000 - 0x750c3000 	C:\Windows\System32\GDI32.dll
0x763f0000 - 0x764d2000 	C:\Windows\System32\gdi32full.dll
0x76f50000 - 0x76fc9000 	C:\Windows\System32\msvcp_win.dll
0x76320000 - 0x76345000 	C:\Windows\System32\IMM32.DLL
0x73850000 - 0x738bf000 	C:\Program Files (x86)\Eclipse Adoptium\jdk-11.0.21.9-hotspot\bin\msvcp140.dll
0x72d10000 - 0x731eb000 	C:\Program Files (x86)\Eclipse Adoptium\jdk-11.0.21.9-hotspot\bin\client\jvm.dll
0x76d60000 - 0x76ddf000 	C:\Windows\System32\ADVAPI32.dll
0x76900000 - 0x76985000 	C:\Windows\System32\sechost.dll
0x751f0000 - 0x7520a000 	C:\Windows\System32\bcrypt.dll
0x764e0000 - 0x7659a000 	C:\Windows\System32\RPCRT4.dll
0x759a0000 - 0x759a6000 	C:\Windows\System32\PSAPI.DLL
0x725f0000 - 0x725f8000 	C:\Windows\SYSTEM32\WSOCK32.dll
0x73d70000 - 0x73d78000 	C:\Windows\SYSTEM32\VERSION.dll
0x76fd0000 - 0x7702f000 	C:\Windows\System32\WS2_32.dll
0x73810000 - 0x73841000 	C:\Windows\SYSTEM32\WINMM.dll
0x744d0000 - 0x744e3000 	C:\Windows\SYSTEM32\kernel.appcore.dll
0x73cd0000 - 0x73cdd000 	C:\Program Files (x86)\Eclipse Adoptium\jdk-11.0.21.9-hotspot\bin\verify.dll
0x71310000 - 0x714e6000 	C:\Windows\SYSTEM32\DBGHELP.DLL
0x75f90000 - 0x7620d000 	C:\Windows\System32\combase.dll
0x765a0000 - 0x7663c000 	C:\Windows\System32\OLEAUT32.dll
0x737e0000 - 0x73809000 	C:\Windows\SYSTEM32\dbgcore.DLL
0x76380000 - 0x763e2000 	C:\Windows\System32\bcryptPrimitives.dll
0x737b0000 - 0x737d2000 	C:\Program Files (x86)\Eclipse Adoptium\jdk-11.0.21.9-hotspot\bin\java.dll
0x737a0000 - 0x737a9000 	C:\Program Files (x86)\Eclipse Adoptium\jdk-11.0.21.9-hotspot\bin\jimage.dll
0x73d50000 - 0x73d5d000 	C:\Program Files (x86)\Eclipse Adoptium\jdk-11.0.21.9-hotspot\bin\instrument.dll
0x73780000 - 0x73796000 	C:\Program Files (x86)\Eclipse Adoptium\jdk-11.0.21.9-hotspot\bin\zip.dll
0x75270000 - 0x75908000 	C:\Windows\System32\SHELL32.dll
0x745c0000 - 0x74cac000 	C:\Windows\SYSTEM32\windows.storage.dll
0x744f0000 - 0x745b7000 	C:\Windows\SYSTEM32\wintypes.dll
0x74cb0000 - 0x74d71000 	C:\Windows\System32\SHCORE.dll
0x750e0000 - 0x7512b000 	C:\Windows\System32\shlwapi.dll
0x74360000 - 0x7437d000 	C:\Windows\SYSTEM32\profapi.dll
0x73760000 - 0x73774000 	C:\Program Files (x86)\Eclipse Adoptium\jdk-11.0.21.9-hotspot\bin\net.dll
0x73230000 - 0x7330d000 	C:\Windows\SYSTEM32\WINHTTP.dll
0x742c0000 - 0x74311000 	C:\Windows\system32\mswsock.dll
0x73750000 - 0x7375f000 	C:\Program Files (x86)\Eclipse Adoptium\jdk-11.0.21.9-hotspot\bin\nio.dll
0x73d30000 - 0x73d46000 	C:\Program Files\JetBrains\IntelliJ IDEA 2023.3.2\bin\breakgen.dll
0x73d20000 - 0x73d23000 	C:\Users\yara2\.openjfx\cache\17.0.6\api-ms-win-core-console-l1-1-0.dll
0x73ba0000 - 0x73ba3000 	C:\Users\yara2\.openjfx\cache\17.0.6\api-ms-win-core-console-l1-2-0.dll
0x73b90000 - 0x73b93000 	C:\Users\yara2\.openjfx\cache\17.0.6\api-ms-win-core-datetime-l1-1-0.dll
0x73b80000 - 0x73b83000 	C:\Users\yara2\.openjfx\cache\17.0.6\api-ms-win-core-debug-l1-1-0.dll
0x73b70000 - 0x73b73000 	C:\Users\yara2\.openjfx\cache\17.0.6\api-ms-win-core-errorhandling-l1-1-0.dll
0x73b60000 - 0x73b64000 	C:\Users\yara2\.openjfx\cache\17.0.6\api-ms-win-core-file-l1-1-0.dll
0x73b40000 - 0x73b43000 	C:\Users\yara2\.openjfx\cache\17.0.6\api-ms-win-core-file-l1-2-0.dll
0x73b20000 - 0x73b23000 	C:\Users\yara2\.openjfx\cache\17.0.6\api-ms-win-core-file-l2-1-0.dll
0x73b10000 - 0x73b13000 	C:\Users\yara2\.openjfx\cache\17.0.6\api-ms-win-core-handle-l1-1-0.dll
0x73b00000 - 0x73b03000 	C:\Users\yara2\.openjfx\cache\17.0.6\api-ms-win-core-heap-l1-1-0.dll
0x73af0000 - 0x73af3000 	C:\Users\yara2\.openjfx\cache\17.0.6\api-ms-win-core-interlocked-l1-1-0.dll
0x73ae0000 - 0x73ae3000 	C:\Users\yara2\.openjfx\cache\17.0.6\api-ms-win-core-libraryloader-l1-1-0.dll
0x73ad0000 - 0x73ad3000 	C:\Users\yara2\.openjfx\cache\17.0.6\api-ms-win-core-localization-l1-2-0.dll
0x73ac0000 - 0x73ac3000 	C:\Users\yara2\.openjfx\cache\17.0.6\api-ms-win-core-memory-l1-1-0.dll
0x73ab0000 - 0x73ab3000 	C:\Users\yara2\.openjfx\cache\17.0.6\api-ms-win-core-namedpipe-l1-1-0.dll
0x73aa0000 - 0x73aa3000 	C:\Users\yara2\.openjfx\cache\17.0.6\api-ms-win-core-processenvironment-l1-1-0.dll
0x73a90000 - 0x73a93000 	C:\Users\yara2\.openjfx\cache\17.0.6\api-ms-win-core-processthreads-l1-1-0.dll
0x73a80000 - 0x73a83000 	C:\Users\yara2\.openjfx\cache\17.0.6\api-ms-win-core-processthreads-l1-1-1.dll
0x73a70000 - 0x73a73000 	C:\Users\yara2\.openjfx\cache\17.0.6\api-ms-win-core-profile-l1-1-0.dll
0x73a60000 - 0x73a63000 	C:\Users\yara2\.openjfx\cache\17.0.6\api-ms-win-core-rtlsupport-l1-1-0.dll
0x73a50000 - 0x73a53000 	C:\Users\yara2\.openjfx\cache\17.0.6\api-ms-win-core-string-l1-1-0.dll
0x73a40000 - 0x73a43000 	C:\Users\yara2\.openjfx\cache\17.0.6\api-ms-win-core-synch-l1-1-0.dll
0x73a30000 - 0x73a33000 	C:\Users\yara2\.openjfx\cache\17.0.6\api-ms-win-core-synch-l1-2-0.dll
0x73a20000 - 0x73a23000 	C:\Users\yara2\.openjfx\cache\17.0.6\api-ms-win-core-sysinfo-l1-1-0.dll
0x73a10000 - 0x73a13000 	C:\Users\yara2\.openjfx\cache\17.0.6\api-ms-win-core-timezone-l1-1-0.dll
0x73a00000 - 0x73a03000 	C:\Users\yara2\.openjfx\cache\17.0.6\api-ms-win-core-util-l1-1-0.dll
0x739f0000 - 0x739f3000 	C:\Users\yara2\.openjfx\cache\17.0.6\api-ms-win-crt-conio-l1-1-0.dll
0x739e0000 - 0x739e4000 	C:\Users\yara2\.openjfx\cache\17.0.6\api-ms-win-crt-convert-l1-1-0.dll
0x739d0000 - 0x739d3000 	C:\Users\yara2\.openjfx\cache\17.0.6\api-ms-win-crt-environment-l1-1-0.dll
0x739c0000 - 0x739c3000 	C:\Users\yara2\.openjfx\cache\17.0.6\api-ms-win-crt-filesystem-l1-1-0.dll
0x739b0000 - 0x739b3000 	C:\Users\yara2\.openjfx\cache\17.0.6\api-ms-win-crt-heap-l1-1-0.dll
0x739a0000 - 0x739a3000 	C:\Users\yara2\.openjfx\cache\17.0.6\api-ms-win-crt-locale-l1-1-0.dll
0x73990000 - 0x73995000 	C:\Users\yara2\.openjfx\cache\17.0.6\api-ms-win-crt-math-l1-1-0.dll
0x73740000 - 0x73745000 	C:\Users\yara2\.openjfx\cache\17.0.6\api-ms-win-crt-multibyte-l1-1-0.dll
0x73730000 - 0x73740000 	C:\Users\yara2\.openjfx\cache\17.0.6\api-ms-win-crt-private-l1-1-0.dll
0x73720000 - 0x73723000 	C:\Users\yara2\.openjfx\cache\17.0.6\api-ms-win-crt-process-l1-1-0.dll
0x73710000 - 0x73714000 	C:\Users\yara2\.openjfx\cache\17.0.6\api-ms-win-crt-runtime-l1-1-0.dll
0x73700000 - 0x73704000 	C:\Users\yara2\.openjfx\cache\17.0.6\api-ms-win-crt-stdio-l1-1-0.dll
0x736f0000 - 0x736f4000 	C:\Users\yara2\.openjfx\cache\17.0.6\api-ms-win-crt-string-l1-1-0.dll
0x736e0000 - 0x736e3000 	C:\Users\yara2\.openjfx\cache\17.0.6\api-ms-win-crt-time-l1-1-0.dll
0x736d0000 - 0x736d3000 	C:\Users\yara2\.openjfx\cache\17.0.6\api-ms-win-crt-utility-l1-1-0.dll
0x6cbd0000 - 0x6ccf3000 	C:\Users\yara2\.openjfx\cache\17.0.6\ucrtbase.dll
0x736b0000 - 0x736c4000 	C:\Users\yara2\.openjfx\cache\17.0.6\vcruntime140.dll
0x73640000 - 0x736ad000 	C:\Users\yara2\.openjfx\cache\17.0.6\msvcp140.dll
0x73630000 - 0x73637000 	C:\Users\yara2\.openjfx\cache\17.0.6\msvcp140_1.dll
0x73600000 - 0x73629000 	C:\Users\yara2\.openjfx\cache\17.0.6\msvcp140_2.dll
0x70a20000 - 0x70a46000 	C:\Users\yara2\.openjfx\cache\17.0.6\prism_d3d.dll
0x6ca50000 - 0x6cbc1000 	C:\Windows\system32\d3d9.dll
0x71ab0000 - 0x71ad4000 	C:\Windows\SYSTEM32\dwmapi.dll
0x709f0000 - 0x70a1e000 	C:\Windows\SYSTEM32\dxcore.dll
0x73350000 - 0x733cf000 	C:\Windows\system32\uxtheme.dll
0x6c9c0000 - 0x6ca50000 	C:\Windows\SYSTEM32\d3d9on12.dll
0x6c8f0000 - 0x6c9ba000 	C:\Windows\SYSTEM32\dxgi.dll
0x73330000 - 0x7334e000 	C:\Windows\SYSTEM32\d3d12.dll
0x74320000 - 0x7435d000 	C:\Windows\SYSTEM32\cfgmgr32.dll
0x6c740000 - 0x6c8f0000 	C:\Windows\SYSTEM32\D3D12Core.dll
0x709d0000 - 0x709ec000 	C:\Windows\System32\DriverStore\FileRepository\iigd_dch.inf_amd64_c73cfa60d516cb00\igd12umd32.dll
0x6b950000 - 0x6c73c000 	C:\Windows\System32\DriverStore\FileRepository\iigd_dch.inf_amd64_c73cfa60d516cb00\igd12um32xel.dll
0x76210000 - 0x76313000 	C:\Windows\System32\CRYPT32.dll
0x76640000 - 0x76790000 	C:\Windows\System32\ole32.dll
0x6b920000 - 0x6b94e000 	C:\Windows\SYSTEM32\ControlLib32.dll
0x75ad0000 - 0x75f0d000 	C:\Windows\System32\SETUPAPI.dll
0x6b8f0000 - 0x6b914000 	C:\Windows\SYSTEM32\DEVOBJ.dll
0x6b880000 - 0x6b8e4000 	C:\Windows\System32\DriverStore\FileRepository\iigd_dch.inf_amd64_c73cfa60d516cb00\IntelControlLib32.dll
0x75210000 - 0x75268000 	C:\Windows\System32\WINTRUST.dll
0x6d030000 - 0x6d03e000 	C:\Windows\SYSTEM32\MSASN1.dll
0x6b840000 - 0x6b87c000 	C:\Windows\SYSTEM32\directxdatabasehelper.dll
0x6b510000 - 0x6b83c000 	C:\Windows\System32\DriverStore\FileRepository\iigd_dch.inf_amd64_c73cfa60d516cb00\igdgmm32.dll
0x67720000 - 0x6b50d000 	C:\Windows\System32\DriverStore\FileRepository\iigd_dch.inf_amd64_c73cfa60d516cb00\igc32.dll
0x676f0000 - 0x67711000 	C:\Windows\SYSTEM32\D3DSCache.dll
0x73cf0000 - 0x73d14000 	C:\Windows\SYSTEM32\USERENV.dll
0x64040000 - 0x676f0000 	C:\Windows\System32\DriverStore\FileRepository\iigd_dch.inf_amd64_c73cfa60d516cb00\igd12dxva32.dll
0x64020000 - 0x6403e000 	C:\Windows\System32\DriverStore\FileRepository\iigd_dch.inf_amd64_c73cfa60d516cb00\igdinfo32.dll
0x71ae0000 - 0x71ccc000 	C:\Windows\SYSTEM32\twinapi.appcore.dll
0x63fe0000 - 0x64017000 	C:\Users\yara2\.openjfx\cache\17.0.6\glass.dll
0x75130000 - 0x751e1000 	C:\Windows\System32\COMDLG32.dll
0x76de0000 - 0x76ede000 	C:\Windows\System32\MSCTF.dll
0x63fc0000 - 0x63fd1000 	C:\Users\yara2\.openjfx\cache\17.0.6\javafx_font.dll
0x63f90000 - 0x63fb5000 	C:\Users\yara2\.openjfx\cache\17.0.6\javafx_iio.dll

dbghelp: loaded successfully - version: 4.0.5 - missing functions: none
symbol engine: initialized successfully - sym options: 0x614 - pdb path: .;C:\Program Files (x86)\Eclipse Adoptium\jdk-11.0.21.9-hotspot\bin;C:\Windows\SYSTEM32;C:\Windows\WinSxS\x86_microsoft.windows.common-controls_6595b64144ccf1df_6.0.22621.2506_none_6eb991c088050a06;C:\Program Files (x86)\Eclipse Adoptium\jdk-11.0.21.9-hotspot\bin\client;C:\Program Files\JetBrains\IntelliJ IDEA 2023.3.2\bin;C:\Users\yara2\.openjfx\cache\17.0.6;C:\Windows\System32\DriverStore\FileRepository\iigd_dch.inf_amd64_c73cfa60d516cb00;C:\Program Files (x86)\Common Files\Microsoft Shared\Ink

VM Arguments:
jvm_args: -javaagent:C:\Program Files\JetBrains\IntelliJ IDEA 2023.3.2\lib\idea_rt.jar=51499:C:\Program Files\JetBrains\IntelliJ IDEA 2023.3.2\bin -Dfile.encoding=UTF-8 --module-path=C:\Users\yara2\.m2\repository\org\openjfx\javafx-controls\17.0.6\javafx-controls-17.0.6-win-x86.jar;C:\Users\yara2\.m2\repository\org\openjfx\javafx-fxml\17.0.6\javafx-fxml-17.0.6-win-x86.jar;C:\Users\yara2\IdeaProjects\RentaPeliculas\target\classes;C:\Users\yara2\.m2\repository\org\openjfx\javafx-graphics\17.0.6\javafx-graphics-17.0.6-win-x86.jar;C:\Users\yara2\.m2\repository\org\openjfx\javafx-base\17.0.6\javafx-base-17.0.6-win-x86.jar;C:\Users\yara2\.m2\repository\org\kordamp\bootstrapfx\bootstrapfx-core\0.4.0\bootstrapfx-core-0.4.0.jar;C:\Users\yara2\.m2\repository\com\gluonhq\charm-glisten\6.2.3\charm-glisten-6.2.3.jar;C:\Users\yara2\.m2\repository\com\gluonhq\attach\util\4.0.19\util-4.0.19.jar;C:\Users\yara2\.m2\repository\com\gluonhq\attach\lifecycle\4.0.19\lifecycle-4.0.19.jar;C:\Users\yara2\.m2\repository\com\gluonhq\attach\display\4.0.19\display-4.0.19.jar -Djdk.module.main=com.yaravazquez.rentapeliculas 
java_command: com.yaravazquez.rentapeliculas/com.yaravazquez.rentapeliculas.App
java_class_path (initial): C:\Users\yara2\.m2\repository\org\openjfx\javafx-controls\17.0.6\javafx-controls-17.0.6.jar;C:\Users\yara2\.m2\repository\org\openjfx\javafx-graphics\17.0.6\javafx-graphics-17.0.6.jar;C:\Users\yara2\.m2\repository\org\openjfx\javafx-base\17.0.6\javafx-base-17.0.6.jar;C:\Users\yara2\.m2\repository\org\openjfx\javafx-fxml\17.0.6\javafx-fxml-17.0.6.jar
Launcher Type: SUN_STANDARD

[Global flags]
   size_t InitialHeapSize                          = 16777216                                  {product} {ergonomic}
   size_t MaxHeapSize                              = 268435456                                 {product} {ergonomic}
   size_t MaxNewSize                               = 89456640                                  {product} {ergonomic}
   size_t MinHeapDeltaBytes                        = 131072                                    {product} {ergonomic}
   size_t NewSize                                  = 5570560                                   {product} {ergonomic}
    uintx NonProfiledCodeHeapSize                  = 0                                      {pd product} {ergonomic}
   size_t OldSize                                  = 11206656                                  {product} {ergonomic}
    uintx ProfiledCodeHeapSize                     = 0                                      {pd product} {ergonomic}
     bool ThreadLocalHandshakes                    = false                                  {pd product} {ergonomic}
     bool UseLargePagesIndividualAllocation        = false                                  {pd product} {ergonomic}
     bool UseSerialGC                              = true                                      {product} {ergonomic}

Logging:
Log output configuration:
 #0: stdout all=warning uptime,level,tags
 #1: stderr all=off uptime,level,tags

Environment Variables:
PATH=C:\Program Files (x86)\Eclipse Adoptium\jdk-11.0.21.9-hotspot\bin;C:\Program Files (x86)\Eclipse Adoptium\jre-11.0.21.9-hotspot\bin;C:\Program Files (x86)\Common Files\Oracle\Java\javapath;C:\Windows\system32;C:\Windows;C:\Windows\System32\Wbem;C:\Windows\System32\WindowsPowerShell\v1.0\;C:\Windows\System32\OpenSSH\;C:\Program Files\Git\cmd;C:\Users\yara2\AppData\Local\Microsoft\WindowsApps;C:\Users\yara2\AppData\Local\Programs\Microsoft VS Code\bin;C:\Users\yara2\AppData\Local\GitHubDesktop\bin
USERNAME=yara2
OS=Windows_NT
PROCESSOR_IDENTIFIER=Intel64 Family 6 Model 186 Stepping 3, GenuineIntel
TMP=C:\Users\yara2\AppData\Local\Temp
TEMP=C:\Users\yara2\AppData\Local\Temp



---------------  S Y S T E M  ---------------

OS: Windows 11 , 64 bit Build 22621 (10.0.22621.3085)
OS uptime: 12 days 7:15 hours
Hyper-V role detected

CPU:total 12 (initial active 12) (6 cores per cpu, 2 threads per core) family 6 model 186 stepping 3 microcode 0x410e, cmov, cx8, fxsr, mmx, sse, sse2, sse3, ssse3, sse4.1, sse4.2, popcnt, avx, avx2, aes, clmul, erms, 3dnowpref, lzcnt, ht, tsc, tscinvbit, bmi1, bmi2, adx, sha, fma

Memory: 4k page, system-wide physical 16071M (6493M free)
TotalPageFile size 18503M (AvailPageFile size 6712M), user-mode portion of virtual address-space 2047M (1203M free)
current process WorkingSet (physical memory assigned to process): 227M, peak: 229M
current process commit charge ("private bytes"): 226M, peak: 226M

vm_info: OpenJDK Client VM (11.0.21+9) for windows-x86 JRE (11.0.21+9), built on Oct 17 2023 17:27:10 by "" with MS VC++ 15.9 (VS2017)

END.
